Time[ps]      Etot[eV]     Epot[eV]     Ekin[eV]    T[K]
0.0000        -2289.035    -2328.747       39.713   736.8
0.0010        -2288.922    -2328.612       39.689   736.3
0.0020        -2288.994    -2328.200       39.207   727.4
0.0030        -2289.006    -2327.521       38.514   714.5
0.0040        -2289.034    -2326.593       37.559   696.8
0.0050        -2289.047    -2325.443       36.396   675.2
0.0060        -2289.128    -2324.101       34.973   648.8
0.0070        -2289.315    -2322.605       33.290   617.6
0.0080        -2289.382    -2320.998       31.616   586.6
0.0090        -2289.458    -2319.323       29.865   554.1
0.0100        -2289.356    -2317.626       28.270   524.5
0.0110        -2289.381    -2315.951       26.570   492.9
0.0120        -2289.323    -2314.340       25.017   464.1
0.0130        -2289.350    -2312.833       23.483   435.7
0.0140        -2289.242    -2311.463       22.221   412.3
0.0150        -2289.204    -2310.250       21.046   390.5
0.0160        -2289.175    -2309.204       20.029   371.6
0.0170        -2289.092    -2308.339       19.247   357.1
0.0180        -2288.894    -2307.639       18.745   347.8
0.0190        -2288.804    -2307.101       18.297   339.5
0.0200        -2288.766    -2306.710       17.944   332.9
0.0210        -2288.691    -2306.440       17.749   329.3
0.0220        -2288.617    -2306.274       17.657   327.6
0.0230        -2288.617    -2306.185       17.568   325.9
0.0240        -2288.638    -2306.155       17.517   325.0
0.0250        -2288.536    -2306.160       17.624   327.0
0.0260        -2288.451    -2306.173       17.722   328.8
0.0270        -2288.509    -2306.183       17.674   327.9
0.0280        -2288.373    -2306.178       17.805   330.3
0.0290        -2288.277    -2306.153       17.876   331.6
0.0300        -2288.128    -2306.106       17.978   333.5
0.0310        -2288.123    -2306.039       17.916   332.4
0.0320        -2288.084    -2305.955       17.871   331.5
0.0330        -2288.117    -2305.861       17.744   329.2
0.0340        -2288.051    -2305.763       17.713   328.6
0.0350        -2287.988    -2305.669       17.681   328.0
0.0360        -2287.914    -2305.585       17.671   327.8
0.0370        -2287.769    -2305.528       17.759   329.5
0.0380        -2287.570    -2305.501       17.930   332.6
0.0390        -2287.515    -2305.501       17.986   333.7
0.0400        -2287.480    -2305.537       18.056   335.0
0.0410        -2287.339    -2305.611       18.272   339.0
0.0420        -2287.361    -2305.737       18.376   340.9
0.0430        -2287.381    -2305.898       18.518   343.5
0.0440        -2287.363    -2306.093       18.730   347.5
0.0450        -2287.320    -2306.315       18.995   352.4
0.0460        -2287.338    -2306.553       19.215   356.5
0.0470        -2287.372    -2306.800       19.429   360.4
0.0480        -2287.391    -2307.045       19.654   364.6
0.0490        -2287.334    -2307.281       19.947   370.1
0.0500        -2287.291    -2307.495       20.204   374.8
0.0510        -2287.176    -2307.681       20.506   380.4
0.0520        -2287.094    -2307.834       20.741   384.8
0.0530        -2287.095    -2307.952       20.856   386.9
0.0540        -2287.026    -2308.032       21.006   389.7
0.0550        -2286.788    -2308.070       21.282   394.8
0.0560        -2286.671    -2308.069       21.398   397.0
0.0570        -2286.758    -2308.031       21.273   394.7
0.0580        -2286.760    -2307.962       21.203   393.4
0.0590        -2286.742    -2307.873       21.131   392.0
0.0600        -2286.578    -2307.770       21.191   393.1
0.0610        -2286.509    -2307.657       21.148   392.4
0.0620        -2286.525    -2307.540       21.015   389.9
0.0630        -2286.523    -2307.417       20.894   387.6
0.0640        -2286.510    -2307.301       20.791   385.7
0.0650        -2286.459    -2307.196       20.738   384.7
0.0660        -2286.395    -2307.104       20.708   384.2
0.0670        -2286.375    -2307.025       20.649   383.1
0.0680        -2286.429    -2306.964       20.534   381.0
0.0690        -2286.470    -2306.917       20.447   379.3
0.0700        -2286.488    -2306.880       20.392   378.3
0.0710        -2286.462    -2306.854       20.392   378.3
0.0720        -2286.393    -2306.837       20.445   379.3
0.0730        -2286.413    -2306.832       20.419   378.8
0.0740        -2286.365    -2306.833       20.468   379.7
0.0750        -2286.383    -2306.841       20.458   379.6
0.0760        -2286.461    -2306.850       20.390   378.3
0.0770        -2286.420    -2306.860       20.441   379.2
0.0780        -2286.407    -2306.867       20.460   379.6
0.0790        -2286.371    -2306.863       20.492   380.2
0.0800        -2286.384    -2306.855       20.471   379.8
0.0810        -2286.326    -2306.847       20.521   380.7
0.0820        -2286.342    -2306.841       20.499   380.3
0.0830        -2286.231    -2306.832       20.601   382.2
0.0840        -2286.195    -2306.829       20.633   382.8
0.0850        -2286.187    -2306.822       20.635   382.8
0.0860        -2286.225    -2306.813       20.589   382.0
0.0870        -2286.225    -2306.811       20.587   381.9
0.0880        -2286.162    -2306.817       20.655   383.2
0.0890        -2286.095    -2306.829       20.735   384.7
0.0900        -2286.010    -2306.847       20.838   386.6
0.0910        -2286.010    -2306.870       20.860   387.0
0.0920        -2286.017    -2306.892       20.876   387.3
0.0930        -2286.026    -2306.922       20.895   387.7
0.0940        -2286.072    -2306.960       20.888   387.5
0.0950        -2286.019    -2307.007       20.988   389.4
0.0960        -2285.999    -2307.063       21.064   390.8
0.0970        -2285.983    -2307.127       21.144   392.3
0.0980        -2285.942    -2307.190       21.249   394.2
0.0990        -2285.815    -2307.260       21.445   397.9
0.1000        -2285.975    -2307.338       21.363   396.3
0.1010        -2286.022    -2307.423       21.401   397.0
0.1020        -2285.825    -2307.513       21.688   402.4
0.1030        -2285.788    -2307.600       21.812   404.7
0.1040        -2285.780    -2307.685       21.905   406.4
0.1050        -2285.783    -2307.761       21.979   407.8
0.1060        -2285.878    -2307.816       21.938   407.0
0.1070        -2285.891    -2307.855       21.964   407.5
0.1080        -2285.783    -2307.885       22.101   410.0
0.1090        -2285.657    -2307.898       22.242   412.6
0.1100        -2285.596    -2307.901       22.305   413.8
0.1110        -2285.640    -2307.892       22.252   412.8
0.1120        -2285.630    -2307.874       22.243   412.7
0.1130        -2285.755    -2307.842       22.088   409.8
0.1140        -2285.698    -2307.807       22.109   410.2
0.1150        -2285.615    -2307.770       22.154   411.0
0.1160        -2285.585    -2307.727       22.142   410.8
0.1170        -2285.573    -2307.685       22.111   410.2
0.1180        -2285.567    -2307.643       22.077   409.6
0.1190        -2285.397    -2307.602       22.205   412.0
0.1200        -2285.385    -2307.561       22.176   411.4
0.1210        -2285.265    -2307.521       22.256   412.9
0.1220        -2285.392    -2307.471       22.079   409.6
0.1230        -2285.369    -2307.411       22.042   408.9
0.1240        -2285.463    -2307.334       21.871   405.8
0.1250        -2285.465    -2307.245       21.781   404.1
0.1260        -2285.376    -2307.153       21.777   404.0
0.1270        -2285.475    -2307.053       21.578   400.3
0.1280        -2285.468    -2306.954       21.486   398.6
0.1290        -2285.509    -2306.856       21.347   396.0
0.1300        -2285.497    -2306.771       21.274   394.7
0.1310        -2285.419    -2306.710       21.290   395.0
0.1320        -2285.253    -2306.675       21.422   397.4
0.1330        -2285.185    -2306.673       21.488   398.7
0.1340        -2285.151    -2306.698       21.547   399.7
0.1350        -2285.228    -2306.748       21.520   399.2
0.1360        -2285.079    -2306.820       21.741   403.3
0.1370        -2285.047    -2306.916       21.869   405.7
0.1380        -2285.116    -2307.034       21.918   406.6
0.1390        -2285.034    -2307.157       22.124   410.4
0.1400        -2284.991    -2307.278       22.287   413.5
0.1410        -2284.825    -2307.401       22.576   418.8
0.1420        -2284.679    -2307.521       22.843   423.8
0.1430        -2284.826    -2307.635       22.810   423.2
0.1440        -2285.029    -2307.741       22.712   421.4
0.1450        -2285.029    -2307.839       22.810   423.2
0.1460        -2284.911    -2307.919       23.009   426.9
0.1470        -2284.942    -2307.986       23.044   427.5
0.1480        -2284.999    -2308.041       23.041   427.5
0.1490        -2284.950    -2308.081       23.131   429.1
0.1500        -2285.001    -2308.112       23.112   428.8
0.1510        -2285.005    -2308.135       23.130   429.1
0.1520        -2284.842    -2308.145       23.303   432.3
0.1530        -2284.747    -2308.150       23.403   434.2
0.1540        -2284.719    -2308.143       23.424   434.6
0.1550        -2284.734    -2308.131       23.397   434.1
0.1560        -2284.690    -2308.105       23.415   434.4
0.1570        -2284.761    -2308.073       23.312   432.5
0.1580        -2284.787    -2308.048       23.261   431.6
0.1590        -2284.866    -2308.021       23.154   429.6
0.1600        -2284.737    -2307.990       23.254   431.4
0.1610        -2284.599    -2307.957       23.358   433.4
0.1620        -2284.566    -2307.923       23.357   433.3
0.1630        -2284.515    -2307.879       23.365   433.5
0.1640        -2284.494    -2307.828       23.333   432.9
0.1650        -2284.418    -2307.771       23.353   433.3
0.1660        -2284.340    -2307.712       23.373   433.6
0.1670        -2284.432    -2307.643       23.211   430.6
0.1680        -2284.425    -2307.561       23.135   429.2
0.1690        -2284.377    -2307.470       23.093   428.4
0.1700        -2284.285    -2307.377       23.092   428.4
0.1710        -2284.049    -2307.283       23.234   431.0
0.1720        -2284.116    -2307.187       23.071   428.0
0.1730        -2283.993    -2307.095       23.102   428.6
0.1740        -2284.080    -2307.006       22.926   425.3
0.1750        -2284.074    -2306.918       22.844   423.8
0.1760        -2284.032    -2306.834       22.802   423.0
0.1770        -2284.019    -2306.747       22.728   421.7
0.1780        -2284.120    -2306.664       22.544   418.2
0.1790        -2284.168    -2306.589       22.422   416.0
0.1800        -2284.109    -2306.522       22.413   415.8
0.1810        -2284.091    -2306.465       22.373   415.1
0.1820        -2284.084    -2306.417       22.333   414.3
0.1830        -2284.049    -2306.378       22.328   414.2
0.1840        -2284.069    -2306.358       22.289   413.5
0.1850        -2284.080    -2306.354       22.274   413.2
0.1860        -2284.041    -2306.359       22.318   414.1
0.1870        -2284.131    -2306.388       22.256   412.9
0.1880        -2284.012    -2306.442       22.430   416.1
0.1890        -2283.799    -2306.516       22.717   421.5
0.1900        -2283.634    -2306.611       22.977   426.3
0.1910        -2283.483    -2306.714       23.231   431.0
0.1920        -2283.438    -2306.821       23.382   433.8
0.1930        -2283.268    -2306.933       23.665   439.0
0.1940        -2283.244    -2307.038       23.795   441.4
0.1950        -2283.336    -2307.131       23.795   441.5
0.1960        -2283.306    -2307.205       23.898   443.4
0.1970        -2283.306    -2307.253       23.947   444.3
0.1980        -2283.399    -2307.282       23.883   443.1
0.1990        -2283.283    -2307.291       24.008   445.4
0.2000        -2283.256    -2307.271       24.015   445.5
0.2010        -2283.255    -2307.229       23.974   444.8
0.2020        -2283.325    -2307.166       23.841   442.3
0.2030        -2283.292    -2307.090       23.798   441.5
0.2040        -2283.193    -2307.001       23.809   441.7
0.2050        -2283.263    -2306.910       23.648   438.7
0.2060        -2283.280    -2306.818       23.539   436.7
0.2070        -2283.295    -2306.734       23.439   434.9
0.2080        -2283.131    -2306.659       23.528   436.5
0.2090        -2283.065    -2306.598       23.533   436.6
0.2100        -2283.004    -2306.553       23.549   436.9
0.2110        -2282.987    -2306.519       23.532   436.6
0.2120        -2282.865    -2306.494       23.630   438.4
0.2130        -2282.787    -2306.473       23.686   439.4
0.2140        -2282.776    -2306.460       23.684   439.4
0.2150        -2282.715    -2306.450       23.735   440.3
0.2160        -2282.671    -2306.439       23.768   441.0
0.2170        -2282.689    -2306.430       23.741   440.5
0.2180        -2282.662    -2306.417       23.755   440.7
0.2190        -2282.674    -2306.398       23.724   440.1
0.2200        -2282.659    -2306.375       23.716   440.0
0.2210        -2282.658    -2306.353       23.695   439.6
0.2220        -2282.633    -2306.332       23.699   439.7
0.2230        -2282.687    -2306.310       23.623   438.3
0.2240        -2282.759    -2306.289       23.530   436.5
0.2250        -2282.713    -2306.267       23.554   437.0
0.2260        -2282.528    -2306.254       23.726   440.2
0.2270        -2282.592    -2306.260       23.668   439.1
0.2280        -2282.665    -2306.269       23.604   437.9
0.2290        -2282.571    -2306.279       23.708   439.8
0.2300        -2282.579    -2306.304       23.725   440.2
0.2310        -2282.599    -2306.344       23.745   440.5
0.2320        -2282.494    -2306.411       23.917   443.7
0.2330        -2282.529    -2306.495       23.966   444.6
0.2340        -2282.604    -2306.601       23.997   445.2
0.2350        -2282.598    -2306.729       24.131   447.7
0.2360        -2282.573    -2306.881       24.309   451.0
0.2370        -2282.458    -2307.051       24.593   456.3
0.2380        -2282.518    -2307.232       24.714   458.5
0.2390        -2282.550    -2307.413       24.863   461.3
0.2400        -2282.434    -2307.606       25.172   467.0
0.2410        -2282.446    -2307.791       25.345   470.2
0.2420        -2282.547    -2307.969       25.422   471.6
0.2430        -2282.469    -2308.131       25.663   476.1
0.2440        -2282.391    -2308.268       25.878   480.1
0.2450        -2282.437    -2308.369       25.932   481.1
0.2460        -2282.333    -2308.435       26.102   484.3
0.2470        -2282.249    -2308.460       26.212   486.3
0.2480        -2282.255    -2308.450       26.195   486.0
0.2490        -2281.996    -2308.403       26.407   489.9
0.2500        -2281.997    -2308.321       26.324   488.4
0.2510        -2281.960    -2308.209       26.250   487.0
0.2520        -2281.856    -2308.080       26.224   486.5
0.2530        -2281.760    -2307.933       26.173   485.6
0.2540        -2281.548    -2307.782       26.235   486.7
0.2550        -2281.510    -2307.638       26.127   484.7
0.2560        -2281.580    -2307.502       25.922   480.9
0.2570        -2281.487    -2307.392       25.905   480.6
0.2580        -2281.514    -2307.302       25.788   478.4
0.2590        -2281.274    -2307.243       25.970   481.8
0.2600        -2281.321    -2307.209       25.888   480.3
0.2610        -2281.291    -2307.197       25.906   480.6
0.2620        -2281.255    -2307.210       25.955   481.5
0.2630        -2281.189    -2307.241       26.052   483.3
0.2640        -2281.166    -2307.273       26.107   484.3
0.2650        -2281.153    -2307.312       26.159   485.3
0.2660        -2281.064    -2307.358       26.295   487.8
0.2670        -2280.946    -2307.398       26.452   490.7
0.2680        -2280.941    -2307.421       26.480   491.3
0.2690        -2280.823    -2307.420       26.597   493.4
0.2700        -2280.717    -2307.401       26.684   495.1
0.2710        -2280.794    -2307.354       26.559   492.7
0.2720        -2280.846    -2307.276       26.429   490.3
0.2730        -2280.882    -2307.169       26.287   487.7
0.2740        -2280.844    -2307.047       26.204   486.1
0.2750        -2280.849    -2306.906       26.057   483.4
0.2760        -2280.817    -2306.749       25.933   481.1
0.2770        -2280.777    -2306.583       25.806   478.8
0.2780        -2280.762    -2306.414       25.652   475.9
0.2790        -2280.714    -2306.239       25.525   473.6
0.2800        -2280.731    -2306.068       25.337   470.1
0.2810        -2280.654    -2305.904       25.250   468.4
0.2820        -2280.594    -2305.760       25.166   466.9
0.2830        -2280.585    -2305.630       25.045   464.6
0.2840        -2280.565    -2305.509       24.944   462.8
0.2850        -2280.524    -2305.415       24.891   461.8
0.2860        -2280.559    -2305.339       24.780   459.7
0.2870        -2280.653    -2305.278       24.625   456.8
0.2880        -2280.546    -2305.233       24.688   458.0
0.2890        -2280.514    -2305.202       24.688   458.0
0.2900        -2280.580    -2305.185       24.605   456.5
0.2910        -2280.359    -2305.178       24.819   460.5
0.2920        -2280.324    -2305.179       24.855   461.1
0.2930        -2280.270    -2305.179       24.909   462.1
0.2940        -2280.351    -2305.177       24.825   460.6
0.2950        -2280.397    -2305.169       24.772   459.6
0.2960        -2280.373    -2305.164       24.791   459.9
0.2970        -2280.251    -2305.154       24.903   462.0
0.2980        -2280.253    -2305.132       24.879   461.6
0.2990        -2280.203    -2305.110       24.908   462.1
0.3000        -2280.122    -2305.089       24.968   463.2
0.3010        -2280.005    -2305.064       25.059   464.9
0.3020        -2280.137    -2305.036       24.900   462.0
0.3030        -2279.991    -2305.010       25.019   464.2
0.3040        -2280.002    -2304.990       24.988   463.6
0.3050        -2280.011    -2304.988       24.976   463.4
0.3060        -2280.059    -2305.012       24.953   462.9
0.3070        -2280.051    -2305.056       25.005   463.9
0.3080        -2280.092    -2305.129       25.037   464.5
0.3090        -2280.000    -2305.225       25.225   468.0
0.3100        -2279.962    -2305.339       25.377   470.8
0.3110        -2279.992    -2305.459       25.467   472.5
0.3120        -2280.063    -2305.582       25.519   473.4
0.3130        -2280.184    -2305.702       25.518   473.4
0.3140        -2280.054    -2305.809       25.755   477.8
0.3150        -2279.956    -2305.899       25.943   481.3
0.3160        -2279.874    -2305.971       26.097   484.2
0.3170        -2279.800    -2306.023       26.223   486.5
0.3180        -2279.799    -2306.051       26.252   487.0
0.3190        -2279.669    -2306.058       26.389   489.6
0.3200        -2279.600    -2306.042       26.442   490.6
0.3210        -2279.724    -2306.008       26.284   487.6
0.3220        -2279.718    -2305.971       26.253   487.1
0.3230        -2279.618    -2305.952       26.333   488.5
0.3240        -2279.851    -2305.955       26.104   484.3
0.3250        -2279.902    -2305.991       26.089   484.0
0.3260        -2279.798    -2306.064       26.266   487.3
0.3270        -2279.761    -2306.175       26.414   490.1
0.3280        -2279.973    -2306.310       26.337   488.6
0.3290        -2279.915    -2306.456       26.542   492.4
0.3300        -2279.783    -2306.604       26.821   497.6
0.3310        -2279.718    -2306.732       27.014   501.2
0.3320        -2279.702    -2306.842       27.140   503.5
0.3330        -2279.717    -2306.927       27.210   504.8
0.3340        -2279.683    -2306.991       27.308   506.6
0.3350        -2279.675    -2307.025       27.350   507.4
0.3360        -2279.615    -2307.037       27.422   508.8
0.3370        -2279.593    -2307.038       27.445   509.2
0.3380        -2279.669    -2307.024       27.355   507.5
0.3390        -2279.613    -2306.994       27.382   508.0
0.3400        -2279.467    -2306.960       27.493   510.1
0.3410        -2279.436    -2306.913       27.477   509.8
0.3420        -2279.602    -2306.865       27.263   505.8
0.3430        -2279.605    -2306.811       27.206   504.7
0.3440        -2279.388    -2306.750       27.361   507.6
0.3450        -2279.435    -2306.683       27.248   505.5
0.3460        -2279.235    -2306.609       27.374   507.9
0.3470        -2279.246    -2306.521       27.276   506.0
0.3480        -2279.112    -2306.425       27.314   506.7
0.3490        -2279.048    -2306.327       27.279   506.1
0.3500        -2279.041    -2306.227       27.186   504.4
0.3510        -2279.093    -2306.117       27.024   501.4
0.3520        -2279.082    -2306.001       26.919   499.4
0.3530        -2279.039    -2305.878       26.839   497.9
0.3540        -2279.098    -2305.758       26.659   494.6
0.3550        -2278.988    -2305.648       26.660   494.6
0.3560        -2278.963    -2305.547       26.584   493.2
