      Step     Time          Energy          fmax
FIRE:    0 16:39:34    -2188.208984        0.741251
FIRE:    1 16:39:35    -2188.239502        0.657034
FIRE:    2 16:39:35    -2188.291504        0.537337
FIRE:    3 16:39:35    -2188.354248        0.443444
FIRE:    4 16:39:35    -2188.418701        0.397779
FIRE:    5 16:39:35    -2188.486572        0.368511
FIRE:    6 16:39:35    -2188.558350        0.317016
FIRE:    7 16:39:35    -2188.633301        0.312262
FIRE:    8 16:39:35    -2188.716553        0.321591
FIRE:    9 16:39:35    -2188.805420        0.329137
FIRE:   10 16:39:35    -2188.896484        0.337247
FIRE:   11 16:39:35    -2188.995850        0.350161
FIRE:   12 16:39:36    -2189.109863        0.372482
FIRE:   13 16:39:36    -2189.230469        0.409896
FIRE:   14 16:39:36    -2189.359375        0.452360
FIRE:   15 16:39:36    -2189.500977        0.499737
FIRE:   16 16:39:36    -2189.655518        0.537015
FIRE:   17 16:39:36    -2189.821289        0.532772
FIRE:   18 16:39:36    -2189.988525        0.439609
FIRE:   19 16:39:36    -2190.142822        0.461775
FIRE:   20 16:39:36    -2190.286621        0.504193
FIRE:   21 16:39:36    -2190.427002        0.477979
FIRE:   22 16:39:37    -2190.559326        0.383663
FIRE:   23 16:39:37    -2190.673340        0.341571
FIRE:   24 16:39:37    -2190.782715        0.342186
FIRE:   25 16:39:37    -2190.874023        0.421545
FIRE:   26 16:39:37    -2190.898926        1.370040
FIRE:   27 16:39:37    -2190.990967        0.416387
FIRE:   28 16:39:37    -2191.008545        0.340734
FIRE:   29 16:39:37    -2191.035889        0.320511
FIRE:   30 16:39:37    -2191.066650        0.317368
FIRE:   31 16:39:37    -2191.100098        0.305828
FIRE:   32 16:39:38    -2191.135742        0.352583
FIRE:   33 16:39:38    -2191.178223        0.381731
FIRE:   34 16:39:38    -2191.229492        0.321229
FIRE:   35 16:39:38    -2191.288574        0.353725
FIRE:   36 16:39:38    -2191.355225        0.406328
FIRE:   37 16:39:38    -2191.443604        0.491703
FIRE:   38 16:39:38    -2191.563721        0.611871
FIRE:   39 16:39:38    -2191.701416        0.721046
FIRE:   40 16:39:38    -2191.850830        0.683849
FIRE:   41 16:39:38    -2191.978760        0.481415
FIRE:   42 16:39:38    -2192.075195        0.392846
FIRE:   43 16:39:39    -2192.121582        0.858656
FIRE:   44 16:39:39    -2192.147705        0.457281
FIRE:   45 16:39:39    -2192.166992        0.182047
FIRE:   46 16:39:39    -2192.178223        0.291225
FIRE:   47 16:39:39    -2192.191162        0.325606
FIRE:   48 16:39:39    -2192.210693        0.325341
FIRE:   49 16:39:39    -2192.235840        0.269270
FIRE:   50 16:39:39    -2192.258789        0.152880
FIRE:   51 16:39:39    -2192.277832        0.301938
FIRE:   52 16:39:39    -2192.297852        0.349061
FIRE:   53 16:39:40    -2192.323975        0.100240
FIRE:   54 16:39:40    -2192.345459        0.304294
FIRE:   55 16:39:40    -2192.378418        0.169732
FIRE:   56 16:39:40    -2192.411865        0.225374
FIRE:   57 16:39:40    -2192.446777        0.267605
FIRE:   58 16:39:40    -2192.445801        0.615134
FIRE:   59 16:39:40    -2192.492432        0.225041
FIRE:   60 16:39:40    -2192.496582        0.172162
FIRE:   61 16:39:40    -2192.500732        0.171230
FIRE:   62 16:39:40    -2192.502441        0.172381
FIRE:   63 16:39:41    -2192.503906        0.176807
FIRE:   64 16:39:41    -2192.508057        0.183660
FIRE:   65 16:39:41    -2192.514404        0.191053
FIRE:   66 16:39:41    -2192.519775        0.197381
FIRE:   67 16:39:41    -2192.525146        0.202651
FIRE:   68 16:39:41    -2192.534180        0.207300
FIRE:   69 16:39:41    -2192.545898        0.211015
FIRE:   70 16:39:41    -2192.558105        0.212107
FIRE:   71 16:39:41    -2192.574707        0.210638
FIRE:   72 16:39:41    -2192.595703        0.207051
FIRE:   73 16:39:41    -2192.619385        0.183152
FIRE:   74 16:39:42    -2192.645996        0.148077
FIRE:   75 16:39:42    -2192.673584        0.090567
FIRE:   76 16:39:42    -2192.695557        0.153854
FIRE:   77 16:39:42    -2192.708008        0.248180
FIRE:   78 16:39:42    -2192.714600        0.218809
FIRE:   79 16:39:42    -2192.718750        0.174217
FIRE:   80 16:39:42    -2192.722656        0.177078
FIRE:   81 16:39:42    -2192.730469        0.097238
FIRE:   82 16:39:42    -2192.736328        0.063664
FIRE:   83 16:39:42    -2192.739502        0.137273
FIRE:   84 16:39:43    -2192.746582        0.074700
FIRE:   85 16:39:43    -2192.751953        0.085441
FIRE:   86 16:39:43    -2192.756592        0.125116
FIRE:   87 16:39:43    -2192.765869        0.100024
FIRE:   88 16:39:43    -2192.775635        0.118712
FIRE:   89 16:39:43    -2192.789062        0.090836
FIRE:   90 16:39:43    -2192.805420        0.055662
FIRE:   91 16:39:43    -2192.821777        0.151852
FIRE:   92 16:39:43    -2192.839844        0.247249
FIRE:   93 16:39:43    -2192.852295        0.432792
FIRE:   94 16:39:44    -2192.872314        0.069418
FIRE:   95 16:39:44    -2192.861328        0.375485
FIRE:   96 16:39:44    -2192.867432        0.288079
FIRE:   97 16:39:44    -2192.874512        0.134037
FIRE:   98 16:39:44    -2192.876953        0.070406
FIRE:   99 16:39:44    -2192.876953        0.070396
FIRE:  100 16:39:44    -2192.877441        0.070381
FIRE:  101 16:39:44    -2192.877686        0.070359
FIRE:  102 16:39:44    -2192.878418        0.070341
FIRE:  103 16:39:44    -2192.878662        0.070328
FIRE:  104 16:39:44    -2192.878662        0.070330
FIRE:  105 16:39:45    -2192.879150        0.070355
FIRE:  106 16:39:45    -2192.879395        0.070424
FIRE:  107 16:39:45    -2192.880127        0.070548
FIRE:  108 16:39:45    -2192.881104        0.070756
FIRE:  109 16:39:45    -2192.882324        0.071067
FIRE:  110 16:39:45    -2192.883789        0.071509
FIRE:  111 16:39:45    -2192.885742        0.072088
FIRE:  112 16:39:45    -2192.887939        0.072804
FIRE:  113 16:39:45    -2192.890625        0.073650
FIRE:  114 16:39:45    -2192.894043        0.074623
FIRE:  115 16:39:46    -2192.898193        0.075803
FIRE:  116 16:39:46    -2192.903320        0.077372
FIRE:  117 16:39:46    -2192.909668        0.079614
FIRE:  118 16:39:46    -2192.917480        0.082760
FIRE:  119 16:39:46    -2192.927979        0.086886
FIRE:  120 16:39:46    -2192.939941        0.092050
FIRE:  121 16:39:46    -2192.953857        0.098907
FIRE:  122 16:39:46    -2192.972900        0.108730
FIRE:  123 16:39:46    -2192.997559        0.123200
FIRE:  124 16:39:46    -2193.029297        0.147095
FIRE:  125 16:39:46    -2193.073730        0.186235
FIRE:  126 16:39:47    -2193.133301        0.246157
FIRE:  127 16:39:47    -2193.201416        0.322725
FIRE:  128 16:39:47    -2193.281738        0.338904
FIRE:  129 16:39:47    -2193.354248        0.230952
FIRE:  130 16:39:47    -2193.406006        0.231408
FIRE:  131 16:39:47    -2193.448730        0.190530
FIRE:  132 16:39:47    -2193.496338        0.126924
FIRE:  133 16:39:47    -2193.535400        0.196744
FIRE:  134 16:39:47    -2193.572266        0.287381
FIRE:  135 16:39:47    -2193.466309        0.798198
FIRE:  136 16:39:48    -2193.609375        0.088475
FIRE:  137 16:39:48    -2193.505127        0.718904
FIRE:  138 16:39:48    -2193.552490        0.546531
FIRE:  139 16:39:48    -2193.605713        0.243992
FIRE:  140 16:39:48    -2193.618408        0.113536
FIRE:  141 16:39:48    -2193.618896        0.106815
FIRE:  142 16:39:48    -2193.619629        0.093826
FIRE:  143 16:39:48    -2193.620850        0.075951
FIRE:  144 16:39:48    -2193.622070        0.075749
FIRE:  145 16:39:48    -2193.623047        0.075489
FIRE:  146 16:39:49    -2193.624268        0.075170
FIRE:  147 16:39:49    -2193.625244        0.074794
FIRE:  148 16:39:49    -2193.626221        0.074311
FIRE:  149 16:39:49    -2193.627686        0.073712
FIRE:  150 16:39:49    -2193.629639        0.072982
FIRE:  151 16:39:49    -2193.632324        0.072103
FIRE:  152 16:39:49    -2193.635742        0.071053
FIRE:  153 16:39:49    -2193.639404        0.069794
FIRE:  154 16:39:49    -2193.643555        0.068305
FIRE:  155 16:39:49    -2193.647217        0.066575
FIRE:  156 16:39:49    -2193.655029        0.064610
FIRE:  157 16:39:50    -2193.662598        0.062405
FIRE:  158 16:39:50    -2193.671143        0.059955
FIRE:  159 16:39:50    -2193.681396        0.060903
FIRE:  160 16:39:50    -2193.693115        0.069258
FIRE:  161 16:39:50    -2193.707275        0.075151
FIRE:  162 16:39:50    -2193.724365        0.077057
FIRE:  163 16:39:50    -2193.743408        0.074236
FIRE:  164 16:39:50    -2193.765137        0.068075
FIRE:  165 16:39:50    -2193.789062        0.059254
FIRE:  166 16:39:50    -2193.813477        0.049623
