      Step     Time          Energy          fmax
FIRE:    0 16:47:57    -8586.560547        1.128869
FIRE:    1 16:47:57    -8586.862305        1.086746
FIRE:    2 16:47:58    -8587.344727        1.007025
FIRE:    3 16:47:58    -8587.892578        0.897282
FIRE:    4 16:47:58    -8588.528320        0.773646
FIRE:    5 16:47:58    -8589.223633        0.810994
FIRE:    6 16:47:59    -8589.909180        0.837773
FIRE:    7 16:47:59    -8590.549805        0.847873
FIRE:    8 16:47:59    -8591.182617        0.851274
FIRE:    9 16:48:00    -8591.813477        0.832340
FIRE:   10 16:48:00    -8592.433594        0.849407
FIRE:   11 16:48:00    -8593.042969        0.883773
FIRE:   12 16:48:01    -8593.639648        0.908855
FIRE:   13 16:48:01    -8594.226562        0.928875
FIRE:   14 16:48:01    -8594.803711        0.915978
FIRE:   15 16:48:01    -8595.370117        0.873178
FIRE:   16 16:48:02    -8595.933594        0.809954
FIRE:   17 16:48:02    -8596.476562        0.826204
FIRE:   18 16:48:02    -8597.017578        0.874613
FIRE:   19 16:48:03    -8597.555664        0.911820
FIRE:   20 16:48:03    -8598.089844        0.946524
FIRE:   21 16:48:03    -8598.624023        0.952033
FIRE:   22 16:48:03    -8599.154297        0.921627
FIRE:   23 16:48:04    -8599.678711        0.855276
FIRE:   24 16:48:04    -8600.190430        0.770124
FIRE:   25 16:48:04    -8600.689453        0.752606
FIRE:   26 16:48:05    -8601.181641        0.781109
FIRE:   27 16:48:05    -8601.664062        0.826128
FIRE:   28 16:48:05    -8602.147461        0.875746
FIRE:   29 16:48:06    -8602.625000        0.924627
FIRE:   30 16:48:06    -8603.092773        0.945615
FIRE:   31 16:48:06    -8603.562500        0.924369
FIRE:   32 16:48:06    -8604.009766        0.866826
FIRE:   33 16:48:07    -8604.461914        0.795381
FIRE:   34 16:48:07    -8604.903320        0.764235
FIRE:   35 16:48:07    -8605.328125        0.727999
FIRE:   36 16:48:08    -8605.736328        0.677771
FIRE:   37 16:48:08    -8606.133789        0.717037
FIRE:   38 16:48:08    -8606.517578        0.757152
FIRE:   39 16:48:08    -8606.880859        0.797699
FIRE:   40 16:48:09    -8607.230469        0.835005
FIRE:   41 16:48:09    -8607.569336        0.938604
FIRE:   42 16:48:09    -8607.908203        0.896344
FIRE:   43 16:48:10    -8608.245117        0.773215
FIRE:   44 16:48:10    -8608.573242        0.916244
FIRE:   45 16:48:10    -8608.893555        0.999040
FIRE:   46 16:48:11    -8609.214844        0.835170
FIRE:   47 16:48:11    -8609.532227        0.764411
FIRE:   48 16:48:11    -8609.833984        0.694462
FIRE:   49 16:48:11    -8610.113281        0.513185
FIRE:   50 16:48:12    -8610.361328        0.699601
FIRE:   51 16:48:12    -8610.583008        0.869184
FIRE:   52 16:48:12    -8610.794922        0.855080
FIRE:   53 16:48:13    -8611.007812        0.891360
FIRE:   54 16:48:13    -8611.222656        0.766231
FIRE:   55 16:48:13    -8611.440430        0.596399
FIRE:   56 16:48:14    -8611.667969        0.764574
FIRE:   57 16:48:14    -8611.876953        0.896315
FIRE:   58 16:48:14    -8612.091797        0.825459
FIRE:   59 16:48:14    -8612.300781        0.750391
FIRE:   60 16:48:15    -8612.506836        0.867435
FIRE:   61 16:48:15    -8612.715820        0.768378
FIRE:   62 16:48:15    -8612.919922        0.534933
FIRE:   63 16:48:16    -8613.114258        0.529368
FIRE:   64 16:48:16    -8613.300781        0.551228
FIRE:   65 16:48:16    -8613.484375        0.686265
FIRE:   66 16:48:17    -8613.666992        0.703867
FIRE:   67 16:48:17    -8613.845703        0.627704
FIRE:   68 16:48:17    -8614.014648        0.568699
FIRE:   69 16:48:17    -8614.170898        0.642680
FIRE:   70 16:48:18    -8614.314453        0.809807
FIRE:   71 16:48:18    -8614.442383        0.851263
FIRE:   72 16:48:18    -8614.562500        0.773368
FIRE:   73 16:48:19    -8614.649414        0.629372
FIRE:   74 16:48:19    -8614.721680        0.666777
FIRE:   75 16:48:19    -8614.781250        0.972912
FIRE:   76 16:48:19    -8614.845703        1.261134
FIRE:   77 16:48:20    -8614.948242        1.350608
FIRE:   78 16:48:20    -8615.071289        1.170310
FIRE:   79 16:48:20    -8615.230469        1.081840
FIRE:   80 16:48:21    -8615.399414        1.190010
FIRE:   81 16:48:21    -8615.572266        1.209430
FIRE:   82 16:48:21    -8615.748047        1.099548
FIRE:   83 16:48:22    -8615.920898        0.909235
FIRE:   84 16:48:22    -8616.064453        0.726947
FIRE:   85 16:48:22    -8616.231445        0.789853
FIRE:   86 16:48:22    -8616.375000        0.845490
FIRE:   87 16:48:23    -8616.484375        0.833268
FIRE:   88 16:48:23    -8616.583008        0.911266
FIRE:   89 16:48:23    -8616.674805        0.982751
FIRE:   90 16:48:24    -8616.767578        0.983153
FIRE:   91 16:48:24    -8616.857422        0.841073
FIRE:   92 16:48:24    -8616.931641        0.762890
FIRE:   93 16:48:24    -8616.975586        0.994467
FIRE:   94 16:48:25    -8617.012695        1.376166
FIRE:   95 16:48:25    -8617.075195        1.582787
FIRE:   96 16:48:25    -8617.185547        1.472022
FIRE:   97 16:48:26    -8617.329102        1.103889
FIRE:   98 16:48:26    -8617.444336        0.677726
FIRE:   99 16:48:26    -8617.544922        0.476621
FIRE:  100 16:48:27    -8617.606445        0.532132
FIRE:  101 16:48:27    -8617.662109        0.592644
FIRE:  102 16:48:27    -8617.712891        0.599631
FIRE:  103 16:48:27    -8617.765625        0.587478
FIRE:  104 16:48:28    -8617.818359        0.504741
FIRE:  105 16:48:28    -8617.864258        0.515125
FIRE:  106 16:48:28    -8617.913086        0.533144
FIRE:  107 16:48:29    -8617.960938        0.508560
FIRE:  108 16:48:29    -8618.018555        0.467274
FIRE:  109 16:48:29    -8618.083008        0.474411
FIRE:  110 16:48:30    -8618.150391        0.468367
FIRE:  111 16:48:30    -8618.216797        0.443067
FIRE:  112 16:48:30    -8618.280273        0.403100
FIRE:  113 16:48:30    -8618.336914        0.415856
FIRE:  114 16:48:31    -8618.390625        0.437321
FIRE:  115 16:48:31    -8618.444336        0.403981
FIRE:  116 16:48:31    -8618.500977        0.336224
FIRE:  117 16:48:32    -8618.558594        0.266453
FIRE:  118 16:48:32    -8618.619141        0.291139
FIRE:  119 16:48:32    -8618.676758        0.283327
FIRE:  120 16:48:32    -8618.730469        0.274791
FIRE:  121 16:48:33    -8618.779297        0.285666
FIRE:  122 16:48:33    -8618.824219        0.296885
FIRE:  123 16:48:33    -8618.879883        0.316615
FIRE:  124 16:48:34    -8618.918945        0.333339
FIRE:  125 16:48:34    -8618.970703        0.355839
FIRE:  126 16:48:34    -8619.026367        0.339134
FIRE:  127 16:48:35    -8619.087891        0.286514
FIRE:  128 16:48:35    -8619.154297        0.280716
FIRE:  129 16:48:35    -8619.222656        0.262584
FIRE:  130 16:48:35    -8619.289062        0.280776
FIRE:  131 16:48:36    -8619.353516        0.275736
FIRE:  132 16:48:36    -8619.420898        0.276256
FIRE:  133 16:48:36    -8619.498047        0.321903
FIRE:  134 16:48:37    -8619.567383        0.320771
FIRE:  135 16:48:37    -8619.649414        0.307480
FIRE:  136 16:48:37    -8619.734375        0.339363
FIRE:  137 16:48:37    -8619.818359        0.364620
FIRE:  138 16:48:38    -8619.905273        0.387597
FIRE:  139 16:48:38    -8619.992188        0.386978
FIRE:  140 16:48:38    -8620.078125        0.360218
FIRE:  141 16:48:39    -8620.160156        0.338713
FIRE:  142 16:48:39    -8620.237305        0.339429
FIRE:  143 16:48:39    -8620.309570        0.326151
FIRE:  144 16:48:40    -8620.369141        0.290298
FIRE:  145 16:48:40    -8620.421875        0.373441
FIRE:  146 16:48:40    -8620.474609        0.427001
FIRE:  147 16:48:40    -8620.486328        0.610847
FIRE:  148 16:48:41    -8620.668945        0.310540
FIRE:  149 16:48:41    -8620.774414        0.239183
FIRE:  150 16:48:41    -8620.864258        0.221616
FIRE:  151 16:48:42    -8620.947266        0.216281
FIRE:  152 16:48:42    -8621.029297        0.250370
FIRE:  153 16:48:42    -8621.110352        0.290615
FIRE:  154 16:48:43    -8621.201172        0.336585
FIRE:  155 16:48:43    -8621.296875        0.388412
FIRE:  156 16:48:43    -8621.415039        0.426639
FIRE:  157 16:48:43    -8621.524414        0.417529
FIRE:  158 16:48:44    -8621.640625        0.366043
FIRE:  159 16:48:44    -8621.747070        0.331722
FIRE:  160 16:48:44    -8621.866211        0.385811
FIRE:  161 16:48:45    -8622.001953        0.445964
FIRE:  162 16:48:45    -8622.158203        0.481688
FIRE:  163 16:48:45    -8622.323242        0.536021
FIRE:  164 16:48:45    -8622.484375        0.568066
FIRE:  165 16:48:46    -8622.626953        0.528465
FIRE:  166 16:48:46    -8622.737305        0.394046
FIRE:  167 16:48:46    -8622.808594        0.504071
FIRE:  168 16:48:47    -8622.845703        0.551560
FIRE:  169 16:48:47    -8622.849609        0.780885
FIRE:  170 16:48:47    -8622.951172        0.297086
FIRE:  171 16:48:48    -8622.966797        0.225454
FIRE:  172 16:48:48    -8622.986328        0.224894
FIRE:  173 16:48:48    -8623.002930        0.214236
FIRE:  174 16:48:48    -8623.027344        0.131117
FIRE:  175 16:48:49    -8623.046875        0.199456
FIRE:  176 16:48:49    -8623.071289        0.096291
FIRE:  177 16:48:49    -8623.096680        0.105696
FIRE:  178 16:48:50    -8623.125000        0.165620
FIRE:  179 16:48:50    -8623.155273        0.206696
FIRE:  180 16:48:50    -8623.181641        0.332738
FIRE:  181 16:48:50    -8623.199219        0.056175
FIRE:  182 16:48:51    -8623.187500        0.271782
FIRE:  183 16:48:51    -8623.198242        0.212326
FIRE:  184 16:48:51    -8623.203125        0.106207
FIRE:  185 16:48:52    -8623.206055        0.046368
