Time[ps]      Etot[eV]     Epot[eV]     Ekin[eV]    T[K]
0.0000        -2299.434    -2320.559       21.125   391.9
0.0020        -2299.252    -2320.260       21.008   389.8
0.0040        -2299.173    -2319.404       20.230   375.3
0.0060        -2298.669    -2318.094       19.425   360.4
0.0080        -2298.386    -2316.427       18.041   334.7
0.0100        -2298.221    -2314.591       16.370   303.7
0.0120        -2298.115    -2312.787       14.672   272.2
0.0140        -2298.001    -2311.220       13.220   245.3
0.0160        -2297.598    -2309.928       12.330   228.7
0.0180        -2296.996    -2308.956       11.960   221.9
0.0200        -2296.591    -2308.279       11.689   216.9
0.0220        -2295.951    -2307.831       11.880   220.4
0.0240        -2295.482    -2307.548       12.066   223.9
0.0260        -2294.823    -2307.367       12.544   232.7
0.0280        -2294.626    -2307.222       12.596   233.7
0.0300        -2294.209    -2307.040       12.830   238.0
0.0320        -2294.070    -2306.802       12.732   236.2
0.0340        -2293.812    -2306.562       12.750   236.6
0.0360        -2293.541    -2306.334       12.792   237.3
0.0380        -2293.251    -2306.123       12.872   238.8
0.0400        -2293.050    -2305.960       12.911   239.5
0.0420        -2292.551    -2305.837       13.286   246.5
0.0440        -2292.096    -2305.743       13.647   253.2
0.0460        -2291.782    -2305.689       13.907   258.0
0.0480        -2291.266    -2305.663       14.397   267.1
0.0500        -2290.612    -2305.618       15.006   278.4
0.0520        -2290.099    -2305.504       15.405   285.8
0.0540        -2290.170    -2305.381       15.211   282.2
0.0560        -2289.964    -2305.255       15.291   283.7
0.0580        -2289.846    -2305.119       15.272   283.3
0.0600        -2289.653    -2304.967       15.314   284.1
0.0620        -2289.797    -2304.835       15.038   279.0
0.0640        -2289.488    -2304.705       15.217   282.3
0.0660        -2289.112    -2304.591       15.479   287.2
0.0680        -2289.141    -2304.493       15.352   284.8
0.0700        -2289.170    -2304.395       15.225   282.5
0.0720        -2288.868    -2304.286       15.418   286.0
0.0740        -2288.768    -2304.202       15.433   286.3
0.0760        -2288.642    -2304.096       15.454   286.7
0.0780        -2288.462    -2303.945       15.482   287.2
0.0800        -2288.160    -2303.797       15.638   290.1
0.0820        -2287.838    -2303.694       15.856   294.2
0.0840        -2287.521    -2303.605       16.085   298.4
0.0860        -2287.491    -2303.516       16.024   297.3
0.0880        -2287.304    -2303.444       16.140   299.4
0.0900        -2286.408    -2303.367       16.959   314.6
0.0920        -2286.154    -2303.301       17.147   318.1
0.0940        -2286.187    -2303.225       17.038   316.1
0.0960        -2286.006    -2303.177       17.172   318.6
0.0980        -2285.816    -2303.134       17.318   321.3
0.1000        -2285.712    -2303.055       17.344   321.8
0.1020        -2285.322    -2302.925       17.604   326.6
0.1040        -2285.704    -2302.792       17.088   317.0
0.1060        -2285.839    -2302.675       16.836   312.4
0.1080        -2285.536    -2302.559       17.023   315.8
0.1100        -2285.632    -2302.480       16.848   312.6
0.1120        -2285.465    -2302.414       16.950   314.5
0.1140        -2285.249    -2302.344       17.095   317.2
0.1160        -2285.155    -2302.281       17.125   317.7
0.1180        -2284.925    -2302.195       17.270   320.4
0.1200        -2284.658    -2302.059       17.401   322.8
0.1220        -2284.366    -2301.875       17.509   324.8
0.1240        -2284.330    -2301.691       17.361   322.1
0.1260        -2284.012    -2301.514       17.502   324.7
0.1280        -2283.925    -2301.345       17.420   323.2
0.1300        -2283.910    -2301.216       17.306   321.1
0.1320        -2283.619    -2301.150       17.531   325.2
0.1340        -2283.121    -2301.211       18.089   335.6
0.1360        -2282.947    -2301.356       18.410   341.5
0.1380        -2282.921    -2301.583       18.663   346.2
0.1400        -2282.714    -2301.834       19.121   354.7
0.1420        -2283.112    -2302.053       18.941   351.4
0.1440        -2283.063    -2302.167       19.103   354.4
0.1460        -2282.856    -2302.126       19.270   357.5
0.1480        -2282.648    -2301.964       19.316   358.4
0.1500        -2282.492    -2301.707       19.215   356.5
0.1520        -2282.355    -2301.432       19.076   353.9
0.1540        -2282.161    -2301.171       19.010   352.7
0.1560        -2282.030    -2300.937       18.907   350.8
0.1580        -2281.925    -2300.753       18.828   349.3
0.1600        -2282.059    -2300.671       18.612   345.3
0.1620        -2281.857    -2300.737       18.880   350.3
0.1640        -2281.742    -2300.870       19.128   354.9
0.1660        -2281.084    -2301.034       19.950   370.1
0.1680        -2281.115    -2301.201       20.085   372.6
0.1700        -2280.950    -2301.383       20.432   379.1
0.1720        -2280.850    -2301.523       20.673   383.5
0.1740        -2280.751    -2301.570       20.819   386.2
0.1760        -2280.769    -2301.518       20.748   384.9
0.1780        -2280.949    -2301.402       20.453   379.5
0.1800        -2280.949    -2301.255       20.306   376.7
0.1820        -2281.033    -2301.101       20.068   372.3
0.1840        -2280.658    -2300.953       20.295   376.5
0.1860        -2280.342    -2300.809       20.467   379.7
0.1880        -2280.626    -2300.636       20.010   371.2
0.1900        -2280.262    -2300.480       20.218   375.1
0.1920        -2280.194    -2300.370       20.176   374.3
0.1940        -2280.082    -2300.278       20.196   374.7
0.1960        -2280.159    -2300.219       20.060   372.2
0.1980        -2280.007    -2300.171       20.164   374.1
0.2000        -2280.128    -2300.117       19.989   370.8
0.2020        -2279.972    -2300.042       20.070   372.3
0.2040        -2280.136    -2299.954       19.818   367.7
0.2060        -2280.034    -2299.914       19.880   368.8
0.2080        -2279.801    -2299.908       20.108   373.0
0.2100        -2279.483    -2299.952       20.470   379.8
0.2120        -2279.422    -2299.994       20.572   381.7
0.2140        -2279.434    -2299.999       20.565   381.5
0.2160        -2279.586    -2299.913       20.327   377.1
0.2180        -2279.225    -2299.767       20.543   381.1
0.2200        -2279.330    -2299.608       20.278   376.2
0.2220        -2279.189    -2299.473       20.284   376.3
0.2240        -2279.218    -2299.339       20.121   373.3
0.2260        -2279.420    -2299.242       19.821   367.7
0.2280        -2279.889    -2299.167       19.277   357.6
0.2300        -2279.817    -2299.133       19.316   358.4
0.2320        -2279.743    -2299.205       19.462   361.1
0.2340        -2279.542    -2299.361       19.818   367.7
0.2360        -2279.530    -2299.603       20.073   372.4
0.2380        -2279.368    -2299.906       20.539   381.0
0.2400        -2279.367    -2300.256       20.888   387.5
0.2420        -2279.711    -2300.535       20.824   386.3
0.2440        -2279.708    -2300.641       20.932   388.3
0.2460        -2279.913    -2300.572       20.659   383.3
0.2480        -2279.716    -2300.457       20.741   384.8
0.2500        -2279.258    -2300.385       21.127   392.0
0.2520        -2279.269    -2300.338       21.070   390.9
0.2540        -2278.934    -2300.349       21.415   397.3
0.2560        -2279.102    -2300.369       21.267   394.5
0.2580        -2279.070    -2300.383       21.313   395.4
0.2600        -2278.840    -2300.403       21.563   400.0
0.2620        -2278.842    -2300.442       21.600   400.7
0.2640        -2278.791    -2300.488       21.696   402.5
0.2660        -2278.134    -2300.517       22.383   415.3
0.2680        -2278.259    -2300.547       22.287   413.5
0.2700        -2277.962    -2300.594       22.632   419.9
0.2720        -2278.356    -2300.619       22.263   413.0
0.2740        -2278.471    -2300.626       22.155   411.0
0.2760        -2278.020    -2300.588       22.569   418.7
0.2780        -2277.948    -2300.479       22.531   418.0
0.2800        -2278.100    -2300.303       22.203   411.9
0.2820        -2277.689    -2300.093       22.404   415.6
0.2840        -2277.534    -2299.888       22.355   414.7
0.2860        -2277.300    -2299.698       22.398   415.5
0.2880        -2277.375    -2299.528       22.153   411.0
0.2900        -2277.329    -2299.417       22.088   409.8
0.2920        -2277.238    -2299.361       22.123   410.4
0.2940        -2277.148    -2299.342       22.194   411.8
0.2960        -2277.188    -2299.321       22.133   410.6
0.2980        -2277.551    -2299.296       21.745   403.4
0.3000        -2277.434    -2299.269       21.835   405.1
0.3020        -2277.437    -2299.216       21.779   404.1
0.3040        -2277.422    -2299.146       21.725   403.0
0.3060        -2276.786    -2299.083       22.297   413.7
0.3080        -2276.878    -2299.006       22.128   410.5
0.3100        -2276.416    -2298.888       22.473   416.9
0.3120        -2276.623    -2298.765       22.141   410.8
0.3140        -2276.582    -2298.597       22.014   408.4
0.3160        -2276.508    -2298.407       21.899   406.3
0.3180        -2276.866    -2298.199       21.333   395.8
0.3200        -2276.967    -2297.940       20.973   389.1
0.3220        -2276.900    -2297.737       20.837   386.6
0.3240        -2277.071    -2297.645       20.574   381.7
0.3260        -2277.136    -2297.642       20.506   380.4
0.3280        -2277.209    -2297.708       20.499   380.3
0.3300        -2277.177    -2297.884       20.706   384.1
0.3320        -2277.243    -2298.141       20.898   387.7
0.3340        -2277.222    -2298.403       21.181   393.0
0.3360        -2277.440    -2298.684       21.244   394.1
0.3380        -2277.334    -2298.979       21.645   401.6
0.3400        -2276.948    -2299.202       22.255   412.9
0.3420        -2276.405    -2299.310       22.905   424.9
0.3440        -2276.065    -2299.278       23.213   430.7
0.3460        -2275.451    -2299.089       23.637   438.5
0.3480        -2275.965    -2298.760       22.795   422.9
0.3500        -2275.853    -2298.431       22.578   418.9
0.3520        -2275.821    -2298.143       22.321   414.1
0.3540        -2275.366    -2297.929       22.563   418.6
0.3560        -2275.055    -2297.813       22.758   422.2
0.3580        -2275.111    -2297.894       22.783   422.7
0.3600        -2275.570    -2298.103       22.532   418.0
0.3620        -2275.972    -2298.358       22.386   415.3
0.3640        -2276.047    -2298.610       22.564   418.6
0.3660        -2275.791    -2298.841       23.051   427.6
0.3680        -2275.871    -2298.986       23.115   428.8
0.3700        -2276.125    -2299.130       23.005   426.8
0.3720        -2276.637    -2299.237       22.600   419.3
0.3740        -2276.901    -2299.257       22.356   414.8
0.3760        -2276.109    -2299.216       23.108   428.7
0.3780        -2276.289    -2299.091       22.802   423.0
0.3800        -2276.833    -2298.906       22.073   409.5
0.3820        -2276.731    -2298.746       22.015   408.4
0.3840        -2277.030    -2298.647       21.617   401.0
0.3860        -2276.991    -2298.655       21.664   401.9
0.3880        -2276.970    -2298.762       21.792   404.3
0.3900        -2276.732    -2298.982       22.251   412.8
0.3920        -2276.702    -2299.219       22.517   417.7
0.3940        -2276.912    -2299.402       22.490   417.2
0.3960        -2277.078    -2299.506       22.428   416.1
0.3980        -2277.196    -2299.546       22.350   414.7
0.4000        -2276.856    -2299.532       22.676   420.7
0.4020        -2276.675    -2299.484       22.809   423.2
0.4040        -2276.372    -2299.436       23.063   427.9
0.4060        -2276.520    -2299.422       22.902   424.9
0.4080        -2276.312    -2299.391       23.079   428.2
0.4100        -2276.695    -2299.356       22.661   420.4
0.4120        -2276.857    -2299.331       22.474   417.0
0.4140        -2276.946    -2299.244       22.298   413.7
0.4160        -2277.359    -2299.100       21.741   403.3
0.4180        -2277.477    -2298.950       21.473   398.4
0.4200        -2277.342    -2298.864       21.522   399.3
0.4220        -2277.582    -2298.807       21.225   393.8
0.4240        -2277.500    -2298.698       21.197   393.3
0.4260        -2277.424    -2298.587       21.162   392.6
0.4280        -2277.530    -2298.474       20.944   388.6
0.4300        -2277.612    -2298.376       20.764   385.2
0.4320        -2277.246    -2298.333       21.087   391.2
0.4340        -2277.033    -2298.290       21.258   394.4
0.4360        -2276.963    -2298.257       21.294   395.0
0.4380        -2277.384    -2298.233       20.849   386.8
0.4400        -2277.682    -2298.240       20.559   381.4
0.4420        -2277.347    -2298.401       21.053   390.6
0.4440        -2277.350    -2298.671       21.321   395.6
0.4460        -2277.551    -2299.033       21.482   398.5
0.4480        -2277.667    -2299.445       21.778   404.0
0.4500        -2277.281    -2299.835       22.555   418.4
0.4520        -2277.421    -2300.139       22.718   421.5
0.4540        -2277.279    -2300.296       23.017   427.0
0.4560        -2277.337    -2300.294       22.957   425.9
0.4580        -2277.212    -2300.198       22.986   426.4
0.4600        -2277.522    -2299.974       22.452   416.5
0.4620        -2277.467    -2299.658       22.190   411.7
0.4640        -2277.792    -2299.301       21.509   399.0
0.4660        -2277.873    -2298.970       21.097   391.4
0.4680        -2278.085    -2298.750       20.665   383.4
0.4700        -2277.717    -2298.661       20.943   388.5
0.4720        -2278.104    -2298.720       20.616   382.5
0.4740        -2277.954    -2298.881       20.928   388.3
0.4760        -2278.107    -2299.113       21.006   389.7
0.4780        -2278.331    -2299.368       21.037   390.3
0.4800        -2278.292    -2299.559       21.267   394.6
0.4820        -2277.847    -2299.700       21.853   405.4
0.4840        -2277.824    -2299.812       21.988   407.9
0.4860        -2277.524    -2299.874       22.350   414.6
0.4880        -2277.607    -2299.872       22.266   413.1
0.4900        -2277.579    -2299.866       22.287   413.5
0.4920        -2277.670    -2299.929       22.259   413.0
0.4940        -2278.003    -2300.009       22.005   408.3
0.4960        -2278.078    -2300.103       22.025   408.6
0.4980        -2278.000    -2300.178       22.178   411.5
0.5000        -2278.690    -2300.198       21.508   399.0
0.5020        -2278.749    -2300.173       21.424   397.5
0.5040        -2279.428    -2300.113       20.685   383.8
0.5060        -2279.246    -2300.022       20.775   385.4
0.5080        -2279.465    -2299.915       20.450   379.4
0.5100        -2279.485    -2299.788       20.303   376.7
0.5120        -2279.443    -2299.660       20.217   375.1
0.5140        -2279.391    -2299.553       20.162   374.1
0.5160        -2279.602    -2299.530       19.928   369.7
0.5180        -2279.394    -2299.613       20.219   375.1
0.5200        -2279.126    -2299.776       20.650   383.1
0.5220        -2278.722    -2300.013       21.291   395.0
0.5240        -2278.758    -2300.316       21.558   400.0
0.5260        -2279.021    -2300.596       21.575   400.3
0.5280        -2279.002    -2300.812       21.810   404.6
0.5300        -2278.831    -2300.932       22.101   410.0
0.5320        -2278.550    -2300.950       22.400   415.6
0.5340        -2278.632    -2300.897       22.265   413.1
0.5360        -2278.876    -2300.749       21.873   405.8
0.5380        -2278.782    -2300.555       21.773   403.9
0.5400        -2278.414    -2300.394       21.980   407.8
0.5420        -2278.578    -2300.225       21.648   401.6
