2026-03-25 00:13:38.451 INFO: ===========VERIFYING SETTINGS===========
2026-03-25 00:13:38.451 INFO: MACE version: 0.3.15
2026-03-25 00:13:38.469 INFO: CUDA version: 12.8, CUDA device: 0
2026-03-25 00:13:38.699 INFO: Using foundation model /home/mehuldarak/MACE_models/universal_09072025/mace-omat-0-medium.model as initial checkpoint.
2026-03-25 00:13:38.700 WARNING: Using multiheads finetuning with a foundation model that is not a Materials Project model, need to provied a path to a pretraining file with --pt_train_file.
2026-03-25 00:13:38.700 INFO: ===========LOADING INPUT DATA===========
2026-03-25 00:13:38.700 INFO: Using heads: ['Default']
2026-03-25 00:13:38.700 INFO: Using the key specifications to parse data:
2026-03-25 00:13:38.700 INFO: Default: KeySpecification(info_keys={'energy': 'REF_energy', 'stress': 'REF_stress', 'virials': 'REF_virials', 'dipole': 'dipole', 'head': 'head', 'elec_temp': 'elec_temp', 'total_charge': 'total_charge', 'polarizability': 'polarizability', 'total_spin': 'total_spin'}, arrays_keys={'forces': 'REF_forces', 'charges': 'REF_charges'})
2026-03-25 00:13:38.700 INFO: =============    Processing head Default     ===========
2026-03-25 00:13:38.746 INFO: Training set 1/1 [energy: 16, stress: 0, virials: 0, dipole components: 0, head: 16, elec_temp: 0, total_charge: 0, polarizability: 0, total_spin: 0, forces: 16, charges: 0]
2026-03-25 00:13:38.746 INFO: Total Training set [energy: 16, stress: 0, virials: 0, dipole components: 0, head: 16, elec_temp: 0, total_charge: 0, polarizability: 0, total_spin: 0, forces: 16, charges: 0]
2026-03-25 00:13:38.764 INFO: Validation set 1/1 [energy: 4, stress: 0, virials: 0, dipole components: 0, head: 4, elec_temp: 0, total_charge: 0, polarizability: 0, total_spin: 0, forces: 4, charges: 0]
2026-03-25 00:13:38.764 INFO: Total Validation set [energy: 4, stress: 0, virials: 0, dipole components: 0, head: 4, elec_temp: 0, total_charge: 0, polarizability: 0, total_spin: 0, forces: 4, charges: 0]
2026-03-25 00:13:38.764 INFO: Total number of configurations: train=16, valid=4, tests=[],
2026-03-25 00:13:38.764 WARNING: Validation batch size (10) is larger than the number of validation data (4)
2026-03-25 00:13:38.766 INFO: Atomic Numbers used: [np.int64(3), np.int64(8), np.int64(40), np.int64(57)]
2026-03-25 00:13:38.766 INFO: Isolated Atomic Energies (E0s) not in training file, using command line argument
2026-03-25 00:13:38.766 INFO: Atomic Energies used (z: eV) for head Default: {3: -190.7590256408, 8: -442.9888796243, 40: -1380.1817128081, 57: -958.0774205521}
2026-03-25 00:13:38.766 INFO: Processing datasets for head 'Default'
2026-03-25 00:13:38.955 INFO: Combining 1 list datasets for head 'Default'
2026-03-25 00:13:39.000 INFO: Combining 1 list datasets for head 'Default_valid'
2026-03-25 00:13:39.000 INFO: Combined validation datasets for Default
2026-03-25 00:13:39.001 INFO: Head 'Default' training dataset size: 16
2026-03-25 00:13:39.001 INFO: Computing average number of neighbors
2026-03-25 00:13:39.031 INFO: Average number of neighbors: 62.10631561279297
2026-03-25 00:13:39.031 INFO: During training the following quantities will be reported: energy, forces
2026-03-25 00:13:39.031 INFO: ===========MODEL DETAILS===========
2026-03-25 00:13:39.047 INFO: Loading FOUNDATION model
2026-03-25 00:13:39.048 INFO: Using filtered elements: [np.int64(3), np.int64(8), np.int64(40), np.int64(57)]
2026-03-25 00:13:39.048 INFO: Model configuration extracted from foundation model
2026-03-25 00:13:39.048 INFO: Using weighted loss function for fine-tuning
2026-03-25 00:13:39.048 INFO: Message passing with hidden irreps 128x0e+128x1o)
2026-03-25 00:13:39.048 INFO: 2 layers, each with correlation order: 3 (body order: 4) and spherical harmonics up to: l=3
2026-03-25 00:13:39.048 INFO: Radial cutoff: 6.0 A (total receptive field for each atom: 12.0 A)
2026-03-25 00:13:39.048 INFO: Distance transform for radial basis functions: Agnesi
2026-03-25 00:13:40.333 INFO: Injecting LoRA layers with rank=5 and alpha=1.0
2026-03-25 00:13:40.334 INFO: Original model has 848814 trainable parameters.
2026-03-25 00:13:40.842 INFO: Model with LoRA has 885694 trainable parameters.
2026-03-25 00:13:40.842 INFO: ===========OPTIMIZER INFORMATION===========
2026-03-25 00:13:40.842 INFO: Using ADAM as parameter optimizer
2026-03-25 00:13:40.842 INFO: Batch size: 4
2026-03-25 00:13:40.842 INFO: Number of gradient updates: 480
2026-03-25 00:13:40.842 INFO: Learning rate: 0.0005, weight decay: 5e-07
2026-03-25 00:13:40.842 INFO: WeightedEnergyForcesLoss(energy_weight=1.000, forces_weight=10.000)
2026-03-25 00:13:40.842 INFO: === Layer's learning rates ===
2026-03-25 00:13:40.843 INFO: Param group 0: lr = 0.0005
2026-03-25 00:13:40.843 INFO: Param group 1: lr = 0.0005
2026-03-25 00:13:40.843 INFO: Param group 2: lr = 0.0005
2026-03-25 00:13:40.843 INFO: Param group 3: lr = 0.0005
2026-03-25 00:13:40.843 INFO: Param group 4: lr = 0.0005
2026-03-25 00:13:40.843 WARNING: Cannot find checkpoint with tag 'mace_fps_split6_run-1' in './checkpoints'
2026-03-25 00:13:40.843 INFO: Using gradient clipping with tolerance=10.000
2026-03-25 00:13:40.844 INFO: 
2026-03-25 00:13:40.844 INFO: ===========TRAINING===========
2026-03-25 00:13:40.844 INFO: Started training, reporting errors on validation set
2026-03-25 00:13:40.844 INFO: Loss metrics on validation set
2026-03-25 00:13:41.779 INFO: Initial: head: Default, loss=0.13673136, RMSE_E_per_atom=  615.77 meV, RMSE_F=  129.52 meV / A
2026-03-25 00:13:50.650 INFO: Epoch 0: head: Default, loss=0.12189738, RMSE_E_per_atom=  607.05 meV, RMSE_F=  109.12 meV / A
2026-03-25 00:13:56.833 INFO: Epoch 1: head: Default, loss=0.11205693, RMSE_E_per_atom=  598.50 meV, RMSE_F=   94.88 meV / A
2026-03-25 00:14:13.485 INFO: ===========VERIFYING SETTINGS===========
2026-03-25 00:14:13.485 INFO: MACE version: 0.3.15
2026-03-25 00:14:13.503 INFO: CUDA version: 12.8, CUDA device: 0
2026-03-25 00:14:13.772 INFO: Using foundation model /home/mehuldarak/MACE_models/universal_09072025/mace-omat-0-medium.model as initial checkpoint.
2026-03-25 00:14:13.773 WARNING: Using multiheads finetuning with a foundation model that is not a Materials Project model, need to provied a path to a pretraining file with --pt_train_file.
2026-03-25 00:14:13.773 INFO: ===========LOADING INPUT DATA===========
2026-03-25 00:14:13.773 INFO: Using heads: ['Default']
2026-03-25 00:14:13.773 INFO: Using the key specifications to parse data:
2026-03-25 00:14:13.773 INFO: Default: KeySpecification(info_keys={'energy': 'REF_energy', 'stress': 'REF_stress', 'virials': 'REF_virials', 'dipole': 'dipole', 'head': 'head', 'elec_temp': 'elec_temp', 'total_charge': 'total_charge', 'polarizability': 'polarizability', 'total_spin': 'total_spin'}, arrays_keys={'forces': 'REF_forces', 'charges': 'REF_charges'})
2026-03-25 00:14:13.773 INFO: =============    Processing head Default     ===========
2026-03-25 00:14:13.818 INFO: Training set 1/1 [energy: 16, stress: 0, virials: 0, dipole components: 0, head: 16, elec_temp: 0, total_charge: 0, polarizability: 0, total_spin: 0, forces: 16, charges: 0]
2026-03-25 00:14:13.819 INFO: Total Training set [energy: 16, stress: 0, virials: 0, dipole components: 0, head: 16, elec_temp: 0, total_charge: 0, polarizability: 0, total_spin: 0, forces: 16, charges: 0]
2026-03-25 00:14:13.836 INFO: Validation set 1/1 [energy: 4, stress: 0, virials: 0, dipole components: 0, head: 4, elec_temp: 0, total_charge: 0, polarizability: 0, total_spin: 0, forces: 4, charges: 0]
2026-03-25 00:14:13.837 INFO: Total Validation set [energy: 4, stress: 0, virials: 0, dipole components: 0, head: 4, elec_temp: 0, total_charge: 0, polarizability: 0, total_spin: 0, forces: 4, charges: 0]
2026-03-25 00:14:13.837 INFO: Total number of configurations: train=16, valid=4, tests=[],
2026-03-25 00:14:13.837 WARNING: Validation batch size (10) is larger than the number of validation data (4)
2026-03-25 00:14:13.838 INFO: Atomic Numbers used: [np.int64(3), np.int64(8), np.int64(40), np.int64(57)]
2026-03-25 00:14:13.838 INFO: Isolated Atomic Energies (E0s) not in training file, using command line argument
2026-03-25 00:14:13.838 INFO: Atomic Energies used (z: eV) for head Default: {3: -190.7590256408, 8: -442.9888796243, 40: -1380.1817128081, 57: -958.0774205521}
2026-03-25 00:14:13.838 INFO: Processing datasets for head 'Default'
2026-03-25 00:14:14.025 INFO: Combining 1 list datasets for head 'Default'
2026-03-25 00:14:14.070 INFO: Combining 1 list datasets for head 'Default_valid'
2026-03-25 00:14:14.070 INFO: Combined validation datasets for Default
2026-03-25 00:14:14.071 INFO: Head 'Default' training dataset size: 16
2026-03-25 00:14:14.071 INFO: Computing average number of neighbors
2026-03-25 00:14:14.099 INFO: Average number of neighbors: 62.10631561279297
2026-03-25 00:14:14.099 INFO: During training the following quantities will be reported: energy, forces
2026-03-25 00:14:14.100 INFO: ===========MODEL DETAILS===========
2026-03-25 00:14:14.115 INFO: Loading FOUNDATION model
2026-03-25 00:14:14.115 INFO: Using filtered elements: [np.int64(3), np.int64(8), np.int64(40), np.int64(57)]
2026-03-25 00:14:14.116 INFO: Model configuration extracted from foundation model
2026-03-25 00:14:14.116 INFO: Using weighted loss function for fine-tuning
2026-03-25 00:14:14.116 INFO: Message passing with hidden irreps 128x0e+128x1o)
2026-03-25 00:14:14.116 INFO: 2 layers, each with correlation order: 3 (body order: 4) and spherical harmonics up to: l=3
2026-03-25 00:14:14.116 INFO: Radial cutoff: 6.0 A (total receptive field for each atom: 12.0 A)
2026-03-25 00:14:14.116 INFO: Distance transform for radial basis functions: Agnesi
2026-03-25 00:14:15.374 INFO: Injecting LoRA layers with rank=5 and alpha=1.0
2026-03-25 00:14:15.375 INFO: Original model has 848814 trainable parameters.
2026-03-25 00:14:15.883 INFO: Model with LoRA has 885694 trainable parameters.
2026-03-25 00:14:15.883 INFO: ===========OPTIMIZER INFORMATION===========
2026-03-25 00:14:15.883 INFO: Using ADAM as parameter optimizer
2026-03-25 00:14:15.883 INFO: Batch size: 4
2026-03-25 00:14:15.883 INFO: Number of gradient updates: 480
2026-03-25 00:14:15.883 INFO: Learning rate: 0.05, weight decay: 5e-07
2026-03-25 00:14:15.883 INFO: WeightedEnergyForcesLoss(energy_weight=1.000, forces_weight=10.000)
2026-03-25 00:14:15.884 INFO: === Layer's learning rates ===
2026-03-25 00:14:15.884 INFO: Param group 0: lr = 0.05
2026-03-25 00:14:15.884 INFO: Param group 1: lr = 0.05
2026-03-25 00:14:15.884 INFO: Param group 2: lr = 0.05
2026-03-25 00:14:15.884 INFO: Param group 3: lr = 0.05
2026-03-25 00:14:15.884 INFO: Param group 4: lr = 0.05
2026-03-25 00:14:15.885 WARNING: No SWA checkpoint found, while SWA is enabled. Compare the swa_start parameter and the latest checkpoint.
2026-03-25 00:14:15.885 INFO: Loading checkpoint: ./checkpoints/mace_fps_split6_run-1_epoch-1.pt
2026-03-25 00:14:15.925 INFO: Using gradient clipping with tolerance=10.000
2026-03-25 00:14:15.925 INFO: 
2026-03-25 00:14:15.925 INFO: ===========TRAINING===========
2026-03-25 00:14:15.925 INFO: Started training, reporting errors on validation set
2026-03-25 00:14:15.925 INFO: Loss metrics on validation set
2026-03-25 00:14:16.852 INFO: Initial: head: Default, loss=0.11213011, RMSE_E_per_atom=  598.74 meV, RMSE_F=   94.88 meV / A
2026-03-25 00:14:25.533 INFO: Epoch 1: head: Default, loss=0.10653932, RMSE_E_per_atom=  589.27 meV, RMSE_F=   88.83 meV / A
2026-03-25 00:14:31.754 INFO: Epoch 2: head: Default, loss=0.10373077, RMSE_E_per_atom=  578.58 meV, RMSE_F=   89.54 meV / A
2026-03-25 00:14:37.057 INFO: Epoch 3: head: Default, loss=0.10141616, RMSE_E_per_atom=  565.81 meV, RMSE_F=   92.48 meV / A
2026-03-25 00:14:42.177 INFO: Epoch 4: head: Default, loss=0.09827068, RMSE_E_per_atom=  551.33 meV, RMSE_F=   94.40 meV / A
2026-03-25 00:14:47.312 INFO: Epoch 5: head: Default, loss=0.09368661, RMSE_E_per_atom=  535.53 meV, RMSE_F=   93.78 meV / A
2026-03-25 00:14:52.467 INFO: Epoch 6: head: Default, loss=0.08825063, RMSE_E_per_atom=  517.81 meV, RMSE_F=   92.13 meV / A
2026-03-25 00:14:57.605 INFO: Epoch 7: head: Default, loss=0.08228648, RMSE_E_per_atom=  499.64 meV, RMSE_F=   89.17 meV / A
