2026-03-25 00:36:59.447 INFO: ===========VERIFYING SETTINGS===========
2026-03-25 00:36:59.447 INFO: MACE version: 0.3.15
2026-03-25 00:36:59.448 DEBUG: Configuration: Namespace(config=None, name='mace_fps_split8', seed=1, work_dir='.', log_dir='./logs', model_dir='.', checkpoints_dir='./checkpoints', results_dir='./results', downloads_dir='./downloads', device='cuda', default_dtype='float32', distributed=False, launcher='slurm', log_level='INFO', plot=True, plot_frequency=0, plot_interaction_e=False, error_table='PerAtomRMSE', model='MACE', r_max=5.0, radial_type='bessel', num_radial_basis=8, num_cutoff_basis=5, pair_repulsion=False, distance_transform='None', apply_cutoff=True, use_last_readout_only=False, use_embedding_readout=False, interaction='RealAgnosticResidualInteractionBlock', interaction_first='RealAgnosticResidualInteractionBlock', max_ell=3, correlation=3, use_reduced_cg=False, use_so3=False, use_agnostic_product=False, num_interactions=2, MLP_irreps='16x0e', radial_MLP='[64, 64, 64]', hidden_irreps='128x0e + 128x1o', edge_irreps=None, num_channels=128, max_L=1, gate='silu', kspace_cutoff_factor=1.5, atomic_multipoles_max_l=0, atomic_multipoles_smearing_width=1.0, field_feature_max_l=0, field_feature_widths='[1.0]', field_feature_norms=None, num_recursion_steps=1, field_si=False, include_electrostatic_self_interaction=False, add_local_electron_energy=False, quadrupole_feature_corrections=False, return_electrostatic_potentials=False, field_norm_factor=0.02, fixedpoint_update_config=None, field_readout_config=None, scaling='rms_forces_scaling', avg_num_neighbors=1, compute_avg_num_neighbors=True, compute_stress=False, compute_forces=True, compute_polarizability=False, compute_atomic_dipole=False, train_file='/home/mehuldarak/athena/fps_dftfe_data/split_8/fps_dftfe_split_8_train.extxyz', valid_file='/home/mehuldarak/athena/fps_dftfe_data/split_8/fps_dftfe_split_8_val.extxyz', valid_fraction=0.1, test_file=None, test_dir=None, multi_processed_test=False, num_workers=0, pin_memory=True, atomic_numbers=None, mean=None, std=None, statistics_file=None, les_arguments=None, E0s='{3:-190.7590256408,8:-442.9888796243,40:-1380.1817128081,57:-958.0774205521}', pseudolabel_replay=False, pseudolabel_replay_compute_stress=False, foundation_filter_elements=True, heads=None, multiheads_finetuning=True, foundation_head=None, weight_pt_head=1.0, real_pt_data_ratio_threshold=0.1, num_samples_pt=10000, force_mh_ft_lr=False, subselect_pt='random', filter_type_pt='none', allow_random_padding_pt=True, pt_train_file=None, pt_valid_file=None, foundation_model_elements=False, keep_isolated_atoms=False, lora=True, lora_rank=5, lora_alpha=1.0, energy_key='REF_energy', forces_key='REF_forces', virials_key='REF_virials', stress_key='REF_stress', dipole_key='dipole', polarizability_key='polarizability', head_key='head', charges_key='REF_charges', elec_temp_key='elec_temp', total_spin_key='total_spin', total_charge_key='total_charge', embedding_specs=None, skip_evaluate_heads='pt_head', loss='weighted', forces_weight=4.0, swa_forces_weight=100.0, energy_weight=1.0, swa_energy_weight=1000.0, virials_weight=1.0, swa_virials_weight=10.0, stress_weight=0.0, swa_stress_weight=10.0, dipole_weight=1.0, swa_dipole_weight=1.0, swa_polarizability_weight=1.0, polarizability_weight=1.0, config_type_weights='{"Default":1.0}', huber_delta=0.01, optimizer='adam', beta=0.9, beta1_schedulefree=0.9, beta2_schedulefree=0.98, batch_size=4, valid_batch_size=10, lr=0.0005, swa_lr=0.001, weight_decay=5e-07, lr_params_factors='{"embedding_lr_factor": 1.0, "interactions_lr_factor": 1.0, "products_lr_factor": 1.0, "readouts_lr_factor": 1.0}', freeze=None, amsgrad=True, scheduler='ReduceLROnPlateau', lr_factor=0.8, scheduler_patience=50, lr_scheduler_gamma=0.9993, swa=False, start_swa=None, lbfgs=False, ema=False, ema_decay=0.99, max_num_epochs=120, patience=2048, foundation_model='/home/mehuldarak/MACE_models/universal_09072025/mace-omat-0-medium.model', foundation_model_kwargs='{}', foundation_model_readout=True, eval_interval=1, keep_checkpoints=False, save_all_checkpoints=False, restart_latest=True, save_cpu=False, clip_grad=10.0, dry_run=False, enable_cueq=False, only_cueq=False, enable_oeq=False, wandb=False, wandb_dir=None, wandb_project='', wandb_entity='', wandb_name='', wandb_log_hypers=['num_channels', 'max_L', 'correlation', 'lr', 'swa_lr', 'weight_decay', 'batch_size', 'max_num_epochs', 'start_swa', 'energy_weight', 'forces_weight'], key_specification=KeySpecification(info_keys={'energy': 'REF_energy', 'stress': 'REF_stress', 'virials': 'REF_virials', 'dipole': 'dipole', 'head': 'head', 'elec_temp': 'elec_temp', 'total_charge': 'total_charge', 'polarizability': 'polarizability', 'total_spin': 'total_spin'}, arrays_keys={'forces': 'REF_forces', 'charges': 'REF_charges'}))
2026-03-25 00:36:59.466 INFO: CUDA version: 12.8, CUDA device: 0
2026-03-25 00:36:59.488 DEBUG: Popen(['git', 'version'], cwd=/home/mehuldarak/athena/mace_fps_training, stdin=None, shell=False, universal_newlines=False)
2026-03-25 00:36:59.491 DEBUG: Popen(['git', 'version'], cwd=/home/mehuldarak/athena/mace_fps_training, stdin=None, shell=False, universal_newlines=False)
2026-03-25 00:36:59.493 DEBUG: sys.platform='linux', git_executable='git'
2026-03-25 00:36:59.495 DEBUG: Popen(['git', 'cat-file', '--batch-check'], cwd=/home/mehuldarak/athena, stdin=<valid stream>, shell=False, universal_newlines=False)
2026-03-25 00:36:59.497 DEBUG: Current Git commit: a6b661176b6b9feb0567915cba9df62cd0dab5ce
2026-03-25 00:36:59.710 INFO: Using foundation model /home/mehuldarak/MACE_models/universal_09072025/mace-omat-0-medium.model as initial checkpoint.
2026-03-25 00:36:59.711 WARNING: Using multiheads finetuning with a foundation model that is not a Materials Project model, need to provied a path to a pretraining file with --pt_train_file.
2026-03-25 00:36:59.711 INFO: ===========LOADING INPUT DATA===========
2026-03-25 00:36:59.711 INFO: Using heads: ['Default']
2026-03-25 00:36:59.711 INFO: Using the key specifications to parse data:
2026-03-25 00:36:59.711 INFO: Default: KeySpecification(info_keys={'energy': 'REF_energy', 'stress': 'REF_stress', 'virials': 'REF_virials', 'dipole': 'dipole', 'head': 'head', 'elec_temp': 'elec_temp', 'total_charge': 'total_charge', 'polarizability': 'polarizability', 'total_spin': 'total_spin'}, arrays_keys={'forces': 'REF_forces', 'charges': 'REF_charges'})
2026-03-25 00:36:59.711 INFO: =============    Processing head Default     ===========
2026-03-25 00:36:59.712 DEBUG: Loading training file: /home/mehuldarak/athena/fps_dftfe_data/split_8/fps_dftfe_split_8_train.extxyz
2026-03-25 00:36:59.765 INFO: Training set 1/1 [energy: 16, stress: 0, virials: 0, dipole components: 0, head: 16, elec_temp: 0, total_charge: 0, polarizability: 0, total_spin: 0, forces: 16, charges: 0]
2026-03-25 00:36:59.766 INFO: Total Training set [energy: 16, stress: 0, virials: 0, dipole components: 0, head: 16, elec_temp: 0, total_charge: 0, polarizability: 0, total_spin: 0, forces: 16, charges: 0]
2026-03-25 00:36:59.785 INFO: Validation set 1/1 [energy: 4, stress: 0, virials: 0, dipole components: 0, head: 4, elec_temp: 0, total_charge: 0, polarizability: 0, total_spin: 0, forces: 4, charges: 0]
2026-03-25 00:36:59.785 INFO: Total Validation set [energy: 4, stress: 0, virials: 0, dipole components: 0, head: 4, elec_temp: 0, total_charge: 0, polarizability: 0, total_spin: 0, forces: 4, charges: 0]
2026-03-25 00:36:59.785 INFO: Total number of configurations: train=16, valid=4, tests=[],
2026-03-25 00:36:59.785 WARNING: Validation batch size (10) is larger than the number of validation data (4)
2026-03-25 00:36:59.787 INFO: Atomic Numbers used: [np.int64(3), np.int64(8), np.int64(40), np.int64(57)]
2026-03-25 00:36:59.787 INFO: Isolated Atomic Energies (E0s) not in training file, using command line argument
2026-03-25 00:36:59.787 INFO: Atomic Energies used (z: eV) for head Default: {3: -190.7590256408, 8: -442.9888796243, 40: -1380.1817128081, 57: -958.0774205521}
2026-03-25 00:36:59.787 INFO: Processing datasets for head 'Default'
2026-03-25 00:36:59.974 DEBUG: Successfully loaded dataset from ASE files: ['/home/mehuldarak/athena/fps_dftfe_data/split_8/fps_dftfe_split_8_train.extxyz']
2026-03-25 00:36:59.975 INFO: Combining 1 list datasets for head 'Default'
2026-03-25 00:37:00.025 DEBUG: Successfully loaded validation dataset from ASE files: ['/home/mehuldarak/athena/fps_dftfe_data/split_8/fps_dftfe_split_8_val.extxyz']
2026-03-25 00:37:00.025 INFO: Combining 1 list datasets for head 'Default_valid'
2026-03-25 00:37:00.025 INFO: Combined validation datasets for Default
2026-03-25 00:37:00.025 INFO: Head 'Default' training dataset size: 16
2026-03-25 00:37:00.025 INFO: Computing average number of neighbors
2026-03-25 00:37:00.053 INFO: Average number of neighbors: 61.658992767333984
2026-03-25 00:37:00.054 INFO: During training the following quantities will be reported: energy, forces
2026-03-25 00:37:00.054 INFO: ===========MODEL DETAILS===========
2026-03-25 00:37:00.071 INFO: Loading FOUNDATION model
2026-03-25 00:37:00.071 INFO: Using filtered elements: [np.int64(3), np.int64(8), np.int64(40), np.int64(57)]
2026-03-25 00:37:00.071 INFO: Model configuration extracted from foundation model
2026-03-25 00:37:00.071 INFO: Using weighted loss function for fine-tuning
2026-03-25 00:37:00.071 INFO: Message passing with hidden irreps 128x0e+128x1o)
2026-03-25 00:37:00.071 INFO: 2 layers, each with correlation order: 3 (body order: 4) and spherical harmonics up to: l=3
2026-03-25 00:37:00.071 INFO: Radial cutoff: 6.0 A (total receptive field for each atom: 12.0 A)
2026-03-25 00:37:00.071 INFO: Distance transform for radial basis functions: Agnesi
2026-03-25 00:37:01.319 INFO: Injecting LoRA layers with rank=5 and alpha=1.0
2026-03-25 00:37:01.320 INFO: Original model has 848814 trainable parameters.
2026-03-25 00:37:01.832 INFO: Model with LoRA has 885694 trainable parameters.
2026-03-25 00:37:01.832 INFO: ===========OPTIMIZER INFORMATION===========
2026-03-25 00:37:01.832 INFO: Using ADAM as parameter optimizer
2026-03-25 00:37:01.832 INFO: Batch size: 4
2026-03-25 00:37:01.832 INFO: Number of gradient updates: 480
2026-03-25 00:37:01.832 INFO: Learning rate: 0.0005, weight decay: 5e-07
2026-03-25 00:37:01.832 INFO: WeightedEnergyForcesLoss(energy_weight=1.000, forces_weight=4.000)
2026-03-25 00:37:01.833 INFO: === Layer's learning rates ===
2026-03-25 00:37:01.833 INFO: Param group 0: lr = 0.0005
2026-03-25 00:37:01.833 INFO: Param group 1: lr = 0.0005
2026-03-25 00:37:01.833 INFO: Param group 2: lr = 0.0005
2026-03-25 00:37:01.833 INFO: Param group 3: lr = 0.0005
2026-03-25 00:37:01.833 INFO: Param group 4: lr = 0.0005
2026-03-25 00:37:01.834 WARNING: Cannot find checkpoint with tag 'mace_fps_split8_run-1' in './checkpoints'
2026-03-25 00:37:01.834 INFO: Using gradient clipping with tolerance=10.000
2026-03-25 00:37:01.834 INFO: 
2026-03-25 00:37:01.834 INFO: ===========TRAINING===========
2026-03-25 00:37:01.834 INFO: Started training, reporting errors on validation set
2026-03-25 00:37:01.834 INFO: Loss metrics on validation set
2026-03-25 00:37:02.838 INFO: Initial: head: Default, loss=0.11752167, RMSE_E_per_atom=  621.37 meV, RMSE_F=  144.91 meV / A
2026-03-25 00:37:11.342 INFO: Epoch 0: head: Default, loss=0.10856448, RMSE_E_per_atom=  609.27 meV, RMSE_F=  125.54 meV / A
2026-03-25 00:37:11.344 DEBUG: Saving checkpoint: ./checkpoints/mace_fps_split8_run-1_epoch-0.pt
2026-03-25 00:37:17.474 INFO: Epoch 1: head: Default, loss=0.10100622, RMSE_E_per_atom=  595.81 meV, RMSE_F=  110.73 meV / A
2026-03-25 00:37:17.476 DEBUG: Deleting old checkpoint file: ./checkpoints/mace_fps_split8_run-1_epoch-0.pt
2026-03-25 00:37:17.477 DEBUG: Saving checkpoint: ./checkpoints/mace_fps_split8_run-1_epoch-1.pt
2026-03-25 00:37:22.407 INFO: Epoch 2: head: Default, loss=0.09476303, RMSE_E_per_atom=  581.52 meV, RMSE_F=  101.10 meV / A
2026-03-25 00:37:22.408 DEBUG: Deleting old checkpoint file: ./checkpoints/mace_fps_split8_run-1_epoch-1.pt
2026-03-25 00:37:22.410 DEBUG: Saving checkpoint: ./checkpoints/mace_fps_split8_run-1_epoch-2.pt
