2026-03-25 00:16:56.444 INFO: ===========VERIFYING SETTINGS===========
2026-03-25 00:16:56.445 INFO: MACE version: 0.3.15
2026-03-25 00:16:56.463 INFO: CUDA version: 12.8, CUDA device: 0
2026-03-25 00:16:56.699 INFO: Using foundation model /home/mehuldarak/MACE_models/universal_09072025/mace-omat-0-medium.model as initial checkpoint.
2026-03-25 00:16:56.701 WARNING: Using multiheads finetuning with a foundation model that is not a Materials Project model, need to provied a path to a pretraining file with --pt_train_file.
2026-03-25 00:16:56.701 INFO: ===========LOADING INPUT DATA===========
2026-03-25 00:16:56.701 INFO: Using heads: ['Default']
2026-03-25 00:16:56.701 INFO: Using the key specifications to parse data:
2026-03-25 00:16:56.701 INFO: Default: KeySpecification(info_keys={'energy': 'REF_energy', 'stress': 'REF_stress', 'virials': 'REF_virials', 'dipole': 'dipole', 'head': 'head', 'elec_temp': 'elec_temp', 'total_charge': 'total_charge', 'polarizability': 'polarizability', 'total_spin': 'total_spin'}, arrays_keys={'forces': 'REF_forces', 'charges': 'REF_charges'})
2026-03-25 00:16:56.701 INFO: =============    Processing head Default     ===========
2026-03-25 00:17:23.020 INFO: ===========VERIFYING SETTINGS===========
2026-03-25 00:17:23.020 INFO: MACE version: 0.3.15
2026-03-25 00:17:23.040 INFO: CUDA version: 12.8, CUDA device: 0
2026-03-25 00:17:23.285 INFO: Using foundation model /home/mehuldarak/MACE_models/universal_09072025/mace-omat-0-medium.model as initial checkpoint.
2026-03-25 00:17:23.286 WARNING: Using multiheads finetuning with a foundation model that is not a Materials Project model, need to provied a path to a pretraining file with --pt_train_file.
2026-03-25 00:17:23.286 INFO: ===========LOADING INPUT DATA===========
2026-03-25 00:17:23.286 INFO: Using heads: ['Default']
2026-03-25 00:17:23.286 INFO: Using the key specifications to parse data:
2026-03-25 00:17:23.286 INFO: Default: KeySpecification(info_keys={'energy': 'REF_energy', 'stress': 'REF_stress', 'virials': 'REF_virials', 'dipole': 'dipole', 'head': 'head', 'elec_temp': 'elec_temp', 'total_charge': 'total_charge', 'polarizability': 'polarizability', 'total_spin': 'total_spin'}, arrays_keys={'forces': 'REF_forces', 'charges': 'REF_charges'})
2026-03-25 00:17:23.287 INFO: =============    Processing head Default     ===========
2026-03-25 00:17:23.334 INFO: Training set 1/1 [energy: 16, stress: 0, virials: 0, dipole components: 0, head: 16, elec_temp: 0, total_charge: 0, polarizability: 0, total_spin: 0, forces: 16, charges: 0]
2026-03-25 00:17:23.335 INFO: Total Training set [energy: 16, stress: 0, virials: 0, dipole components: 0, head: 16, elec_temp: 0, total_charge: 0, polarizability: 0, total_spin: 0, forces: 16, charges: 0]
2026-03-25 00:17:23.352 INFO: Validation set 1/1 [energy: 4, stress: 0, virials: 0, dipole components: 0, head: 4, elec_temp: 0, total_charge: 0, polarizability: 0, total_spin: 0, forces: 4, charges: 0]
2026-03-25 00:17:23.352 INFO: Total Validation set [energy: 4, stress: 0, virials: 0, dipole components: 0, head: 4, elec_temp: 0, total_charge: 0, polarizability: 0, total_spin: 0, forces: 4, charges: 0]
2026-03-25 00:17:23.352 INFO: Total number of configurations: train=16, valid=4, tests=[],
2026-03-25 00:17:23.352 WARNING: Validation batch size (10) is larger than the number of validation data (4)
2026-03-25 00:17:23.354 INFO: Atomic Numbers used: [np.int64(3), np.int64(8), np.int64(40), np.int64(57)]
2026-03-25 00:17:23.354 INFO: Isolated Atomic Energies (E0s) not in training file, using command line argument
2026-03-25 00:17:23.354 INFO: Atomic Energies used (z: eV) for head Default: {3: -190.7590256408, 8: -442.9888796243, 40: -1380.1817128081, 57: -958.0774205521}
2026-03-25 00:17:23.354 INFO: Processing datasets for head 'Default'
2026-03-25 00:17:23.551 INFO: Combining 1 list datasets for head 'Default'
2026-03-25 00:17:23.605 INFO: Combining 1 list datasets for head 'Default_valid'
2026-03-25 00:17:23.605 INFO: Combined validation datasets for Default
2026-03-25 00:17:23.605 INFO: Head 'Default' training dataset size: 16
2026-03-25 00:17:23.606 INFO: Computing average number of neighbors
2026-03-25 00:17:23.637 INFO: Average number of neighbors: 61.65446853637695
2026-03-25 00:17:23.637 INFO: During training the following quantities will be reported: energy, forces
2026-03-25 00:17:23.637 INFO: ===========MODEL DETAILS===========
2026-03-25 00:17:23.654 INFO: Loading FOUNDATION model
2026-03-25 00:17:23.655 INFO: Using filtered elements: [np.int64(3), np.int64(8), np.int64(40), np.int64(57)]
2026-03-25 00:17:23.655 INFO: Model configuration extracted from foundation model
2026-03-25 00:17:23.655 INFO: Using weighted loss function for fine-tuning
2026-03-25 00:17:23.655 INFO: Message passing with hidden irreps 128x0e+128x1o)
2026-03-25 00:17:23.655 INFO: 2 layers, each with correlation order: 3 (body order: 4) and spherical harmonics up to: l=3
2026-03-25 00:17:23.655 INFO: Radial cutoff: 6.0 A (total receptive field for each atom: 12.0 A)
2026-03-25 00:17:23.655 INFO: Distance transform for radial basis functions: Agnesi
2026-03-25 00:17:24.937 INFO: Injecting LoRA layers with rank=5 and alpha=1.0
2026-03-25 00:17:24.937 INFO: Original model has 848814 trainable parameters.
2026-03-25 00:17:25.450 INFO: Model with LoRA has 885694 trainable parameters.
2026-03-25 00:17:25.450 INFO: ===========OPTIMIZER INFORMATION===========
2026-03-25 00:17:25.450 INFO: Using ADAM as parameter optimizer
2026-03-25 00:17:25.450 INFO: Batch size: 4
2026-03-25 00:17:25.450 INFO: Number of gradient updates: 480
2026-03-25 00:17:25.450 INFO: Learning rate: 0.05, weight decay: 5e-07
2026-03-25 00:17:25.450 INFO: WeightedEnergyForcesLoss(energy_weight=1.000, forces_weight=10.000)
2026-03-25 00:17:25.451 INFO: === Layer's learning rates ===
2026-03-25 00:17:25.451 INFO: Param group 0: lr = 0.05
2026-03-25 00:17:25.451 INFO: Param group 1: lr = 0.05
2026-03-25 00:17:25.451 INFO: Param group 2: lr = 0.05
2026-03-25 00:17:25.451 INFO: Param group 3: lr = 0.05
2026-03-25 00:17:25.451 INFO: Param group 4: lr = 0.05
2026-03-25 00:17:25.452 WARNING: Cannot find checkpoint with tag 'mace_fps_split7_run-1' in './checkpoints'
2026-03-25 00:17:25.452 INFO: Using gradient clipping with tolerance=10.000
2026-03-25 00:17:25.452 INFO: 
2026-03-25 00:17:25.452 INFO: ===========TRAINING===========
2026-03-25 00:17:25.452 INFO: Started training, reporting errors on validation set
2026-03-25 00:17:25.452 INFO: Loss metrics on validation set
2026-03-25 00:17:26.360 INFO: Initial: head: Default, loss=0.15088858, RMSE_E_per_atom=  600.64 meV, RMSE_F=  155.82 meV / A
2026-03-25 00:17:35.131 INFO: Epoch 0: head: Default, loss=0.09260174, RMSE_E_per_atom=   45.77 meV, RMSE_F=  191.91 meV / A
2026-03-25 00:17:41.403 INFO: Epoch 1: head: Default, loss=0.05973228, RMSE_E_per_atom=  160.08 meV, RMSE_F=  146.05 meV / A
2026-03-25 00:17:46.560 INFO: Epoch 2: head: Default, loss=0.03255688, RMSE_E_per_atom=  109.65 meV, RMSE_F=  108.72 meV / A
2026-03-25 00:17:55.079 INFO: ===========VERIFYING SETTINGS===========
2026-03-25 00:17:55.079 INFO: MACE version: 0.3.15
2026-03-25 00:17:55.097 INFO: CUDA version: 12.8, CUDA device: 0
2026-03-25 00:17:55.360 INFO: Using foundation model /home/mehuldarak/MACE_models/universal_09072025/mace-omat-0-medium.model as initial checkpoint.
2026-03-25 00:17:55.361 WARNING: Using multiheads finetuning with a foundation model that is not a Materials Project model, need to provied a path to a pretraining file with --pt_train_file.
2026-03-25 00:17:55.361 INFO: ===========LOADING INPUT DATA===========
2026-03-25 00:17:55.361 INFO: Using heads: ['Default']
2026-03-25 00:17:55.361 INFO: Using the key specifications to parse data:
2026-03-25 00:17:55.361 INFO: Default: KeySpecification(info_keys={'energy': 'REF_energy', 'stress': 'REF_stress', 'virials': 'REF_virials', 'dipole': 'dipole', 'head': 'head', 'elec_temp': 'elec_temp', 'total_charge': 'total_charge', 'polarizability': 'polarizability', 'total_spin': 'total_spin'}, arrays_keys={'forces': 'REF_forces', 'charges': 'REF_charges'})
2026-03-25 00:17:55.362 INFO: =============    Processing head Default     ===========
2026-03-25 00:17:55.408 INFO: Training set 1/1 [energy: 16, stress: 0, virials: 0, dipole components: 0, head: 16, elec_temp: 0, total_charge: 0, polarizability: 0, total_spin: 0, forces: 16, charges: 0]
2026-03-25 00:17:55.408 INFO: Total Training set [energy: 16, stress: 0, virials: 0, dipole components: 0, head: 16, elec_temp: 0, total_charge: 0, polarizability: 0, total_spin: 0, forces: 16, charges: 0]
2026-03-25 00:17:55.425 INFO: Validation set 1/1 [energy: 4, stress: 0, virials: 0, dipole components: 0, head: 4, elec_temp: 0, total_charge: 0, polarizability: 0, total_spin: 0, forces: 4, charges: 0]
2026-03-25 00:17:55.425 INFO: Total Validation set [energy: 4, stress: 0, virials: 0, dipole components: 0, head: 4, elec_temp: 0, total_charge: 0, polarizability: 0, total_spin: 0, forces: 4, charges: 0]
2026-03-25 00:17:55.425 INFO: Total number of configurations: train=16, valid=4, tests=[],
2026-03-25 00:17:55.425 WARNING: Validation batch size (10) is larger than the number of validation data (4)
2026-03-25 00:17:55.427 INFO: Atomic Numbers used: [np.int64(3), np.int64(8), np.int64(40), np.int64(57)]
2026-03-25 00:17:55.427 INFO: Isolated Atomic Energies (E0s) not in training file, using command line argument
2026-03-25 00:17:55.427 INFO: Atomic Energies used (z: eV) for head Default: {3: -190.7590256408, 8: -442.9888796243, 40: -1380.1817128081, 57: -958.0774205521}
2026-03-25 00:17:55.427 INFO: Processing datasets for head 'Default'
2026-03-25 00:17:55.610 INFO: Combining 1 list datasets for head 'Default'
2026-03-25 00:17:55.660 INFO: Combining 1 list datasets for head 'Default_valid'
2026-03-25 00:17:55.660 INFO: Combined validation datasets for Default
2026-03-25 00:17:55.660 INFO: Head 'Default' training dataset size: 16
2026-03-25 00:17:55.660 INFO: Computing average number of neighbors
2026-03-25 00:17:55.689 INFO: Average number of neighbors: 61.65446853637695
2026-03-25 00:17:55.690 INFO: During training the following quantities will be reported: energy, forces
2026-03-25 00:17:55.690 INFO: ===========MODEL DETAILS===========
2026-03-25 00:17:55.706 INFO: Loading FOUNDATION model
2026-03-25 00:17:55.706 INFO: Using filtered elements: [np.int64(3), np.int64(8), np.int64(40), np.int64(57)]
2026-03-25 00:17:55.706 INFO: Model configuration extracted from foundation model
2026-03-25 00:17:55.706 INFO: Using weighted loss function for fine-tuning
2026-03-25 00:17:55.706 INFO: Message passing with hidden irreps 128x0e+128x1o)
2026-03-25 00:17:55.706 INFO: 2 layers, each with correlation order: 3 (body order: 4) and spherical harmonics up to: l=3
2026-03-25 00:17:55.706 INFO: Radial cutoff: 6.0 A (total receptive field for each atom: 12.0 A)
2026-03-25 00:17:55.706 INFO: Distance transform for radial basis functions: Agnesi
2026-03-25 00:17:56.954 INFO: Injecting LoRA layers with rank=5 and alpha=1.0
2026-03-25 00:17:56.955 INFO: Original model has 848814 trainable parameters.
2026-03-25 00:17:57.459 INFO: Model with LoRA has 885694 trainable parameters.
2026-03-25 00:17:57.459 INFO: ===========OPTIMIZER INFORMATION===========
2026-03-25 00:17:57.459 INFO: Using ADAM as parameter optimizer
2026-03-25 00:17:57.459 INFO: Batch size: 4
2026-03-25 00:17:57.459 INFO: Number of gradient updates: 480
2026-03-25 00:17:57.459 INFO: Learning rate: 0.0005, weight decay: 5e-07
2026-03-25 00:17:57.459 INFO: WeightedEnergyForcesLoss(energy_weight=1.000, forces_weight=10.000)
2026-03-25 00:17:57.460 INFO: === Layer's learning rates ===
2026-03-25 00:17:57.460 INFO: Param group 0: lr = 0.0005
2026-03-25 00:17:57.460 INFO: Param group 1: lr = 0.0005
2026-03-25 00:17:57.460 INFO: Param group 2: lr = 0.0005
2026-03-25 00:17:57.460 INFO: Param group 3: lr = 0.0005
2026-03-25 00:17:57.461 INFO: Param group 4: lr = 0.0005
2026-03-25 00:17:57.461 WARNING: No SWA checkpoint found, while SWA is enabled. Compare the swa_start parameter and the latest checkpoint.
2026-03-25 00:17:57.461 INFO: Loading checkpoint: ./checkpoints/mace_fps_split7_run-1_epoch-2.pt
2026-03-25 00:17:57.501 INFO: Using gradient clipping with tolerance=10.000
2026-03-25 00:17:57.502 INFO: 
2026-03-25 00:17:57.502 INFO: ===========TRAINING===========
2026-03-25 00:17:57.502 INFO: Started training, reporting errors on validation set
2026-03-25 00:17:57.502 INFO: Loss metrics on validation set
2026-03-25 00:17:58.409 INFO: Initial: head: Default, loss=0.03255541, RMSE_E_per_atom=  109.63 meV, RMSE_F=  108.72 meV / A
2026-03-25 00:18:07.248 INFO: Epoch 2: head: Default, loss=0.03068178, RMSE_E_per_atom=   64.04 meV, RMSE_F=  108.92 meV / A
2026-03-25 00:18:13.536 INFO: Epoch 3: head: Default, loss=0.03696429, RMSE_E_per_atom=  126.91 meV, RMSE_F=  114.78 meV / A
2026-03-25 00:18:18.710 INFO: Epoch 4: head: Default, loss=0.02376885, RMSE_E_per_atom=   95.94 meV, RMSE_F=   92.67 meV / A
2026-03-25 00:18:23.918 INFO: Epoch 5: head: Default, loss=0.04054257, RMSE_E_per_atom=   19.76 meV, RMSE_F=  127.19 meV / A
2026-03-25 00:18:29.090 INFO: Epoch 6: head: Default, loss=0.02478613, RMSE_E_per_atom=   89.90 meV, RMSE_F=   95.43 meV / A
2026-03-25 00:18:34.278 INFO: Epoch 7: head: Default, loss=0.01681135, RMSE_E_per_atom=   76.79 meV, RMSE_F=   78.33 meV / A
2026-03-25 00:18:39.482 INFO: Epoch 8: head: Default, loss=0.01360111, RMSE_E_per_atom=   17.14 meV, RMSE_F=   73.56 meV / A
2026-03-25 00:18:44.689 INFO: Epoch 9: head: Default, loss=0.02711085, RMSE_E_per_atom=   53.47 meV, RMSE_F=  102.75 meV / A
2026-03-25 00:18:49.881 INFO: Epoch 10: head: Default, loss=0.01366675, RMSE_E_per_atom=   63.50 meV, RMSE_F=   71.16 meV / A
2026-03-25 00:18:55.093 INFO: Epoch 11: head: Default, loss=0.01284247, RMSE_E_per_atom=   26.28 meV, RMSE_F=   71.19 meV / A
2026-03-25 00:19:00.329 INFO: Epoch 12: head: Default, loss=0.01399259, RMSE_E_per_atom=   23.59 meV, RMSE_F=   74.44 meV / A
2026-03-25 00:19:05.552 INFO: Epoch 13: head: Default, loss=0.01163404, RMSE_E_per_atom=   27.40 meV, RMSE_F=   67.66 meV / A
2026-03-25 00:19:10.809 INFO: Epoch 14: head: Default, loss=0.01010898, RMSE_E_per_atom=   22.15 meV, RMSE_F=   63.20 meV / A
2026-03-25 00:19:16.065 INFO: Epoch 15: head: Default, loss=0.00998778, RMSE_E_per_atom=   16.60 meV, RMSE_F=   62.99 meV / A
2026-03-25 00:19:21.328 INFO: Epoch 16: head: Default, loss=0.00996714, RMSE_E_per_atom=   26.67 meV, RMSE_F=   62.58 meV / A
2026-03-25 00:19:26.578 INFO: Epoch 17: head: Default, loss=0.01023235, RMSE_E_per_atom=   15.95 meV, RMSE_F=   63.78 meV / A
2026-03-25 00:19:31.812 INFO: Epoch 18: head: Default, loss=0.01395069, RMSE_E_per_atom=   17.13 meV, RMSE_F=   74.50 meV / A
2026-03-25 00:19:37.034 INFO: Epoch 19: head: Default, loss=0.00989063, RMSE_E_per_atom=   22.56 meV, RMSE_F=   62.49 meV / A
2026-03-25 00:19:42.291 INFO: Epoch 20: head: Default, loss=0.01308299, RMSE_E_per_atom=   15.87 meV, RMSE_F=   72.17 meV / A
2026-03-25 00:19:47.521 INFO: Epoch 21: head: Default, loss=0.01658048, RMSE_E_per_atom=   21.78 meV, RMSE_F=   81.15 meV / A
2026-03-25 00:19:52.756 INFO: Epoch 22: head: Default, loss=0.01210081, RMSE_E_per_atom=   16.15 meV, RMSE_F=   69.38 meV / A
2026-03-25 00:19:57.973 INFO: Epoch 23: head: Default, loss=0.01278595, RMSE_E_per_atom=   18.37 meV, RMSE_F=   71.28 meV / A
2026-03-25 00:20:03.207 INFO: Epoch 24: head: Default, loss=0.00898650, RMSE_E_per_atom=   16.99 meV, RMSE_F=   59.71 meV / A
2026-03-25 00:20:08.452 INFO: Epoch 25: head: Default, loss=0.00850423, RMSE_E_per_atom=   13.16 meV, RMSE_F=   58.18 meV / A
2026-03-25 00:20:13.703 INFO: Epoch 26: head: Default, loss=0.00922879, RMSE_E_per_atom=   17.92 meV, RMSE_F=   60.49 meV / A
2026-03-25 00:20:18.934 INFO: Epoch 27: head: Default, loss=0.00834756, RMSE_E_per_atom=   13.65 meV, RMSE_F=   57.62 meV / A
2026-03-25 00:20:24.188 INFO: Epoch 28: head: Default, loss=0.00772284, RMSE_E_per_atom=   13.64 meV, RMSE_F=   55.41 meV / A
2026-03-25 00:20:29.428 INFO: Epoch 29: head: Default, loss=0.01184110, RMSE_E_per_atom=   23.08 meV, RMSE_F=   68.43 meV / A
2026-03-25 00:20:34.643 INFO: Epoch 30: head: Default, loss=0.01566001, RMSE_E_per_atom=   12.68 meV, RMSE_F=   79.04 meV / A
2026-03-25 00:20:39.861 INFO: Epoch 31: head: Default, loss=0.00841707, RMSE_E_per_atom=   18.93 meV, RMSE_F=   57.71 meV / A
2026-03-25 00:20:45.091 INFO: Epoch 32: head: Default, loss=0.00928899, RMSE_E_per_atom=   29.33 meV, RMSE_F=   60.25 meV / A
2026-03-25 00:20:50.322 INFO: Epoch 33: head: Default, loss=0.00836805, RMSE_E_per_atom=   18.38 meV, RMSE_F=   57.56 meV / A
2026-03-25 00:20:55.528 INFO: Epoch 34: head: Default, loss=0.00704317, RMSE_E_per_atom=   13.27 meV, RMSE_F=   52.91 meV / A
2026-03-25 00:21:00.761 INFO: Epoch 35: head: Default, loss=0.01042653, RMSE_E_per_atom=   14.51 meV, RMSE_F=   64.42 meV / A
2026-03-25 00:21:05.980 INFO: Epoch 36: head: Default, loss=0.01097951, RMSE_E_per_atom=   15.77 meV, RMSE_F=   66.08 meV / A
2026-03-25 00:21:11.200 INFO: Epoch 37: head: Default, loss=0.01260122, RMSE_E_per_atom=   12.54 meV, RMSE_F=   70.89 meV / A
2026-03-25 00:21:16.407 INFO: Epoch 38: head: Default, loss=0.00704921, RMSE_E_per_atom=   12.79 meV, RMSE_F=   52.95 meV / A
2026-03-25 00:21:21.625 INFO: Epoch 39: head: Default, loss=0.01020517, RMSE_E_per_atom=   15.11 meV, RMSE_F=   63.71 meV / A
2026-03-25 00:21:26.843 INFO: Epoch 40: head: Default, loss=0.00786776, RMSE_E_per_atom=   15.52 meV, RMSE_F=   55.88 meV / A
2026-03-25 00:21:32.073 INFO: Epoch 41: head: Default, loss=0.00971238, RMSE_E_per_atom=   17.29 meV, RMSE_F=   62.09 meV / A
2026-03-25 00:21:37.294 INFO: Epoch 42: head: Default, loss=0.00699813, RMSE_E_per_atom=   16.46 meV, RMSE_F=   52.65 meV / A
2026-03-25 00:21:42.535 INFO: Epoch 43: head: Default, loss=0.01039170, RMSE_E_per_atom=   16.57 meV, RMSE_F=   64.26 meV / A
2026-03-25 00:21:47.747 INFO: Epoch 44: head: Default, loss=0.00735525, RMSE_E_per_atom=   20.06 meV, RMSE_F=   53.87 meV / A
2026-03-25 00:21:52.948 INFO: Epoch 45: head: Default, loss=0.00877484, RMSE_E_per_atom=   18.01 meV, RMSE_F=   58.97 meV / A
2026-03-25 00:21:58.168 INFO: Epoch 46: head: Default, loss=0.00712498, RMSE_E_per_atom=   15.01 meV, RMSE_F=   53.17 meV / A
2026-03-25 00:22:03.387 INFO: Epoch 47: head: Default, loss=0.00946892, RMSE_E_per_atom=   18.40 meV, RMSE_F=   61.27 meV / A
2026-03-25 00:22:08.596 INFO: Epoch 48: head: Default, loss=0.00718531, RMSE_E_per_atom=   11.95 meV, RMSE_F=   53.48 meV / A
2026-03-25 00:22:13.803 INFO: Epoch 49: head: Default, loss=0.00719257, RMSE_E_per_atom=   13.07 meV, RMSE_F=   53.48 meV / A
2026-03-25 00:22:19.005 INFO: Epoch 50: head: Default, loss=0.00653932, RMSE_E_per_atom=   14.72 meV, RMSE_F=   50.93 meV / A
2026-03-25 00:22:24.255 INFO: Epoch 51: head: Default, loss=0.00662114, RMSE_E_per_atom=   12.10 meV, RMSE_F=   51.32 meV / A
2026-03-25 00:22:29.473 INFO: Epoch 52: head: Default, loss=0.00683997, RMSE_E_per_atom=   10.94 meV, RMSE_F=   52.19 meV / A
2026-03-25 00:22:34.678 INFO: Epoch 53: head: Default, loss=0.01020176, RMSE_E_per_atom=   13.02 meV, RMSE_F=   63.75 meV / A
2026-03-25 00:22:39.888 INFO: Epoch 54: head: Default, loss=0.00660125, RMSE_E_per_atom=   12.67 meV, RMSE_F=   51.23 meV / A
2026-03-25 00:22:45.091 INFO: Epoch 55: head: Default, loss=0.00751993, RMSE_E_per_atom=   10.80 meV, RMSE_F=   54.74 meV / A
2026-03-25 00:22:50.294 INFO: Epoch 56: head: Default, loss=0.00630171, RMSE_E_per_atom=   10.39 meV, RMSE_F=   50.10 meV / A
2026-03-25 00:22:55.522 INFO: Epoch 57: head: Default, loss=0.00650356, RMSE_E_per_atom=   13.32 meV, RMSE_F=   50.83 meV / A
2026-03-25 00:23:00.722 INFO: Epoch 58: head: Default, loss=0.00688422, RMSE_E_per_atom=   12.20 meV, RMSE_F=   52.33 meV / A
2026-03-25 00:23:05.922 INFO: Epoch 59: head: Default, loss=0.00624882, RMSE_E_per_atom=   10.55 meV, RMSE_F=   49.88 meV / A
2026-03-25 00:23:11.142 INFO: Epoch 60: head: Default, loss=0.00655034, RMSE_E_per_atom=   12.56 meV, RMSE_F=   51.03 meV / A
2026-03-25 00:23:16.349 INFO: Epoch 61: head: Default, loss=0.00827855, RMSE_E_per_atom=   12.55 meV, RMSE_F=   57.41 meV / A
2026-03-25 00:23:21.556 INFO: Epoch 62: head: Default, loss=0.01097244, RMSE_E_per_atom=    9.90 meV, RMSE_F=   66.18 meV / A
2026-03-25 00:23:26.757 INFO: Epoch 63: head: Default, loss=0.00868759, RMSE_E_per_atom=    9.34 meV, RMSE_F=   58.88 meV / A
2026-03-25 00:23:31.959 INFO: Epoch 64: head: Default, loss=0.01005704, RMSE_E_per_atom=   12.04 meV, RMSE_F=   63.31 meV / A
2026-03-25 00:23:37.158 INFO: Epoch 65: head: Default, loss=0.00683853, RMSE_E_per_atom=   13.70 meV, RMSE_F=   52.12 meV / A
2026-03-25 00:23:42.359 INFO: Epoch 66: head: Default, loss=0.00770818, RMSE_E_per_atom=   20.07 meV, RMSE_F=   55.16 meV / A
2026-03-25 00:23:47.562 INFO: Epoch 67: head: Default, loss=0.00636160, RMSE_E_per_atom=   14.30 meV, RMSE_F=   50.24 meV / A
2026-03-25 00:23:52.762 INFO: Epoch 68: head: Default, loss=0.00734683, RMSE_E_per_atom=   26.63 meV, RMSE_F=   53.55 meV / A
2026-03-25 00:23:57.958 INFO: Epoch 69: head: Default, loss=0.00676311, RMSE_E_per_atom=   11.18 meV, RMSE_F=   51.89 meV / A
2026-03-25 00:24:03.175 INFO: Epoch 70: head: Default, loss=0.00660662, RMSE_E_per_atom=   13.53 meV, RMSE_F=   51.23 meV / A
2026-03-25 00:24:08.370 INFO: Epoch 71: head: Default, loss=0.00701625, RMSE_E_per_atom=   11.97 meV, RMSE_F=   52.84 meV / A
2026-03-25 00:24:13.570 INFO: Epoch 72: head: Default, loss=0.00613440, RMSE_E_per_atom=   10.92 meV, RMSE_F=   49.41 meV / A
2026-03-25 00:24:18.799 INFO: Epoch 73: head: Default, loss=0.00748255, RMSE_E_per_atom=   18.89 meV, RMSE_F=   54.38 meV / A
2026-03-25 00:24:24.013 INFO: Epoch 74: head: Default, loss=0.00643840, RMSE_E_per_atom=    9.89 meV, RMSE_F=   50.65 meV / A
2026-03-25 00:24:29.220 INFO: Epoch 75: head: Default, loss=0.00583210, RMSE_E_per_atom=   14.05 meV, RMSE_F=   48.09 meV / A
2026-03-25 00:24:34.468 INFO: Epoch 76: head: Default, loss=0.00662868, RMSE_E_per_atom=    9.16 meV, RMSE_F=   51.41 meV / A
2026-03-25 00:24:39.683 INFO: Epoch 77: head: Default, loss=0.00745184, RMSE_E_per_atom=    8.72 meV, RMSE_F=   54.53 meV / A
2026-03-25 00:24:44.904 INFO: Epoch 78: head: Default, loss=0.00742269, RMSE_E_per_atom=    8.45 meV, RMSE_F=   54.42 meV / A
2026-03-25 00:24:50.108 INFO: Epoch 79: head: Default, loss=0.00683144, RMSE_E_per_atom=   12.98 meV, RMSE_F=   52.11 meV / A
2026-03-25 00:24:55.306 INFO: Epoch 80: head: Default, loss=0.00805635, RMSE_E_per_atom=    9.02 meV, RMSE_F=   56.70 meV / A
2026-03-25 00:25:00.507 INFO: Epoch 81: head: Default, loss=0.00685159, RMSE_E_per_atom=    8.65 meV, RMSE_F=   52.28 meV / A
2026-03-25 00:25:05.719 INFO: Epoch 82: head: Default, loss=0.00641482, RMSE_E_per_atom=   13.01 meV, RMSE_F=   50.49 meV / A
2026-03-25 00:25:10.923 INFO: Epoch 83: head: Default, loss=0.00814016, RMSE_E_per_atom=    9.15 meV, RMSE_F=   56.99 meV / A
2026-03-25 00:25:16.139 INFO: Epoch 84: head: Default, loss=0.00651793, RMSE_E_per_atom=   11.42 meV, RMSE_F=   50.93 meV / A
2026-03-25 00:25:21.339 INFO: Epoch 85: head: Default, loss=0.00852813, RMSE_E_per_atom=    8.04 meV, RMSE_F=   58.35 meV / A
2026-03-25 00:25:26.541 INFO: Epoch 86: head: Default, loss=0.00673462, RMSE_E_per_atom=    9.24 meV, RMSE_F=   51.82 meV / A
2026-03-25 00:25:31.749 INFO: Epoch 87: head: Default, loss=0.00604690, RMSE_E_per_atom=   11.26 meV, RMSE_F=   49.05 meV / A
2026-03-25 00:25:36.972 INFO: Epoch 88: head: Default, loss=0.00869074, RMSE_E_per_atom=    9.43 meV, RMSE_F=   58.88 meV / A
2026-03-25 00:25:42.168 INFO: Epoch 89: head: Default, loss=0.00645164, RMSE_E_per_atom=   11.29 meV, RMSE_F=   50.67 meV / A
2026-03-25 00:25:47.377 INFO: Epoch 90: head: Default, loss=0.00954545, RMSE_E_per_atom=    8.75 meV, RMSE_F=   61.73 meV / A
2026-03-25 00:25:52.583 INFO: Epoch 91: head: Default, loss=0.00626929, RMSE_E_per_atom=   13.41 meV, RMSE_F=   49.90 meV / A
2026-03-25 00:25:57.813 INFO: Epoch 92: head: Default, loss=0.00767686, RMSE_E_per_atom=   25.26 meV, RMSE_F=   54.84 meV / A
2026-03-25 00:26:03.032 INFO: Epoch 93: head: Default, loss=0.00655754, RMSE_E_per_atom=   22.07 meV, RMSE_F=   50.74 meV / A
2026-03-25 00:26:08.247 INFO: Epoch 94: head: Default, loss=0.00694143, RMSE_E_per_atom=   22.00 meV, RMSE_F=   52.23 meV / A
2026-03-25 00:26:13.462 INFO: Epoch 95: head: Default, loss=0.00593680, RMSE_E_per_atom=    9.89 meV, RMSE_F=   48.63 meV / A
2026-03-25 00:26:18.675 INFO: Epoch 96: head: Default, loss=0.00589778, RMSE_E_per_atom=    9.13 meV, RMSE_F=   48.48 meV / A
2026-03-25 00:26:23.888 INFO: Epoch 97: head: Default, loss=0.00900345, RMSE_E_per_atom=    8.32 meV, RMSE_F=   59.95 meV / A
2026-03-25 00:26:29.100 INFO: Epoch 98: head: Default, loss=0.00586102, RMSE_E_per_atom=    8.62 meV, RMSE_F=   48.34 meV / A
2026-03-25 00:26:34.304 INFO: Epoch 99: head: Default, loss=0.00637185, RMSE_E_per_atom=   13.33 meV, RMSE_F=   50.31 meV / A
2026-03-25 00:26:39.501 INFO: Epoch 100: head: Default, loss=0.00697575, RMSE_E_per_atom=   11.21 meV, RMSE_F=   52.70 meV / A
2026-03-25 00:26:44.697 INFO: Epoch 101: head: Default, loss=0.00780565, RMSE_E_per_atom=   13.88 meV, RMSE_F=   55.70 meV / A
2026-03-25 00:26:49.899 INFO: Epoch 102: head: Default, loss=0.00698541, RMSE_E_per_atom=   19.52 meV, RMSE_F=   52.50 meV / A
2026-03-25 00:26:55.099 INFO: Epoch 103: head: Default, loss=0.00636128, RMSE_E_per_atom=   13.36 meV, RMSE_F=   50.27 meV / A
2026-03-25 00:27:00.299 INFO: Epoch 104: head: Default, loss=0.00700439, RMSE_E_per_atom=   15.98 meV, RMSE_F=   52.69 meV / A
2026-03-25 00:27:05.510 INFO: Epoch 105: head: Default, loss=0.00604857, RMSE_E_per_atom=   11.46 meV, RMSE_F=   49.05 meV / A
2026-03-25 00:27:10.724 INFO: Epoch 106: head: Default, loss=0.00678717, RMSE_E_per_atom=   14.98 meV, RMSE_F=   51.89 meV / A
2026-03-25 00:27:15.933 INFO: Epoch 107: head: Default, loss=0.00744847, RMSE_E_per_atom=    7.05 meV, RMSE_F=   54.54 meV / A
2026-03-25 00:27:21.131 INFO: Epoch 108: head: Default, loss=0.00599835, RMSE_E_per_atom=    9.26 meV, RMSE_F=   48.90 meV / A
2026-03-25 00:27:26.337 INFO: Epoch 109: head: Default, loss=0.00679738, RMSE_E_per_atom=    6.83 meV, RMSE_F=   52.10 meV / A
2026-03-25 00:27:31.536 INFO: Epoch 110: head: Default, loss=0.00635056, RMSE_E_per_atom=    8.13 meV, RMSE_F=   50.33 meV / A
2026-03-25 00:27:36.736 INFO: Epoch 111: head: Default, loss=0.00619715, RMSE_E_per_atom=    6.55 meV, RMSE_F=   49.75 meV / A
2026-03-25 00:27:41.935 INFO: Epoch 112: head: Default, loss=0.00623420, RMSE_E_per_atom=    9.15 meV, RMSE_F=   49.85 meV / A
2026-03-25 00:27:47.146 INFO: Epoch 113: head: Default, loss=0.00859335, RMSE_E_per_atom=    7.05 meV, RMSE_F=   58.59 meV / A
2026-03-25 00:27:52.346 INFO: Epoch 114: head: Default, loss=0.00594203, RMSE_E_per_atom=    9.45 meV, RMSE_F=   48.66 meV / A
2026-03-25 00:27:57.558 INFO: Epoch 115: head: Default, loss=0.00624818, RMSE_E_per_atom=    9.66 meV, RMSE_F=   49.90 meV / A
2026-03-25 00:28:02.788 INFO: Epoch 116: head: Default, loss=0.00798678, RMSE_E_per_atom=   18.59 meV, RMSE_F=   56.22 meV / A
2026-03-25 00:28:08.009 INFO: Epoch 117: head: Default, loss=0.00590964, RMSE_E_per_atom=   14.63 meV, RMSE_F=   48.40 meV / A
2026-03-25 00:28:13.228 INFO: Epoch 118: head: Default, loss=0.00617075, RMSE_E_per_atom=   12.90 meV, RMSE_F=   49.51 meV / A
2026-03-25 00:28:18.446 INFO: Epoch 119: head: Default, loss=0.00587882, RMSE_E_per_atom=    5.90 meV, RMSE_F=   48.46 meV / A
2026-03-25 00:28:18.446 INFO: Training complete
2026-03-25 00:28:18.446 INFO: 
2026-03-25 00:28:18.446 INFO: ===========RESULTS===========
2026-03-25 00:28:18.446 INFO: Loading checkpoint: ./checkpoints/mace_fps_split7_run-1_epoch-75.pt
2026-03-25 00:28:18.486 INFO: Loaded Stage one model from epoch 75 for evaluation
2026-03-25 00:28:18.486 INFO: Saving model to checkpoints/mace_fps_split7_run-1.model
2026-03-25 00:28:18.607 INFO: Merging LoRA weights into base model
2026-03-25 00:28:18.691 INFO: Compiling model, saving metadata to mace_fps_split7_compiled.model
2026-03-25 00:28:19.350 INFO: Computing metrics for training, validation, and test sets
2026-03-25 00:28:19.351 INFO: Skipping evaluation for heads: ['pt_head']
2026-03-25 00:28:19.351 INFO: Evaluating train_Default ...
2026-03-25 00:28:21.388 INFO: Evaluating valid_Default ...
2026-03-25 00:28:21.926 INFO: Error-table on TRAIN and VALID:
+---------------+---------------------+------------------+-------------------+
|  config_type  | RMSE E / meV / atom | RMSE F / meV / A | relative F RMSE % |
+---------------+---------------------+------------------+-------------------+
| train_Default |           12.1      |         47.3     |          7.32     |
| valid_Default |           13.8      |         48.1     |          8.64     |
+---------------+---------------------+------------------+-------------------+
2026-03-25 00:28:25.714 INFO: Done
2026-03-25 00:28:54.368 INFO: ===========VERIFYING SETTINGS===========
2026-03-25 00:28:54.368 INFO: MACE version: 0.3.15
2026-03-25 00:28:54.386 INFO: CUDA version: 12.8, CUDA device: 0
2026-03-25 00:28:54.639 INFO: Using foundation model /home/mehuldarak/MACE_models/universal_09072025/mace-omat-0-medium.model as initial checkpoint.
2026-03-25 00:28:54.641 WARNING: Using multiheads finetuning with a foundation model that is not a Materials Project model, need to provied a path to a pretraining file with --pt_train_file.
2026-03-25 00:28:54.641 INFO: ===========LOADING INPUT DATA===========
2026-03-25 00:28:54.641 INFO: Using heads: ['Default']
2026-03-25 00:28:54.641 INFO: Using the key specifications to parse data:
2026-03-25 00:28:54.641 INFO: Default: KeySpecification(info_keys={'energy': 'REF_energy', 'stress': 'REF_stress', 'virials': 'REF_virials', 'dipole': 'dipole', 'head': 'head', 'elec_temp': 'elec_temp', 'total_charge': 'total_charge', 'polarizability': 'polarizability', 'total_spin': 'total_spin'}, arrays_keys={'forces': 'REF_forces', 'charges': 'REF_charges'})
2026-03-25 00:28:54.641 INFO: =============    Processing head Default     ===========
2026-03-25 00:28:54.687 INFO: Training set 1/1 [energy: 16, stress: 0, virials: 0, dipole components: 0, head: 16, elec_temp: 0, total_charge: 0, polarizability: 0, total_spin: 0, forces: 16, charges: 0]
2026-03-25 00:28:54.687 INFO: Total Training set [energy: 16, stress: 0, virials: 0, dipole components: 0, head: 16, elec_temp: 0, total_charge: 0, polarizability: 0, total_spin: 0, forces: 16, charges: 0]
2026-03-25 00:28:54.704 INFO: Validation set 1/1 [energy: 4, stress: 0, virials: 0, dipole components: 0, head: 4, elec_temp: 0, total_charge: 0, polarizability: 0, total_spin: 0, forces: 4, charges: 0]
2026-03-25 00:28:54.705 INFO: Total Validation set [energy: 4, stress: 0, virials: 0, dipole components: 0, head: 4, elec_temp: 0, total_charge: 0, polarizability: 0, total_spin: 0, forces: 4, charges: 0]
2026-03-25 00:28:54.705 INFO: Total number of configurations: train=16, valid=4, tests=[],
2026-03-25 00:28:54.705 WARNING: Validation batch size (10) is larger than the number of validation data (4)
2026-03-25 00:28:54.706 INFO: Atomic Numbers used: [np.int64(3), np.int64(8), np.int64(40), np.int64(57)]
2026-03-25 00:28:54.706 INFO: Isolated Atomic Energies (E0s) not in training file, using command line argument
2026-03-25 00:28:54.706 INFO: Atomic Energies used (z: eV) for head Default: {3: -190.7590256408, 8: -442.9888796243, 40: -1380.1817128081, 57: -958.0774205521}
2026-03-25 00:28:54.706 INFO: Processing datasets for head 'Default'
2026-03-25 00:28:54.895 INFO: Combining 1 list datasets for head 'Default'
2026-03-25 00:28:54.945 INFO: Combining 1 list datasets for head 'Default_valid'
2026-03-25 00:28:54.945 INFO: Combined validation datasets for Default
2026-03-25 00:28:54.945 INFO: Head 'Default' training dataset size: 16
2026-03-25 00:28:54.946 INFO: Computing average number of neighbors
2026-03-25 00:28:54.976 INFO: Average number of neighbors: 61.65446853637695
2026-03-25 00:28:54.976 INFO: During training the following quantities will be reported: energy, forces
2026-03-25 00:28:54.976 INFO: ===========MODEL DETAILS===========
2026-03-25 00:28:54.992 INFO: Loading FOUNDATION model
2026-03-25 00:28:54.993 INFO: Using filtered elements: [np.int64(3), np.int64(8), np.int64(40), np.int64(57)]
2026-03-25 00:28:54.993 INFO: Model configuration extracted from foundation model
2026-03-25 00:28:54.993 INFO: Using weighted loss function for fine-tuning
2026-03-25 00:28:54.993 INFO: Message passing with hidden irreps 128x0e+128x1o)
2026-03-25 00:28:54.993 INFO: 2 layers, each with correlation order: 3 (body order: 4) and spherical harmonics up to: l=3
2026-03-25 00:28:54.993 INFO: Radial cutoff: 6.0 A (total receptive field for each atom: 12.0 A)
2026-03-25 00:28:54.993 INFO: Distance transform for radial basis functions: Agnesi
2026-03-25 00:28:56.267 INFO: Injecting LoRA layers with rank=5 and alpha=1.0
2026-03-25 00:28:56.267 INFO: Original model has 848814 trainable parameters.
2026-03-25 00:28:56.893 INFO: Model with LoRA has 885694 trainable parameters.
2026-03-25 00:28:56.894 INFO: ===========OPTIMIZER INFORMATION===========
2026-03-25 00:28:56.894 INFO: Using ADAM as parameter optimizer
2026-03-25 00:28:56.894 INFO: Batch size: 4
2026-03-25 00:28:56.894 INFO: Number of gradient updates: 480
2026-03-25 00:28:56.894 INFO: Learning rate: 0.0001, weight decay: 5e-07
2026-03-25 00:28:56.894 INFO: WeightedEnergyForcesLoss(energy_weight=1.000, forces_weight=10.000)
2026-03-25 00:28:56.897 INFO: === Layer's learning rates ===
2026-03-25 00:28:56.897 INFO: Param group 0: lr = 0.0001
2026-03-25 00:28:56.897 INFO: Param group 1: lr = 0.0001
2026-03-25 00:28:56.897 INFO: Param group 2: lr = 0.0001
2026-03-25 00:28:56.897 INFO: Param group 3: lr = 0.0001
2026-03-25 00:28:56.897 INFO: Param group 4: lr = 0.0001
2026-03-25 00:28:56.898 WARNING: No SWA checkpoint found, while SWA is enabled. Compare the swa_start parameter and the latest checkpoint.
2026-03-25 00:28:56.898 INFO: Loading checkpoint: ./checkpoints/mace_fps_split7_run-1_epoch-75.pt
2026-03-25 00:28:56.961 INFO: Using gradient clipping with tolerance=10.000
2026-03-25 00:28:56.962 INFO: 
2026-03-25 00:28:56.962 INFO: ===========TRAINING===========
2026-03-25 00:28:56.962 INFO: Started training, reporting errors on validation set
2026-03-25 00:28:56.962 INFO: Loss metrics on validation set
2026-03-25 00:28:58.096 INFO: Initial: head: Default, loss=0.00582966, RMSE_E_per_atom=   13.70 meV, RMSE_F=   48.09 meV / A
2026-03-25 00:29:06.873 INFO: Epoch 75: head: Default, loss=0.00632830, RMSE_E_per_atom=    8.72 meV, RMSE_F=   50.24 meV / A
2026-03-25 00:29:13.189 INFO: Epoch 76: head: Default, loss=0.00805194, RMSE_E_per_atom=    9.52 meV, RMSE_F=   56.67 meV / A
2026-03-25 00:29:18.353 INFO: Epoch 77: head: Default, loss=0.00625306, RMSE_E_per_atom=    8.40 meV, RMSE_F=   49.94 meV / A
2026-03-25 00:29:23.553 INFO: Epoch 78: head: Default, loss=0.00739313, RMSE_E_per_atom=    8.35 meV, RMSE_F=   54.32 meV / A
2026-03-25 00:29:28.734 INFO: Epoch 79: head: Default, loss=0.00622558, RMSE_E_per_atom=    9.31 meV, RMSE_F=   49.82 meV / A
2026-03-25 00:29:33.944 INFO: Epoch 80: head: Default, loss=0.00601371, RMSE_E_per_atom=   10.30 meV, RMSE_F=   48.94 meV / A
2026-03-25 00:29:39.156 INFO: Epoch 81: head: Default, loss=0.00697470, RMSE_E_per_atom=    8.18 meV, RMSE_F=   52.76 meV / A
2026-03-25 00:29:44.357 INFO: Epoch 82: head: Default, loss=0.01040565, RMSE_E_per_atom=   14.73 meV, RMSE_F=   64.35 meV / A
2026-03-25 00:29:49.591 INFO: Epoch 83: head: Default, loss=0.00580671, RMSE_E_per_atom=    7.91 meV, RMSE_F=   48.13 meV / A
2026-03-25 00:29:54.866 INFO: Epoch 84: head: Default, loss=0.00598745, RMSE_E_per_atom=   11.17 meV, RMSE_F=   48.81 meV / A
2026-03-25 00:30:00.116 INFO: Epoch 85: head: Default, loss=0.00760674, RMSE_E_per_atom=   22.45 meV, RMSE_F=   54.70 meV / A
2026-03-25 00:30:05.363 INFO: Epoch 86: head: Default, loss=0.00615060, RMSE_E_per_atom=    9.48 meV, RMSE_F=   49.51 meV / A
2026-03-25 00:30:10.605 INFO: Epoch 87: head: Default, loss=0.00628578, RMSE_E_per_atom=    8.95 meV, RMSE_F=   50.06 meV / A
2026-03-25 00:30:15.850 INFO: Epoch 88: head: Default, loss=0.00707014, RMSE_E_per_atom=    9.45 meV, RMSE_F=   53.10 meV / A
2026-03-25 00:30:21.084 INFO: Epoch 89: head: Default, loss=0.00612484, RMSE_E_per_atom=    8.21 meV, RMSE_F=   49.43 meV / A
2026-03-25 00:30:26.307 INFO: Epoch 90: head: Default, loss=0.00579888, RMSE_E_per_atom=   10.68 meV, RMSE_F=   48.04 meV / A
2026-03-25 00:30:31.560 INFO: Epoch 91: head: Default, loss=0.00673688, RMSE_E_per_atom=    9.52 meV, RMSE_F=   51.82 meV / A
2026-03-25 00:30:36.779 INFO: Epoch 92: head: Default, loss=0.00745614, RMSE_E_per_atom=   13.54 meV, RMSE_F=   54.44 meV / A
2026-03-25 00:30:42.025 INFO: Epoch 93: head: Default, loss=0.01818232, RMSE_E_per_atom=    7.85 meV, RMSE_F=   85.25 meV / A
2026-03-25 00:30:47.251 INFO: Epoch 94: head: Default, loss=0.00951679, RMSE_E_per_atom=   12.23 meV, RMSE_F=   61.58 meV / A
2026-03-25 00:30:52.483 INFO: Epoch 95: head: Default, loss=0.00778922, RMSE_E_per_atom=    8.14 meV, RMSE_F=   55.76 meV / A
2026-03-25 00:30:57.718 INFO: Epoch 96: head: Default, loss=0.00616890, RMSE_E_per_atom=   11.99 meV, RMSE_F=   49.53 meV / A
2026-03-25 00:31:02.950 INFO: Epoch 97: head: Default, loss=0.01063708, RMSE_E_per_atom=    8.67 meV, RMSE_F=   65.17 meV / A
2026-03-25 00:31:08.178 INFO: Epoch 98: head: Default, loss=0.00672367, RMSE_E_per_atom=    8.36 meV, RMSE_F=   51.79 meV / A
2026-03-25 00:31:13.405 INFO: Epoch 99: head: Default, loss=0.00835919, RMSE_E_per_atom=   16.62 meV, RMSE_F=   57.59 meV / A
2026-03-25 00:31:18.626 INFO: Epoch 100: head: Default, loss=0.00599168, RMSE_E_per_atom=   19.15 meV, RMSE_F=   48.58 meV / A
2026-03-25 00:31:23.859 INFO: Epoch 101: head: Default, loss=0.00609182, RMSE_E_per_atom=   27.12 meV, RMSE_F=   48.61 meV / A
2026-03-25 00:31:29.079 INFO: Epoch 102: head: Default, loss=0.00581865, RMSE_E_per_atom=   14.50 meV, RMSE_F=   48.03 meV / A
2026-03-25 00:31:34.308 INFO: Epoch 103: head: Default, loss=0.00763322, RMSE_E_per_atom=   13.39 meV, RMSE_F=   55.09 meV / A
2026-03-25 00:31:39.538 INFO: Epoch 104: head: Default, loss=0.00703985, RMSE_E_per_atom=    7.40 meV, RMSE_F=   53.01 meV / A
2026-03-25 00:31:44.758 INFO: Epoch 105: head: Default, loss=0.00598280, RMSE_E_per_atom=    8.07 meV, RMSE_F=   48.85 meV / A
2026-03-25 00:31:49.995 INFO: Epoch 106: head: Default, loss=0.00658332, RMSE_E_per_atom=    7.22 meV, RMSE_F=   51.27 meV / A
2026-03-25 00:31:55.232 INFO: Epoch 107: head: Default, loss=0.00581418, RMSE_E_per_atom=    6.56 meV, RMSE_F=   48.18 meV / A
2026-03-25 00:32:00.474 INFO: Epoch 108: head: Default, loss=0.00600165, RMSE_E_per_atom=   10.21 meV, RMSE_F=   48.89 meV / A
2026-03-25 00:32:05.705 INFO: Epoch 109: head: Default, loss=0.00611487, RMSE_E_per_atom=    6.27 meV, RMSE_F=   49.42 meV / A
2026-03-25 00:32:10.932 INFO: Epoch 110: head: Default, loss=0.00670138, RMSE_E_per_atom=    7.10 meV, RMSE_F=   51.73 meV / A
2026-03-25 00:32:16.148 INFO: Epoch 111: head: Default, loss=0.00750004, RMSE_E_per_atom=    6.66 meV, RMSE_F=   54.73 meV / A
2026-03-25 00:32:21.360 INFO: Epoch 112: head: Default, loss=0.00663787, RMSE_E_per_atom=   10.42 meV, RMSE_F=   51.42 meV / A
2026-03-25 00:32:26.562 INFO: Epoch 113: head: Default, loss=0.00862503, RMSE_E_per_atom=    8.09 meV, RMSE_F=   58.68 meV / A
2026-03-25 00:32:31.769 INFO: Epoch 114: head: Default, loss=0.00626807, RMSE_E_per_atom=   11.02 meV, RMSE_F=   49.95 meV / A
2026-03-25 00:32:36.978 INFO: Epoch 115: head: Default, loss=0.00806001, RMSE_E_per_atom=    6.80 meV, RMSE_F=   56.74 meV / A
2026-03-25 00:32:54.639 INFO: ===========VERIFYING SETTINGS===========
2026-03-25 00:32:54.639 INFO: MACE version: 0.3.15
2026-03-25 00:32:54.658 INFO: CUDA version: 12.8, CUDA device: 0
2026-03-25 00:32:54.926 INFO: Using foundation model /home/mehuldarak/MACE_models/universal_09072025/mace-omat-0-medium.model as initial checkpoint.
2026-03-25 00:32:54.927 WARNING: Using multiheads finetuning with a foundation model that is not a Materials Project model, need to provied a path to a pretraining file with --pt_train_file.
2026-03-25 00:32:54.928 INFO: ===========LOADING INPUT DATA===========
2026-03-25 00:32:54.928 INFO: Using heads: ['Default']
2026-03-25 00:32:54.928 INFO: Using the key specifications to parse data:
2026-03-25 00:32:54.928 INFO: Default: KeySpecification(info_keys={'energy': 'REF_energy', 'stress': 'REF_stress', 'virials': 'REF_virials', 'dipole': 'dipole', 'head': 'head', 'elec_temp': 'elec_temp', 'total_charge': 'total_charge', 'polarizability': 'polarizability', 'total_spin': 'total_spin'}, arrays_keys={'forces': 'REF_forces', 'charges': 'REF_charges'})
2026-03-25 00:32:54.928 INFO: =============    Processing head Default     ===========
2026-03-25 00:32:54.974 INFO: Training set 1/1 [energy: 16, stress: 0, virials: 0, dipole components: 0, head: 16, elec_temp: 0, total_charge: 0, polarizability: 0, total_spin: 0, forces: 16, charges: 0]
2026-03-25 00:32:54.974 INFO: Total Training set [energy: 16, stress: 0, virials: 0, dipole components: 0, head: 16, elec_temp: 0, total_charge: 0, polarizability: 0, total_spin: 0, forces: 16, charges: 0]
2026-03-25 00:32:54.991 INFO: Validation set 1/1 [energy: 4, stress: 0, virials: 0, dipole components: 0, head: 4, elec_temp: 0, total_charge: 0, polarizability: 0, total_spin: 0, forces: 4, charges: 0]
2026-03-25 00:32:54.991 INFO: Total Validation set [energy: 4, stress: 0, virials: 0, dipole components: 0, head: 4, elec_temp: 0, total_charge: 0, polarizability: 0, total_spin: 0, forces: 4, charges: 0]
2026-03-25 00:32:54.991 INFO: Total number of configurations: train=16, valid=4, tests=[],
2026-03-25 00:32:54.991 WARNING: Validation batch size (10) is larger than the number of validation data (4)
2026-03-25 00:32:54.993 INFO: Atomic Numbers used: [np.int64(3), np.int64(8), np.int64(40), np.int64(57)]
2026-03-25 00:32:54.993 INFO: Isolated Atomic Energies (E0s) not in training file, using command line argument
2026-03-25 00:32:54.993 INFO: Atomic Energies used (z: eV) for head Default: {3: -190.7590256408, 8: -442.9888796243, 40: -1380.1817128081, 57: -958.0774205521}
2026-03-25 00:32:54.993 INFO: Processing datasets for head 'Default'
2026-03-25 00:32:55.178 INFO: Combining 1 list datasets for head 'Default'
2026-03-25 00:32:55.227 INFO: Combining 1 list datasets for head 'Default_valid'
2026-03-25 00:32:55.227 INFO: Combined validation datasets for Default
2026-03-25 00:32:55.227 INFO: Head 'Default' training dataset size: 16
2026-03-25 00:32:55.228 INFO: Computing average number of neighbors
2026-03-25 00:32:55.257 INFO: Average number of neighbors: 61.65446853637695
2026-03-25 00:32:55.257 INFO: During training the following quantities will be reported: energy, forces
2026-03-25 00:32:55.257 INFO: ===========MODEL DETAILS===========
2026-03-25 00:32:55.275 INFO: Loading FOUNDATION model
2026-03-25 00:32:55.275 INFO: Using filtered elements: [np.int64(3), np.int64(8), np.int64(40), np.int64(57)]
2026-03-25 00:32:55.275 INFO: Model configuration extracted from foundation model
2026-03-25 00:32:55.275 INFO: Using weighted loss function for fine-tuning
2026-03-25 00:32:55.275 INFO: Message passing with hidden irreps 128x0e+128x1o)
2026-03-25 00:32:55.275 INFO: 2 layers, each with correlation order: 3 (body order: 4) and spherical harmonics up to: l=3
2026-03-25 00:32:55.276 INFO: Radial cutoff: 6.0 A (total receptive field for each atom: 12.0 A)
2026-03-25 00:32:55.276 INFO: Distance transform for radial basis functions: Agnesi
2026-03-25 00:32:56.550 INFO: Injecting LoRA layers with rank=5 and alpha=1.0
2026-03-25 00:32:56.550 INFO: Original model has 848814 trainable parameters.
2026-03-25 00:32:57.060 INFO: Model with LoRA has 885694 trainable parameters.
2026-03-25 00:32:57.060 INFO: ===========OPTIMIZER INFORMATION===========
2026-03-25 00:32:57.060 INFO: Using ADAM as parameter optimizer
2026-03-25 00:32:57.060 INFO: Batch size: 4
2026-03-25 00:32:57.060 INFO: Number of gradient updates: 480
2026-03-25 00:32:57.060 INFO: Learning rate: 0.0001, weight decay: 5e-07
2026-03-25 00:32:57.060 INFO: WeightedEnergyForcesLoss(energy_weight=1.000, forces_weight=7.000)
2026-03-25 00:32:57.061 INFO: === Layer's learning rates ===
2026-03-25 00:32:57.061 INFO: Param group 0: lr = 0.0001
2026-03-25 00:32:57.061 INFO: Param group 1: lr = 0.0001
2026-03-25 00:32:57.061 INFO: Param group 2: lr = 0.0001
2026-03-25 00:32:57.061 INFO: Param group 3: lr = 0.0001
2026-03-25 00:32:57.061 INFO: Param group 4: lr = 0.0001
2026-03-25 00:32:57.062 WARNING: No SWA checkpoint found, while SWA is enabled. Compare the swa_start parameter and the latest checkpoint.
2026-03-25 00:32:57.062 INFO: Loading checkpoint: ./checkpoints/mace_fps_split7_run-1_epoch-90.pt
2026-03-25 00:32:57.101 INFO: Using gradient clipping with tolerance=10.000
2026-03-25 00:32:57.102 INFO: 
2026-03-25 00:32:57.102 INFO: ===========TRAINING===========
2026-03-25 00:32:57.102 INFO: Started training, reporting errors on validation set
2026-03-25 00:32:57.102 INFO: Loss metrics on validation set
2026-03-25 00:32:58.021 INFO: Initial: head: Default, loss=0.00406682, RMSE_E_per_atom=   10.50 meV, RMSE_F=   48.04 meV / A
2026-03-25 00:33:06.831 INFO: Epoch 90: head: Default, loss=0.00398371, RMSE_E_per_atom=    9.40 meV, RMSE_F=   47.58 meV / A
2026-03-25 00:33:13.134 INFO: Epoch 91: head: Default, loss=0.00510302, RMSE_E_per_atom=   13.30 meV, RMSE_F=   53.77 meV / A
2026-03-25 00:33:18.314 INFO: Epoch 92: head: Default, loss=0.00395158, RMSE_E_per_atom=    7.39 meV, RMSE_F=   47.44 meV / A
2026-03-25 00:33:23.515 INFO: Epoch 93: head: Default, loss=0.00528151, RMSE_E_per_atom=    7.01 meV, RMSE_F=   54.87 meV / A
2026-03-25 00:33:28.691 INFO: Epoch 94: head: Default, loss=0.00430754, RMSE_E_per_atom=    6.97 meV, RMSE_F=   49.54 meV / A
2026-03-25 00:33:33.879 INFO: Epoch 95: head: Default, loss=0.00493708, RMSE_E_per_atom=   10.86 meV, RMSE_F=   52.96 meV / A
2026-03-25 00:33:39.079 INFO: Epoch 96: head: Default, loss=0.00414053, RMSE_E_per_atom=    6.62 meV, RMSE_F=   48.58 meV / A
2026-03-25 00:33:44.307 INFO: Epoch 97: head: Default, loss=0.00551577, RMSE_E_per_atom=    9.41 meV, RMSE_F=   56.03 meV / A
2026-03-25 00:33:49.543 INFO: Epoch 98: head: Default, loss=0.00403683, RMSE_E_per_atom=    7.32 meV, RMSE_F=   47.95 meV / A
2026-03-25 00:33:54.804 INFO: Epoch 99: head: Default, loss=0.00455432, RMSE_E_per_atom=    9.22 meV, RMSE_F=   50.90 meV / A
2026-03-25 00:34:00.057 INFO: Epoch 100: head: Default, loss=0.00408210, RMSE_E_per_atom=    6.31 meV, RMSE_F=   48.24 meV / A
2026-03-25 00:34:05.299 INFO: Epoch 101: head: Default, loss=0.00432420, RMSE_E_per_atom=    6.76 meV, RMSE_F=   49.64 meV / A
2026-03-25 00:34:10.545 INFO: Epoch 102: head: Default, loss=0.00409869, RMSE_E_per_atom=    6.75 meV, RMSE_F=   48.33 meV / A
2026-03-25 00:34:15.788 INFO: Epoch 103: head: Default, loss=0.00454884, RMSE_E_per_atom=    6.29 meV, RMSE_F=   50.93 meV / A
2026-03-25 00:34:21.026 INFO: Epoch 104: head: Default, loss=0.00396704, RMSE_E_per_atom=    6.19 meV, RMSE_F=   47.55 meV / A
2026-03-25 00:34:26.309 INFO: Epoch 105: head: Default, loss=0.00417673, RMSE_E_per_atom=    5.75 meV, RMSE_F=   48.81 meV / A
2026-03-25 00:34:31.527 INFO: Epoch 106: head: Default, loss=0.00455001, RMSE_E_per_atom=    6.75 meV, RMSE_F=   50.93 meV / A
2026-03-25 00:34:36.750 INFO: Epoch 107: head: Default, loss=0.00444638, RMSE_E_per_atom=    5.73 meV, RMSE_F=   50.36 meV / A
2026-03-25 00:34:41.975 INFO: Epoch 108: head: Default, loss=0.00562434, RMSE_E_per_atom=    7.34 meV, RMSE_F=   56.62 meV / A
2026-03-25 00:34:47.202 INFO: Epoch 109: head: Default, loss=0.00437642, RMSE_E_per_atom=    7.19 meV, RMSE_F=   49.93 meV / A
2026-03-25 00:34:52.437 INFO: Epoch 110: head: Default, loss=0.00547743, RMSE_E_per_atom=    6.09 meV, RMSE_F=   55.90 meV / A
2026-03-25 00:34:57.679 INFO: Epoch 111: head: Default, loss=0.00434946, RMSE_E_per_atom=    9.36 meV, RMSE_F=   49.73 meV / A
2026-03-25 00:35:02.916 INFO: Epoch 112: head: Default, loss=0.00555283, RMSE_E_per_atom=    5.90 meV, RMSE_F=   56.29 meV / A
2026-03-25 00:35:08.143 INFO: Epoch 113: head: Default, loss=0.00429127, RMSE_E_per_atom=    6.27 meV, RMSE_F=   49.46 meV / A
2026-03-25 00:35:13.371 INFO: Epoch 114: head: Default, loss=0.00600289, RMSE_E_per_atom=   15.27 meV, RMSE_F=   58.28 meV / A
2026-03-25 00:35:18.610 INFO: Epoch 115: head: Default, loss=0.00416922, RMSE_E_per_atom=   16.45 meV, RMSE_F=   48.41 meV / A
2026-03-25 00:35:23.853 INFO: Epoch 116: head: Default, loss=0.00466506, RMSE_E_per_atom=   20.80 meV, RMSE_F=   51.03 meV / A
2026-03-25 00:35:29.094 INFO: Epoch 117: head: Default, loss=0.00414989, RMSE_E_per_atom=   14.23 meV, RMSE_F=   48.40 meV / A
2026-03-25 00:35:34.324 INFO: Epoch 118: head: Default, loss=0.00505017, RMSE_E_per_atom=   13.60 meV, RMSE_F=   53.47 meV / A
2026-03-25 00:35:39.564 INFO: Epoch 119: head: Default, loss=0.00462824, RMSE_E_per_atom=    7.27 meV, RMSE_F=   51.35 meV / A
2026-03-25 00:35:39.564 INFO: Training complete
2026-03-25 00:35:39.564 INFO: 
2026-03-25 00:35:39.564 INFO: ===========RESULTS===========
2026-03-25 00:35:39.565 INFO: Loading checkpoint: ./checkpoints/mace_fps_split7_run-1_epoch-92.pt
2026-03-25 00:35:39.610 INFO: Loaded Stage one model from epoch 92 for evaluation
2026-03-25 00:35:39.610 INFO: Saving model to checkpoints/mace_fps_split7_run-1.model
2026-03-25 00:35:39.733 INFO: Merging LoRA weights into base model
2026-03-25 00:35:39.828 INFO: Compiling model, saving metadata to mace_fps_split7_compiled.model
2026-03-25 00:35:40.500 INFO: Computing metrics for training, validation, and test sets
2026-03-25 00:35:40.501 INFO: Skipping evaluation for heads: ['pt_head']
2026-03-25 00:35:40.501 INFO: Evaluating train_Default ...
2026-03-25 00:35:42.526 INFO: Evaluating valid_Default ...
2026-03-25 00:35:43.036 INFO: Error-table on TRAIN and VALID:
+---------------+---------------------+------------------+-------------------+
|  config_type  | RMSE E / meV / atom | RMSE F / meV / A | relative F RMSE % |
+---------------+---------------------+------------------+-------------------+
| train_Default |            9.0      |         45.0     |          6.97     |
| valid_Default |            7.6      |         47.4     |          8.53     |
+---------------+---------------------+------------------+-------------------+
2026-03-25 00:35:46.843 INFO: Done
2026-03-25 01:36:34.016 INFO: ===========VERIFYING SETTINGS===========
2026-03-25 01:36:34.016 INFO: MACE version: 0.3.15
2026-03-25 01:36:34.035 INFO: CUDA version: 12.8, CUDA device: 0
2026-03-25 01:36:34.266 INFO: Using foundation model /home/mehuldarak/MACE_models/universal_09072025/mace-omat-0-medium.model as initial checkpoint.
2026-03-25 01:36:34.267 WARNING: Using multiheads finetuning with a foundation model that is not a Materials Project model, need to provied a path to a pretraining file with --pt_train_file.
2026-03-25 01:36:34.267 INFO: ===========LOADING INPUT DATA===========
2026-03-25 01:36:34.267 INFO: Using heads: ['Default']
2026-03-25 01:36:34.267 INFO: Using the key specifications to parse data:
2026-03-25 01:36:34.267 INFO: Default: KeySpecification(info_keys={'energy': 'REF_energy', 'stress': 'REF_stress', 'virials': 'REF_virials', 'dipole': 'dipole', 'head': 'head', 'elec_temp': 'elec_temp', 'total_charge': 'total_charge', 'polarizability': 'polarizability', 'total_spin': 'total_spin'}, arrays_keys={'forces': 'REF_forces', 'charges': 'REF_charges'})
2026-03-25 01:36:34.267 INFO: =============    Processing head Default     ===========
2026-03-25 01:36:34.314 INFO: Training set 1/1 [energy: 16, stress: 0, virials: 0, dipole components: 0, head: 16, elec_temp: 0, total_charge: 0, polarizability: 0, total_spin: 0, forces: 16, charges: 0]
2026-03-25 01:36:34.315 INFO: Total Training set [energy: 16, stress: 0, virials: 0, dipole components: 0, head: 16, elec_temp: 0, total_charge: 0, polarizability: 0, total_spin: 0, forces: 16, charges: 0]
2026-03-25 01:36:34.332 INFO: Validation set 1/1 [energy: 4, stress: 0, virials: 0, dipole components: 0, head: 4, elec_temp: 0, total_charge: 0, polarizability: 0, total_spin: 0, forces: 4, charges: 0]
2026-03-25 01:36:34.332 INFO: Total Validation set [energy: 4, stress: 0, virials: 0, dipole components: 0, head: 4, elec_temp: 0, total_charge: 0, polarizability: 0, total_spin: 0, forces: 4, charges: 0]
2026-03-25 01:36:34.332 INFO: Total number of configurations: train=16, valid=4, tests=[],
2026-03-25 01:36:34.332 WARNING: Validation batch size (10) is larger than the number of validation data (4)
2026-03-25 01:36:34.335 INFO: Atomic Numbers used: [np.int64(3), np.int64(8), np.int64(40), np.int64(57)]
2026-03-25 01:36:34.335 INFO: Isolated Atomic Energies (E0s) not in training file, using command line argument
2026-03-25 01:36:34.335 INFO: Atomic Energies used (z: eV) for head Default: {3: -190.7590256408, 8: -442.9888796243, 40: -1380.1817128081, 57: -958.0774205521}
2026-03-25 01:36:34.335 INFO: Processing datasets for head 'Default'
2026-03-25 01:36:34.522 INFO: Combining 1 list datasets for head 'Default'
2026-03-25 01:36:34.572 INFO: Combining 1 list datasets for head 'Default_valid'
2026-03-25 01:36:34.572 INFO: Combined validation datasets for Default
2026-03-25 01:36:34.572 INFO: Head 'Default' training dataset size: 16
2026-03-25 01:36:34.573 INFO: Computing average number of neighbors
2026-03-25 01:36:34.602 INFO: Average number of neighbors: 61.65446853637695
2026-03-25 01:36:34.602 INFO: During training the following quantities will be reported: energy, forces
2026-03-25 01:36:34.602 INFO: ===========MODEL DETAILS===========
2026-03-25 01:36:34.618 INFO: Loading FOUNDATION model
2026-03-25 01:36:34.619 INFO: Using filtered elements: [np.int64(3), np.int64(8), np.int64(40), np.int64(57)]
2026-03-25 01:36:34.619 INFO: Model configuration extracted from foundation model
2026-03-25 01:36:34.619 INFO: Using weighted loss function for fine-tuning
2026-03-25 01:36:34.619 INFO: Message passing with hidden irreps 128x0e+128x1o)
2026-03-25 01:36:34.619 INFO: 2 layers, each with correlation order: 3 (body order: 4) and spherical harmonics up to: l=3
2026-03-25 01:36:34.619 INFO: Radial cutoff: 6.0 A (total receptive field for each atom: 12.0 A)
2026-03-25 01:36:34.619 INFO: Distance transform for radial basis functions: Agnesi
2026-03-25 01:36:35.889 INFO: Injecting LoRA layers with rank=5 and alpha=1.0
2026-03-25 01:36:35.890 INFO: Original model has 848814 trainable parameters.
2026-03-25 01:36:36.412 INFO: Model with LoRA has 885694 trainable parameters.
2026-03-25 01:36:36.412 INFO: ===========OPTIMIZER INFORMATION===========
2026-03-25 01:36:36.412 INFO: Using ADAM as parameter optimizer
2026-03-25 01:36:36.412 INFO: Batch size: 4
2026-03-25 01:36:36.412 INFO: Number of gradient updates: 640
2026-03-25 01:36:36.412 INFO: Learning rate: 0.001, weight decay: 5e-07
2026-03-25 01:36:36.412 INFO: WeightedEnergyForcesLoss(energy_weight=2.000, forces_weight=1.000)
2026-03-25 01:36:36.413 INFO: === Layer's learning rates ===
2026-03-25 01:36:36.413 INFO: Param group 0: lr = 0.001
2026-03-25 01:36:36.413 INFO: Param group 1: lr = 0.001
2026-03-25 01:36:36.413 INFO: Param group 2: lr = 0.001
2026-03-25 01:36:36.413 INFO: Param group 3: lr = 0.001
2026-03-25 01:36:36.413 INFO: Param group 4: lr = 0.001
2026-03-25 01:36:36.414 WARNING: No SWA checkpoint found, while SWA is enabled. Compare the swa_start parameter and the latest checkpoint.
2026-03-25 01:36:36.414 INFO: Loading checkpoint: ./checkpoints/mace_fps_split7_run-1_epoch-92.pt
2026-03-25 01:36:36.459 INFO: Using gradient clipping with tolerance=10.000
2026-03-25 01:36:36.459 INFO: 
2026-03-25 01:36:36.459 INFO: ===========TRAINING===========
2026-03-25 01:36:36.459 INFO: Started training, reporting errors on validation set
2026-03-25 01:36:36.459 INFO: Loss metrics on validation set
2026-03-25 01:36:37.371 INFO: Initial: head: Default, loss=0.00059110, RMSE_E_per_atom=    7.55 meV, RMSE_F=   47.44 meV / A
2026-03-25 01:36:46.149 INFO: Epoch 92: head: Default, loss=0.00077940, RMSE_E_per_atom=    9.45 meV, RMSE_F=   54.21 meV / A
2026-03-25 01:36:52.459 INFO: Epoch 93: head: Default, loss=0.00071636, RMSE_E_per_atom=    6.47 meV, RMSE_F=   52.74 meV / A
2026-03-25 01:36:57.666 INFO: Epoch 94: head: Default, loss=0.00063404, RMSE_E_per_atom=    7.30 meV, RMSE_F=   49.29 meV / A
2026-03-25 01:37:02.871 INFO: Epoch 95: head: Default, loss=0.00058252, RMSE_E_per_atom=    5.85 meV, RMSE_F=   47.56 meV / A
2026-03-25 01:37:08.073 INFO: Epoch 96: head: Default, loss=0.00061845, RMSE_E_per_atom=    5.78 meV, RMSE_F=   49.06 meV / A
2026-03-25 01:37:13.252 INFO: Epoch 97: head: Default, loss=0.00063066, RMSE_E_per_atom=    5.32 meV, RMSE_F=   49.66 meV / A
2026-03-25 01:37:18.447 INFO: Epoch 98: head: Default, loss=0.00063567, RMSE_E_per_atom=    7.11 meV, RMSE_F=   49.41 meV / A
2026-03-25 01:37:23.644 INFO: Epoch 99: head: Default, loss=0.00059770, RMSE_E_per_atom=    5.00 meV, RMSE_F=   48.38 meV / A
2026-03-25 01:37:28.857 INFO: Epoch 100: head: Default, loss=0.00059499, RMSE_E_per_atom=    4.56 meV, RMSE_F=   48.36 meV / A
2026-03-25 01:37:34.102 INFO: Epoch 101: head: Default, loss=0.00060646, RMSE_E_per_atom=    3.99 meV, RMSE_F=   48.93 meV / A
2026-03-25 01:37:39.345 INFO: Epoch 102: head: Default, loss=0.00060471, RMSE_E_per_atom=    4.43 meV, RMSE_F=   48.78 meV / A
2026-03-25 01:37:44.601 INFO: Epoch 103: head: Default, loss=0.00059498, RMSE_E_per_atom=    3.92 meV, RMSE_F=   48.47 meV / A
2026-03-25 01:37:49.836 INFO: Epoch 104: head: Default, loss=0.00063357, RMSE_E_per_atom=    9.83 meV, RMSE_F=   48.38 meV / A
2026-03-25 01:37:55.080 INFO: Epoch 105: head: Default, loss=0.00058882, RMSE_E_per_atom=    5.96 meV, RMSE_F=   47.79 meV / A
2026-03-25 01:38:00.331 INFO: Epoch 106: head: Default, loss=0.00059134, RMSE_E_per_atom=    3.44 meV, RMSE_F=   48.39 meV / A
2026-03-25 01:38:05.571 INFO: Epoch 107: head: Default, loss=0.00060823, RMSE_E_per_atom=    6.59 meV, RMSE_F=   48.44 meV / A
2026-03-25 01:38:10.820 INFO: Epoch 108: head: Default, loss=0.00058680, RMSE_E_per_atom=    6.26 meV, RMSE_F=   47.63 meV / A
2026-03-25 01:38:16.059 INFO: Epoch 109: head: Default, loss=0.00059345, RMSE_E_per_atom=    3.40 meV, RMSE_F=   48.48 meV / A
2026-03-25 01:38:21.298 INFO: Epoch 110: head: Default, loss=0.00060390, RMSE_E_per_atom=    7.33 meV, RMSE_F=   48.04 meV / A
2026-03-25 01:38:26.546 INFO: Epoch 111: head: Default, loss=0.00061659, RMSE_E_per_atom=    7.07 meV, RMSE_F=   48.64 meV / A
2026-03-25 01:38:31.786 INFO: Epoch 112: head: Default, loss=0.00059132, RMSE_E_per_atom=    3.20 meV, RMSE_F=   48.42 meV / A
2026-03-25 01:38:37.021 INFO: Epoch 113: head: Default, loss=0.00060585, RMSE_E_per_atom=    3.93 meV, RMSE_F=   48.91 meV / A
2026-03-25 01:38:42.247 INFO: Epoch 114: head: Default, loss=0.00058328, RMSE_E_per_atom=    3.66 meV, RMSE_F=   48.02 meV / A
2026-03-25 01:38:47.496 INFO: Epoch 115: head: Default, loss=0.00062853, RMSE_E_per_atom=    6.34 meV, RMSE_F=   49.33 meV / A
2026-03-25 01:38:52.730 INFO: Epoch 116: head: Default, loss=0.00059019, RMSE_E_per_atom=    3.70 meV, RMSE_F=   48.30 meV / A
2026-03-25 01:38:57.978 INFO: Epoch 117: head: Default, loss=0.00059165, RMSE_E_per_atom=    5.44 meV, RMSE_F=   48.04 meV / A
2026-03-25 01:39:03.213 INFO: Epoch 118: head: Default, loss=0.00059709, RMSE_E_per_atom=    4.58 meV, RMSE_F=   48.44 meV / A
2026-03-25 01:39:08.444 INFO: Epoch 119: head: Default, loss=0.00061260, RMSE_E_per_atom=    3.46 meV, RMSE_F=   49.26 meV / A
2026-03-25 01:39:13.691 INFO: Epoch 120: head: Default, loss=0.00058883, RMSE_E_per_atom=    3.22 meV, RMSE_F=   48.32 meV / A
2026-03-25 01:39:18.929 INFO: Epoch 121: head: Default, loss=0.00060691, RMSE_E_per_atom=    4.69 meV, RMSE_F=   48.82 meV / A
2026-03-25 01:39:24.167 INFO: Epoch 122: head: Default, loss=0.00063675, RMSE_E_per_atom=    5.62 meV, RMSE_F=   49.84 meV / A
2026-03-25 01:39:29.406 INFO: Epoch 123: head: Default, loss=0.00060430, RMSE_E_per_atom=    4.59 meV, RMSE_F=   48.73 meV / A
2026-03-25 01:39:34.645 INFO: Epoch 124: head: Default, loss=0.00058073, RMSE_E_per_atom=    4.26 meV, RMSE_F=   47.82 meV / A
2026-03-25 01:39:39.902 INFO: Epoch 125: head: Default, loss=0.00060595, RMSE_E_per_atom=    5.24 meV, RMSE_F=   48.67 meV / A
2026-03-25 01:39:45.149 INFO: Epoch 126: head: Default, loss=0.00061364, RMSE_E_per_atom=    3.13 meV, RMSE_F=   49.35 meV / A
2026-03-25 01:39:50.364 INFO: Epoch 127: head: Default, loss=0.00059720, RMSE_E_per_atom=    5.73 meV, RMSE_F=   48.20 meV / A
2026-03-25 01:39:55.591 INFO: Epoch 128: head: Default, loss=0.00058400, RMSE_E_per_atom=    6.06 meV, RMSE_F=   47.57 meV / A
2026-03-25 01:40:00.826 INFO: Epoch 129: head: Default, loss=0.00064194, RMSE_E_per_atom=    3.57 meV, RMSE_F=   50.42 meV / A
2026-03-25 01:40:06.069 INFO: Epoch 130: head: Default, loss=0.00062762, RMSE_E_per_atom=    6.45 meV, RMSE_F=   49.27 meV / A
2026-03-25 01:40:11.294 INFO: Epoch 131: head: Default, loss=0.00058268, RMSE_E_per_atom=    3.18 meV, RMSE_F=   48.07 meV / A
2026-03-25 01:40:16.514 INFO: Epoch 132: head: Default, loss=0.00061494, RMSE_E_per_atom=    8.91 meV, RMSE_F=   47.97 meV / A
2026-03-25 01:40:21.887 INFO: Epoch 133: head: Default, loss=0.00062001, RMSE_E_per_atom=    6.26 meV, RMSE_F=   49.01 meV / A
2026-03-25 01:40:27.103 INFO: Epoch 134: head: Default, loss=0.00063229, RMSE_E_per_atom=    7.93 meV, RMSE_F=   49.03 meV / A
2026-03-25 01:40:32.313 INFO: Epoch 135: head: Default, loss=0.00063699, RMSE_E_per_atom=    9.99 meV, RMSE_F=   48.46 meV / A
2026-03-25 01:40:37.621 INFO: Epoch 136: head: Default, loss=0.00060244, RMSE_E_per_atom=    4.90 meV, RMSE_F=   48.60 meV / A
2026-03-25 01:40:42.854 INFO: Epoch 137: head: Default, loss=0.00064013, RMSE_E_per_atom=    7.87 meV, RMSE_F=   49.36 meV / A
2026-03-25 01:40:48.095 INFO: Epoch 138: head: Default, loss=0.00062404, RMSE_E_per_atom=    5.21 meV, RMSE_F=   49.42 meV / A
2026-03-25 01:40:53.323 INFO: Epoch 139: head: Default, loss=0.00060363, RMSE_E_per_atom=    4.16 meV, RMSE_F=   48.78 meV / A
2026-03-25 01:40:58.544 INFO: Epoch 140: head: Default, loss=0.00061176, RMSE_E_per_atom=    4.97 meV, RMSE_F=   48.96 meV / A
2026-03-25 01:41:03.762 INFO: Epoch 141: head: Default, loss=0.00061497, RMSE_E_per_atom=    6.68 meV, RMSE_F=   48.69 meV / A
2026-03-25 01:41:08.978 INFO: Epoch 142: head: Default, loss=0.00059856, RMSE_E_per_atom=    6.01 meV, RMSE_F=   48.19 meV / A
2026-03-25 01:41:14.212 INFO: Epoch 143: head: Default, loss=0.00060453, RMSE_E_per_atom=    5.70 meV, RMSE_F=   48.51 meV / A
2026-03-25 01:41:19.436 INFO: Epoch 144: head: Default, loss=0.00062188, RMSE_E_per_atom=    3.14 meV, RMSE_F=   49.68 meV / A
2026-03-25 01:41:24.684 INFO: Epoch 145: head: Default, loss=0.00060399, RMSE_E_per_atom=    7.81 meV, RMSE_F=   47.89 meV / A
2026-03-25 01:41:29.894 INFO: Epoch 146: head: Default, loss=0.00060038, RMSE_E_per_atom=    4.19 meV, RMSE_F=   48.65 meV / A
2026-03-25 01:41:35.125 INFO: Epoch 147: head: Default, loss=0.00063245, RMSE_E_per_atom=    6.94 meV, RMSE_F=   49.33 meV / A
2026-03-25 01:41:40.342 INFO: Epoch 148: head: Default, loss=0.00059030, RMSE_E_per_atom=    6.19 meV, RMSE_F=   47.80 meV / A
2026-03-25 01:41:45.564 INFO: Epoch 149: head: Default, loss=0.00059374, RMSE_E_per_atom=    4.95 meV, RMSE_F=   48.23 meV / A
2026-03-25 01:41:50.796 INFO: Epoch 150: head: Default, loss=0.00064237, RMSE_E_per_atom=    9.45 meV, RMSE_F=   48.90 meV / A
2026-03-25 01:41:56.027 INFO: Epoch 151: head: Default, loss=0.00059989, RMSE_E_per_atom=    3.04 meV, RMSE_F=   48.80 meV / A
2026-03-25 01:42:01.255 INFO: Epoch 152: head: Default, loss=0.00059380, RMSE_E_per_atom=    7.21 meV, RMSE_F=   47.66 meV / A
2026-03-25 01:42:06.489 INFO: Epoch 153: head: Default, loss=0.00062854, RMSE_E_per_atom=    3.78 meV, RMSE_F=   49.86 meV / A
2026-03-25 01:42:11.710 INFO: Epoch 154: head: Default, loss=0.00059235, RMSE_E_per_atom=    3.00 meV, RMSE_F=   48.49 meV / A
2026-03-25 01:42:16.916 INFO: Epoch 155: head: Default, loss=0.00059571, RMSE_E_per_atom=    7.03 meV, RMSE_F=   47.79 meV / A
2026-03-25 01:42:22.138 INFO: Epoch 156: head: Default, loss=0.00061746, RMSE_E_per_atom=    3.13 meV, RMSE_F=   49.50 meV / A
2026-03-25 01:42:27.362 INFO: Epoch 157: head: Default, loss=0.00060196, RMSE_E_per_atom=    4.40 meV, RMSE_F=   48.67 meV / A
2026-03-25 01:42:32.568 INFO: Epoch 158: head: Default, loss=0.00059574, RMSE_E_per_atom=    5.84 meV, RMSE_F=   48.11 meV / A
2026-03-25 01:42:37.769 INFO: Epoch 159: head: Default, loss=0.00058721, RMSE_E_per_atom=    4.17 meV, RMSE_F=   48.10 meV / A
2026-03-25 01:42:37.769 INFO: Training complete
2026-03-25 01:42:37.770 INFO: 
2026-03-25 01:42:37.770 INFO: ===========RESULTS===========
2026-03-25 01:42:37.770 INFO: Loading checkpoint: ./checkpoints/mace_fps_split7_run-1_epoch-124.pt
2026-03-25 01:42:37.812 INFO: Loaded Stage one model from epoch 124 for evaluation
2026-03-25 01:42:37.812 INFO: Saving model to checkpoints/mace_fps_split7_run-1.model
2026-03-25 01:42:37.934 INFO: Merging LoRA weights into base model
2026-03-25 01:42:38.029 INFO: Compiling model, saving metadata to mace_fps_split7_compiled.model
2026-03-25 01:42:38.707 INFO: Computing metrics for training, validation, and test sets
2026-03-25 01:42:38.708 INFO: Skipping evaluation for heads: ['pt_head']
2026-03-25 01:42:38.708 INFO: Evaluating train_Default ...
2026-03-25 01:42:40.736 INFO: Evaluating valid_Default ...
2026-03-25 01:42:41.251 INFO: Error-table on TRAIN and VALID:
+---------------+---------------------+------------------+-------------------+
|  config_type  | RMSE E / meV / atom | RMSE F / meV / A | relative F RMSE % |
+---------------+---------------------+------------------+-------------------+
| train_Default |            5.5      |         41.2     |          6.38     |
| valid_Default |            4.3      |         47.8     |          8.59     |
+---------------+---------------------+------------------+-------------------+
2026-03-25 01:42:45.125 INFO: Done
