2026-03-24 13:00:55.734 INFO: ===========VERIFYING SETTINGS===========
2026-03-24 13:00:55.734 INFO: MACE version: 0.3.15
2026-03-24 13:00:55.762 INFO: CUDA version: 12.8, CUDA device: 0
2026-03-24 13:00:55.994 INFO: Using foundation model /home/mehuldarak/MACE_models/universal_09072025/mace-omat-0-medium.model as initial checkpoint.
2026-03-24 13:00:55.995 WARNING: Using multiheads finetuning with a foundation model that is not a Materials Project model, need to provied a path to a pretraining file with --pt_train_file.
2026-03-24 13:00:55.995 INFO: ===========LOADING INPUT DATA===========
2026-03-24 13:00:55.995 INFO: Using heads: ['Default']
2026-03-24 13:00:55.995 INFO: Using the key specifications to parse data:
2026-03-24 13:00:55.995 INFO: Default: KeySpecification(info_keys={'energy': 'REF_energy', 'stress': 'REF_stress', 'virials': 'REF_virials', 'dipole': 'dipole', 'head': 'head', 'elec_temp': 'elec_temp', 'total_charge': 'total_charge', 'polarizability': 'polarizability', 'total_spin': 'total_spin'}, arrays_keys={'forces': 'REF_forces', 'charges': 'REF_charges'})
2026-03-24 13:00:55.995 INFO: =============    Processing head Default     ===========
2026-03-24 13:00:56.041 INFO: Training set 1/1 [energy: 16, stress: 0, virials: 0, dipole components: 0, head: 16, elec_temp: 0, total_charge: 0, polarizability: 0, total_spin: 0, forces: 16, charges: 0]
2026-03-24 13:00:56.041 INFO: Total Training set [energy: 16, stress: 0, virials: 0, dipole components: 0, head: 16, elec_temp: 0, total_charge: 0, polarizability: 0, total_spin: 0, forces: 16, charges: 0]
2026-03-24 13:00:56.058 INFO: Validation set 1/1 [energy: 4, stress: 0, virials: 0, dipole components: 0, head: 4, elec_temp: 0, total_charge: 0, polarizability: 0, total_spin: 0, forces: 4, charges: 0]
2026-03-24 13:00:56.058 INFO: Total Validation set [energy: 4, stress: 0, virials: 0, dipole components: 0, head: 4, elec_temp: 0, total_charge: 0, polarizability: 0, total_spin: 0, forces: 4, charges: 0]
2026-03-24 13:00:56.058 INFO: Total number of configurations: train=16, valid=4, tests=[],
2026-03-24 13:00:56.058 WARNING: Validation batch size (10) is larger than the number of validation data (4)
2026-03-24 13:00:56.060 INFO: Atomic Numbers used: [np.int64(3), np.int64(8), np.int64(40), np.int64(57)]
2026-03-24 13:00:56.060 INFO: Isolated Atomic Energies (E0s) not in training file, using command line argument
2026-03-24 13:00:56.060 INFO: Atomic Energies used (z: eV) for head Default: {3: -190.7590256408, 8: -442.9888796243, 40: -1380.1817128081, 57: -958.0774205521}
2026-03-24 13:00:56.060 INFO: Processing datasets for head 'Default'
2026-03-24 13:00:56.241 INFO: Combining 1 list datasets for head 'Default'
2026-03-24 13:00:56.290 INFO: Combining 1 list datasets for head 'Default_valid'
2026-03-24 13:00:56.290 INFO: Combined validation datasets for Default
2026-03-24 13:00:56.290 INFO: Head 'Default' training dataset size: 16
2026-03-24 13:00:56.291 INFO: Computing average number of neighbors
2026-03-24 13:00:56.326 INFO: Average number of neighbors: 61.65446853637695
2026-03-24 13:00:56.326 INFO: During training the following quantities will be reported: energy, forces
2026-03-24 13:00:56.326 INFO: ===========MODEL DETAILS===========
2026-03-24 13:00:56.351 INFO: Loading FOUNDATION model
2026-03-24 13:00:56.351 INFO: Using filtered elements: [np.int64(3), np.int64(8), np.int64(40), np.int64(57)]
2026-03-24 13:00:56.352 INFO: Model configuration extracted from foundation model
2026-03-24 13:00:56.352 INFO: Using weighted loss function for fine-tuning
2026-03-24 13:00:56.352 INFO: Message passing with hidden irreps 128x0e+128x1o)
2026-03-24 13:00:56.352 INFO: 2 layers, each with correlation order: 3 (body order: 4) and spherical harmonics up to: l=3
2026-03-24 13:00:56.352 INFO: Radial cutoff: 6.0 A (total receptive field for each atom: 12.0 A)
2026-03-24 13:00:56.352 INFO: Distance transform for radial basis functions: Agnesi
2026-03-24 13:00:57.595 INFO: Injecting LoRA layers with rank=5 and alpha=1.0
2026-03-24 13:00:57.596 INFO: Original model has 848814 trainable parameters.
2026-03-24 13:00:58.100 INFO: Model with LoRA has 885694 trainable parameters.
2026-03-24 13:00:58.100 INFO: ===========OPTIMIZER INFORMATION===========
2026-03-24 13:00:58.100 INFO: Using ADAM as parameter optimizer
2026-03-24 13:00:58.100 INFO: Batch size: 2
2026-03-24 13:00:58.100 INFO: Number of gradient updates: 960
2026-03-24 13:00:58.100 INFO: Learning rate: 1e-06, weight decay: 5e-07
2026-03-24 13:00:58.100 INFO: WeightedEnergyForcesLoss(energy_weight=1.000, forces_weight=10.000)
2026-03-24 13:00:58.100 INFO: === Layer's learning rates ===
2026-03-24 13:00:58.101 INFO: Param group 0: lr = 1e-06
2026-03-24 13:00:58.101 INFO: Param group 1: lr = 1e-06
2026-03-24 13:00:58.101 INFO: Param group 2: lr = 1e-06
2026-03-24 13:00:58.101 INFO: Param group 3: lr = 1e-06
2026-03-24 13:00:58.101 INFO: Param group 4: lr = 1e-06
2026-03-24 13:00:58.101 WARNING: Cannot find checkpoint with tag 'mace_fps_split2_run-2' in './checkpoints'
2026-03-24 13:00:58.101 INFO: Using gradient clipping with tolerance=10.000
2026-03-24 13:00:58.101 INFO: 
2026-03-24 13:00:58.101 INFO: ===========TRAINING===========
2026-03-24 13:00:58.101 INFO: Started training, reporting errors on validation set
2026-03-24 13:00:58.102 INFO: Loss metrics on validation set
2026-03-24 13:00:58.988 INFO: Initial: head: Default, loss=0.15088858, RMSE_E_per_atom=  600.64 meV, RMSE_F=  155.82 meV / A
2026-03-24 13:01:08.610 INFO: Epoch 0: head: Default, loss=0.15086704, RMSE_E_per_atom=  600.78 meV, RMSE_F=  155.73 meV / A
2026-03-24 13:01:14.279 INFO: Epoch 1: head: Default, loss=0.15076578, RMSE_E_per_atom=  600.66 meV, RMSE_F=  155.65 meV / A
2026-03-24 13:01:19.558 INFO: Epoch 2: head: Default, loss=0.15061000, RMSE_E_per_atom=  600.36 meV, RMSE_F=  155.57 meV / A
2026-03-24 13:01:33.009 INFO: ===========VERIFYING SETTINGS===========
2026-03-24 13:01:33.009 INFO: MACE version: 0.3.15
2026-03-24 13:01:33.038 INFO: CUDA version: 12.8, CUDA device: 0
2026-03-24 13:01:33.268 INFO: Using foundation model /home/mehuldarak/MACE_models/universal_09072025/mace-omat-0-medium.model as initial checkpoint.
2026-03-24 13:01:33.269 WARNING: Using multiheads finetuning with a foundation model that is not a Materials Project model, need to provied a path to a pretraining file with --pt_train_file.
2026-03-24 13:01:33.269 INFO: ===========LOADING INPUT DATA===========
2026-03-24 13:01:33.269 INFO: Using heads: ['Default']
2026-03-24 13:01:33.269 INFO: Using the key specifications to parse data:
2026-03-24 13:01:33.269 INFO: Default: KeySpecification(info_keys={'energy': 'REF_energy', 'stress': 'REF_stress', 'virials': 'REF_virials', 'dipole': 'dipole', 'head': 'head', 'elec_temp': 'elec_temp', 'total_charge': 'total_charge', 'polarizability': 'polarizability', 'total_spin': 'total_spin'}, arrays_keys={'forces': 'REF_forces', 'charges': 'REF_charges'})
2026-03-24 13:01:33.269 INFO: =============    Processing head Default     ===========
2026-03-24 13:01:33.316 INFO: Training set 1/1 [energy: 16, stress: 0, virials: 0, dipole components: 0, head: 16, elec_temp: 0, total_charge: 0, polarizability: 0, total_spin: 0, forces: 16, charges: 0]
2026-03-24 13:01:33.316 INFO: Total Training set [energy: 16, stress: 0, virials: 0, dipole components: 0, head: 16, elec_temp: 0, total_charge: 0, polarizability: 0, total_spin: 0, forces: 16, charges: 0]
2026-03-24 13:01:33.333 INFO: Validation set 1/1 [energy: 4, stress: 0, virials: 0, dipole components: 0, head: 4, elec_temp: 0, total_charge: 0, polarizability: 0, total_spin: 0, forces: 4, charges: 0]
2026-03-24 13:01:33.333 INFO: Total Validation set [energy: 4, stress: 0, virials: 0, dipole components: 0, head: 4, elec_temp: 0, total_charge: 0, polarizability: 0, total_spin: 0, forces: 4, charges: 0]
2026-03-24 13:01:33.333 INFO: Total number of configurations: train=16, valid=4, tests=[],
2026-03-24 13:01:33.333 WARNING: Validation batch size (10) is larger than the number of validation data (4)
2026-03-24 13:01:33.335 INFO: Atomic Numbers used: [np.int64(3), np.int64(8), np.int64(40), np.int64(57)]
2026-03-24 13:01:33.335 INFO: Isolated Atomic Energies (E0s) not in training file, using command line argument
2026-03-24 13:01:33.335 INFO: Atomic Energies used (z: eV) for head Default: {3: -190.7590256408, 8: -442.9888796243, 40: -1380.1817128081, 57: -958.0774205521}
2026-03-24 13:01:33.335 INFO: Processing datasets for head 'Default'
2026-03-24 13:01:33.517 INFO: Combining 1 list datasets for head 'Default'
2026-03-24 13:01:33.567 INFO: Combining 1 list datasets for head 'Default_valid'
2026-03-24 13:01:33.567 INFO: Combined validation datasets for Default
2026-03-24 13:01:33.567 INFO: Head 'Default' training dataset size: 16
2026-03-24 13:01:33.568 INFO: Computing average number of neighbors
2026-03-24 13:01:33.603 INFO: Average number of neighbors: 61.65446853637695
2026-03-24 13:01:33.604 INFO: During training the following quantities will be reported: energy, forces
2026-03-24 13:01:33.604 INFO: ===========MODEL DETAILS===========
2026-03-24 13:01:33.627 INFO: Loading FOUNDATION model
2026-03-24 13:01:33.628 INFO: Using filtered elements: [np.int64(3), np.int64(8), np.int64(40), np.int64(57)]
2026-03-24 13:01:33.628 INFO: Model configuration extracted from foundation model
2026-03-24 13:01:33.628 INFO: Using weighted loss function for fine-tuning
2026-03-24 13:01:33.628 INFO: Message passing with hidden irreps 128x0e+128x1o)
2026-03-24 13:01:33.628 INFO: 2 layers, each with correlation order: 3 (body order: 4) and spherical harmonics up to: l=3
2026-03-24 13:01:33.628 INFO: Radial cutoff: 6.0 A (total receptive field for each atom: 12.0 A)
2026-03-24 13:01:33.628 INFO: Distance transform for radial basis functions: Agnesi
2026-03-24 13:01:34.881 INFO: Injecting LoRA layers with rank=5 and alpha=1.0
2026-03-24 13:01:34.882 INFO: Original model has 848814 trainable parameters.
2026-03-24 13:01:35.393 INFO: Model with LoRA has 885694 trainable parameters.
2026-03-24 13:01:35.393 INFO: ===========OPTIMIZER INFORMATION===========
2026-03-24 13:01:35.393 INFO: Using ADAM as parameter optimizer
2026-03-24 13:01:35.393 INFO: Batch size: 2
2026-03-24 13:01:35.393 INFO: Number of gradient updates: 960
2026-03-24 13:01:35.393 INFO: Learning rate: 1e-05, weight decay: 5e-07
2026-03-24 13:01:35.393 INFO: WeightedEnergyForcesLoss(energy_weight=1.000, forces_weight=10.000)
2026-03-24 13:01:35.394 INFO: === Layer's learning rates ===
2026-03-24 13:01:35.394 INFO: Param group 0: lr = 1e-05
2026-03-24 13:01:35.394 INFO: Param group 1: lr = 1e-05
2026-03-24 13:01:35.394 INFO: Param group 2: lr = 1e-05
2026-03-24 13:01:35.394 INFO: Param group 3: lr = 1e-05
2026-03-24 13:01:35.394 INFO: Param group 4: lr = 1e-05
2026-03-24 13:01:35.394 WARNING: No SWA checkpoint found, while SWA is enabled. Compare the swa_start parameter and the latest checkpoint.
2026-03-24 13:01:35.394 INFO: Loading checkpoint: ./checkpoints/mace_fps_split2_run-2_epoch-2.pt
2026-03-24 13:01:35.434 INFO: Using gradient clipping with tolerance=10.000
2026-03-24 13:01:35.434 INFO: 
2026-03-24 13:01:35.434 INFO: ===========TRAINING===========
2026-03-24 13:01:35.434 INFO: Started training, reporting errors on validation set
2026-03-24 13:01:35.434 INFO: Loss metrics on validation set
2026-03-24 13:01:36.312 INFO: Initial: head: Default, loss=0.15066747, RMSE_E_per_atom=  600.55 meV, RMSE_F=  155.57 meV / A
2026-03-24 13:01:45.915 INFO: Epoch 2: head: Default, loss=0.15056396, RMSE_E_per_atom=  600.42 meV, RMSE_F=  155.48 meV / A
2026-03-24 13:01:51.477 INFO: Epoch 3: head: Default, loss=0.15054725, RMSE_E_per_atom=  600.58 meV, RMSE_F=  155.40 meV / A
2026-03-24 15:50:55.899 INFO: ===========VERIFYING SETTINGS===========
2026-03-24 15:50:55.899 INFO: MACE version: 0.3.15
2026-03-24 15:50:55.918 INFO: CUDA version: 12.8, CUDA device: 0
2026-03-24 15:50:56.304 INFO: Using foundation model /home/mehuldarak/MACE_models/universal_09072025/mace-omat-0-medium.model as initial checkpoint.
2026-03-24 15:50:56.305 WARNING: Using multiheads finetuning with a foundation model that is not a Materials Project model, need to provied a path to a pretraining file with --pt_train_file.
2026-03-24 15:50:56.305 INFO: ===========LOADING INPUT DATA===========
2026-03-24 15:50:56.305 INFO: Using heads: ['Default']
2026-03-24 15:50:56.305 INFO: Using the key specifications to parse data:
2026-03-24 15:50:56.305 INFO: Default: KeySpecification(info_keys={'energy': 'REF_energy', 'stress': 'REF_stress', 'virials': 'REF_virials', 'dipole': 'dipole', 'head': 'head', 'elec_temp': 'elec_temp', 'total_charge': 'total_charge', 'polarizability': 'polarizability', 'total_spin': 'total_spin'}, arrays_keys={'forces': 'REF_forces', 'charges': 'REF_charges'})
2026-03-24 15:50:56.305 INFO: =============    Processing head Default     ===========
2026-03-24 15:50:56.352 INFO: Training set 1/1 [energy: 16, stress: 0, virials: 0, dipole components: 0, head: 16, elec_temp: 0, total_charge: 0, polarizability: 0, total_spin: 0, forces: 16, charges: 0]
2026-03-24 15:50:56.352 INFO: Total Training set [energy: 16, stress: 0, virials: 0, dipole components: 0, head: 16, elec_temp: 0, total_charge: 0, polarizability: 0, total_spin: 0, forces: 16, charges: 0]
2026-03-24 15:50:56.369 INFO: Validation set 1/1 [energy: 4, stress: 0, virials: 0, dipole components: 0, head: 4, elec_temp: 0, total_charge: 0, polarizability: 0, total_spin: 0, forces: 4, charges: 0]
2026-03-24 15:50:56.369 INFO: Total Validation set [energy: 4, stress: 0, virials: 0, dipole components: 0, head: 4, elec_temp: 0, total_charge: 0, polarizability: 0, total_spin: 0, forces: 4, charges: 0]
2026-03-24 15:50:56.369 INFO: Total number of configurations: train=16, valid=4, tests=[],
2026-03-24 15:50:56.369 WARNING: Validation batch size (10) is larger than the number of validation data (4)
2026-03-24 15:50:56.371 INFO: Atomic Numbers used: [np.int64(3), np.int64(8), np.int64(40), np.int64(57)]
2026-03-24 15:50:56.371 INFO: Isolated Atomic Energies (E0s) not in training file, using command line argument
2026-03-24 15:50:56.371 INFO: Atomic Energies used (z: eV) for head Default: {3: -190.7590256408, 8: -442.9888796243, 40: -1380.1817128081, 57: -958.0774205521}
2026-03-24 15:50:56.371 INFO: Processing datasets for head 'Default'
2026-03-24 15:50:56.567 INFO: Combining 1 list datasets for head 'Default'
2026-03-24 15:50:56.621 INFO: Combining 1 list datasets for head 'Default_valid'
2026-03-24 15:50:56.621 INFO: Combined validation datasets for Default
2026-03-24 15:50:56.621 INFO: Head 'Default' training dataset size: 16
2026-03-24 15:50:56.621 INFO: Computing average number of neighbors
2026-03-24 15:50:56.663 INFO: Average number of neighbors: 61.65446853637695
2026-03-24 15:50:56.663 INFO: During training the following quantities will be reported: energy, forces
2026-03-24 15:50:56.663 INFO: ===========MODEL DETAILS===========
2026-03-24 15:50:56.692 INFO: Loading FOUNDATION model
2026-03-24 15:50:56.692 INFO: Using filtered elements: [np.int64(3), np.int64(8), np.int64(40), np.int64(57)]
2026-03-24 15:50:56.692 INFO: Model configuration extracted from foundation model
2026-03-24 15:50:56.692 INFO: Using weighted loss function for fine-tuning
2026-03-24 15:50:56.692 INFO: Message passing with hidden irreps 128x0e+128x1o)
2026-03-24 15:50:56.692 INFO: 2 layers, each with correlation order: 3 (body order: 4) and spherical harmonics up to: l=3
2026-03-24 15:50:56.692 INFO: Radial cutoff: 6.0 A (total receptive field for each atom: 12.0 A)
2026-03-24 15:50:56.692 INFO: Distance transform for radial basis functions: Agnesi
2026-03-24 15:50:58.242 INFO: Injecting LoRA layers with rank=5 and alpha=1.0
2026-03-24 15:50:58.243 INFO: Original model has 848814 trainable parameters.
2026-03-24 15:50:58.908 INFO: Model with LoRA has 885694 trainable parameters.
2026-03-24 15:50:58.908 INFO: ===========OPTIMIZER INFORMATION===========
2026-03-24 15:50:58.908 INFO: Using ADAM as parameter optimizer
2026-03-24 15:50:58.908 INFO: Batch size: 2
2026-03-24 15:50:58.908 INFO: Number of gradient updates: 960
2026-03-24 15:50:58.908 INFO: Learning rate: 0.0005, weight decay: 5e-07
2026-03-24 15:50:58.908 INFO: WeightedEnergyForcesLoss(energy_weight=1.000, forces_weight=10.000)
2026-03-24 15:50:58.909 INFO: === Layer's learning rates ===
2026-03-24 15:50:58.909 INFO: Param group 0: lr = 0.0005
2026-03-24 15:50:58.909 INFO: Param group 1: lr = 0.0005
2026-03-24 15:50:58.909 INFO: Param group 2: lr = 0.0005
2026-03-24 15:50:58.909 INFO: Param group 3: lr = 0.0005
2026-03-24 15:50:58.909 INFO: Param group 4: lr = 0.0005
2026-03-24 15:50:58.910 WARNING: No SWA checkpoint found, while SWA is enabled. Compare the swa_start parameter and the latest checkpoint.
2026-03-24 15:50:58.910 INFO: Loading checkpoint: ./checkpoints/mace_fps_split2_run-2_epoch-3.pt
2026-03-24 15:50:59.592 INFO: Using gradient clipping with tolerance=10.000
2026-03-24 15:50:59.592 INFO: 
2026-03-24 15:50:59.592 INFO: ===========TRAINING===========
2026-03-24 15:50:59.592 INFO: Started training, reporting errors on validation set
2026-03-24 15:50:59.592 INFO: Loss metrics on validation set
2026-03-24 15:51:01.021 INFO: Initial: head: Default, loss=0.15052959, RMSE_E_per_atom=  600.52 meV, RMSE_F=  155.40 meV / A
2026-03-24 15:51:19.387 INFO: Epoch 3: head: Default, loss=0.15044463, RMSE_E_per_atom=  600.45 meV, RMSE_F=  155.32 meV / A
2026-03-24 15:51:41.223 INFO: ===========VERIFYING SETTINGS===========
2026-03-24 15:51:41.223 INFO: MACE version: 0.3.15
2026-03-24 15:51:41.242 INFO: CUDA version: 12.8, CUDA device: 0
2026-03-24 15:51:41.661 INFO: Using foundation model /home/mehuldarak/MACE_models/universal_09072025/mace-omat-0-medium.model as initial checkpoint.
2026-03-24 15:51:41.662 WARNING: Using multiheads finetuning with a foundation model that is not a Materials Project model, need to provied a path to a pretraining file with --pt_train_file.
2026-03-24 15:51:41.662 INFO: ===========LOADING INPUT DATA===========
2026-03-24 15:51:41.662 INFO: Using heads: ['Default']
2026-03-24 15:51:41.662 INFO: Using the key specifications to parse data:
2026-03-24 15:51:41.662 INFO: Default: KeySpecification(info_keys={'energy': 'REF_energy', 'stress': 'REF_stress', 'virials': 'REF_virials', 'dipole': 'dipole', 'head': 'head', 'elec_temp': 'elec_temp', 'total_charge': 'total_charge', 'polarizability': 'polarizability', 'total_spin': 'total_spin'}, arrays_keys={'forces': 'REF_forces', 'charges': 'REF_charges'})
2026-03-24 15:51:41.662 INFO: =============    Processing head Default     ===========
2026-03-24 15:51:41.709 INFO: Training set 1/1 [energy: 16, stress: 0, virials: 0, dipole components: 0, head: 16, elec_temp: 0, total_charge: 0, polarizability: 0, total_spin: 0, forces: 16, charges: 0]
2026-03-24 15:51:41.709 INFO: Total Training set [energy: 16, stress: 0, virials: 0, dipole components: 0, head: 16, elec_temp: 0, total_charge: 0, polarizability: 0, total_spin: 0, forces: 16, charges: 0]
2026-03-24 15:51:41.726 INFO: Validation set 1/1 [energy: 4, stress: 0, virials: 0, dipole components: 0, head: 4, elec_temp: 0, total_charge: 0, polarizability: 0, total_spin: 0, forces: 4, charges: 0]
2026-03-24 15:51:41.726 INFO: Total Validation set [energy: 4, stress: 0, virials: 0, dipole components: 0, head: 4, elec_temp: 0, total_charge: 0, polarizability: 0, total_spin: 0, forces: 4, charges: 0]
2026-03-24 15:51:41.726 INFO: Total number of configurations: train=16, valid=4, tests=[],
2026-03-24 15:51:41.727 WARNING: Validation batch size (10) is larger than the number of validation data (4)
2026-03-24 15:51:41.728 INFO: Atomic Numbers used: [np.int64(3), np.int64(8), np.int64(40), np.int64(57)]
2026-03-24 15:51:41.728 INFO: Isolated Atomic Energies (E0s) not in training file, using command line argument
2026-03-24 15:51:41.728 INFO: Atomic Energies used (z: eV) for head Default: {3: -190.7590256408, 8: -442.9888796243, 40: -1380.1817128081, 57: -958.0774205521}
2026-03-24 15:51:41.728 INFO: Processing datasets for head 'Default'
2026-03-24 15:51:41.913 INFO: Combining 1 list datasets for head 'Default'
2026-03-24 15:51:41.966 INFO: Combining 1 list datasets for head 'Default_valid'
2026-03-24 15:51:41.966 INFO: Combined validation datasets for Default
2026-03-24 15:51:41.966 INFO: Head 'Default' training dataset size: 16
2026-03-24 15:51:41.966 INFO: Computing average number of neighbors
2026-03-24 15:51:42.002 INFO: Average number of neighbors: 61.65446853637695
2026-03-24 15:51:42.002 INFO: During training the following quantities will be reported: energy, forces
2026-03-24 15:51:42.002 INFO: ===========MODEL DETAILS===========
2026-03-24 15:51:42.026 INFO: Loading FOUNDATION model
2026-03-24 15:51:42.026 INFO: Using filtered elements: [np.int64(3), np.int64(8), np.int64(40), np.int64(57)]
2026-03-24 15:51:42.026 INFO: Model configuration extracted from foundation model
2026-03-24 15:51:42.026 INFO: Using weighted loss function for fine-tuning
2026-03-24 15:51:42.027 INFO: Message passing with hidden irreps 128x0e+128x1o)
2026-03-24 15:51:42.027 INFO: 2 layers, each with correlation order: 3 (body order: 4) and spherical harmonics up to: l=3
2026-03-24 15:51:42.027 INFO: Radial cutoff: 6.0 A (total receptive field for each atom: 12.0 A)
2026-03-24 15:51:42.027 INFO: Distance transform for radial basis functions: Agnesi
2026-03-24 15:51:43.505 INFO: Injecting LoRA layers with rank=5 and alpha=1.0
2026-03-24 15:51:43.506 INFO: Original model has 848814 trainable parameters.
2026-03-24 15:51:44.140 INFO: Model with LoRA has 885694 trainable parameters.
2026-03-24 15:51:44.140 INFO: ===========OPTIMIZER INFORMATION===========
2026-03-24 15:51:44.140 INFO: Using ADAM as parameter optimizer
2026-03-24 15:51:44.140 INFO: Batch size: 2
2026-03-24 15:51:44.140 INFO: Number of gradient updates: 960
2026-03-24 15:51:44.140 INFO: Learning rate: 0.05, weight decay: 5e-07
2026-03-24 15:51:44.141 INFO: WeightedEnergyForcesLoss(energy_weight=1.000, forces_weight=10.000)
2026-03-24 15:51:44.141 INFO: === Layer's learning rates ===
2026-03-24 15:51:44.142 INFO: Param group 0: lr = 0.05
2026-03-24 15:51:44.142 INFO: Param group 1: lr = 0.05
2026-03-24 15:51:44.142 INFO: Param group 2: lr = 0.05
2026-03-24 15:51:44.142 INFO: Param group 3: lr = 0.05
2026-03-24 15:51:44.142 INFO: Param group 4: lr = 0.05
2026-03-24 15:51:44.142 WARNING: No SWA checkpoint found, while SWA is enabled. Compare the swa_start parameter and the latest checkpoint.
2026-03-24 15:51:44.142 INFO: Loading checkpoint: ./checkpoints/mace_fps_split2_run-2_epoch-3.pt
2026-03-24 15:51:44.873 INFO: Using gradient clipping with tolerance=10.000
2026-03-24 15:51:44.873 INFO: 
2026-03-24 15:51:44.873 INFO: ===========TRAINING===========
2026-03-24 15:51:44.873 INFO: Started training, reporting errors on validation set
2026-03-24 15:51:44.873 INFO: Loss metrics on validation set
2026-03-24 15:51:46.416 INFO: Initial: head: Default, loss=0.15044731, RMSE_E_per_atom=  600.45 meV, RMSE_F=  155.32 meV / A
2026-03-24 15:52:04.411 INFO: Epoch 3: head: Default, loss=0.15038648, RMSE_E_per_atom=  600.46 meV, RMSE_F=  155.24 meV / A
2026-03-24 15:52:29.393 INFO: ===========VERIFYING SETTINGS===========
2026-03-24 15:52:29.393 INFO: MACE version: 0.3.15
2026-03-24 15:52:29.411 INFO: CUDA version: 12.8, CUDA device: 0
2026-03-24 15:52:29.790 INFO: Using foundation model /home/mehuldarak/MACE_models/universal_09072025/mace-omat-0-medium.model as initial checkpoint.
2026-03-24 15:52:29.791 WARNING: Using multiheads finetuning with a foundation model that is not a Materials Project model, need to provied a path to a pretraining file with --pt_train_file.
2026-03-24 15:52:29.791 INFO: ===========LOADING INPUT DATA===========
2026-03-24 15:52:29.791 INFO: Using heads: ['Default']
2026-03-24 15:52:29.791 INFO: Using the key specifications to parse data:
2026-03-24 15:52:29.791 INFO: Default: KeySpecification(info_keys={'energy': 'REF_energy', 'stress': 'REF_stress', 'virials': 'REF_virials', 'dipole': 'dipole', 'head': 'head', 'elec_temp': 'elec_temp', 'total_charge': 'total_charge', 'polarizability': 'polarizability', 'total_spin': 'total_spin'}, arrays_keys={'forces': 'REF_forces', 'charges': 'REF_charges'})
2026-03-24 15:52:29.791 INFO: =============    Processing head Default     ===========
2026-03-24 15:52:29.838 INFO: Training set 1/1 [energy: 16, stress: 0, virials: 0, dipole components: 0, head: 16, elec_temp: 0, total_charge: 0, polarizability: 0, total_spin: 0, forces: 16, charges: 0]
2026-03-24 15:52:29.838 INFO: Total Training set [energy: 16, stress: 0, virials: 0, dipole components: 0, head: 16, elec_temp: 0, total_charge: 0, polarizability: 0, total_spin: 0, forces: 16, charges: 0]
2026-03-24 15:52:29.855 INFO: Validation set 1/1 [energy: 4, stress: 0, virials: 0, dipole components: 0, head: 4, elec_temp: 0, total_charge: 0, polarizability: 0, total_spin: 0, forces: 4, charges: 0]
2026-03-24 15:52:29.856 INFO: Total Validation set [energy: 4, stress: 0, virials: 0, dipole components: 0, head: 4, elec_temp: 0, total_charge: 0, polarizability: 0, total_spin: 0, forces: 4, charges: 0]
2026-03-24 15:52:29.856 INFO: Total number of configurations: train=16, valid=4, tests=[],
2026-03-24 15:52:29.856 WARNING: Validation batch size (10) is larger than the number of validation data (4)
2026-03-24 15:52:29.857 INFO: Atomic Numbers used: [np.int64(3), np.int64(8), np.int64(40), np.int64(57)]
2026-03-24 15:52:29.857 INFO: Isolated Atomic Energies (E0s) not in training file, using command line argument
2026-03-24 15:52:29.857 INFO: Atomic Energies used (z: eV) for head Default: {3: -190.7590256408, 8: -442.9888796243, 40: -1380.1817128081, 57: -958.0774205521}
2026-03-24 15:52:29.857 INFO: Processing datasets for head 'Default'
2026-03-24 15:52:30.044 INFO: Combining 1 list datasets for head 'Default'
2026-03-24 15:52:30.093 INFO: Combining 1 list datasets for head 'Default_valid'
2026-03-24 15:52:30.093 INFO: Combined validation datasets for Default
2026-03-24 15:52:30.093 INFO: Head 'Default' training dataset size: 16
2026-03-24 15:52:30.094 INFO: Computing average number of neighbors
2026-03-24 15:52:30.130 INFO: Average number of neighbors: 61.65446853637695
2026-03-24 15:52:30.130 INFO: During training the following quantities will be reported: energy, forces
2026-03-24 15:52:30.130 INFO: ===========MODEL DETAILS===========
2026-03-24 15:52:30.154 INFO: Loading FOUNDATION model
2026-03-24 15:52:30.154 INFO: Using filtered elements: [np.int64(3), np.int64(8), np.int64(40), np.int64(57)]
2026-03-24 15:52:30.154 INFO: Model configuration extracted from foundation model
2026-03-24 15:52:30.154 INFO: Using weighted loss function for fine-tuning
2026-03-24 15:52:30.155 INFO: Message passing with hidden irreps 128x0e+128x1o)
2026-03-24 15:52:30.155 INFO: 2 layers, each with correlation order: 3 (body order: 4) and spherical harmonics up to: l=3
2026-03-24 15:52:30.155 INFO: Radial cutoff: 6.0 A (total receptive field for each atom: 12.0 A)
2026-03-24 15:52:30.155 INFO: Distance transform for radial basis functions: Agnesi
2026-03-24 15:52:31.743 INFO: Injecting LoRA layers with rank=5 and alpha=1.0
2026-03-24 15:52:31.744 INFO: Original model has 848814 trainable parameters.
2026-03-24 15:52:32.379 INFO: Model with LoRA has 885694 trainable parameters.
2026-03-24 15:52:32.379 INFO: ===========OPTIMIZER INFORMATION===========
2026-03-24 15:52:32.379 INFO: Using ADAM as parameter optimizer
2026-03-24 15:52:32.379 INFO: Batch size: 2
2026-03-24 15:52:32.379 INFO: Number of gradient updates: 960
2026-03-24 15:52:32.379 INFO: Learning rate: 0.05, weight decay: 5e-07
2026-03-24 15:52:32.379 INFO: WeightedEnergyForcesLoss(energy_weight=1.000, forces_weight=10.000)
2026-03-24 15:52:32.380 INFO: === Layer's learning rates ===
2026-03-24 15:52:32.380 INFO: Param group 0: lr = 0.05
2026-03-24 15:52:32.380 INFO: Param group 1: lr = 0.05
2026-03-24 15:52:32.380 INFO: Param group 2: lr = 0.05
2026-03-24 15:52:32.380 INFO: Param group 3: lr = 0.05
2026-03-24 15:52:32.380 INFO: Param group 4: lr = 0.05
2026-03-24 15:52:32.381 WARNING: No SWA checkpoint found, while SWA is enabled. Compare the swa_start parameter and the latest checkpoint.
2026-03-24 15:52:32.381 INFO: Loading checkpoint: ./checkpoints/mace_fps_split2_run-2_epoch-3.pt
2026-03-24 15:52:33.034 INFO: Using gradient clipping with tolerance=10.000
2026-03-24 15:52:33.034 INFO: 
2026-03-24 15:52:33.034 INFO: ===========TRAINING===========
2026-03-24 15:52:33.034 INFO: Started training, reporting errors on validation set
2026-03-24 15:52:33.034 INFO: Loss metrics on validation set
2026-03-24 15:52:34.521 INFO: Initial: head: Default, loss=0.15041634, RMSE_E_per_atom=  600.56 meV, RMSE_F=  155.24 meV / A
2026-03-24 15:52:52.824 INFO: Epoch 3: head: Default, loss=0.15031230, RMSE_E_per_atom=  600.43 meV, RMSE_F=  155.16 meV / A
2026-03-24 15:53:06.596 INFO: Epoch 4: head: Default, loss=0.15016419, RMSE_E_per_atom=  600.15 meV, RMSE_F=  155.07 meV / A
2026-03-24 15:53:19.987 INFO: Epoch 5: head: Default, loss=0.15020536, RMSE_E_per_atom=  600.50 meV, RMSE_F=  154.99 meV / A
2026-03-24 15:53:33.381 INFO: Epoch 6: head: Default, loss=0.15007785, RMSE_E_per_atom=  600.29 meV, RMSE_F=  154.91 meV / A
2026-03-24 15:53:46.722 INFO: Epoch 7: head: Default, loss=0.15002325, RMSE_E_per_atom=  600.33 meV, RMSE_F=  154.82 meV / A
2026-03-24 15:54:00.296 INFO: Epoch 8: head: Default, loss=0.14991294, RMSE_E_per_atom=  600.18 meV, RMSE_F=  154.74 meV / A
2026-03-24 18:11:56.008 INFO: ===========VERIFYING SETTINGS===========
2026-03-24 18:11:56.008 INFO: MACE version: 0.3.15
2026-03-24 18:11:56.034 INFO: CUDA version: 12.8, CUDA device: 0
2026-03-24 18:11:56.257 INFO: Using foundation model /home/mehuldarak/MACE_models/universal_09072025/mace-omat-0-medium.model as initial checkpoint.
2026-03-24 18:11:56.258 WARNING: Using multiheads finetuning with a foundation model that is not a Materials Project model, need to provied a path to a pretraining file with --pt_train_file.
2026-03-24 18:11:56.258 INFO: ===========LOADING INPUT DATA===========
2026-03-24 18:11:56.258 INFO: Using heads: ['Default']
2026-03-24 18:11:56.258 INFO: Using the key specifications to parse data:
2026-03-24 18:11:56.258 INFO: Default: KeySpecification(info_keys={'energy': 'REF_energy', 'stress': 'REF_stress', 'virials': 'REF_virials', 'dipole': 'dipole', 'head': 'head', 'elec_temp': 'elec_temp', 'total_charge': 'total_charge', 'polarizability': 'polarizability', 'total_spin': 'total_spin'}, arrays_keys={'forces': 'REF_forces', 'charges': 'REF_charges'})
2026-03-24 18:11:56.258 INFO: =============    Processing head Default     ===========
2026-03-24 18:11:56.304 INFO: Training set 1/1 [energy: 16, stress: 0, virials: 0, dipole components: 0, head: 16, elec_temp: 0, total_charge: 0, polarizability: 0, total_spin: 0, forces: 16, charges: 0]
2026-03-24 18:11:56.304 INFO: Total Training set [energy: 16, stress: 0, virials: 0, dipole components: 0, head: 16, elec_temp: 0, total_charge: 0, polarizability: 0, total_spin: 0, forces: 16, charges: 0]
2026-03-24 18:11:56.322 INFO: Validation set 1/1 [energy: 4, stress: 0, virials: 0, dipole components: 0, head: 4, elec_temp: 0, total_charge: 0, polarizability: 0, total_spin: 0, forces: 4, charges: 0]
2026-03-24 18:11:56.322 INFO: Total Validation set [energy: 4, stress: 0, virials: 0, dipole components: 0, head: 4, elec_temp: 0, total_charge: 0, polarizability: 0, total_spin: 0, forces: 4, charges: 0]
2026-03-24 18:11:56.322 INFO: Total number of configurations: train=16, valid=4, tests=[],
2026-03-24 18:11:56.322 WARNING: Validation batch size (10) is larger than the number of validation data (4)
2026-03-24 18:11:56.323 INFO: Atomic Numbers used: [np.int64(3), np.int64(8), np.int64(40), np.int64(57)]
2026-03-24 18:11:56.323 INFO: Isolated Atomic Energies (E0s) not in training file, using command line argument
2026-03-24 18:11:56.323 INFO: Atomic Energies used (z: eV) for head Default: {3: -190.7590256408, 8: -442.9888796243, 40: -1380.1817128081, 57: -958.0774205521}
2026-03-24 18:11:56.323 INFO: Processing datasets for head 'Default'
2026-03-24 18:11:56.509 INFO: Combining 1 list datasets for head 'Default'
2026-03-24 18:11:56.558 INFO: Combining 1 list datasets for head 'Default_valid'
2026-03-24 18:11:56.558 INFO: Combined validation datasets for Default
2026-03-24 18:11:56.558 INFO: Head 'Default' training dataset size: 16
2026-03-24 18:11:56.559 INFO: Computing average number of neighbors
2026-03-24 18:11:56.593 INFO: Average number of neighbors: 61.65446853637695
2026-03-24 18:11:56.593 INFO: During training the following quantities will be reported: energy, forces
2026-03-24 18:11:56.593 INFO: ===========MODEL DETAILS===========
2026-03-24 18:11:56.616 INFO: Loading FOUNDATION model
2026-03-24 18:11:56.617 INFO: Using filtered elements: [np.int64(3), np.int64(8), np.int64(40), np.int64(57)]
2026-03-24 18:11:56.617 INFO: Model configuration extracted from foundation model
2026-03-24 18:11:56.617 INFO: Using weighted loss function for fine-tuning
2026-03-24 18:11:56.617 INFO: Message passing with hidden irreps 128x0e+128x1o)
2026-03-24 18:11:56.617 INFO: 2 layers, each with correlation order: 3 (body order: 4) and spherical harmonics up to: l=3
2026-03-24 18:11:56.618 INFO: Radial cutoff: 6.0 A (total receptive field for each atom: 12.0 A)
2026-03-24 18:11:56.618 INFO: Distance transform for radial basis functions: Agnesi
2026-03-24 18:11:57.885 INFO: Injecting LoRA layers with rank=5 and alpha=1.0
2026-03-24 18:11:57.885 INFO: Original model has 848814 trainable parameters.
2026-03-24 18:11:58.439 INFO: Model with LoRA has 885694 trainable parameters.
2026-03-24 18:11:58.439 INFO: ===========OPTIMIZER INFORMATION===========
2026-03-24 18:11:58.439 INFO: Using ADAM as parameter optimizer
2026-03-24 18:11:58.439 INFO: Batch size: 2
2026-03-24 18:11:58.439 INFO: Number of gradient updates: 960
2026-03-24 18:11:58.439 INFO: Learning rate: 0.005, weight decay: 5e-07
2026-03-24 18:11:58.439 INFO: WeightedEnergyForcesLoss(energy_weight=1.000, forces_weight=10.000)
2026-03-24 18:11:58.440 INFO: === Layer's learning rates ===
2026-03-24 18:11:58.440 INFO: Param group 0: lr = 0.005
2026-03-24 18:11:58.441 INFO: Param group 1: lr = 0.005
2026-03-24 18:11:58.441 INFO: Param group 2: lr = 0.005
2026-03-24 18:11:58.441 INFO: Param group 3: lr = 0.005
2026-03-24 18:11:58.441 INFO: Param group 4: lr = 0.005
2026-03-24 18:11:58.441 WARNING: No SWA checkpoint found, while SWA is enabled. Compare the swa_start parameter and the latest checkpoint.
2026-03-24 18:11:58.441 INFO: Loading checkpoint: ./checkpoints/mace_fps_split2_run-2_epoch-8.pt
2026-03-24 18:11:58.496 INFO: Using gradient clipping with tolerance=10.000
2026-03-24 18:11:58.497 INFO: 
2026-03-24 18:11:58.497 INFO: ===========TRAINING===========
2026-03-24 18:11:58.497 INFO: Started training, reporting errors on validation set
2026-03-24 18:11:58.497 INFO: Loss metrics on validation set
2026-03-24 18:11:59.414 INFO: Initial: head: Default, loss=0.14996724, RMSE_E_per_atom=  600.36 meV, RMSE_F=  154.74 meV / A
2026-03-24 18:12:09.086 INFO: Epoch 8: head: Default, loss=0.14985211, RMSE_E_per_atom=  600.19 meV, RMSE_F=  154.66 meV / A
2026-03-24 18:12:14.683 INFO: Epoch 9: head: Default, loss=0.14987102, RMSE_E_per_atom=  600.46 meV, RMSE_F=  154.57 meV / A
2026-03-24 18:12:19.899 INFO: Epoch 10: head: Default, loss=0.14972827, RMSE_E_per_atom=  600.20 meV, RMSE_F=  154.49 meV / A
2026-03-24 18:12:25.148 INFO: Epoch 11: head: Default, loss=0.14963461, RMSE_E_per_atom=  600.11 meV, RMSE_F=  154.41 meV / A
2026-03-24 18:12:30.389 INFO: Epoch 12: head: Default, loss=0.14951232, RMSE_E_per_atom=  599.91 meV, RMSE_F=  154.32 meV / A
