2026-03-25 00:37:48.117 INFO: ===========VERIFYING SETTINGS===========
2026-03-25 00:37:48.118 INFO: MACE version: 0.3.15
2026-03-25 00:37:48.118 DEBUG: Configuration: Namespace(config=None, name='mace_fps_split9', seed=1, work_dir='.', log_dir='./logs', model_dir='.', checkpoints_dir='./checkpoints', results_dir='./results', downloads_dir='./downloads', device='cuda', default_dtype='float32', distributed=False, launcher='slurm', log_level='INFO', plot=True, plot_frequency=0, plot_interaction_e=False, error_table='PerAtomRMSE', model='MACE', r_max=5.0, radial_type='bessel', num_radial_basis=8, num_cutoff_basis=5, pair_repulsion=False, distance_transform='None', apply_cutoff=True, use_last_readout_only=False, use_embedding_readout=False, interaction='RealAgnosticResidualInteractionBlock', interaction_first='RealAgnosticResidualInteractionBlock', max_ell=3, correlation=3, use_reduced_cg=False, use_so3=False, use_agnostic_product=False, num_interactions=2, MLP_irreps='16x0e', radial_MLP='[64, 64, 64]', hidden_irreps='128x0e + 128x1o', edge_irreps=None, num_channels=128, max_L=1, gate='silu', kspace_cutoff_factor=1.5, atomic_multipoles_max_l=0, atomic_multipoles_smearing_width=1.0, field_feature_max_l=0, field_feature_widths='[1.0]', field_feature_norms=None, num_recursion_steps=1, field_si=False, include_electrostatic_self_interaction=False, add_local_electron_energy=False, quadrupole_feature_corrections=False, return_electrostatic_potentials=False, field_norm_factor=0.02, fixedpoint_update_config=None, field_readout_config=None, scaling='rms_forces_scaling', avg_num_neighbors=1, compute_avg_num_neighbors=True, compute_stress=False, compute_forces=True, compute_polarizability=False, compute_atomic_dipole=False, train_file='/home/mehuldarak/athena/fps_dftfe_data/split_9/fps_dftfe_split_9_train.extxyz', valid_file='/home/mehuldarak/athena/fps_dftfe_data/split_9/fps_dftfe_split_9_val.extxyz', valid_fraction=0.1, test_file=None, test_dir=None, multi_processed_test=False, num_workers=0, pin_memory=True, atomic_numbers=None, mean=None, std=None, statistics_file=None, les_arguments=None, E0s='{3:-190.7590256408,8:-442.9888796243,40:-1380.1817128081,57:-958.0774205521}', pseudolabel_replay=False, pseudolabel_replay_compute_stress=False, foundation_filter_elements=True, heads=None, multiheads_finetuning=True, foundation_head=None, weight_pt_head=1.0, real_pt_data_ratio_threshold=0.1, num_samples_pt=10000, force_mh_ft_lr=False, subselect_pt='random', filter_type_pt='none', allow_random_padding_pt=True, pt_train_file=None, pt_valid_file=None, foundation_model_elements=False, keep_isolated_atoms=False, lora=True, lora_rank=5, lora_alpha=1.0, energy_key='REF_energy', forces_key='REF_forces', virials_key='REF_virials', stress_key='REF_stress', dipole_key='dipole', polarizability_key='polarizability', head_key='head', charges_key='REF_charges', elec_temp_key='elec_temp', total_spin_key='total_spin', total_charge_key='total_charge', embedding_specs=None, skip_evaluate_heads='pt_head', loss='weighted', forces_weight=4.0, swa_forces_weight=100.0, energy_weight=1.0, swa_energy_weight=1000.0, virials_weight=1.0, swa_virials_weight=10.0, stress_weight=0.0, swa_stress_weight=10.0, dipole_weight=1.0, swa_dipole_weight=1.0, swa_polarizability_weight=1.0, polarizability_weight=1.0, config_type_weights='{"Default":1.0}', huber_delta=0.01, optimizer='adam', beta=0.9, beta1_schedulefree=0.9, beta2_schedulefree=0.98, batch_size=4, valid_batch_size=10, lr=0.0005, swa_lr=0.001, weight_decay=5e-07, lr_params_factors='{"embedding_lr_factor": 1.0, "interactions_lr_factor": 1.0, "products_lr_factor": 1.0, "readouts_lr_factor": 1.0}', freeze=None, amsgrad=True, scheduler='ReduceLROnPlateau', lr_factor=0.8, scheduler_patience=50, lr_scheduler_gamma=0.9993, swa=False, start_swa=None, lbfgs=False, ema=False, ema_decay=0.99, max_num_epochs=120, patience=2048, foundation_model='/home/mehuldarak/MACE_models/universal_09072025/mace-omat-0-medium.model', foundation_model_kwargs='{}', foundation_model_readout=True, eval_interval=1, keep_checkpoints=False, save_all_checkpoints=False, restart_latest=True, save_cpu=False, clip_grad=10.0, dry_run=False, enable_cueq=False, only_cueq=False, enable_oeq=False, wandb=False, wandb_dir=None, wandb_project='', wandb_entity='', wandb_name='', wandb_log_hypers=['num_channels', 'max_L', 'correlation', 'lr', 'swa_lr', 'weight_decay', 'batch_size', 'max_num_epochs', 'start_swa', 'energy_weight', 'forces_weight'], key_specification=KeySpecification(info_keys={'energy': 'REF_energy', 'stress': 'REF_stress', 'virials': 'REF_virials', 'dipole': 'dipole', 'head': 'head', 'elec_temp': 'elec_temp', 'total_charge': 'total_charge', 'polarizability': 'polarizability', 'total_spin': 'total_spin'}, arrays_keys={'forces': 'REF_forces', 'charges': 'REF_charges'}))
2026-03-25 00:37:48.136 INFO: CUDA version: 12.8, CUDA device: 0
2026-03-25 00:37:48.159 DEBUG: Popen(['git', 'version'], cwd=/home/mehuldarak/athena/mace_fps_training, stdin=None, shell=False, universal_newlines=False)
2026-03-25 00:37:48.162 DEBUG: Popen(['git', 'version'], cwd=/home/mehuldarak/athena/mace_fps_training, stdin=None, shell=False, universal_newlines=False)
2026-03-25 00:37:48.165 DEBUG: sys.platform='linux', git_executable='git'
2026-03-25 00:37:48.167 DEBUG: Popen(['git', 'cat-file', '--batch-check'], cwd=/home/mehuldarak/athena, stdin=<valid stream>, shell=False, universal_newlines=False)
2026-03-25 00:37:48.170 DEBUG: Current Git commit: a6b661176b6b9feb0567915cba9df62cd0dab5ce
2026-03-25 00:37:48.373 INFO: Using foundation model /home/mehuldarak/MACE_models/universal_09072025/mace-omat-0-medium.model as initial checkpoint.
2026-03-25 00:37:48.374 WARNING: Using multiheads finetuning with a foundation model that is not a Materials Project model, need to provied a path to a pretraining file with --pt_train_file.
2026-03-25 00:37:48.374 INFO: ===========LOADING INPUT DATA===========
2026-03-25 00:37:48.374 INFO: Using heads: ['Default']
2026-03-25 00:37:48.374 INFO: Using the key specifications to parse data:
2026-03-25 00:37:48.374 INFO: Default: KeySpecification(info_keys={'energy': 'REF_energy', 'stress': 'REF_stress', 'virials': 'REF_virials', 'dipole': 'dipole', 'head': 'head', 'elec_temp': 'elec_temp', 'total_charge': 'total_charge', 'polarizability': 'polarizability', 'total_spin': 'total_spin'}, arrays_keys={'forces': 'REF_forces', 'charges': 'REF_charges'})
2026-03-25 00:37:48.374 INFO: =============    Processing head Default     ===========
2026-03-25 00:37:48.374 DEBUG: Loading training file: /home/mehuldarak/athena/fps_dftfe_data/split_9/fps_dftfe_split_9_train.extxyz
2026-03-25 00:37:48.419 INFO: Training set 1/1 [energy: 16, stress: 0, virials: 0, dipole components: 0, head: 16, elec_temp: 0, total_charge: 0, polarizability: 0, total_spin: 0, forces: 16, charges: 0]
2026-03-25 00:37:48.419 INFO: Total Training set [energy: 16, stress: 0, virials: 0, dipole components: 0, head: 16, elec_temp: 0, total_charge: 0, polarizability: 0, total_spin: 0, forces: 16, charges: 0]
2026-03-25 00:37:48.438 INFO: Validation set 1/1 [energy: 4, stress: 0, virials: 0, dipole components: 0, head: 4, elec_temp: 0, total_charge: 0, polarizability: 0, total_spin: 0, forces: 4, charges: 0]
2026-03-25 00:37:48.438 INFO: Total Validation set [energy: 4, stress: 0, virials: 0, dipole components: 0, head: 4, elec_temp: 0, total_charge: 0, polarizability: 0, total_spin: 0, forces: 4, charges: 0]
2026-03-25 00:37:48.438 INFO: Total number of configurations: train=16, valid=4, tests=[],
2026-03-25 00:37:48.438 WARNING: Validation batch size (10) is larger than the number of validation data (4)
2026-03-25 00:37:48.439 INFO: Atomic Numbers used: [np.int64(3), np.int64(8), np.int64(40), np.int64(57)]
2026-03-25 00:37:48.439 INFO: Isolated Atomic Energies (E0s) not in training file, using command line argument
2026-03-25 00:37:48.440 INFO: Atomic Energies used (z: eV) for head Default: {3: -190.7590256408, 8: -442.9888796243, 40: -1380.1817128081, 57: -958.0774205521}
2026-03-25 00:37:48.440 INFO: Processing datasets for head 'Default'
2026-03-25 00:37:48.629 DEBUG: Successfully loaded dataset from ASE files: ['/home/mehuldarak/athena/fps_dftfe_data/split_9/fps_dftfe_split_9_train.extxyz']
2026-03-25 00:37:48.629 INFO: Combining 1 list datasets for head 'Default'
2026-03-25 00:37:48.678 DEBUG: Successfully loaded validation dataset from ASE files: ['/home/mehuldarak/athena/fps_dftfe_data/split_9/fps_dftfe_split_9_val.extxyz']
2026-03-25 00:37:48.678 INFO: Combining 1 list datasets for head 'Default_valid'
2026-03-25 00:37:48.678 INFO: Combined validation datasets for Default
2026-03-25 00:37:48.678 INFO: Head 'Default' training dataset size: 16
2026-03-25 00:37:48.678 INFO: Computing average number of neighbors
2026-03-25 00:37:48.706 INFO: Average number of neighbors: 61.439666748046875
2026-03-25 00:37:48.706 INFO: During training the following quantities will be reported: energy, forces
2026-03-25 00:37:48.706 INFO: ===========MODEL DETAILS===========
2026-03-25 00:37:48.722 INFO: Loading FOUNDATION model
2026-03-25 00:37:48.723 INFO: Using filtered elements: [np.int64(3), np.int64(8), np.int64(40), np.int64(57)]
2026-03-25 00:37:48.723 INFO: Model configuration extracted from foundation model
2026-03-25 00:37:48.723 INFO: Using weighted loss function for fine-tuning
2026-03-25 00:37:48.723 INFO: Message passing with hidden irreps 128x0e+128x1o)
2026-03-25 00:37:48.723 INFO: 2 layers, each with correlation order: 3 (body order: 4) and spherical harmonics up to: l=3
2026-03-25 00:37:48.723 INFO: Radial cutoff: 6.0 A (total receptive field for each atom: 12.0 A)
2026-03-25 00:37:48.723 INFO: Distance transform for radial basis functions: Agnesi
2026-03-25 00:37:50.009 INFO: Injecting LoRA layers with rank=5 and alpha=1.0
2026-03-25 00:37:50.009 INFO: Original model has 848814 trainable parameters.
2026-03-25 00:37:50.519 INFO: Model with LoRA has 885694 trainable parameters.
2026-03-25 00:37:50.519 INFO: ===========OPTIMIZER INFORMATION===========
2026-03-25 00:37:50.519 INFO: Using ADAM as parameter optimizer
2026-03-25 00:37:50.519 INFO: Batch size: 4
2026-03-25 00:37:50.520 INFO: Number of gradient updates: 480
2026-03-25 00:37:50.520 INFO: Learning rate: 0.0005, weight decay: 5e-07
2026-03-25 00:37:50.520 INFO: WeightedEnergyForcesLoss(energy_weight=1.000, forces_weight=4.000)
2026-03-25 00:37:50.520 INFO: === Layer's learning rates ===
2026-03-25 00:37:50.521 INFO: Param group 0: lr = 0.0005
2026-03-25 00:37:50.521 INFO: Param group 1: lr = 0.0005
2026-03-25 00:37:50.521 INFO: Param group 2: lr = 0.0005
2026-03-25 00:37:50.521 INFO: Param group 3: lr = 0.0005
2026-03-25 00:37:50.521 INFO: Param group 4: lr = 0.0005
2026-03-25 00:37:50.521 WARNING: Cannot find checkpoint with tag 'mace_fps_split9_run-1' in './checkpoints'
2026-03-25 00:37:50.521 INFO: Using gradient clipping with tolerance=10.000
2026-03-25 00:37:50.521 INFO: 
2026-03-25 00:37:50.521 INFO: ===========TRAINING===========
2026-03-25 00:37:50.521 INFO: Started training, reporting errors on validation set
2026-03-25 00:37:50.521 INFO: Loss metrics on validation set
2026-03-25 00:37:51.514 INFO: Initial: head: Default, loss=0.11647973, RMSE_E_per_atom=  613.91 meV, RMSE_F=  149.20 meV / A
2026-03-25 00:38:00.090 INFO: Epoch 0: head: Default, loss=0.10711502, RMSE_E_per_atom=  600.82 meV, RMSE_F=  129.88 meV / A
2026-03-25 00:38:00.091 DEBUG: Saving checkpoint: ./checkpoints/mace_fps_split9_run-1_epoch-0.pt
2026-03-25 00:38:06.148 INFO: Epoch 1: head: Default, loss=0.09954400, RMSE_E_per_atom=  587.76 meV, RMSE_F=  114.80 meV / A
2026-03-25 00:38:06.149 DEBUG: Deleting old checkpoint file: ./checkpoints/mace_fps_split9_run-1_epoch-0.pt
2026-03-25 00:38:06.151 DEBUG: Saving checkpoint: ./checkpoints/mace_fps_split9_run-1_epoch-1.pt
2026-03-25 00:38:11.119 INFO: Epoch 2: head: Default, loss=0.09324013, RMSE_E_per_atom=  573.21 meV, RMSE_F=  105.35 meV / A
2026-03-25 00:38:11.120 DEBUG: Deleting old checkpoint file: ./checkpoints/mace_fps_split9_run-1_epoch-1.pt
2026-03-25 00:38:11.121 DEBUG: Saving checkpoint: ./checkpoints/mace_fps_split9_run-1_epoch-2.pt
2026-03-25 00:38:16.103 INFO: Epoch 3: head: Default, loss=0.08788400, RMSE_E_per_atom=  557.40 meV, RMSE_F=  101.04 meV / A
2026-03-25 00:38:16.104 DEBUG: Deleting old checkpoint file: ./checkpoints/mace_fps_split9_run-1_epoch-2.pt
2026-03-25 00:38:16.106 DEBUG: Saving checkpoint: ./checkpoints/mace_fps_split9_run-1_epoch-3.pt
2026-03-25 00:38:21.078 INFO: Epoch 4: head: Default, loss=0.08290511, RMSE_E_per_atom=  540.12 meV, RMSE_F=   99.86 meV / A
2026-03-25 00:38:21.079 DEBUG: Deleting old checkpoint file: ./checkpoints/mace_fps_split9_run-1_epoch-3.pt
2026-03-25 00:38:21.080 DEBUG: Saving checkpoint: ./checkpoints/mace_fps_split9_run-1_epoch-4.pt
2026-03-25 00:38:26.059 INFO: Epoch 5: head: Default, loss=0.07768927, RMSE_E_per_atom=  520.48 meV, RMSE_F=   99.82 meV / A
2026-03-25 00:38:26.060 DEBUG: Deleting old checkpoint file: ./checkpoints/mace_fps_split9_run-1_epoch-4.pt
2026-03-25 00:38:26.062 DEBUG: Saving checkpoint: ./checkpoints/mace_fps_split9_run-1_epoch-5.pt
2026-03-25 00:38:31.045 INFO: Epoch 6: head: Default, loss=0.07229895, RMSE_E_per_atom=  499.42 meV, RMSE_F=   99.72 meV / A
2026-03-25 00:38:31.046 DEBUG: Deleting old checkpoint file: ./checkpoints/mace_fps_split9_run-1_epoch-5.pt
2026-03-25 00:38:31.048 DEBUG: Saving checkpoint: ./checkpoints/mace_fps_split9_run-1_epoch-6.pt
2026-03-25 00:38:36.045 INFO: Epoch 7: head: Default, loss=0.06674560, RMSE_E_per_atom=  476.98 meV, RMSE_F=   99.34 meV / A
2026-03-25 00:38:36.046 DEBUG: Deleting old checkpoint file: ./checkpoints/mace_fps_split9_run-1_epoch-6.pt
2026-03-25 00:38:36.047 DEBUG: Saving checkpoint: ./checkpoints/mace_fps_split9_run-1_epoch-7.pt
2026-03-25 00:38:41.044 INFO: Epoch 8: head: Default, loss=0.06086275, RMSE_E_per_atom=  452.36 meV, RMSE_F=   98.52 meV / A
2026-03-25 00:38:41.046 DEBUG: Deleting old checkpoint file: ./checkpoints/mace_fps_split9_run-1_epoch-7.pt
2026-03-25 00:38:41.050 DEBUG: Saving checkpoint: ./checkpoints/mace_fps_split9_run-1_epoch-8.pt
2026-03-25 00:38:46.081 INFO: Epoch 9: head: Default, loss=0.05502102, RMSE_E_per_atom=  426.43 meV, RMSE_F=   97.77 meV / A
2026-03-25 00:38:46.082 DEBUG: Deleting old checkpoint file: ./checkpoints/mace_fps_split9_run-1_epoch-8.pt
2026-03-25 00:38:46.083 DEBUG: Saving checkpoint: ./checkpoints/mace_fps_split9_run-1_epoch-9.pt
2026-03-25 00:38:51.113 INFO: Epoch 10: head: Default, loss=0.04935429, RMSE_E_per_atom=  399.48 meV, RMSE_F=   97.25 meV / A
2026-03-25 00:38:51.115 DEBUG: Deleting old checkpoint file: ./checkpoints/mace_fps_split9_run-1_epoch-9.pt
2026-03-25 00:38:51.116 DEBUG: Saving checkpoint: ./checkpoints/mace_fps_split9_run-1_epoch-10.pt
2026-03-25 00:39:08.853 INFO: ===========VERIFYING SETTINGS===========
2026-03-25 00:39:08.853 INFO: MACE version: 0.3.15
2026-03-25 00:39:08.853 DEBUG: Configuration: Namespace(config=None, name='mace_fps_split9', seed=1, work_dir='.', log_dir='./logs', model_dir='.', checkpoints_dir='./checkpoints', results_dir='./results', downloads_dir='./downloads', device='cuda', default_dtype='float32', distributed=False, launcher='slurm', log_level='INFO', plot=True, plot_frequency=0, plot_interaction_e=False, error_table='PerAtomRMSE', model='MACE', r_max=5.0, radial_type='bessel', num_radial_basis=8, num_cutoff_basis=5, pair_repulsion=False, distance_transform='None', apply_cutoff=True, use_last_readout_only=False, use_embedding_readout=False, interaction='RealAgnosticResidualInteractionBlock', interaction_first='RealAgnosticResidualInteractionBlock', max_ell=3, correlation=3, use_reduced_cg=False, use_so3=False, use_agnostic_product=False, num_interactions=2, MLP_irreps='16x0e', radial_MLP='[64, 64, 64]', hidden_irreps='128x0e + 128x1o', edge_irreps=None, num_channels=128, max_L=1, gate='silu', kspace_cutoff_factor=1.5, atomic_multipoles_max_l=0, atomic_multipoles_smearing_width=1.0, field_feature_max_l=0, field_feature_widths='[1.0]', field_feature_norms=None, num_recursion_steps=1, field_si=False, include_electrostatic_self_interaction=False, add_local_electron_energy=False, quadrupole_feature_corrections=False, return_electrostatic_potentials=False, field_norm_factor=0.02, fixedpoint_update_config=None, field_readout_config=None, scaling='rms_forces_scaling', avg_num_neighbors=1, compute_avg_num_neighbors=True, compute_stress=False, compute_forces=True, compute_polarizability=False, compute_atomic_dipole=False, train_file='/home/mehuldarak/athena/fps_dftfe_data/split_9/fps_dftfe_split_9_train.extxyz', valid_file='/home/mehuldarak/athena/fps_dftfe_data/split_9/fps_dftfe_split_9_val.extxyz', valid_fraction=0.1, test_file=None, test_dir=None, multi_processed_test=False, num_workers=0, pin_memory=True, atomic_numbers=None, mean=None, std=None, statistics_file=None, les_arguments=None, E0s='{3:-190.7590256408,8:-442.9888796243,40:-1380.1817128081,57:-958.0774205521}', pseudolabel_replay=False, pseudolabel_replay_compute_stress=False, foundation_filter_elements=True, heads=None, multiheads_finetuning=True, foundation_head=None, weight_pt_head=1.0, real_pt_data_ratio_threshold=0.1, num_samples_pt=10000, force_mh_ft_lr=False, subselect_pt='random', filter_type_pt='none', allow_random_padding_pt=True, pt_train_file=None, pt_valid_file=None, foundation_model_elements=False, keep_isolated_atoms=False, lora=True, lora_rank=5, lora_alpha=1.0, energy_key='REF_energy', forces_key='REF_forces', virials_key='REF_virials', stress_key='REF_stress', dipole_key='dipole', polarizability_key='polarizability', head_key='head', charges_key='REF_charges', elec_temp_key='elec_temp', total_spin_key='total_spin', total_charge_key='total_charge', embedding_specs=None, skip_evaluate_heads='pt_head', loss='weighted', forces_weight=4.0, swa_forces_weight=100.0, energy_weight=1.0, swa_energy_weight=1000.0, virials_weight=1.0, swa_virials_weight=10.0, stress_weight=0.0, swa_stress_weight=10.0, dipole_weight=1.0, swa_dipole_weight=1.0, swa_polarizability_weight=1.0, polarizability_weight=1.0, config_type_weights='{"Default":1.0}', huber_delta=0.01, optimizer='adam', beta=0.9, beta1_schedulefree=0.9, beta2_schedulefree=0.98, batch_size=4, valid_batch_size=10, lr=0.01, swa_lr=0.001, weight_decay=5e-07, lr_params_factors='{"embedding_lr_factor": 1.0, "interactions_lr_factor": 1.0, "products_lr_factor": 1.0, "readouts_lr_factor": 1.0}', freeze=None, amsgrad=True, scheduler='ReduceLROnPlateau', lr_factor=0.8, scheduler_patience=50, lr_scheduler_gamma=0.9993, swa=False, start_swa=None, lbfgs=False, ema=False, ema_decay=0.99, max_num_epochs=120, patience=2048, foundation_model='/home/mehuldarak/MACE_models/universal_09072025/mace-omat-0-medium.model', foundation_model_kwargs='{}', foundation_model_readout=True, eval_interval=1, keep_checkpoints=False, save_all_checkpoints=False, restart_latest=True, save_cpu=False, clip_grad=10.0, dry_run=False, enable_cueq=False, only_cueq=False, enable_oeq=False, wandb=False, wandb_dir=None, wandb_project='', wandb_entity='', wandb_name='', wandb_log_hypers=['num_channels', 'max_L', 'correlation', 'lr', 'swa_lr', 'weight_decay', 'batch_size', 'max_num_epochs', 'start_swa', 'energy_weight', 'forces_weight'], key_specification=KeySpecification(info_keys={'energy': 'REF_energy', 'stress': 'REF_stress', 'virials': 'REF_virials', 'dipole': 'dipole', 'head': 'head', 'elec_temp': 'elec_temp', 'total_charge': 'total_charge', 'polarizability': 'polarizability', 'total_spin': 'total_spin'}, arrays_keys={'forces': 'REF_forces', 'charges': 'REF_charges'}))
2026-03-25 00:39:08.872 INFO: CUDA version: 12.8, CUDA device: 0
2026-03-25 00:39:08.895 DEBUG: Popen(['git', 'version'], cwd=/home/mehuldarak/athena/mace_fps_training, stdin=None, shell=False, universal_newlines=False)
2026-03-25 00:39:08.898 DEBUG: Popen(['git', 'version'], cwd=/home/mehuldarak/athena/mace_fps_training, stdin=None, shell=False, universal_newlines=False)
2026-03-25 00:39:08.900 DEBUG: sys.platform='linux', git_executable='git'
2026-03-25 00:39:08.900 DEBUG: Popen(['git', 'cat-file', '--batch-check'], cwd=/home/mehuldarak/athena, stdin=<valid stream>, shell=False, universal_newlines=False)
2026-03-25 00:39:08.902 DEBUG: Current Git commit: a6b661176b6b9feb0567915cba9df62cd0dab5ce
2026-03-25 00:39:09.105 INFO: Using foundation model /home/mehuldarak/MACE_models/universal_09072025/mace-omat-0-medium.model as initial checkpoint.
2026-03-25 00:39:09.106 WARNING: Using multiheads finetuning with a foundation model that is not a Materials Project model, need to provied a path to a pretraining file with --pt_train_file.
2026-03-25 00:39:09.107 INFO: ===========LOADING INPUT DATA===========
2026-03-25 00:39:09.107 INFO: Using heads: ['Default']
2026-03-25 00:39:09.107 INFO: Using the key specifications to parse data:
2026-03-25 00:39:09.107 INFO: Default: KeySpecification(info_keys={'energy': 'REF_energy', 'stress': 'REF_stress', 'virials': 'REF_virials', 'dipole': 'dipole', 'head': 'head', 'elec_temp': 'elec_temp', 'total_charge': 'total_charge', 'polarizability': 'polarizability', 'total_spin': 'total_spin'}, arrays_keys={'forces': 'REF_forces', 'charges': 'REF_charges'})
2026-03-25 00:39:09.107 INFO: =============    Processing head Default     ===========
2026-03-25 00:39:09.108 DEBUG: Loading training file: /home/mehuldarak/athena/fps_dftfe_data/split_9/fps_dftfe_split_9_train.extxyz
2026-03-25 00:39:09.156 INFO: Training set 1/1 [energy: 16, stress: 0, virials: 0, dipole components: 0, head: 16, elec_temp: 0, total_charge: 0, polarizability: 0, total_spin: 0, forces: 16, charges: 0]
2026-03-25 00:39:09.157 INFO: Total Training set [energy: 16, stress: 0, virials: 0, dipole components: 0, head: 16, elec_temp: 0, total_charge: 0, polarizability: 0, total_spin: 0, forces: 16, charges: 0]
2026-03-25 00:39:09.175 INFO: Validation set 1/1 [energy: 4, stress: 0, virials: 0, dipole components: 0, head: 4, elec_temp: 0, total_charge: 0, polarizability: 0, total_spin: 0, forces: 4, charges: 0]
2026-03-25 00:39:09.175 INFO: Total Validation set [energy: 4, stress: 0, virials: 0, dipole components: 0, head: 4, elec_temp: 0, total_charge: 0, polarizability: 0, total_spin: 0, forces: 4, charges: 0]
2026-03-25 00:39:09.175 INFO: Total number of configurations: train=16, valid=4, tests=[],
2026-03-25 00:39:09.175 WARNING: Validation batch size (10) is larger than the number of validation data (4)
2026-03-25 00:39:09.177 INFO: Atomic Numbers used: [np.int64(3), np.int64(8), np.int64(40), np.int64(57)]
2026-03-25 00:39:09.178 INFO: Isolated Atomic Energies (E0s) not in training file, using command line argument
2026-03-25 00:39:09.178 INFO: Atomic Energies used (z: eV) for head Default: {3: -190.7590256408, 8: -442.9888796243, 40: -1380.1817128081, 57: -958.0774205521}
2026-03-25 00:39:09.178 INFO: Processing datasets for head 'Default'
2026-03-25 00:39:09.363 DEBUG: Successfully loaded dataset from ASE files: ['/home/mehuldarak/athena/fps_dftfe_data/split_9/fps_dftfe_split_9_train.extxyz']
2026-03-25 00:39:09.363 INFO: Combining 1 list datasets for head 'Default'
2026-03-25 00:39:09.412 DEBUG: Successfully loaded validation dataset from ASE files: ['/home/mehuldarak/athena/fps_dftfe_data/split_9/fps_dftfe_split_9_val.extxyz']
2026-03-25 00:39:09.413 INFO: Combining 1 list datasets for head 'Default_valid'
2026-03-25 00:39:09.413 INFO: Combined validation datasets for Default
2026-03-25 00:39:09.413 INFO: Head 'Default' training dataset size: 16
2026-03-25 00:39:09.413 INFO: Computing average number of neighbors
2026-03-25 00:39:09.440 INFO: Average number of neighbors: 61.439666748046875
2026-03-25 00:39:09.440 INFO: During training the following quantities will be reported: energy, forces
2026-03-25 00:39:09.440 INFO: ===========MODEL DETAILS===========
2026-03-25 00:39:09.456 INFO: Loading FOUNDATION model
2026-03-25 00:39:09.457 INFO: Using filtered elements: [np.int64(3), np.int64(8), np.int64(40), np.int64(57)]
2026-03-25 00:39:09.457 INFO: Model configuration extracted from foundation model
2026-03-25 00:39:09.457 INFO: Using weighted loss function for fine-tuning
2026-03-25 00:39:09.457 INFO: Message passing with hidden irreps 128x0e+128x1o)
2026-03-25 00:39:09.457 INFO: 2 layers, each with correlation order: 3 (body order: 4) and spherical harmonics up to: l=3
2026-03-25 00:39:09.457 INFO: Radial cutoff: 6.0 A (total receptive field for each atom: 12.0 A)
2026-03-25 00:39:09.457 INFO: Distance transform for radial basis functions: Agnesi
2026-03-25 00:39:10.701 INFO: Injecting LoRA layers with rank=5 and alpha=1.0
2026-03-25 00:39:10.701 INFO: Original model has 848814 trainable parameters.
2026-03-25 00:39:11.216 INFO: Model with LoRA has 885694 trainable parameters.
2026-03-25 00:39:11.216 INFO: ===========OPTIMIZER INFORMATION===========
2026-03-25 00:39:11.216 INFO: Using ADAM as parameter optimizer
2026-03-25 00:39:11.217 INFO: Batch size: 4
2026-03-25 00:39:11.217 INFO: Number of gradient updates: 480
2026-03-25 00:39:11.217 INFO: Learning rate: 0.01, weight decay: 5e-07
2026-03-25 00:39:11.217 INFO: WeightedEnergyForcesLoss(energy_weight=1.000, forces_weight=4.000)
2026-03-25 00:39:11.218 INFO: === Layer's learning rates ===
2026-03-25 00:39:11.218 INFO: Param group 0: lr = 0.01
2026-03-25 00:39:11.218 INFO: Param group 1: lr = 0.01
2026-03-25 00:39:11.218 INFO: Param group 2: lr = 0.01
2026-03-25 00:39:11.218 INFO: Param group 3: lr = 0.01
2026-03-25 00:39:11.219 INFO: Param group 4: lr = 0.01
2026-03-25 00:39:11.219 WARNING: No SWA checkpoint found, while SWA is enabled. Compare the swa_start parameter and the latest checkpoint.
2026-03-25 00:39:11.220 INFO: Loading checkpoint: ./checkpoints/mace_fps_split9_run-1_epoch-10.pt
2026-03-25 00:39:11.265 INFO: Using gradient clipping with tolerance=10.000
2026-03-25 00:39:11.265 INFO: 
2026-03-25 00:39:11.265 INFO: ===========TRAINING===========
2026-03-25 00:39:11.265 INFO: Started training, reporting errors on validation set
2026-03-25 00:39:11.265 INFO: Loss metrics on validation set
2026-03-25 00:39:12.243 INFO: Initial: head: Default, loss=0.04932992, RMSE_E_per_atom=  399.36 meV, RMSE_F=   97.25 meV / A
2026-03-25 00:39:20.856 INFO: Epoch 10: head: Default, loss=0.04367938, RMSE_E_per_atom=  370.23 meV, RMSE_F=   97.01 meV / A
2026-03-25 00:39:20.857 DEBUG: Saving checkpoint: ./checkpoints/mace_fps_split9_run-1_epoch-10.pt
2026-03-25 00:39:26.951 INFO: Epoch 11: head: Default, loss=0.03835536, RMSE_E_per_atom=  340.06 meV, RMSE_F=   97.19 meV / A
2026-03-25 00:39:26.952 DEBUG: Deleting old checkpoint file: ./checkpoints/mace_fps_split9_run-1_epoch-10.pt
2026-03-25 00:39:26.953 DEBUG: Saving checkpoint: ./checkpoints/mace_fps_split9_run-1_epoch-11.pt
2026-03-25 00:39:31.957 INFO: Epoch 12: head: Default, loss=0.03329764, RMSE_E_per_atom=  308.35 meV, RMSE_F=   97.61 meV / A
2026-03-25 00:39:31.958 DEBUG: Deleting old checkpoint file: ./checkpoints/mace_fps_split9_run-1_epoch-11.pt
2026-03-25 00:39:31.960 DEBUG: Saving checkpoint: ./checkpoints/mace_fps_split9_run-1_epoch-12.pt
2026-03-25 00:39:36.964 INFO: Epoch 13: head: Default, loss=0.02877397, RMSE_E_per_atom=  276.61 meV, RMSE_F=   98.21 meV / A
2026-03-25 00:39:36.966 DEBUG: Deleting old checkpoint file: ./checkpoints/mace_fps_split9_run-1_epoch-12.pt
2026-03-25 00:39:36.967 DEBUG: Saving checkpoint: ./checkpoints/mace_fps_split9_run-1_epoch-13.pt
2026-03-25 00:39:41.964 INFO: Epoch 14: head: Default, loss=0.02469376, RMSE_E_per_atom=  244.38 meV, RMSE_F=   98.81 meV / A
2026-03-25 00:39:41.965 DEBUG: Deleting old checkpoint file: ./checkpoints/mace_fps_split9_run-1_epoch-13.pt
2026-03-25 00:39:41.966 DEBUG: Saving checkpoint: ./checkpoints/mace_fps_split9_run-1_epoch-14.pt
2026-03-25 00:39:47.752 INFO: ===========VERIFYING SETTINGS===========
2026-03-25 00:39:47.752 INFO: MACE version: 0.3.15
2026-03-25 00:39:47.752 DEBUG: Configuration: Namespace(config=None, name='mace_fps_split9', seed=1, work_dir='.', log_dir='./logs', model_dir='.', checkpoints_dir='./checkpoints', results_dir='./results', downloads_dir='./downloads', device='cuda', default_dtype='float32', distributed=False, launcher='slurm', log_level='INFO', plot=True, plot_frequency=0, plot_interaction_e=False, error_table='PerAtomRMSE', model='MACE', r_max=5.0, radial_type='bessel', num_radial_basis=8, num_cutoff_basis=5, pair_repulsion=False, distance_transform='None', apply_cutoff=True, use_last_readout_only=False, use_embedding_readout=False, interaction='RealAgnosticResidualInteractionBlock', interaction_first='RealAgnosticResidualInteractionBlock', max_ell=3, correlation=3, use_reduced_cg=False, use_so3=False, use_agnostic_product=False, num_interactions=2, MLP_irreps='16x0e', radial_MLP='[64, 64, 64]', hidden_irreps='128x0e + 128x1o', edge_irreps=None, num_channels=128, max_L=1, gate='silu', kspace_cutoff_factor=1.5, atomic_multipoles_max_l=0, atomic_multipoles_smearing_width=1.0, field_feature_max_l=0, field_feature_widths='[1.0]', field_feature_norms=None, num_recursion_steps=1, field_si=False, include_electrostatic_self_interaction=False, add_local_electron_energy=False, quadrupole_feature_corrections=False, return_electrostatic_potentials=False, field_norm_factor=0.02, fixedpoint_update_config=None, field_readout_config=None, scaling='rms_forces_scaling', avg_num_neighbors=1, compute_avg_num_neighbors=True, compute_stress=False, compute_forces=True, compute_polarizability=False, compute_atomic_dipole=False, train_file='/home/mehuldarak/athena/fps_dftfe_data/split_9/fps_dftfe_split_9_train.extxyz', valid_file='/home/mehuldarak/athena/fps_dftfe_data/split_9/fps_dftfe_split_9_val.extxyz', valid_fraction=0.1, test_file=None, test_dir=None, multi_processed_test=False, num_workers=0, pin_memory=True, atomic_numbers=None, mean=None, std=None, statistics_file=None, les_arguments=None, E0s='{3:-190.7590256408,8:-442.9888796243,40:-1380.1817128081,57:-958.0774205521}', pseudolabel_replay=False, pseudolabel_replay_compute_stress=False, foundation_filter_elements=True, heads=None, multiheads_finetuning=True, foundation_head=None, weight_pt_head=1.0, real_pt_data_ratio_threshold=0.1, num_samples_pt=10000, force_mh_ft_lr=False, subselect_pt='random', filter_type_pt='none', allow_random_padding_pt=True, pt_train_file=None, pt_valid_file=None, foundation_model_elements=False, keep_isolated_atoms=False, lora=True, lora_rank=5, lora_alpha=1.0, energy_key='REF_energy', forces_key='REF_forces', virials_key='REF_virials', stress_key='REF_stress', dipole_key='dipole', polarizability_key='polarizability', head_key='head', charges_key='REF_charges', elec_temp_key='elec_temp', total_spin_key='total_spin', total_charge_key='total_charge', embedding_specs=None, skip_evaluate_heads='pt_head', loss='weighted', forces_weight=10.0, swa_forces_weight=100.0, energy_weight=1.0, swa_energy_weight=1000.0, virials_weight=1.0, swa_virials_weight=10.0, stress_weight=0.0, swa_stress_weight=10.0, dipole_weight=1.0, swa_dipole_weight=1.0, swa_polarizability_weight=1.0, polarizability_weight=1.0, config_type_weights='{"Default":1.0}', huber_delta=0.01, optimizer='adam', beta=0.9, beta1_schedulefree=0.9, beta2_schedulefree=0.98, batch_size=4, valid_batch_size=10, lr=0.01, swa_lr=0.001, weight_decay=5e-07, lr_params_factors='{"embedding_lr_factor": 1.0, "interactions_lr_factor": 1.0, "products_lr_factor": 1.0, "readouts_lr_factor": 1.0}', freeze=None, amsgrad=True, scheduler='ReduceLROnPlateau', lr_factor=0.8, scheduler_patience=50, lr_scheduler_gamma=0.9993, swa=False, start_swa=None, lbfgs=False, ema=False, ema_decay=0.99, max_num_epochs=120, patience=2048, foundation_model='/home/mehuldarak/MACE_models/universal_09072025/mace-omat-0-medium.model', foundation_model_kwargs='{}', foundation_model_readout=True, eval_interval=1, keep_checkpoints=False, save_all_checkpoints=False, restart_latest=True, save_cpu=False, clip_grad=10.0, dry_run=False, enable_cueq=False, only_cueq=False, enable_oeq=False, wandb=False, wandb_dir=None, wandb_project='', wandb_entity='', wandb_name='', wandb_log_hypers=['num_channels', 'max_L', 'correlation', 'lr', 'swa_lr', 'weight_decay', 'batch_size', 'max_num_epochs', 'start_swa', 'energy_weight', 'forces_weight'], key_specification=KeySpecification(info_keys={'energy': 'REF_energy', 'stress': 'REF_stress', 'virials': 'REF_virials', 'dipole': 'dipole', 'head': 'head', 'elec_temp': 'elec_temp', 'total_charge': 'total_charge', 'polarizability': 'polarizability', 'total_spin': 'total_spin'}, arrays_keys={'forces': 'REF_forces', 'charges': 'REF_charges'}))
2026-03-25 00:39:47.770 INFO: CUDA version: 12.8, CUDA device: 0
2026-03-25 00:39:47.793 DEBUG: Popen(['git', 'version'], cwd=/home/mehuldarak/athena/mace_fps_training, stdin=None, shell=False, universal_newlines=False)
2026-03-25 00:39:47.796 DEBUG: Popen(['git', 'version'], cwd=/home/mehuldarak/athena/mace_fps_training, stdin=None, shell=False, universal_newlines=False)
2026-03-25 00:39:47.799 DEBUG: sys.platform='linux', git_executable='git'
2026-03-25 00:39:47.799 DEBUG: Popen(['git', 'cat-file', '--batch-check'], cwd=/home/mehuldarak/athena, stdin=<valid stream>, shell=False, universal_newlines=False)
2026-03-25 00:39:47.802 DEBUG: Current Git commit: a6b661176b6b9feb0567915cba9df62cd0dab5ce
2026-03-25 00:39:47.998 INFO: Using foundation model /home/mehuldarak/MACE_models/universal_09072025/mace-omat-0-medium.model as initial checkpoint.
2026-03-25 00:39:47.999 WARNING: Using multiheads finetuning with a foundation model that is not a Materials Project model, need to provied a path to a pretraining file with --pt_train_file.
2026-03-25 00:39:48.000 INFO: ===========LOADING INPUT DATA===========
2026-03-25 00:39:48.000 INFO: Using heads: ['Default']
2026-03-25 00:39:48.000 INFO: Using the key specifications to parse data:
2026-03-25 00:39:48.000 INFO: Default: KeySpecification(info_keys={'energy': 'REF_energy', 'stress': 'REF_stress', 'virials': 'REF_virials', 'dipole': 'dipole', 'head': 'head', 'elec_temp': 'elec_temp', 'total_charge': 'total_charge', 'polarizability': 'polarizability', 'total_spin': 'total_spin'}, arrays_keys={'forces': 'REF_forces', 'charges': 'REF_charges'})
2026-03-25 00:39:48.000 INFO: =============    Processing head Default     ===========
2026-03-25 00:39:48.000 DEBUG: Loading training file: /home/mehuldarak/athena/fps_dftfe_data/split_9/fps_dftfe_split_9_train.extxyz
2026-03-25 00:39:48.045 INFO: Training set 1/1 [energy: 16, stress: 0, virials: 0, dipole components: 0, head: 16, elec_temp: 0, total_charge: 0, polarizability: 0, total_spin: 0, forces: 16, charges: 0]
2026-03-25 00:39:48.045 INFO: Total Training set [energy: 16, stress: 0, virials: 0, dipole components: 0, head: 16, elec_temp: 0, total_charge: 0, polarizability: 0, total_spin: 0, forces: 16, charges: 0]
2026-03-25 00:39:48.063 INFO: Validation set 1/1 [energy: 4, stress: 0, virials: 0, dipole components: 0, head: 4, elec_temp: 0, total_charge: 0, polarizability: 0, total_spin: 0, forces: 4, charges: 0]
2026-03-25 00:39:48.064 INFO: Total Validation set [energy: 4, stress: 0, virials: 0, dipole components: 0, head: 4, elec_temp: 0, total_charge: 0, polarizability: 0, total_spin: 0, forces: 4, charges: 0]
2026-03-25 00:39:48.064 INFO: Total number of configurations: train=16, valid=4, tests=[],
2026-03-25 00:39:48.064 WARNING: Validation batch size (10) is larger than the number of validation data (4)
2026-03-25 00:39:48.065 INFO: Atomic Numbers used: [np.int64(3), np.int64(8), np.int64(40), np.int64(57)]
2026-03-25 00:39:48.065 INFO: Isolated Atomic Energies (E0s) not in training file, using command line argument
2026-03-25 00:39:48.065 INFO: Atomic Energies used (z: eV) for head Default: {3: -190.7590256408, 8: -442.9888796243, 40: -1380.1817128081, 57: -958.0774205521}
2026-03-25 00:39:48.066 INFO: Processing datasets for head 'Default'
2026-03-25 00:39:48.250 DEBUG: Successfully loaded dataset from ASE files: ['/home/mehuldarak/athena/fps_dftfe_data/split_9/fps_dftfe_split_9_train.extxyz']
2026-03-25 00:39:48.250 INFO: Combining 1 list datasets for head 'Default'
2026-03-25 00:39:48.299 DEBUG: Successfully loaded validation dataset from ASE files: ['/home/mehuldarak/athena/fps_dftfe_data/split_9/fps_dftfe_split_9_val.extxyz']
2026-03-25 00:39:48.299 INFO: Combining 1 list datasets for head 'Default_valid'
2026-03-25 00:39:48.299 INFO: Combined validation datasets for Default
2026-03-25 00:39:48.299 INFO: Head 'Default' training dataset size: 16
2026-03-25 00:39:48.300 INFO: Computing average number of neighbors
2026-03-25 00:39:48.327 INFO: Average number of neighbors: 61.439666748046875
2026-03-25 00:39:48.327 INFO: During training the following quantities will be reported: energy, forces
2026-03-25 00:39:48.327 INFO: ===========MODEL DETAILS===========
2026-03-25 00:39:48.344 INFO: Loading FOUNDATION model
2026-03-25 00:39:48.345 INFO: Using filtered elements: [np.int64(3), np.int64(8), np.int64(40), np.int64(57)]
2026-03-25 00:39:48.345 INFO: Model configuration extracted from foundation model
2026-03-25 00:39:48.345 INFO: Using weighted loss function for fine-tuning
2026-03-25 00:39:48.345 INFO: Message passing with hidden irreps 128x0e+128x1o)
2026-03-25 00:39:48.345 INFO: 2 layers, each with correlation order: 3 (body order: 4) and spherical harmonics up to: l=3
2026-03-25 00:39:48.345 INFO: Radial cutoff: 6.0 A (total receptive field for each atom: 12.0 A)
2026-03-25 00:39:48.346 INFO: Distance transform for radial basis functions: Agnesi
2026-03-25 00:39:49.607 INFO: Injecting LoRA layers with rank=5 and alpha=1.0
2026-03-25 00:39:49.607 INFO: Original model has 848814 trainable parameters.
2026-03-25 00:39:50.117 INFO: Model with LoRA has 885694 trainable parameters.
2026-03-25 00:39:50.117 INFO: ===========OPTIMIZER INFORMATION===========
2026-03-25 00:39:50.117 INFO: Using ADAM as parameter optimizer
2026-03-25 00:39:50.117 INFO: Batch size: 4
2026-03-25 00:39:50.117 INFO: Number of gradient updates: 480
2026-03-25 00:39:50.117 INFO: Learning rate: 0.01, weight decay: 5e-07
2026-03-25 00:39:50.117 INFO: WeightedEnergyForcesLoss(energy_weight=1.000, forces_weight=10.000)
2026-03-25 00:39:50.118 INFO: === Layer's learning rates ===
2026-03-25 00:39:50.118 INFO: Param group 0: lr = 0.01
2026-03-25 00:39:50.118 INFO: Param group 1: lr = 0.01
2026-03-25 00:39:50.118 INFO: Param group 2: lr = 0.01
2026-03-25 00:39:50.118 INFO: Param group 3: lr = 0.01
2026-03-25 00:39:50.118 INFO: Param group 4: lr = 0.01
2026-03-25 00:39:50.119 WARNING: No SWA checkpoint found, while SWA is enabled. Compare the swa_start parameter and the latest checkpoint.
2026-03-25 00:39:50.119 INFO: Loading checkpoint: ./checkpoints/mace_fps_split9_run-1_epoch-14.pt
2026-03-25 00:39:50.158 INFO: Using gradient clipping with tolerance=10.000
2026-03-25 00:39:50.158 INFO: 
2026-03-25 00:39:50.158 INFO: ===========TRAINING===========
2026-03-25 00:39:50.158 INFO: Started training, reporting errors on validation set
2026-03-25 00:39:50.158 INFO: Loss metrics on validation set
2026-03-25 00:39:51.137 INFO: Initial: head: Default, loss=0.03936233, RMSE_E_per_atom=  244.57 meV, RMSE_F=   98.81 meV / A
2026-03-25 00:39:59.739 INFO: Epoch 14: head: Default, loss=0.03602690, RMSE_E_per_atom=  214.78 meV, RMSE_F=   98.98 meV / A
2026-03-25 00:39:59.741 DEBUG: Saving checkpoint: ./checkpoints/mace_fps_split9_run-1_epoch-14.pt
2026-03-25 00:40:05.838 INFO: Epoch 15: head: Default, loss=0.03353156, RMSE_E_per_atom=  187.92 meV, RMSE_F=   99.40 meV / A
2026-03-25 00:40:05.840 DEBUG: Deleting old checkpoint file: ./checkpoints/mace_fps_split9_run-1_epoch-14.pt
2026-03-25 00:40:05.841 DEBUG: Saving checkpoint: ./checkpoints/mace_fps_split9_run-1_epoch-15.pt
2026-03-25 00:40:10.828 INFO: Epoch 16: head: Default, loss=0.03125014, RMSE_E_per_atom=  163.65 meV, RMSE_F=   99.11 meV / A
2026-03-25 00:40:10.829 DEBUG: Deleting old checkpoint file: ./checkpoints/mace_fps_split9_run-1_epoch-15.pt
2026-03-25 00:40:10.830 DEBUG: Saving checkpoint: ./checkpoints/mace_fps_split9_run-1_epoch-16.pt
