2026-03-25 00:36:59.447 INFO: ===========VERIFYING SETTINGS===========
2026-03-25 00:36:59.447 INFO: MACE version: 0.3.15
2026-03-25 00:36:59.466 INFO: CUDA version: 12.8, CUDA device: 0
2026-03-25 00:36:59.710 INFO: Using foundation model /home/mehuldarak/MACE_models/universal_09072025/mace-omat-0-medium.model as initial checkpoint.
2026-03-25 00:36:59.711 WARNING: Using multiheads finetuning with a foundation model that is not a Materials Project model, need to provied a path to a pretraining file with --pt_train_file.
2026-03-25 00:36:59.711 INFO: ===========LOADING INPUT DATA===========
2026-03-25 00:36:59.711 INFO: Using heads: ['Default']
2026-03-25 00:36:59.711 INFO: Using the key specifications to parse data:
2026-03-25 00:36:59.711 INFO: Default: KeySpecification(info_keys={'energy': 'REF_energy', 'stress': 'REF_stress', 'virials': 'REF_virials', 'dipole': 'dipole', 'head': 'head', 'elec_temp': 'elec_temp', 'total_charge': 'total_charge', 'polarizability': 'polarizability', 'total_spin': 'total_spin'}, arrays_keys={'forces': 'REF_forces', 'charges': 'REF_charges'})
2026-03-25 00:36:59.711 INFO: =============    Processing head Default     ===========
2026-03-25 00:36:59.765 INFO: Training set 1/1 [energy: 16, stress: 0, virials: 0, dipole components: 0, head: 16, elec_temp: 0, total_charge: 0, polarizability: 0, total_spin: 0, forces: 16, charges: 0]
2026-03-25 00:36:59.766 INFO: Total Training set [energy: 16, stress: 0, virials: 0, dipole components: 0, head: 16, elec_temp: 0, total_charge: 0, polarizability: 0, total_spin: 0, forces: 16, charges: 0]
2026-03-25 00:36:59.785 INFO: Validation set 1/1 [energy: 4, stress: 0, virials: 0, dipole components: 0, head: 4, elec_temp: 0, total_charge: 0, polarizability: 0, total_spin: 0, forces: 4, charges: 0]
2026-03-25 00:36:59.785 INFO: Total Validation set [energy: 4, stress: 0, virials: 0, dipole components: 0, head: 4, elec_temp: 0, total_charge: 0, polarizability: 0, total_spin: 0, forces: 4, charges: 0]
2026-03-25 00:36:59.785 INFO: Total number of configurations: train=16, valid=4, tests=[],
2026-03-25 00:36:59.785 WARNING: Validation batch size (10) is larger than the number of validation data (4)
2026-03-25 00:36:59.787 INFO: Atomic Numbers used: [np.int64(3), np.int64(8), np.int64(40), np.int64(57)]
2026-03-25 00:36:59.787 INFO: Isolated Atomic Energies (E0s) not in training file, using command line argument
2026-03-25 00:36:59.787 INFO: Atomic Energies used (z: eV) for head Default: {3: -190.7590256408, 8: -442.9888796243, 40: -1380.1817128081, 57: -958.0774205521}
2026-03-25 00:36:59.787 INFO: Processing datasets for head 'Default'
2026-03-25 00:36:59.975 INFO: Combining 1 list datasets for head 'Default'
2026-03-25 00:37:00.025 INFO: Combining 1 list datasets for head 'Default_valid'
2026-03-25 00:37:00.025 INFO: Combined validation datasets for Default
2026-03-25 00:37:00.025 INFO: Head 'Default' training dataset size: 16
2026-03-25 00:37:00.025 INFO: Computing average number of neighbors
2026-03-25 00:37:00.053 INFO: Average number of neighbors: 61.658992767333984
2026-03-25 00:37:00.054 INFO: During training the following quantities will be reported: energy, forces
2026-03-25 00:37:00.054 INFO: ===========MODEL DETAILS===========
2026-03-25 00:37:00.071 INFO: Loading FOUNDATION model
2026-03-25 00:37:00.071 INFO: Using filtered elements: [np.int64(3), np.int64(8), np.int64(40), np.int64(57)]
2026-03-25 00:37:00.071 INFO: Model configuration extracted from foundation model
2026-03-25 00:37:00.071 INFO: Using weighted loss function for fine-tuning
2026-03-25 00:37:00.071 INFO: Message passing with hidden irreps 128x0e+128x1o)
2026-03-25 00:37:00.071 INFO: 2 layers, each with correlation order: 3 (body order: 4) and spherical harmonics up to: l=3
2026-03-25 00:37:00.071 INFO: Radial cutoff: 6.0 A (total receptive field for each atom: 12.0 A)
2026-03-25 00:37:00.071 INFO: Distance transform for radial basis functions: Agnesi
2026-03-25 00:37:01.319 INFO: Injecting LoRA layers with rank=5 and alpha=1.0
2026-03-25 00:37:01.320 INFO: Original model has 848814 trainable parameters.
2026-03-25 00:37:01.832 INFO: Model with LoRA has 885694 trainable parameters.
2026-03-25 00:37:01.832 INFO: ===========OPTIMIZER INFORMATION===========
2026-03-25 00:37:01.832 INFO: Using ADAM as parameter optimizer
2026-03-25 00:37:01.832 INFO: Batch size: 4
2026-03-25 00:37:01.832 INFO: Number of gradient updates: 480
2026-03-25 00:37:01.832 INFO: Learning rate: 0.0005, weight decay: 5e-07
2026-03-25 00:37:01.832 INFO: WeightedEnergyForcesLoss(energy_weight=1.000, forces_weight=4.000)
2026-03-25 00:37:01.833 INFO: === Layer's learning rates ===
2026-03-25 00:37:01.833 INFO: Param group 0: lr = 0.0005
2026-03-25 00:37:01.833 INFO: Param group 1: lr = 0.0005
2026-03-25 00:37:01.833 INFO: Param group 2: lr = 0.0005
2026-03-25 00:37:01.833 INFO: Param group 3: lr = 0.0005
2026-03-25 00:37:01.833 INFO: Param group 4: lr = 0.0005
2026-03-25 00:37:01.834 WARNING: Cannot find checkpoint with tag 'mace_fps_split8_run-1' in './checkpoints'
2026-03-25 00:37:01.834 INFO: Using gradient clipping with tolerance=10.000
2026-03-25 00:37:01.834 INFO: 
2026-03-25 00:37:01.834 INFO: ===========TRAINING===========
2026-03-25 00:37:01.834 INFO: Started training, reporting errors on validation set
2026-03-25 00:37:01.834 INFO: Loss metrics on validation set
2026-03-25 00:37:02.838 INFO: Initial: head: Default, loss=0.11752167, RMSE_E_per_atom=  621.37 meV, RMSE_F=  144.91 meV / A
2026-03-25 00:37:11.342 INFO: Epoch 0: head: Default, loss=0.10856448, RMSE_E_per_atom=  609.27 meV, RMSE_F=  125.54 meV / A
2026-03-25 00:37:17.474 INFO: Epoch 1: head: Default, loss=0.10100622, RMSE_E_per_atom=  595.81 meV, RMSE_F=  110.73 meV / A
2026-03-25 00:37:22.407 INFO: Epoch 2: head: Default, loss=0.09476303, RMSE_E_per_atom=  581.52 meV, RMSE_F=  101.10 meV / A
