2026-03-25 01:10:47.935 INFO: ===========VERIFYING SETTINGS===========
2026-03-25 01:10:47.935 INFO: MACE version: 0.3.15
2026-03-25 01:10:47.935 DEBUG: Configuration: Namespace(config=None, name='mace_fps_split16', seed=1, work_dir='.', log_dir='./logs', model_dir='.', checkpoints_dir='./checkpoints', results_dir='./results', downloads_dir='./downloads', device='cuda', default_dtype='float32', distributed=False, launcher='slurm', log_level='INFO', plot=True, plot_frequency=0, plot_interaction_e=False, error_table='PerAtomRMSE', model='MACE', r_max=5.0, radial_type='bessel', num_radial_basis=8, num_cutoff_basis=5, pair_repulsion=False, distance_transform='None', apply_cutoff=True, use_last_readout_only=False, use_embedding_readout=False, interaction='RealAgnosticResidualInteractionBlock', interaction_first='RealAgnosticResidualInteractionBlock', max_ell=3, correlation=3, use_reduced_cg=False, use_so3=False, use_agnostic_product=False, num_interactions=2, MLP_irreps='16x0e', radial_MLP='[64, 64, 64]', hidden_irreps='128x0e + 128x1o', edge_irreps=None, num_channels=128, max_L=1, gate='silu', kspace_cutoff_factor=1.5, atomic_multipoles_max_l=0, atomic_multipoles_smearing_width=1.0, field_feature_max_l=0, field_feature_widths='[1.0]', field_feature_norms=None, num_recursion_steps=1, field_si=False, include_electrostatic_self_interaction=False, add_local_electron_energy=False, quadrupole_feature_corrections=False, return_electrostatic_potentials=False, field_norm_factor=0.02, fixedpoint_update_config=None, field_readout_config=None, scaling='rms_forces_scaling', avg_num_neighbors=1, compute_avg_num_neighbors=True, compute_stress=False, compute_forces=True, compute_polarizability=False, compute_atomic_dipole=False, train_file='/home/mehuldarak/athena/fps_dftfe_data/split_16/fps_dftfe_split_16_train.extxyz', valid_file='/home/mehuldarak/athena/fps_dftfe_data/split_16/fps_dftfe_split_16_val.extxyz', valid_fraction=0.1, test_file=None, test_dir=None, multi_processed_test=False, num_workers=0, pin_memory=True, atomic_numbers=None, mean=None, std=None, statistics_file=None, les_arguments=None, E0s='{3:-190.7590256408,8:-442.9888796243,40:-1380.1817128081,57:-958.0774205521}', pseudolabel_replay=False, pseudolabel_replay_compute_stress=False, foundation_filter_elements=True, heads=None, multiheads_finetuning=True, foundation_head=None, weight_pt_head=1.0, real_pt_data_ratio_threshold=0.1, num_samples_pt=10000, force_mh_ft_lr=False, subselect_pt='random', filter_type_pt='none', allow_random_padding_pt=True, pt_train_file=None, pt_valid_file=None, foundation_model_elements=False, keep_isolated_atoms=False, lora=True, lora_rank=5, lora_alpha=1.0, energy_key='REF_energy', forces_key='REF_forces', virials_key='REF_virials', stress_key='REF_stress', dipole_key='dipole', polarizability_key='polarizability', head_key='head', charges_key='REF_charges', elec_temp_key='elec_temp', total_spin_key='total_spin', total_charge_key='total_charge', embedding_specs=None, skip_evaluate_heads='pt_head', loss='weighted', forces_weight=5.0, swa_forces_weight=100.0, energy_weight=1.0, swa_energy_weight=1000.0, virials_weight=1.0, swa_virials_weight=10.0, stress_weight=0.0, swa_stress_weight=10.0, dipole_weight=1.0, swa_dipole_weight=1.0, swa_polarizability_weight=1.0, polarizability_weight=1.0, config_type_weights='{"Default":1.0}', huber_delta=0.01, optimizer='adam', beta=0.9, beta1_schedulefree=0.9, beta2_schedulefree=0.98, batch_size=4, valid_batch_size=10, lr=0.01, swa_lr=0.001, weight_decay=5e-07, lr_params_factors='{"embedding_lr_factor": 1.0, "interactions_lr_factor": 1.0, "products_lr_factor": 1.0, "readouts_lr_factor": 1.0}', freeze=None, amsgrad=True, scheduler='ReduceLROnPlateau', lr_factor=0.8, scheduler_patience=50, lr_scheduler_gamma=0.9993, swa=False, start_swa=None, lbfgs=False, ema=False, ema_decay=0.99, max_num_epochs=120, patience=2048, foundation_model='/home/mehuldarak/MACE_models/universal_09072025/mace-omat-0-medium.model', foundation_model_kwargs='{}', foundation_model_readout=True, eval_interval=1, keep_checkpoints=False, save_all_checkpoints=False, restart_latest=True, save_cpu=False, clip_grad=10.0, dry_run=False, enable_cueq=False, only_cueq=False, enable_oeq=False, wandb=False, wandb_dir=None, wandb_project='', wandb_entity='', wandb_name='', wandb_log_hypers=['num_channels', 'max_L', 'correlation', 'lr', 'swa_lr', 'weight_decay', 'batch_size', 'max_num_epochs', 'start_swa', 'energy_weight', 'forces_weight'], key_specification=KeySpecification(info_keys={'energy': 'REF_energy', 'stress': 'REF_stress', 'virials': 'REF_virials', 'dipole': 'dipole', 'head': 'head', 'elec_temp': 'elec_temp', 'total_charge': 'total_charge', 'polarizability': 'polarizability', 'total_spin': 'total_spin'}, arrays_keys={'forces': 'REF_forces', 'charges': 'REF_charges'}))
2026-03-25 01:10:47.954 INFO: CUDA version: 12.8, CUDA device: 0
2026-03-25 01:10:47.977 DEBUG: Popen(['git', 'version'], cwd=/home/mehuldarak/athena/mace_fps_training, stdin=None, shell=False, universal_newlines=False)
2026-03-25 01:10:47.979 DEBUG: Popen(['git', 'version'], cwd=/home/mehuldarak/athena/mace_fps_training, stdin=None, shell=False, universal_newlines=False)
2026-03-25 01:10:47.982 DEBUG: sys.platform='linux', git_executable='git'
2026-03-25 01:10:47.982 DEBUG: Popen(['git', 'cat-file', '--batch-check'], cwd=/home/mehuldarak/athena, stdin=<valid stream>, shell=False, universal_newlines=False)
2026-03-25 01:10:47.985 DEBUG: Current Git commit: a6b661176b6b9feb0567915cba9df62cd0dab5ce
2026-03-25 01:10:48.192 INFO: Using foundation model /home/mehuldarak/MACE_models/universal_09072025/mace-omat-0-medium.model as initial checkpoint.
2026-03-25 01:10:48.193 WARNING: Using multiheads finetuning with a foundation model that is not a Materials Project model, need to provied a path to a pretraining file with --pt_train_file.
2026-03-25 01:10:48.193 INFO: ===========LOADING INPUT DATA===========
2026-03-25 01:10:48.193 INFO: Using heads: ['Default']
2026-03-25 01:10:48.193 INFO: Using the key specifications to parse data:
2026-03-25 01:10:48.193 INFO: Default: KeySpecification(info_keys={'energy': 'REF_energy', 'stress': 'REF_stress', 'virials': 'REF_virials', 'dipole': 'dipole', 'head': 'head', 'elec_temp': 'elec_temp', 'total_charge': 'total_charge', 'polarizability': 'polarizability', 'total_spin': 'total_spin'}, arrays_keys={'forces': 'REF_forces', 'charges': 'REF_charges'})
2026-03-25 01:10:48.193 INFO: =============    Processing head Default     ===========
2026-03-25 01:10:48.193 DEBUG: Loading training file: /home/mehuldarak/athena/fps_dftfe_data/split_16/fps_dftfe_split_16_train.extxyz
2026-03-25 01:10:48.239 INFO: Training set 1/1 [energy: 16, stress: 0, virials: 0, dipole components: 0, head: 16, elec_temp: 0, total_charge: 0, polarizability: 0, total_spin: 0, forces: 16, charges: 0]
2026-03-25 01:10:48.239 INFO: Total Training set [energy: 16, stress: 0, virials: 0, dipole components: 0, head: 16, elec_temp: 0, total_charge: 0, polarizability: 0, total_spin: 0, forces: 16, charges: 0]
2026-03-25 01:10:48.257 INFO: Validation set 1/1 [energy: 4, stress: 0, virials: 0, dipole components: 0, head: 4, elec_temp: 0, total_charge: 0, polarizability: 0, total_spin: 0, forces: 4, charges: 0]
2026-03-25 01:10:48.257 INFO: Total Validation set [energy: 4, stress: 0, virials: 0, dipole components: 0, head: 4, elec_temp: 0, total_charge: 0, polarizability: 0, total_spin: 0, forces: 4, charges: 0]
2026-03-25 01:10:48.257 INFO: Total number of configurations: train=16, valid=4, tests=[],
2026-03-25 01:10:48.257 WARNING: Validation batch size (10) is larger than the number of validation data (4)
2026-03-25 01:10:48.258 INFO: Atomic Numbers used: [np.int64(3), np.int64(8), np.int64(40), np.int64(57)]
2026-03-25 01:10:48.258 INFO: Isolated Atomic Energies (E0s) not in training file, using command line argument
2026-03-25 01:10:48.258 INFO: Atomic Energies used (z: eV) for head Default: {3: -190.7590256408, 8: -442.9888796243, 40: -1380.1817128081, 57: -958.0774205521}
2026-03-25 01:10:48.258 INFO: Processing datasets for head 'Default'
2026-03-25 01:10:48.457 DEBUG: Successfully loaded dataset from ASE files: ['/home/mehuldarak/athena/fps_dftfe_data/split_16/fps_dftfe_split_16_train.extxyz']
2026-03-25 01:10:48.458 INFO: Combining 1 list datasets for head 'Default'
2026-03-25 01:10:48.506 DEBUG: Successfully loaded validation dataset from ASE files: ['/home/mehuldarak/athena/fps_dftfe_data/split_16/fps_dftfe_split_16_val.extxyz']
2026-03-25 01:10:48.506 INFO: Combining 1 list datasets for head 'Default_valid'
2026-03-25 01:10:48.506 INFO: Combined validation datasets for Default
2026-03-25 01:10:48.506 INFO: Head 'Default' training dataset size: 16
2026-03-25 01:10:48.506 INFO: Computing average number of neighbors
2026-03-25 01:10:48.536 INFO: Average number of neighbors: 62.10631561279297
2026-03-25 01:10:48.536 INFO: During training the following quantities will be reported: energy, forces
2026-03-25 01:10:48.537 INFO: ===========MODEL DETAILS===========
2026-03-25 01:10:48.552 INFO: Loading FOUNDATION model
2026-03-25 01:10:48.553 INFO: Using filtered elements: [np.int64(3), np.int64(8), np.int64(40), np.int64(57)]
2026-03-25 01:10:48.553 INFO: Model configuration extracted from foundation model
2026-03-25 01:10:48.553 INFO: Using weighted loss function for fine-tuning
2026-03-25 01:10:48.553 INFO: Message passing with hidden irreps 128x0e+128x1o)
2026-03-25 01:10:48.553 INFO: 2 layers, each with correlation order: 3 (body order: 4) and spherical harmonics up to: l=3
2026-03-25 01:10:48.553 INFO: Radial cutoff: 6.0 A (total receptive field for each atom: 12.0 A)
2026-03-25 01:10:48.553 INFO: Distance transform for radial basis functions: Agnesi
2026-03-25 01:10:49.812 INFO: Injecting LoRA layers with rank=5 and alpha=1.0
2026-03-25 01:10:49.812 INFO: Original model has 848814 trainable parameters.
2026-03-25 01:10:50.325 INFO: Model with LoRA has 885694 trainable parameters.
2026-03-25 01:10:50.325 INFO: ===========OPTIMIZER INFORMATION===========
2026-03-25 01:10:50.326 INFO: Using ADAM as parameter optimizer
2026-03-25 01:10:50.326 INFO: Batch size: 4
2026-03-25 01:10:50.326 INFO: Number of gradient updates: 480
2026-03-25 01:10:50.326 INFO: Learning rate: 0.01, weight decay: 5e-07
2026-03-25 01:10:50.326 INFO: WeightedEnergyForcesLoss(energy_weight=1.000, forces_weight=5.000)
2026-03-25 01:10:50.327 INFO: === Layer's learning rates ===
2026-03-25 01:10:50.327 INFO: Param group 0: lr = 0.01
2026-03-25 01:10:50.327 INFO: Param group 1: lr = 0.01
2026-03-25 01:10:50.327 INFO: Param group 2: lr = 0.01
2026-03-25 01:10:50.327 INFO: Param group 3: lr = 0.01
2026-03-25 01:10:50.328 INFO: Param group 4: lr = 0.01
2026-03-25 01:10:50.328 WARNING: Cannot find checkpoint with tag 'mace_fps_split16_run-1' in './checkpoints'
2026-03-25 01:10:50.328 INFO: Using gradient clipping with tolerance=10.000
2026-03-25 01:10:50.328 INFO: 
2026-03-25 01:10:50.328 INFO: ===========TRAINING===========
2026-03-25 01:10:50.329 INFO: Started training, reporting errors on validation set
2026-03-25 01:10:50.329 INFO: Loss metrics on validation set
2026-03-25 01:10:51.258 INFO: Initial: head: Default, loss=0.11574904, RMSE_E_per_atom=  615.73 meV, RMSE_F=  129.52 meV / A
2026-03-25 01:10:59.979 INFO: Epoch 0: head: Default, loss=0.04438518, RMSE_E_per_atom=  357.00 meV, RMSE_F=  100.09 meV / A
2026-03-25 01:10:59.981 DEBUG: Saving checkpoint: ./checkpoints/mace_fps_split16_run-1_epoch-0.pt
2026-03-25 01:11:06.191 INFO: Epoch 1: head: Default, loss=0.01929622, RMSE_E_per_atom=   82.30 meV, RMSE_F=  118.67 meV / A
2026-03-25 01:11:06.193 DEBUG: Deleting old checkpoint file: ./checkpoints/mace_fps_split16_run-1_epoch-0.pt
2026-03-25 01:11:06.194 DEBUG: Saving checkpoint: ./checkpoints/mace_fps_split16_run-1_epoch-1.pt
2026-03-25 01:11:11.513 INFO: Epoch 2: head: Default, loss=0.01945467, RMSE_E_per_atom=  124.94 meV, RMSE_F=  111.54 meV / A
2026-03-25 01:11:16.613 INFO: Epoch 3: head: Default, loss=0.01157230, RMSE_E_per_atom=   40.42 meV, RMSE_F=   94.50 meV / A
2026-03-25 01:11:16.616 DEBUG: Deleting old checkpoint file: ./checkpoints/mace_fps_split16_run-1_epoch-1.pt
2026-03-25 01:11:16.618 DEBUG: Saving checkpoint: ./checkpoints/mace_fps_split16_run-1_epoch-3.pt
2026-03-25 01:11:21.747 INFO: Epoch 4: head: Default, loss=0.01356668, RMSE_E_per_atom=   97.18 meV, RMSE_F=   94.68 meV / A
2026-03-25 01:11:26.852 INFO: Epoch 5: head: Default, loss=0.00998197, RMSE_E_per_atom=   58.10 meV, RMSE_F=   85.50 meV / A
2026-03-25 01:11:26.853 DEBUG: Deleting old checkpoint file: ./checkpoints/mace_fps_split16_run-1_epoch-3.pt
2026-03-25 01:11:26.854 DEBUG: Saving checkpoint: ./checkpoints/mace_fps_split16_run-1_epoch-5.pt
2026-03-25 01:11:32.016 INFO: Epoch 6: head: Default, loss=0.00975420, RMSE_E_per_atom=    9.83 meV, RMSE_F=   88.23 meV / A
2026-03-25 01:11:32.018 DEBUG: Deleting old checkpoint file: ./checkpoints/mace_fps_split16_run-1_epoch-5.pt
2026-03-25 01:11:32.019 DEBUG: Saving checkpoint: ./checkpoints/mace_fps_split16_run-1_epoch-6.pt
2026-03-25 01:11:37.197 INFO: Epoch 7: head: Default, loss=0.00929184, RMSE_E_per_atom=   19.56 meV, RMSE_F=   85.77 meV / A
2026-03-25 01:11:37.198 DEBUG: Deleting old checkpoint file: ./checkpoints/mace_fps_split16_run-1_epoch-6.pt
2026-03-25 01:11:37.199 DEBUG: Saving checkpoint: ./checkpoints/mace_fps_split16_run-1_epoch-7.pt
2026-03-25 01:11:42.383 INFO: Epoch 8: head: Default, loss=0.00843656, RMSE_E_per_atom=   11.63 meV, RMSE_F=   81.99 meV / A
2026-03-25 01:11:42.384 DEBUG: Deleting old checkpoint file: ./checkpoints/mace_fps_split16_run-1_epoch-7.pt
2026-03-25 01:11:42.386 DEBUG: Saving checkpoint: ./checkpoints/mace_fps_split16_run-1_epoch-8.pt
2026-03-25 01:11:47.571 INFO: Epoch 9: head: Default, loss=0.01151391, RMSE_E_per_atom=   28.62 meV, RMSE_F=   95.12 meV / A
2026-03-25 01:11:52.749 INFO: Epoch 10: head: Default, loss=0.00804067, RMSE_E_per_atom=   27.73 meV, RMSE_F=   79.24 meV / A
2026-03-25 01:11:52.750 DEBUG: Deleting old checkpoint file: ./checkpoints/mace_fps_split16_run-1_epoch-8.pt
2026-03-25 01:11:52.751 DEBUG: Saving checkpoint: ./checkpoints/mace_fps_split16_run-1_epoch-10.pt
2026-03-25 01:11:57.974 INFO: Epoch 11: head: Default, loss=0.00824019, RMSE_E_per_atom=   14.68 meV, RMSE_F=   80.93 meV / A
2026-03-25 01:12:03.156 INFO: Epoch 12: head: Default, loss=0.00850051, RMSE_E_per_atom=    9.64 meV, RMSE_F=   82.35 meV / A
2026-03-25 01:12:08.340 INFO: Epoch 13: head: Default, loss=0.00727711, RMSE_E_per_atom=   10.20 meV, RMSE_F=   76.16 meV / A
2026-03-25 01:12:08.341 DEBUG: Deleting old checkpoint file: ./checkpoints/mace_fps_split16_run-1_epoch-10.pt
2026-03-25 01:12:08.342 DEBUG: Saving checkpoint: ./checkpoints/mace_fps_split16_run-1_epoch-13.pt
2026-03-25 01:12:13.530 INFO: Epoch 14: head: Default, loss=0.00848050, RMSE_E_per_atom=   16.69 meV, RMSE_F=   82.03 meV / A
2026-03-25 01:12:18.684 INFO: Epoch 15: head: Default, loss=0.00762011, RMSE_E_per_atom=   16.86 meV, RMSE_F=   77.71 meV / A
2026-03-25 01:12:23.836 INFO: Epoch 16: head: Default, loss=0.00722235, RMSE_E_per_atom=   12.73 meV, RMSE_F=   75.80 meV / A
2026-03-25 01:12:23.838 DEBUG: Deleting old checkpoint file: ./checkpoints/mace_fps_split16_run-1_epoch-13.pt
2026-03-25 01:12:23.839 DEBUG: Saving checkpoint: ./checkpoints/mace_fps_split16_run-1_epoch-16.pt
2026-03-25 01:12:29.022 INFO: Epoch 17: head: Default, loss=0.00813993, RMSE_E_per_atom=    9.14 meV, RMSE_F=   80.59 meV / A
2026-03-25 01:12:34.501 INFO: Epoch 18: head: Default, loss=0.00701651, RMSE_E_per_atom=   10.53 meV, RMSE_F=   74.77 meV / A
2026-03-25 01:12:34.502 DEBUG: Deleting old checkpoint file: ./checkpoints/mace_fps_split16_run-1_epoch-16.pt
2026-03-25 01:12:34.503 DEBUG: Saving checkpoint: ./checkpoints/mace_fps_split16_run-1_epoch-18.pt
2026-03-25 01:12:39.680 INFO: Epoch 19: head: Default, loss=0.00695798, RMSE_E_per_atom=   13.94 meV, RMSE_F=   74.35 meV / A
2026-03-25 01:12:39.681 DEBUG: Deleting old checkpoint file: ./checkpoints/mace_fps_split16_run-1_epoch-18.pt
2026-03-25 01:12:39.683 DEBUG: Saving checkpoint: ./checkpoints/mace_fps_split16_run-1_epoch-19.pt
2026-03-25 01:12:44.844 INFO: Epoch 20: head: Default, loss=0.00690568, RMSE_E_per_atom=   14.56 meV, RMSE_F=   74.04 meV / A
2026-03-25 01:12:44.845 DEBUG: Deleting old checkpoint file: ./checkpoints/mace_fps_split16_run-1_epoch-19.pt
2026-03-25 01:12:44.846 DEBUG: Saving checkpoint: ./checkpoints/mace_fps_split16_run-1_epoch-20.pt
2026-03-25 01:12:50.020 INFO: Epoch 21: head: Default, loss=0.00678925, RMSE_E_per_atom=   13.49 meV, RMSE_F=   73.45 meV / A
2026-03-25 01:12:50.021 DEBUG: Deleting old checkpoint file: ./checkpoints/mace_fps_split16_run-1_epoch-20.pt
2026-03-25 01:12:50.022 DEBUG: Saving checkpoint: ./checkpoints/mace_fps_split16_run-1_epoch-21.pt
2026-03-25 01:12:55.182 INFO: Epoch 22: head: Default, loss=0.00687952, RMSE_E_per_atom=    9.60 meV, RMSE_F=   74.06 meV / A
