2026-03-24 23:19:37.361 INFO: ===========VERIFYING SETTINGS===========
2026-03-24 23:19:37.361 INFO: MACE version: 0.3.15
2026-03-24 23:19:37.361 DEBUG: Configuration: Namespace(config=None, name='mace_fps_split4', seed=1, work_dir='.', log_dir='./logs', model_dir='.', checkpoints_dir='./checkpoints', results_dir='./results', downloads_dir='./downloads', device='cuda', default_dtype='float32', distributed=False, launcher='slurm', log_level='INFO', plot=True, plot_frequency=0, plot_interaction_e=False, error_table='PerAtomRMSE', model='MACE', r_max=5.0, radial_type='bessel', num_radial_basis=8, num_cutoff_basis=5, pair_repulsion=False, distance_transform='None', apply_cutoff=True, use_last_readout_only=False, use_embedding_readout=False, interaction='RealAgnosticResidualInteractionBlock', interaction_first='RealAgnosticResidualInteractionBlock', max_ell=3, correlation=3, use_reduced_cg=False, use_so3=False, use_agnostic_product=False, num_interactions=2, MLP_irreps='16x0e', radial_MLP='[64, 64, 64]', hidden_irreps='128x0e + 128x1o', edge_irreps=None, num_channels=128, max_L=1, gate='silu', kspace_cutoff_factor=1.5, atomic_multipoles_max_l=0, atomic_multipoles_smearing_width=1.0, field_feature_max_l=0, field_feature_widths='[1.0]', field_feature_norms=None, num_recursion_steps=1, field_si=False, include_electrostatic_self_interaction=False, add_local_electron_energy=False, quadrupole_feature_corrections=False, return_electrostatic_potentials=False, field_norm_factor=0.02, fixedpoint_update_config=None, field_readout_config=None, scaling='rms_forces_scaling', avg_num_neighbors=1, compute_avg_num_neighbors=True, compute_stress=False, compute_forces=True, compute_polarizability=False, compute_atomic_dipole=False, train_file='/home/mehuldarak/athena/fps_dftfe_data/split_4/fps_dftfe_split_4_train.extxyz', valid_file='/home/mehuldarak/athena/fps_dftfe_data/split_4/fps_dftfe_split_4_val.extxyz', valid_fraction=0.1, test_file=None, test_dir=None, multi_processed_test=False, num_workers=0, pin_memory=True, atomic_numbers=None, mean=None, std=None, statistics_file=None, les_arguments=None, E0s='{3:-190.7590256408,8:-442.9888796243,40:-1380.1817128081,57:-958.0774205521}', pseudolabel_replay=False, pseudolabel_replay_compute_stress=False, foundation_filter_elements=True, heads=None, multiheads_finetuning=True, foundation_head=None, weight_pt_head=1.0, real_pt_data_ratio_threshold=0.1, num_samples_pt=10000, force_mh_ft_lr=False, subselect_pt='random', filter_type_pt='none', allow_random_padding_pt=True, pt_train_file=None, pt_valid_file=None, foundation_model_elements=False, keep_isolated_atoms=False, lora=True, lora_rank=5, lora_alpha=1.0, energy_key='REF_energy', forces_key='REF_forces', virials_key='REF_virials', stress_key='REF_stress', dipole_key='dipole', polarizability_key='polarizability', head_key='head', charges_key='REF_charges', elec_temp_key='elec_temp', total_spin_key='total_spin', total_charge_key='total_charge', embedding_specs=None, skip_evaluate_heads='pt_head', loss='weighted', forces_weight=10.0, swa_forces_weight=100.0, energy_weight=1.0, swa_energy_weight=1000.0, virials_weight=1.0, swa_virials_weight=10.0, stress_weight=0.0, swa_stress_weight=10.0, dipole_weight=1.0, swa_dipole_weight=1.0, swa_polarizability_weight=1.0, polarizability_weight=1.0, config_type_weights='{"Default":1.0}', huber_delta=0.01, optimizer='adam', beta=0.9, beta1_schedulefree=0.9, beta2_schedulefree=0.98, batch_size=2, valid_batch_size=10, lr=0.0005, swa_lr=0.001, weight_decay=5e-07, lr_params_factors='{"embedding_lr_factor": 1.0, "interactions_lr_factor": 1.0, "products_lr_factor": 1.0, "readouts_lr_factor": 1.0}', freeze=None, amsgrad=True, scheduler='ReduceLROnPlateau', lr_factor=0.8, scheduler_patience=50, lr_scheduler_gamma=0.9993, swa=False, start_swa=None, lbfgs=False, ema=False, ema_decay=0.99, max_num_epochs=120, patience=2048, foundation_model='/home/mehuldarak/MACE_models/universal_09072025/mace-omat-0-medium.model', foundation_model_kwargs='{}', foundation_model_readout=True, eval_interval=1, keep_checkpoints=False, save_all_checkpoints=False, restart_latest=True, save_cpu=False, clip_grad=10.0, dry_run=False, enable_cueq=False, only_cueq=False, enable_oeq=False, wandb=False, wandb_dir=None, wandb_project='', wandb_entity='', wandb_name='', wandb_log_hypers=['num_channels', 'max_L', 'correlation', 'lr', 'swa_lr', 'weight_decay', 'batch_size', 'max_num_epochs', 'start_swa', 'energy_weight', 'forces_weight'], key_specification=KeySpecification(info_keys={'energy': 'REF_energy', 'stress': 'REF_stress', 'virials': 'REF_virials', 'dipole': 'dipole', 'head': 'head', 'elec_temp': 'elec_temp', 'total_charge': 'total_charge', 'polarizability': 'polarizability', 'total_spin': 'total_spin'}, arrays_keys={'forces': 'REF_forces', 'charges': 'REF_charges'}))
2026-03-24 23:19:37.379 INFO: CUDA version: 12.8, CUDA device: 0
2026-03-24 23:19:37.402 DEBUG: Popen(['git', 'version'], cwd=/home/mehuldarak/athena/mace_fps_training, stdin=None, shell=False, universal_newlines=False)
2026-03-24 23:19:37.404 DEBUG: Popen(['git', 'version'], cwd=/home/mehuldarak/athena/mace_fps_training, stdin=None, shell=False, universal_newlines=False)
2026-03-24 23:19:37.407 DEBUG: sys.platform='linux', git_executable='git'
2026-03-24 23:19:37.407 DEBUG: Popen(['git', 'cat-file', '--batch-check'], cwd=/home/mehuldarak/athena, stdin=<valid stream>, shell=False, universal_newlines=False)
2026-03-24 23:19:37.410 DEBUG: Current Git commit: a6b661176b6b9feb0567915cba9df62cd0dab5ce
2026-03-24 23:19:37.725 INFO: Using foundation model /home/mehuldarak/MACE_models/universal_09072025/mace-omat-0-medium.model as initial checkpoint.
2026-03-24 23:19:37.726 WARNING: Using multiheads finetuning with a foundation model that is not a Materials Project model, need to provied a path to a pretraining file with --pt_train_file.
2026-03-24 23:19:37.726 INFO: ===========LOADING INPUT DATA===========
2026-03-24 23:19:37.726 INFO: Using heads: ['Default']
2026-03-24 23:19:37.726 INFO: Using the key specifications to parse data:
2026-03-24 23:19:37.727 INFO: Default: KeySpecification(info_keys={'energy': 'REF_energy', 'stress': 'REF_stress', 'virials': 'REF_virials', 'dipole': 'dipole', 'head': 'head', 'elec_temp': 'elec_temp', 'total_charge': 'total_charge', 'polarizability': 'polarizability', 'total_spin': 'total_spin'}, arrays_keys={'forces': 'REF_forces', 'charges': 'REF_charges'})
2026-03-24 23:19:37.727 INFO: =============    Processing head Default     ===========
2026-03-24 23:19:37.727 DEBUG: Loading training file: /home/mehuldarak/athena/fps_dftfe_data/split_4/fps_dftfe_split_4_train.extxyz
2026-03-24 23:19:37.772 INFO: Training set 1/1 [energy: 16, stress: 0, virials: 0, dipole components: 0, head: 16, elec_temp: 0, total_charge: 0, polarizability: 0, total_spin: 0, forces: 16, charges: 0]
2026-03-24 23:19:37.772 INFO: Total Training set [energy: 16, stress: 0, virials: 0, dipole components: 0, head: 16, elec_temp: 0, total_charge: 0, polarizability: 0, total_spin: 0, forces: 16, charges: 0]
2026-03-24 23:19:37.791 INFO: Validation set 1/1 [energy: 4, stress: 0, virials: 0, dipole components: 0, head: 4, elec_temp: 0, total_charge: 0, polarizability: 0, total_spin: 0, forces: 4, charges: 0]
2026-03-24 23:19:37.791 INFO: Total Validation set [energy: 4, stress: 0, virials: 0, dipole components: 0, head: 4, elec_temp: 0, total_charge: 0, polarizability: 0, total_spin: 0, forces: 4, charges: 0]
2026-03-24 23:19:37.791 INFO: Total number of configurations: train=16, valid=4, tests=[],
2026-03-24 23:19:37.791 WARNING: Validation batch size (10) is larger than the number of validation data (4)
2026-03-24 23:19:37.792 INFO: Atomic Numbers used: [np.int64(3), np.int64(8), np.int64(40), np.int64(57)]
2026-03-24 23:19:37.792 INFO: Isolated Atomic Energies (E0s) not in training file, using command line argument
2026-03-24 23:19:37.793 INFO: Atomic Energies used (z: eV) for head Default: {3: -190.7590256408, 8: -442.9888796243, 40: -1380.1817128081, 57: -958.0774205521}
2026-03-24 23:19:37.793 INFO: Processing datasets for head 'Default'
2026-03-24 23:19:37.993 DEBUG: Successfully loaded dataset from ASE files: ['/home/mehuldarak/athena/fps_dftfe_data/split_4/fps_dftfe_split_4_train.extxyz']
2026-03-24 23:19:37.993 INFO: Combining 1 list datasets for head 'Default'
2026-03-24 23:19:38.047 DEBUG: Successfully loaded validation dataset from ASE files: ['/home/mehuldarak/athena/fps_dftfe_data/split_4/fps_dftfe_split_4_val.extxyz']
2026-03-24 23:19:38.047 INFO: Combining 1 list datasets for head 'Default_valid'
2026-03-24 23:19:38.047 INFO: Combined validation datasets for Default
2026-03-24 23:19:38.048 INFO: Head 'Default' training dataset size: 16
2026-03-24 23:19:38.048 INFO: Computing average number of neighbors
2026-03-24 23:19:38.088 INFO: Average number of neighbors: 61.439666748046875
2026-03-24 23:19:38.088 INFO: During training the following quantities will be reported: energy, forces
2026-03-24 23:19:38.088 INFO: ===========MODEL DETAILS===========
2026-03-24 23:19:38.119 INFO: Loading FOUNDATION model
2026-03-24 23:19:38.120 INFO: Using filtered elements: [np.int64(3), np.int64(8), np.int64(40), np.int64(57)]
2026-03-24 23:19:38.120 INFO: Model configuration extracted from foundation model
2026-03-24 23:19:38.120 INFO: Using weighted loss function for fine-tuning
2026-03-24 23:19:38.120 INFO: Message passing with hidden irreps 128x0e+128x1o)
2026-03-24 23:19:38.120 INFO: 2 layers, each with correlation order: 3 (body order: 4) and spherical harmonics up to: l=3
2026-03-24 23:19:38.120 INFO: Radial cutoff: 6.0 A (total receptive field for each atom: 12.0 A)
2026-03-24 23:19:38.120 INFO: Distance transform for radial basis functions: Agnesi
2026-03-24 23:19:39.671 INFO: Injecting LoRA layers with rank=5 and alpha=1.0
2026-03-24 23:19:39.671 INFO: Original model has 848814 trainable parameters.
2026-03-24 23:19:40.297 INFO: Model with LoRA has 885694 trainable parameters.
2026-03-24 23:19:40.297 INFO: ===========OPTIMIZER INFORMATION===========
2026-03-24 23:19:40.297 INFO: Using ADAM as parameter optimizer
2026-03-24 23:19:40.298 INFO: Batch size: 2
2026-03-24 23:19:40.298 INFO: Number of gradient updates: 960
2026-03-24 23:19:40.298 INFO: Learning rate: 0.0005, weight decay: 5e-07
2026-03-24 23:19:40.298 INFO: WeightedEnergyForcesLoss(energy_weight=1.000, forces_weight=10.000)
2026-03-24 23:19:40.298 INFO: === Layer's learning rates ===
2026-03-24 23:19:40.299 INFO: Param group 0: lr = 0.0005
2026-03-24 23:19:40.299 INFO: Param group 1: lr = 0.0005
2026-03-24 23:19:40.299 INFO: Param group 2: lr = 0.0005
2026-03-24 23:19:40.299 INFO: Param group 3: lr = 0.0005
2026-03-24 23:19:40.299 INFO: Param group 4: lr = 0.0005
2026-03-24 23:19:40.299 WARNING: Cannot find checkpoint with tag 'mace_fps_split4_run-1' in './checkpoints'
2026-03-24 23:19:40.299 INFO: Using gradient clipping with tolerance=10.000
2026-03-24 23:19:40.299 INFO: 
2026-03-24 23:19:40.299 INFO: ===========TRAINING===========
2026-03-24 23:19:40.299 INFO: Started training, reporting errors on validation set
2026-03-24 23:19:40.299 INFO: Loss metrics on validation set
2026-03-24 23:19:42.083 INFO: Initial: head: Default, loss=0.14991224, RMSE_E_per_atom=  614.05 meV, RMSE_F=  149.20 meV / A
2026-03-24 23:19:59.883 INFO: Epoch 0: head: Default, loss=0.11999004, RMSE_E_per_atom=  594.75 meV, RMSE_F=  112.35 meV / A
2026-03-24 23:19:59.884 DEBUG: Saving checkpoint: ./checkpoints/mace_fps_split4_run-1_epoch-0.pt
2026-03-24 23:20:13.014 INFO: Epoch 1: head: Default, loss=0.10754485, RMSE_E_per_atom=  573.58 meV, RMSE_F=  100.59 meV / A
2026-03-24 23:20:13.015 DEBUG: Deleting old checkpoint file: ./checkpoints/mace_fps_split4_run-1_epoch-0.pt
2026-03-24 23:20:13.016 DEBUG: Saving checkpoint: ./checkpoints/mace_fps_split4_run-1_epoch-1.pt
2026-03-24 23:20:25.795 INFO: Epoch 2: head: Default, loss=0.10034787, RMSE_E_per_atom=  546.22 meV, RMSE_F=  101.51 meV / A
2026-03-24 23:20:25.797 DEBUG: Deleting old checkpoint file: ./checkpoints/mace_fps_split4_run-1_epoch-1.pt
2026-03-24 23:20:25.798 DEBUG: Saving checkpoint: ./checkpoints/mace_fps_split4_run-1_epoch-2.pt
2026-03-24 23:20:38.674 INFO: Epoch 3: head: Default, loss=0.09070633, RMSE_E_per_atom=  514.03 meV, RMSE_F=   99.30 meV / A
2026-03-24 23:20:38.675 DEBUG: Deleting old checkpoint file: ./checkpoints/mace_fps_split4_run-1_epoch-2.pt
2026-03-24 23:20:38.676 DEBUG: Saving checkpoint: ./checkpoints/mace_fps_split4_run-1_epoch-3.pt
2026-03-24 23:20:51.512 INFO: Epoch 4: head: Default, loss=0.08012953, RMSE_E_per_atom=  477.87 meV, RMSE_F=   96.00 meV / A
2026-03-24 23:20:51.513 DEBUG: Deleting old checkpoint file: ./checkpoints/mace_fps_split4_run-1_epoch-3.pt
2026-03-24 23:20:51.514 DEBUG: Saving checkpoint: ./checkpoints/mace_fps_split4_run-1_epoch-4.pt
2026-03-24 23:21:04.370 INFO: Epoch 5: head: Default, loss=0.07007731, RMSE_E_per_atom=  435.85 meV, RMSE_F=   95.05 meV / A
2026-03-24 23:21:04.371 DEBUG: Deleting old checkpoint file: ./checkpoints/mace_fps_split4_run-1_epoch-4.pt
2026-03-24 23:21:04.373 DEBUG: Saving checkpoint: ./checkpoints/mace_fps_split4_run-1_epoch-5.pt
2026-03-24 23:21:17.203 INFO: Epoch 6: head: Default, loss=0.06037693, RMSE_E_per_atom=  389.00 meV, RMSE_F=   94.97 meV / A
2026-03-24 23:21:17.205 DEBUG: Deleting old checkpoint file: ./checkpoints/mace_fps_split4_run-1_epoch-5.pt
2026-03-24 23:21:17.206 DEBUG: Saving checkpoint: ./checkpoints/mace_fps_split4_run-1_epoch-6.pt
2026-03-24 23:21:30.030 INFO: Epoch 7: head: Default, loss=0.05167218, RMSE_E_per_atom=  337.26 meV, RMSE_F=   96.41 meV / A
2026-03-24 23:21:30.032 DEBUG: Deleting old checkpoint file: ./checkpoints/mace_fps_split4_run-1_epoch-6.pt
2026-03-24 23:21:30.033 DEBUG: Saving checkpoint: ./checkpoints/mace_fps_split4_run-1_epoch-7.pt
2026-03-24 23:21:42.794 INFO: Epoch 8: head: Default, loss=0.04310915, RMSE_E_per_atom=  285.96 meV, RMSE_F=   95.22 meV / A
2026-03-24 23:21:42.795 DEBUG: Deleting old checkpoint file: ./checkpoints/mace_fps_split4_run-1_epoch-7.pt
2026-03-24 23:21:42.796 DEBUG: Saving checkpoint: ./checkpoints/mace_fps_split4_run-1_epoch-8.pt
2026-03-24 23:21:55.851 INFO: Epoch 9: head: Default, loss=0.03673036, RMSE_E_per_atom=  235.53 meV, RMSE_F=   95.63 meV / A
2026-03-24 23:21:55.852 DEBUG: Deleting old checkpoint file: ./checkpoints/mace_fps_split4_run-1_epoch-8.pt
2026-03-24 23:21:55.854 DEBUG: Saving checkpoint: ./checkpoints/mace_fps_split4_run-1_epoch-9.pt
2026-03-24 23:22:08.691 INFO: Epoch 10: head: Default, loss=0.03195701, RMSE_E_per_atom=  187.94 meV, RMSE_F=   96.18 meV / A
2026-03-24 23:22:08.692 DEBUG: Deleting old checkpoint file: ./checkpoints/mace_fps_split4_run-1_epoch-9.pt
2026-03-24 23:22:08.693 DEBUG: Saving checkpoint: ./checkpoints/mace_fps_split4_run-1_epoch-10.pt
2026-03-24 23:22:21.551 INFO: Epoch 11: head: Default, loss=0.02867259, RMSE_E_per_atom=  147.85 meV, RMSE_F=   96.35 meV / A
2026-03-24 23:22:21.552 DEBUG: Deleting old checkpoint file: ./checkpoints/mace_fps_split4_run-1_epoch-10.pt
2026-03-24 23:22:21.554 DEBUG: Saving checkpoint: ./checkpoints/mace_fps_split4_run-1_epoch-11.pt
2026-03-24 23:22:34.301 INFO: Epoch 12: head: Default, loss=0.02636667, RMSE_E_per_atom=  116.51 meV, RMSE_F=   95.86 meV / A
2026-03-24 23:22:34.302 DEBUG: Deleting old checkpoint file: ./checkpoints/mace_fps_split4_run-1_epoch-11.pt
2026-03-24 23:22:34.304 DEBUG: Saving checkpoint: ./checkpoints/mace_fps_split4_run-1_epoch-12.pt
2026-03-24 23:22:47.126 INFO: Epoch 13: head: Default, loss=0.02508773, RMSE_E_per_atom=   92.70 meV, RMSE_F=   95.79 meV / A
2026-03-24 23:22:47.128 DEBUG: Deleting old checkpoint file: ./checkpoints/mace_fps_split4_run-1_epoch-12.pt
2026-03-24 23:22:47.129 DEBUG: Saving checkpoint: ./checkpoints/mace_fps_split4_run-1_epoch-13.pt
2026-03-24 23:22:59.983 INFO: Epoch 14: head: Default, loss=0.02358085, RMSE_E_per_atom=   75.85 meV, RMSE_F=   94.11 meV / A
2026-03-24 23:22:59.984 DEBUG: Deleting old checkpoint file: ./checkpoints/mace_fps_split4_run-1_epoch-13.pt
2026-03-24 23:22:59.986 DEBUG: Saving checkpoint: ./checkpoints/mace_fps_split4_run-1_epoch-14.pt
2026-03-24 23:23:12.778 INFO: Epoch 15: head: Default, loss=0.02262958, RMSE_E_per_atom=   64.49 meV, RMSE_F=   92.93 meV / A
2026-03-24 23:23:12.779 DEBUG: Deleting old checkpoint file: ./checkpoints/mace_fps_split4_run-1_epoch-14.pt
2026-03-24 23:23:12.780 DEBUG: Saving checkpoint: ./checkpoints/mace_fps_split4_run-1_epoch-15.pt
2026-03-24 23:23:29.556 INFO: ===========VERIFYING SETTINGS===========
2026-03-24 23:23:29.556 INFO: MACE version: 0.3.15
2026-03-24 23:23:29.556 DEBUG: Configuration: Namespace(config=None, name='mace_fps_split4', seed=1, work_dir='.', log_dir='./logs', model_dir='.', checkpoints_dir='./checkpoints', results_dir='./results', downloads_dir='./downloads', device='cuda', default_dtype='float32', distributed=False, launcher='slurm', log_level='INFO', plot=True, plot_frequency=0, plot_interaction_e=False, error_table='PerAtomRMSE', model='MACE', r_max=5.0, radial_type='bessel', num_radial_basis=8, num_cutoff_basis=5, pair_repulsion=False, distance_transform='None', apply_cutoff=True, use_last_readout_only=False, use_embedding_readout=False, interaction='RealAgnosticResidualInteractionBlock', interaction_first='RealAgnosticResidualInteractionBlock', max_ell=3, correlation=3, use_reduced_cg=False, use_so3=False, use_agnostic_product=False, num_interactions=2, MLP_irreps='16x0e', radial_MLP='[64, 64, 64]', hidden_irreps='128x0e + 128x1o', edge_irreps=None, num_channels=128, max_L=1, gate='silu', kspace_cutoff_factor=1.5, atomic_multipoles_max_l=0, atomic_multipoles_smearing_width=1.0, field_feature_max_l=0, field_feature_widths='[1.0]', field_feature_norms=None, num_recursion_steps=1, field_si=False, include_electrostatic_self_interaction=False, add_local_electron_energy=False, quadrupole_feature_corrections=False, return_electrostatic_potentials=False, field_norm_factor=0.02, fixedpoint_update_config=None, field_readout_config=None, scaling='rms_forces_scaling', avg_num_neighbors=1, compute_avg_num_neighbors=True, compute_stress=False, compute_forces=True, compute_polarizability=False, compute_atomic_dipole=False, train_file='/home/mehuldarak/athena/fps_dftfe_data/split_4/fps_dftfe_split_4_train.extxyz', valid_file='/home/mehuldarak/athena/fps_dftfe_data/split_4/fps_dftfe_split_4_val.extxyz', valid_fraction=0.1, test_file=None, test_dir=None, multi_processed_test=False, num_workers=0, pin_memory=True, atomic_numbers=None, mean=None, std=None, statistics_file=None, les_arguments=None, E0s='{3:-190.7590256408,8:-442.9888796243,40:-1380.1817128081,57:-958.0774205521}', pseudolabel_replay=False, pseudolabel_replay_compute_stress=False, foundation_filter_elements=True, heads=None, multiheads_finetuning=True, foundation_head=None, weight_pt_head=1.0, real_pt_data_ratio_threshold=0.1, num_samples_pt=10000, force_mh_ft_lr=False, subselect_pt='random', filter_type_pt='none', allow_random_padding_pt=True, pt_train_file=None, pt_valid_file=None, foundation_model_elements=False, keep_isolated_atoms=False, lora=True, lora_rank=5, lora_alpha=1.0, energy_key='REF_energy', forces_key='REF_forces', virials_key='REF_virials', stress_key='REF_stress', dipole_key='dipole', polarizability_key='polarizability', head_key='head', charges_key='REF_charges', elec_temp_key='elec_temp', total_spin_key='total_spin', total_charge_key='total_charge', embedding_specs=None, skip_evaluate_heads='pt_head', loss='weighted', forces_weight=10.0, swa_forces_weight=100.0, energy_weight=1.0, swa_energy_weight=1000.0, virials_weight=1.0, swa_virials_weight=10.0, stress_weight=0.0, swa_stress_weight=10.0, dipole_weight=1.0, swa_dipole_weight=1.0, swa_polarizability_weight=1.0, polarizability_weight=1.0, config_type_weights='{"Default":1.0}', huber_delta=0.01, optimizer='adam', beta=0.9, beta1_schedulefree=0.9, beta2_schedulefree=0.98, batch_size=2, valid_batch_size=10, lr=0.005, swa_lr=0.001, weight_decay=5e-07, lr_params_factors='{"embedding_lr_factor": 1.0, "interactions_lr_factor": 1.0, "products_lr_factor": 1.0, "readouts_lr_factor": 1.0}', freeze=None, amsgrad=True, scheduler='ReduceLROnPlateau', lr_factor=0.8, scheduler_patience=50, lr_scheduler_gamma=0.9993, swa=False, start_swa=None, lbfgs=False, ema=False, ema_decay=0.99, max_num_epochs=120, patience=2048, foundation_model='/home/mehuldarak/MACE_models/universal_09072025/mace-omat-0-medium.model', foundation_model_kwargs='{}', foundation_model_readout=True, eval_interval=1, keep_checkpoints=False, save_all_checkpoints=False, restart_latest=True, save_cpu=False, clip_grad=10.0, dry_run=False, enable_cueq=False, only_cueq=False, enable_oeq=False, wandb=False, wandb_dir=None, wandb_project='', wandb_entity='', wandb_name='', wandb_log_hypers=['num_channels', 'max_L', 'correlation', 'lr', 'swa_lr', 'weight_decay', 'batch_size', 'max_num_epochs', 'start_swa', 'energy_weight', 'forces_weight'], key_specification=KeySpecification(info_keys={'energy': 'REF_energy', 'stress': 'REF_stress', 'virials': 'REF_virials', 'dipole': 'dipole', 'head': 'head', 'elec_temp': 'elec_temp', 'total_charge': 'total_charge', 'polarizability': 'polarizability', 'total_spin': 'total_spin'}, arrays_keys={'forces': 'REF_forces', 'charges': 'REF_charges'}))
2026-03-24 23:23:29.574 INFO: CUDA version: 12.8, CUDA device: 0
2026-03-24 23:23:29.596 DEBUG: Popen(['git', 'version'], cwd=/home/mehuldarak/athena/mace_fps_training, stdin=None, shell=False, universal_newlines=False)
2026-03-24 23:23:29.599 DEBUG: Popen(['git', 'version'], cwd=/home/mehuldarak/athena/mace_fps_training, stdin=None, shell=False, universal_newlines=False)
2026-03-24 23:23:29.602 DEBUG: sys.platform='linux', git_executable='git'
2026-03-24 23:23:29.603 DEBUG: Popen(['git', 'cat-file', '--batch-check'], cwd=/home/mehuldarak/athena, stdin=<valid stream>, shell=False, universal_newlines=False)
2026-03-24 23:23:29.604 DEBUG: Current Git commit: a6b661176b6b9feb0567915cba9df62cd0dab5ce
2026-03-24 23:23:29.998 INFO: Using foundation model /home/mehuldarak/MACE_models/universal_09072025/mace-omat-0-medium.model as initial checkpoint.
2026-03-24 23:23:30.000 WARNING: Using multiheads finetuning with a foundation model that is not a Materials Project model, need to provied a path to a pretraining file with --pt_train_file.
2026-03-24 23:23:30.000 INFO: ===========LOADING INPUT DATA===========
2026-03-24 23:23:30.000 INFO: Using heads: ['Default']
2026-03-24 23:23:30.000 INFO: Using the key specifications to parse data:
2026-03-24 23:23:30.000 INFO: Default: KeySpecification(info_keys={'energy': 'REF_energy', 'stress': 'REF_stress', 'virials': 'REF_virials', 'dipole': 'dipole', 'head': 'head', 'elec_temp': 'elec_temp', 'total_charge': 'total_charge', 'polarizability': 'polarizability', 'total_spin': 'total_spin'}, arrays_keys={'forces': 'REF_forces', 'charges': 'REF_charges'})
2026-03-24 23:23:30.000 INFO: =============    Processing head Default     ===========
2026-03-24 23:23:30.000 DEBUG: Loading training file: /home/mehuldarak/athena/fps_dftfe_data/split_4/fps_dftfe_split_4_train.extxyz
2026-03-24 23:23:30.045 INFO: Training set 1/1 [energy: 16, stress: 0, virials: 0, dipole components: 0, head: 16, elec_temp: 0, total_charge: 0, polarizability: 0, total_spin: 0, forces: 16, charges: 0]
2026-03-24 23:23:30.045 INFO: Total Training set [energy: 16, stress: 0, virials: 0, dipole components: 0, head: 16, elec_temp: 0, total_charge: 0, polarizability: 0, total_spin: 0, forces: 16, charges: 0]
2026-03-24 23:23:30.063 INFO: Validation set 1/1 [energy: 4, stress: 0, virials: 0, dipole components: 0, head: 4, elec_temp: 0, total_charge: 0, polarizability: 0, total_spin: 0, forces: 4, charges: 0]
2026-03-24 23:23:30.064 INFO: Total Validation set [energy: 4, stress: 0, virials: 0, dipole components: 0, head: 4, elec_temp: 0, total_charge: 0, polarizability: 0, total_spin: 0, forces: 4, charges: 0]
2026-03-24 23:23:30.064 INFO: Total number of configurations: train=16, valid=4, tests=[],
2026-03-24 23:23:30.064 WARNING: Validation batch size (10) is larger than the number of validation data (4)
2026-03-24 23:23:30.065 INFO: Atomic Numbers used: [np.int64(3), np.int64(8), np.int64(40), np.int64(57)]
2026-03-24 23:23:30.065 INFO: Isolated Atomic Energies (E0s) not in training file, using command line argument
2026-03-24 23:23:30.065 INFO: Atomic Energies used (z: eV) for head Default: {3: -190.7590256408, 8: -442.9888796243, 40: -1380.1817128081, 57: -958.0774205521}
2026-03-24 23:23:30.065 INFO: Processing datasets for head 'Default'
2026-03-24 23:23:30.270 DEBUG: Successfully loaded dataset from ASE files: ['/home/mehuldarak/athena/fps_dftfe_data/split_4/fps_dftfe_split_4_train.extxyz']
2026-03-24 23:23:30.270 INFO: Combining 1 list datasets for head 'Default'
2026-03-24 23:23:30.322 DEBUG: Successfully loaded validation dataset from ASE files: ['/home/mehuldarak/athena/fps_dftfe_data/split_4/fps_dftfe_split_4_val.extxyz']
2026-03-24 23:23:30.322 INFO: Combining 1 list datasets for head 'Default_valid'
2026-03-24 23:23:30.322 INFO: Combined validation datasets for Default
2026-03-24 23:23:30.322 INFO: Head 'Default' training dataset size: 16
2026-03-24 23:23:30.323 INFO: Computing average number of neighbors
2026-03-24 23:23:30.361 INFO: Average number of neighbors: 61.439666748046875
2026-03-24 23:23:30.361 INFO: During training the following quantities will be reported: energy, forces
2026-03-24 23:23:30.361 INFO: ===========MODEL DETAILS===========
2026-03-24 23:23:30.388 INFO: Loading FOUNDATION model
2026-03-24 23:23:30.388 INFO: Using filtered elements: [np.int64(3), np.int64(8), np.int64(40), np.int64(57)]
2026-03-24 23:23:30.388 INFO: Model configuration extracted from foundation model
2026-03-24 23:23:30.388 INFO: Using weighted loss function for fine-tuning
2026-03-24 23:23:30.388 INFO: Message passing with hidden irreps 128x0e+128x1o)
2026-03-24 23:23:30.389 INFO: 2 layers, each with correlation order: 3 (body order: 4) and spherical harmonics up to: l=3
2026-03-24 23:23:30.389 INFO: Radial cutoff: 6.0 A (total receptive field for each atom: 12.0 A)
2026-03-24 23:23:30.389 INFO: Distance transform for radial basis functions: Agnesi
2026-03-24 23:23:31.864 INFO: Injecting LoRA layers with rank=5 and alpha=1.0
2026-03-24 23:23:31.865 INFO: Original model has 848814 trainable parameters.
2026-03-24 23:23:32.507 INFO: Model with LoRA has 885694 trainable parameters.
2026-03-24 23:23:32.507 INFO: ===========OPTIMIZER INFORMATION===========
2026-03-24 23:23:32.507 INFO: Using ADAM as parameter optimizer
2026-03-24 23:23:32.507 INFO: Batch size: 2
2026-03-24 23:23:32.507 INFO: Number of gradient updates: 960
2026-03-24 23:23:32.507 INFO: Learning rate: 0.005, weight decay: 5e-07
2026-03-24 23:23:32.507 INFO: WeightedEnergyForcesLoss(energy_weight=1.000, forces_weight=10.000)
2026-03-24 23:23:32.508 INFO: === Layer's learning rates ===
2026-03-24 23:23:32.508 INFO: Param group 0: lr = 0.005
2026-03-24 23:23:32.508 INFO: Param group 1: lr = 0.005
2026-03-24 23:23:32.508 INFO: Param group 2: lr = 0.005
2026-03-24 23:23:32.508 INFO: Param group 3: lr = 0.005
2026-03-24 23:23:32.508 INFO: Param group 4: lr = 0.005
2026-03-24 23:23:32.509 WARNING: No SWA checkpoint found, while SWA is enabled. Compare the swa_start parameter and the latest checkpoint.
2026-03-24 23:23:32.509 INFO: Loading checkpoint: ./checkpoints/mace_fps_split4_run-1_epoch-15.pt
2026-03-24 23:23:33.145 INFO: Using gradient clipping with tolerance=10.000
2026-03-24 23:23:33.145 INFO: 
2026-03-24 23:23:33.146 INFO: ===========TRAINING===========
2026-03-24 23:23:33.146 INFO: Started training, reporting errors on validation set
2026-03-24 23:23:33.146 INFO: Loss metrics on validation set
2026-03-24 23:23:34.878 INFO: Initial: head: Default, loss=0.02263732, RMSE_E_per_atom=   64.73 meV, RMSE_F=   92.93 meV / A
2026-03-24 23:23:52.677 INFO: Epoch 15: head: Default, loss=0.02197859, RMSE_E_per_atom=   57.01 meV, RMSE_F=   92.01 meV / A
2026-03-24 23:23:52.679 DEBUG: Saving checkpoint: ./checkpoints/mace_fps_split4_run-1_epoch-15.pt
2026-03-24 23:24:06.057 INFO: Epoch 16: head: Default, loss=0.02151975, RMSE_E_per_atom=   51.51 meV, RMSE_F=   91.34 meV / A
2026-03-24 23:24:06.059 DEBUG: Deleting old checkpoint file: ./checkpoints/mace_fps_split4_run-1_epoch-15.pt
2026-03-24 23:24:06.060 DEBUG: Saving checkpoint: ./checkpoints/mace_fps_split4_run-1_epoch-16.pt
2026-03-24 23:24:19.032 INFO: Epoch 17: head: Default, loss=0.02045804, RMSE_E_per_atom=   47.40 meV, RMSE_F=   89.21 meV / A
2026-03-24 23:24:19.034 DEBUG: Deleting old checkpoint file: ./checkpoints/mace_fps_split4_run-1_epoch-16.pt
2026-03-24 23:24:19.035 DEBUG: Saving checkpoint: ./checkpoints/mace_fps_split4_run-1_epoch-17.pt
2026-03-24 23:24:31.881 INFO: Epoch 18: head: Default, loss=0.01997993, RMSE_E_per_atom=   44.23 meV, RMSE_F=   88.30 meV / A
2026-03-24 23:24:31.883 DEBUG: Deleting old checkpoint file: ./checkpoints/mace_fps_split4_run-1_epoch-17.pt
2026-03-24 23:24:31.884 DEBUG: Saving checkpoint: ./checkpoints/mace_fps_split4_run-1_epoch-18.pt
2026-03-24 23:24:44.884 INFO: Epoch 19: head: Default, loss=0.01940957, RMSE_E_per_atom=   41.72 meV, RMSE_F=   87.12 meV / A
2026-03-24 23:24:44.886 DEBUG: Deleting old checkpoint file: ./checkpoints/mace_fps_split4_run-1_epoch-18.pt
2026-03-24 23:24:44.887 DEBUG: Saving checkpoint: ./checkpoints/mace_fps_split4_run-1_epoch-19.pt
2026-03-24 23:24:57.835 INFO: Epoch 20: head: Default, loss=0.01943963, RMSE_E_per_atom=   39.23 meV, RMSE_F=   87.30 meV / A
2026-03-24 23:25:10.768 INFO: Epoch 21: head: Default, loss=0.01883089, RMSE_E_per_atom=   36.89 meV, RMSE_F=   86.00 meV / A
2026-03-24 23:25:10.769 DEBUG: Deleting old checkpoint file: ./checkpoints/mace_fps_split4_run-1_epoch-19.pt
2026-03-24 23:25:10.771 DEBUG: Saving checkpoint: ./checkpoints/mace_fps_split4_run-1_epoch-21.pt
2026-03-24 23:25:23.902 INFO: Epoch 22: head: Default, loss=0.01867485, RMSE_E_per_atom=   34.78 meV, RMSE_F=   85.73 meV / A
2026-03-24 23:25:23.903 DEBUG: Deleting old checkpoint file: ./checkpoints/mace_fps_split4_run-1_epoch-21.pt
2026-03-24 23:25:23.904 DEBUG: Saving checkpoint: ./checkpoints/mace_fps_split4_run-1_epoch-22.pt
2026-03-24 23:25:36.839 INFO: Epoch 23: head: Default, loss=0.01796055, RMSE_E_per_atom=   33.93 meV, RMSE_F=   84.08 meV / A
2026-03-24 23:25:36.840 DEBUG: Deleting old checkpoint file: ./checkpoints/mace_fps_split4_run-1_epoch-22.pt
2026-03-24 23:25:36.841 DEBUG: Saving checkpoint: ./checkpoints/mace_fps_split4_run-1_epoch-23.pt
2026-03-24 23:25:49.908 INFO: Epoch 24: head: Default, loss=0.01778453, RMSE_E_per_atom=   32.36 meV, RMSE_F=   83.72 meV / A
2026-03-24 23:25:49.909 DEBUG: Deleting old checkpoint file: ./checkpoints/mace_fps_split4_run-1_epoch-23.pt
2026-03-24 23:25:49.910 DEBUG: Saving checkpoint: ./checkpoints/mace_fps_split4_run-1_epoch-24.pt
2026-03-24 23:26:02.781 INFO: Epoch 25: head: Default, loss=0.01738420, RMSE_E_per_atom=   30.92 meV, RMSE_F=   82.81 meV / A
2026-03-24 23:26:02.782 DEBUG: Deleting old checkpoint file: ./checkpoints/mace_fps_split4_run-1_epoch-24.pt
2026-03-24 23:26:02.784 DEBUG: Saving checkpoint: ./checkpoints/mace_fps_split4_run-1_epoch-25.pt
2026-03-24 23:26:15.739 INFO: Epoch 26: head: Default, loss=0.01701783, RMSE_E_per_atom=   29.31 meV, RMSE_F=   81.98 meV / A
2026-03-24 23:26:15.741 DEBUG: Deleting old checkpoint file: ./checkpoints/mace_fps_split4_run-1_epoch-25.pt
2026-03-24 23:26:15.742 DEBUG: Saving checkpoint: ./checkpoints/mace_fps_split4_run-1_epoch-26.pt
2026-03-24 23:26:28.772 INFO: Epoch 27: head: Default, loss=0.01688547, RMSE_E_per_atom=   28.19 meV, RMSE_F=   81.70 meV / A
2026-03-24 23:26:28.773 DEBUG: Deleting old checkpoint file: ./checkpoints/mace_fps_split4_run-1_epoch-26.pt
2026-03-24 23:26:28.774 DEBUG: Saving checkpoint: ./checkpoints/mace_fps_split4_run-1_epoch-27.pt
2026-03-24 23:26:41.670 INFO: Epoch 28: head: Default, loss=0.01699561, RMSE_E_per_atom=   27.53 meV, RMSE_F=   81.99 meV / A
2026-03-24 23:26:54.537 INFO: Epoch 29: head: Default, loss=0.01630611, RMSE_E_per_atom=   26.42 meV, RMSE_F=   80.33 meV / A
2026-03-24 23:26:54.539 DEBUG: Deleting old checkpoint file: ./checkpoints/mace_fps_split4_run-1_epoch-27.pt
2026-03-24 23:26:54.540 DEBUG: Saving checkpoint: ./checkpoints/mace_fps_split4_run-1_epoch-29.pt
2026-03-24 23:27:07.597 INFO: Epoch 30: head: Default, loss=0.01622659, RMSE_E_per_atom=   25.27 meV, RMSE_F=   80.17 meV / A
2026-03-24 23:27:07.598 DEBUG: Deleting old checkpoint file: ./checkpoints/mace_fps_split4_run-1_epoch-29.pt
2026-03-24 23:27:07.599 DEBUG: Saving checkpoint: ./checkpoints/mace_fps_split4_run-1_epoch-30.pt
2026-03-24 23:27:20.400 INFO: Epoch 31: head: Default, loss=0.01660291, RMSE_E_per_atom=   24.47 meV, RMSE_F=   81.13 meV / A
2026-03-24 23:27:33.243 INFO: Epoch 32: head: Default, loss=0.01571915, RMSE_E_per_atom=   23.98 meV, RMSE_F=   78.93 meV / A
2026-03-24 23:27:33.245 DEBUG: Deleting old checkpoint file: ./checkpoints/mace_fps_split4_run-1_epoch-30.pt
2026-03-24 23:27:33.246 DEBUG: Saving checkpoint: ./checkpoints/mace_fps_split4_run-1_epoch-32.pt
2026-03-24 23:27:46.348 INFO: Epoch 33: head: Default, loss=0.01638806, RMSE_E_per_atom=   23.77 meV, RMSE_F=   80.61 meV / A
2026-03-24 23:27:59.198 INFO: Epoch 34: head: Default, loss=0.01545616, RMSE_E_per_atom=   23.41 meV, RMSE_F=   78.28 meV / A
2026-03-24 23:27:59.200 DEBUG: Deleting old checkpoint file: ./checkpoints/mace_fps_split4_run-1_epoch-32.pt
2026-03-24 23:27:59.201 DEBUG: Saving checkpoint: ./checkpoints/mace_fps_split4_run-1_epoch-34.pt
2026-03-24 23:28:12.201 INFO: Epoch 35: head: Default, loss=0.01530528, RMSE_E_per_atom=   22.49 meV, RMSE_F=   77.92 meV / A
2026-03-24 23:28:12.202 DEBUG: Deleting old checkpoint file: ./checkpoints/mace_fps_split4_run-1_epoch-34.pt
2026-03-24 23:28:12.203 DEBUG: Saving checkpoint: ./checkpoints/mace_fps_split4_run-1_epoch-35.pt
2026-03-24 23:28:25.164 INFO: Epoch 36: head: Default, loss=0.01547854, RMSE_E_per_atom=   22.41 meV, RMSE_F=   78.37 meV / A
2026-03-24 23:28:38.291 INFO: Epoch 37: head: Default, loss=0.01492195, RMSE_E_per_atom=   22.03 meV, RMSE_F=   76.94 meV / A
2026-03-24 23:28:38.292 DEBUG: Deleting old checkpoint file: ./checkpoints/mace_fps_split4_run-1_epoch-35.pt
2026-03-24 23:28:38.294 DEBUG: Saving checkpoint: ./checkpoints/mace_fps_split4_run-1_epoch-37.pt
2026-03-24 23:28:51.105 INFO: Epoch 38: head: Default, loss=0.01478353, RMSE_E_per_atom=   21.40 meV, RMSE_F=   76.60 meV / A
2026-03-24 23:28:51.107 DEBUG: Deleting old checkpoint file: ./checkpoints/mace_fps_split4_run-1_epoch-37.pt
2026-03-24 23:28:51.108 DEBUG: Saving checkpoint: ./checkpoints/mace_fps_split4_run-1_epoch-38.pt
2026-03-24 23:29:04.018 INFO: Epoch 39: head: Default, loss=0.01485405, RMSE_E_per_atom=   19.95 meV, RMSE_F=   76.82 meV / A
2026-03-24 23:29:17.004 INFO: Epoch 40: head: Default, loss=0.01473006, RMSE_E_per_atom=   20.05 meV, RMSE_F=   76.50 meV / A
2026-03-24 23:29:17.006 DEBUG: Deleting old checkpoint file: ./checkpoints/mace_fps_split4_run-1_epoch-38.pt
2026-03-24 23:29:17.007 DEBUG: Saving checkpoint: ./checkpoints/mace_fps_split4_run-1_epoch-40.pt
2026-03-24 23:29:30.005 INFO: Epoch 41: head: Default, loss=0.01435914, RMSE_E_per_atom=   19.92 meV, RMSE_F=   75.52 meV / A
2026-03-24 23:29:30.006 DEBUG: Deleting old checkpoint file: ./checkpoints/mace_fps_split4_run-1_epoch-40.pt
2026-03-24 23:29:30.007 DEBUG: Saving checkpoint: ./checkpoints/mace_fps_split4_run-1_epoch-41.pt
2026-03-24 23:29:42.904 INFO: Epoch 42: head: Default, loss=0.01433177, RMSE_E_per_atom=   19.00 meV, RMSE_F=   75.48 meV / A
2026-03-24 23:29:42.906 DEBUG: Deleting old checkpoint file: ./checkpoints/mace_fps_split4_run-1_epoch-41.pt
2026-03-24 23:29:42.907 DEBUG: Saving checkpoint: ./checkpoints/mace_fps_split4_run-1_epoch-42.pt
2026-03-24 23:29:55.876 INFO: Epoch 43: head: Default, loss=0.01522963, RMSE_E_per_atom=   19.42 meV, RMSE_F=   77.81 meV / A
2026-03-24 23:30:08.873 INFO: Epoch 44: head: Default, loss=0.01407449, RMSE_E_per_atom=   18.61 meV, RMSE_F=   74.80 meV / A
2026-03-24 23:30:08.874 DEBUG: Deleting old checkpoint file: ./checkpoints/mace_fps_split4_run-1_epoch-42.pt
2026-03-24 23:30:08.875 DEBUG: Saving checkpoint: ./checkpoints/mace_fps_split4_run-1_epoch-44.pt
2026-03-24 23:30:21.795 INFO: Epoch 45: head: Default, loss=0.01389948, RMSE_E_per_atom=   18.28 meV, RMSE_F=   74.34 meV / A
2026-03-24 23:30:21.796 DEBUG: Deleting old checkpoint file: ./checkpoints/mace_fps_split4_run-1_epoch-44.pt
2026-03-24 23:30:21.798 DEBUG: Saving checkpoint: ./checkpoints/mace_fps_split4_run-1_epoch-45.pt
2026-03-24 23:30:34.679 INFO: Epoch 46: head: Default, loss=0.01483675, RMSE_E_per_atom=   18.46 meV, RMSE_F=   76.82 meV / A
2026-03-24 23:30:47.575 INFO: Epoch 47: head: Default, loss=0.01384394, RMSE_E_per_atom=   17.91 meV, RMSE_F=   74.20 meV / A
2026-03-24 23:30:47.576 DEBUG: Deleting old checkpoint file: ./checkpoints/mace_fps_split4_run-1_epoch-45.pt
2026-03-24 23:30:47.577 DEBUG: Saving checkpoint: ./checkpoints/mace_fps_split4_run-1_epoch-47.pt
2026-03-24 23:31:00.520 INFO: Epoch 48: head: Default, loss=0.01365998, RMSE_E_per_atom=   17.91 meV, RMSE_F=   73.70 meV / A
2026-03-24 23:31:00.522 DEBUG: Deleting old checkpoint file: ./checkpoints/mace_fps_split4_run-1_epoch-47.pt
2026-03-24 23:31:00.523 DEBUG: Saving checkpoint: ./checkpoints/mace_fps_split4_run-1_epoch-48.pt
2026-03-24 23:31:13.398 INFO: Epoch 49: head: Default, loss=0.01377701, RMSE_E_per_atom=   17.64 meV, RMSE_F=   74.02 meV / A
2026-03-24 23:31:26.316 INFO: Epoch 50: head: Default, loss=0.01405741, RMSE_E_per_atom=   17.71 meV, RMSE_F=   74.78 meV / A
2026-03-24 23:31:39.291 INFO: Epoch 51: head: Default, loss=0.01343439, RMSE_E_per_atom=   17.28 meV, RMSE_F=   73.10 meV / A
2026-03-24 23:31:39.292 DEBUG: Deleting old checkpoint file: ./checkpoints/mace_fps_split4_run-1_epoch-48.pt
2026-03-24 23:31:39.294 DEBUG: Saving checkpoint: ./checkpoints/mace_fps_split4_run-1_epoch-51.pt
2026-03-24 23:31:52.144 INFO: Epoch 52: head: Default, loss=0.01330305, RMSE_E_per_atom=   16.30 meV, RMSE_F=   72.76 meV / A
2026-03-24 23:31:52.146 DEBUG: Deleting old checkpoint file: ./checkpoints/mace_fps_split4_run-1_epoch-51.pt
2026-03-24 23:31:52.147 DEBUG: Saving checkpoint: ./checkpoints/mace_fps_split4_run-1_epoch-52.pt
2026-03-24 23:32:22.172 INFO: ===========VERIFYING SETTINGS===========
2026-03-24 23:32:22.172 INFO: MACE version: 0.3.15
2026-03-24 23:32:22.172 DEBUG: Configuration: Namespace(config=None, name='mace_fps_split4', seed=1, work_dir='.', log_dir='./logs', model_dir='.', checkpoints_dir='./checkpoints', results_dir='./results', downloads_dir='./downloads', device='cuda', default_dtype='float32', distributed=False, launcher='slurm', log_level='INFO', plot=True, plot_frequency=0, plot_interaction_e=False, error_table='PerAtomRMSE', model='MACE', r_max=5.0, radial_type='bessel', num_radial_basis=8, num_cutoff_basis=5, pair_repulsion=False, distance_transform='None', apply_cutoff=True, use_last_readout_only=False, use_embedding_readout=False, interaction='RealAgnosticResidualInteractionBlock', interaction_first='RealAgnosticResidualInteractionBlock', max_ell=3, correlation=3, use_reduced_cg=False, use_so3=False, use_agnostic_product=False, num_interactions=2, MLP_irreps='16x0e', radial_MLP='[64, 64, 64]', hidden_irreps='128x0e + 128x1o', edge_irreps=None, num_channels=128, max_L=1, gate='silu', kspace_cutoff_factor=1.5, atomic_multipoles_max_l=0, atomic_multipoles_smearing_width=1.0, field_feature_max_l=0, field_feature_widths='[1.0]', field_feature_norms=None, num_recursion_steps=1, field_si=False, include_electrostatic_self_interaction=False, add_local_electron_energy=False, quadrupole_feature_corrections=False, return_electrostatic_potentials=False, field_norm_factor=0.02, fixedpoint_update_config=None, field_readout_config=None, scaling='rms_forces_scaling', avg_num_neighbors=1, compute_avg_num_neighbors=True, compute_stress=False, compute_forces=True, compute_polarizability=False, compute_atomic_dipole=False, train_file='/home/mehuldarak/athena/fps_dftfe_data/split_4/fps_dftfe_split_4_train.extxyz', valid_file='/home/mehuldarak/athena/fps_dftfe_data/split_4/fps_dftfe_split_4_val.extxyz', valid_fraction=0.1, test_file=None, test_dir=None, multi_processed_test=False, num_workers=0, pin_memory=True, atomic_numbers=None, mean=None, std=None, statistics_file=None, les_arguments=None, E0s='{3:-190.7590256408,8:-442.9888796243,40:-1380.1817128081,57:-958.0774205521}', pseudolabel_replay=False, pseudolabel_replay_compute_stress=False, foundation_filter_elements=True, heads=None, multiheads_finetuning=True, foundation_head=None, weight_pt_head=1.0, real_pt_data_ratio_threshold=0.1, num_samples_pt=10000, force_mh_ft_lr=False, subselect_pt='random', filter_type_pt='none', allow_random_padding_pt=True, pt_train_file=None, pt_valid_file=None, foundation_model_elements=False, keep_isolated_atoms=False, lora=True, lora_rank=5, lora_alpha=1.0, energy_key='REF_energy', forces_key='REF_forces', virials_key='REF_virials', stress_key='REF_stress', dipole_key='dipole', polarizability_key='polarizability', head_key='head', charges_key='REF_charges', elec_temp_key='elec_temp', total_spin_key='total_spin', total_charge_key='total_charge', embedding_specs=None, skip_evaluate_heads='pt_head', loss='weighted', forces_weight=10.0, swa_forces_weight=100.0, energy_weight=1.0, swa_energy_weight=1000.0, virials_weight=1.0, swa_virials_weight=10.0, stress_weight=0.0, swa_stress_weight=10.0, dipole_weight=1.0, swa_dipole_weight=1.0, swa_polarizability_weight=1.0, polarizability_weight=1.0, config_type_weights='{"Default":1.0}', huber_delta=0.01, optimizer='adam', beta=0.9, beta1_schedulefree=0.9, beta2_schedulefree=0.98, batch_size=2, valid_batch_size=10, lr=0.01, swa_lr=0.001, weight_decay=5e-07, lr_params_factors='{"embedding_lr_factor": 1.0, "interactions_lr_factor": 1.0, "products_lr_factor": 1.0, "readouts_lr_factor": 1.0}', freeze=None, amsgrad=True, scheduler='ReduceLROnPlateau', lr_factor=0.8, scheduler_patience=50, lr_scheduler_gamma=0.9993, swa=False, start_swa=None, lbfgs=False, ema=False, ema_decay=0.99, max_num_epochs=120, patience=2048, foundation_model='/home/mehuldarak/MACE_models/universal_09072025/mace-omat-0-medium.model', foundation_model_kwargs='{}', foundation_model_readout=True, eval_interval=1, keep_checkpoints=False, save_all_checkpoints=False, restart_latest=True, save_cpu=False, clip_grad=10.0, dry_run=False, enable_cueq=False, only_cueq=False, enable_oeq=False, wandb=False, wandb_dir=None, wandb_project='', wandb_entity='', wandb_name='', wandb_log_hypers=['num_channels', 'max_L', 'correlation', 'lr', 'swa_lr', 'weight_decay', 'batch_size', 'max_num_epochs', 'start_swa', 'energy_weight', 'forces_weight'], key_specification=KeySpecification(info_keys={'energy': 'REF_energy', 'stress': 'REF_stress', 'virials': 'REF_virials', 'dipole': 'dipole', 'head': 'head', 'elec_temp': 'elec_temp', 'total_charge': 'total_charge', 'polarizability': 'polarizability', 'total_spin': 'total_spin'}, arrays_keys={'forces': 'REF_forces', 'charges': 'REF_charges'}))
2026-03-24 23:32:22.190 INFO: CUDA version: 12.8, CUDA device: 0
2026-03-24 23:32:22.214 DEBUG: Popen(['git', 'version'], cwd=/home/mehuldarak/athena/mace_fps_training, stdin=None, shell=False, universal_newlines=False)
2026-03-24 23:32:22.215 DEBUG: Popen(['git', 'version'], cwd=/home/mehuldarak/athena/mace_fps_training, stdin=None, shell=False, universal_newlines=False)
2026-03-24 23:32:22.217 DEBUG: sys.platform='linux', git_executable='git'
2026-03-24 23:32:22.218 DEBUG: Popen(['git', 'cat-file', '--batch-check'], cwd=/home/mehuldarak/athena, stdin=<valid stream>, shell=False, universal_newlines=False)
2026-03-24 23:32:22.219 DEBUG: Current Git commit: a6b661176b6b9feb0567915cba9df62cd0dab5ce
2026-03-24 23:32:22.607 INFO: Using foundation model /home/mehuldarak/MACE_models/universal_09072025/mace-omat-0-medium.model as initial checkpoint.
2026-03-24 23:32:22.608 WARNING: Using multiheads finetuning with a foundation model that is not a Materials Project model, need to provied a path to a pretraining file with --pt_train_file.
2026-03-24 23:32:22.608 INFO: ===========LOADING INPUT DATA===========
2026-03-24 23:32:22.608 INFO: Using heads: ['Default']
2026-03-24 23:32:22.608 INFO: Using the key specifications to parse data:
2026-03-24 23:32:22.608 INFO: Default: KeySpecification(info_keys={'energy': 'REF_energy', 'stress': 'REF_stress', 'virials': 'REF_virials', 'dipole': 'dipole', 'head': 'head', 'elec_temp': 'elec_temp', 'total_charge': 'total_charge', 'polarizability': 'polarizability', 'total_spin': 'total_spin'}, arrays_keys={'forces': 'REF_forces', 'charges': 'REF_charges'})
2026-03-24 23:32:22.608 INFO: =============    Processing head Default     ===========
2026-03-24 23:32:22.609 DEBUG: Loading training file: /home/mehuldarak/athena/fps_dftfe_data/split_4/fps_dftfe_split_4_train.extxyz
2026-03-24 23:32:22.653 INFO: Training set 1/1 [energy: 16, stress: 0, virials: 0, dipole components: 0, head: 16, elec_temp: 0, total_charge: 0, polarizability: 0, total_spin: 0, forces: 16, charges: 0]
2026-03-24 23:32:22.654 INFO: Total Training set [energy: 16, stress: 0, virials: 0, dipole components: 0, head: 16, elec_temp: 0, total_charge: 0, polarizability: 0, total_spin: 0, forces: 16, charges: 0]
2026-03-24 23:32:22.672 INFO: Validation set 1/1 [energy: 4, stress: 0, virials: 0, dipole components: 0, head: 4, elec_temp: 0, total_charge: 0, polarizability: 0, total_spin: 0, forces: 4, charges: 0]
2026-03-24 23:32:22.673 INFO: Total Validation set [energy: 4, stress: 0, virials: 0, dipole components: 0, head: 4, elec_temp: 0, total_charge: 0, polarizability: 0, total_spin: 0, forces: 4, charges: 0]
2026-03-24 23:32:22.673 INFO: Total number of configurations: train=16, valid=4, tests=[],
2026-03-24 23:32:22.673 WARNING: Validation batch size (10) is larger than the number of validation data (4)
2026-03-24 23:32:22.674 INFO: Atomic Numbers used: [np.int64(3), np.int64(8), np.int64(40), np.int64(57)]
2026-03-24 23:32:22.674 INFO: Isolated Atomic Energies (E0s) not in training file, using command line argument
2026-03-24 23:32:22.674 INFO: Atomic Energies used (z: eV) for head Default: {3: -190.7590256408, 8: -442.9888796243, 40: -1380.1817128081, 57: -958.0774205521}
2026-03-24 23:32:22.675 INFO: Processing datasets for head 'Default'
2026-03-24 23:32:22.871 DEBUG: Successfully loaded dataset from ASE files: ['/home/mehuldarak/athena/fps_dftfe_data/split_4/fps_dftfe_split_4_train.extxyz']
2026-03-24 23:32:22.871 INFO: Combining 1 list datasets for head 'Default'
2026-03-24 23:32:22.924 DEBUG: Successfully loaded validation dataset from ASE files: ['/home/mehuldarak/athena/fps_dftfe_data/split_4/fps_dftfe_split_4_val.extxyz']
2026-03-24 23:32:22.924 INFO: Combining 1 list datasets for head 'Default_valid'
2026-03-24 23:32:22.924 INFO: Combined validation datasets for Default
2026-03-24 23:32:22.924 INFO: Head 'Default' training dataset size: 16
2026-03-24 23:32:22.925 INFO: Computing average number of neighbors
2026-03-24 23:32:22.963 INFO: Average number of neighbors: 61.439666748046875
2026-03-24 23:32:22.963 INFO: During training the following quantities will be reported: energy, forces
2026-03-24 23:32:22.963 INFO: ===========MODEL DETAILS===========
2026-03-24 23:32:22.994 INFO: Loading FOUNDATION model
2026-03-24 23:32:22.995 INFO: Using filtered elements: [np.int64(3), np.int64(8), np.int64(40), np.int64(57)]
2026-03-24 23:32:22.995 INFO: Model configuration extracted from foundation model
2026-03-24 23:32:22.995 INFO: Using weighted loss function for fine-tuning
2026-03-24 23:32:22.995 INFO: Message passing with hidden irreps 128x0e+128x1o)
2026-03-24 23:32:22.995 INFO: 2 layers, each with correlation order: 3 (body order: 4) and spherical harmonics up to: l=3
2026-03-24 23:32:22.995 INFO: Radial cutoff: 6.0 A (total receptive field for each atom: 12.0 A)
2026-03-24 23:32:22.995 INFO: Distance transform for radial basis functions: Agnesi
2026-03-24 23:32:24.473 INFO: Injecting LoRA layers with rank=5 and alpha=1.0
2026-03-24 23:32:24.473 INFO: Original model has 848814 trainable parameters.
2026-03-24 23:32:25.112 INFO: Model with LoRA has 885694 trainable parameters.
2026-03-24 23:32:25.113 INFO: ===========OPTIMIZER INFORMATION===========
2026-03-24 23:32:25.113 INFO: Using ADAM as parameter optimizer
2026-03-24 23:32:25.113 INFO: Batch size: 2
2026-03-24 23:32:25.113 INFO: Number of gradient updates: 960
2026-03-24 23:32:25.113 INFO: Learning rate: 0.01, weight decay: 5e-07
2026-03-24 23:32:25.113 INFO: WeightedEnergyForcesLoss(energy_weight=1.000, forces_weight=10.000)
2026-03-24 23:32:25.113 INFO: === Layer's learning rates ===
2026-03-24 23:32:25.114 INFO: Param group 0: lr = 0.01
2026-03-24 23:32:25.114 INFO: Param group 1: lr = 0.01
2026-03-24 23:32:25.114 INFO: Param group 2: lr = 0.01
2026-03-24 23:32:25.114 INFO: Param group 3: lr = 0.01
2026-03-24 23:32:25.114 INFO: Param group 4: lr = 0.01
2026-03-24 23:32:25.114 WARNING: No SWA checkpoint found, while SWA is enabled. Compare the swa_start parameter and the latest checkpoint.
2026-03-24 23:32:25.115 INFO: Loading checkpoint: ./checkpoints/mace_fps_split4_run-1_epoch-52.pt
2026-03-24 23:32:25.763 INFO: Using gradient clipping with tolerance=10.000
2026-03-24 23:32:25.764 INFO: 
2026-03-24 23:32:25.764 INFO: ===========TRAINING===========
2026-03-24 23:32:25.764 INFO: Started training, reporting errors on validation set
2026-03-24 23:32:25.764 INFO: Loss metrics on validation set
2026-03-24 23:32:27.548 INFO: Initial: head: Default, loss=0.01330460, RMSE_E_per_atom=   16.49 meV, RMSE_F=   72.76 meV / A
2026-03-24 23:32:45.251 INFO: Epoch 52: head: Default, loss=0.01423916, RMSE_E_per_atom=   16.74 meV, RMSE_F=   75.28 meV / A
2026-03-24 23:32:45.252 DEBUG: Saving checkpoint: ./checkpoints/mace_fps_split4_run-1_epoch-52.pt
2026-03-24 23:32:58.506 INFO: Epoch 53: head: Default, loss=0.01368803, RMSE_E_per_atom=   16.40 meV, RMSE_F=   73.81 meV / A
2026-03-24 23:32:58.507 DEBUG: Deleting old checkpoint file: ./checkpoints/mace_fps_split4_run-1_epoch-52.pt
2026-03-24 23:32:58.508 DEBUG: Saving checkpoint: ./checkpoints/mace_fps_split4_run-1_epoch-53.pt
2026-03-24 23:33:11.398 INFO: Epoch 54: head: Default, loss=0.01311265, RMSE_E_per_atom=   15.66 meV, RMSE_F=   72.25 meV / A
2026-03-24 23:33:11.399 DEBUG: Deleting old checkpoint file: ./checkpoints/mace_fps_split4_run-1_epoch-53.pt
2026-03-24 23:33:11.400 DEBUG: Saving checkpoint: ./checkpoints/mace_fps_split4_run-1_epoch-54.pt
2026-03-24 23:33:24.258 INFO: Epoch 55: head: Default, loss=0.01338853, RMSE_E_per_atom=   15.89 meV, RMSE_F=   73.01 meV / A
2026-03-24 23:33:37.240 INFO: Epoch 56: head: Default, loss=0.01299830, RMSE_E_per_atom=   15.46 meV, RMSE_F=   71.94 meV / A
2026-03-24 23:33:37.242 DEBUG: Deleting old checkpoint file: ./checkpoints/mace_fps_split4_run-1_epoch-54.pt
2026-03-24 23:33:37.243 DEBUG: Saving checkpoint: ./checkpoints/mace_fps_split4_run-1_epoch-56.pt
2026-03-24 23:33:50.210 INFO: Epoch 57: head: Default, loss=0.01360032, RMSE_E_per_atom=   15.88 meV, RMSE_F=   73.59 meV / A
2026-03-24 23:34:27.167 INFO: ===========VERIFYING SETTINGS===========
2026-03-24 23:34:27.167 INFO: MACE version: 0.3.15
2026-03-24 23:34:27.168 DEBUG: Configuration: Namespace(config=None, name='mace_fps_split4', seed=1, work_dir='.', log_dir='./logs', model_dir='.', checkpoints_dir='./checkpoints', results_dir='./results', downloads_dir='./downloads', device='cuda', default_dtype='float32', distributed=False, launcher='slurm', log_level='INFO', plot=True, plot_frequency=0, plot_interaction_e=False, error_table='PerAtomRMSE', model='MACE', r_max=5.0, radial_type='bessel', num_radial_basis=8, num_cutoff_basis=5, pair_repulsion=False, distance_transform='None', apply_cutoff=True, use_last_readout_only=False, use_embedding_readout=False, interaction='RealAgnosticResidualInteractionBlock', interaction_first='RealAgnosticResidualInteractionBlock', max_ell=3, correlation=3, use_reduced_cg=False, use_so3=False, use_agnostic_product=False, num_interactions=2, MLP_irreps='16x0e', radial_MLP='[64, 64, 64]', hidden_irreps='128x0e + 128x1o', edge_irreps=None, num_channels=128, max_L=1, gate='silu', kspace_cutoff_factor=1.5, atomic_multipoles_max_l=0, atomic_multipoles_smearing_width=1.0, field_feature_max_l=0, field_feature_widths='[1.0]', field_feature_norms=None, num_recursion_steps=1, field_si=False, include_electrostatic_self_interaction=False, add_local_electron_energy=False, quadrupole_feature_corrections=False, return_electrostatic_potentials=False, field_norm_factor=0.02, fixedpoint_update_config=None, field_readout_config=None, scaling='rms_forces_scaling', avg_num_neighbors=1, compute_avg_num_neighbors=True, compute_stress=False, compute_forces=True, compute_polarizability=False, compute_atomic_dipole=False, train_file='/home/mehuldarak/athena/fps_dftfe_data/split_4/fps_dftfe_split_4_train.extxyz', valid_file='/home/mehuldarak/athena/fps_dftfe_data/split_4/fps_dftfe_split_4_val.extxyz', valid_fraction=0.1, test_file=None, test_dir=None, multi_processed_test=False, num_workers=0, pin_memory=True, atomic_numbers=None, mean=None, std=None, statistics_file=None, les_arguments=None, E0s='{3:-190.7590256408,8:-442.9888796243,40:-1380.1817128081,57:-958.0774205521}', pseudolabel_replay=False, pseudolabel_replay_compute_stress=False, foundation_filter_elements=True, heads=None, multiheads_finetuning=True, foundation_head=None, weight_pt_head=1.0, real_pt_data_ratio_threshold=0.1, num_samples_pt=10000, force_mh_ft_lr=False, subselect_pt='random', filter_type_pt='none', allow_random_padding_pt=True, pt_train_file=None, pt_valid_file=None, foundation_model_elements=False, keep_isolated_atoms=False, lora=True, lora_rank=5, lora_alpha=1.0, energy_key='REF_energy', forces_key='REF_forces', virials_key='REF_virials', stress_key='REF_stress', dipole_key='dipole', polarizability_key='polarizability', head_key='head', charges_key='REF_charges', elec_temp_key='elec_temp', total_spin_key='total_spin', total_charge_key='total_charge', embedding_specs=None, skip_evaluate_heads='pt_head', loss='weighted', forces_weight=10.0, swa_forces_weight=100.0, energy_weight=1.0, swa_energy_weight=1000.0, virials_weight=1.0, swa_virials_weight=10.0, stress_weight=0.0, swa_stress_weight=10.0, dipole_weight=1.0, swa_dipole_weight=1.0, swa_polarizability_weight=1.0, polarizability_weight=1.0, config_type_weights='{"Default":1.0}', huber_delta=0.01, optimizer='adam', beta=0.9, beta1_schedulefree=0.9, beta2_schedulefree=0.98, batch_size=2, valid_batch_size=10, lr=0.007, swa_lr=0.001, weight_decay=5e-07, lr_params_factors='{"embedding_lr_factor": 1.0, "interactions_lr_factor": 1.0, "products_lr_factor": 1.0, "readouts_lr_factor": 1.0}', freeze=None, amsgrad=True, scheduler='ReduceLROnPlateau', lr_factor=0.8, scheduler_patience=50, lr_scheduler_gamma=0.9993, swa=False, start_swa=None, lbfgs=False, ema=False, ema_decay=0.99, max_num_epochs=120, patience=2048, foundation_model='/home/mehuldarak/MACE_models/universal_09072025/mace-omat-0-medium.model', foundation_model_kwargs='{}', foundation_model_readout=True, eval_interval=1, keep_checkpoints=False, save_all_checkpoints=False, restart_latest=True, save_cpu=False, clip_grad=10.0, dry_run=False, enable_cueq=False, only_cueq=False, enable_oeq=False, wandb=False, wandb_dir=None, wandb_project='', wandb_entity='', wandb_name='', wandb_log_hypers=['num_channels', 'max_L', 'correlation', 'lr', 'swa_lr', 'weight_decay', 'batch_size', 'max_num_epochs', 'start_swa', 'energy_weight', 'forces_weight'], key_specification=KeySpecification(info_keys={'energy': 'REF_energy', 'stress': 'REF_stress', 'virials': 'REF_virials', 'dipole': 'dipole', 'head': 'head', 'elec_temp': 'elec_temp', 'total_charge': 'total_charge', 'polarizability': 'polarizability', 'total_spin': 'total_spin'}, arrays_keys={'forces': 'REF_forces', 'charges': 'REF_charges'}))
2026-03-24 23:34:27.185 INFO: CUDA version: 12.8, CUDA device: 0
2026-03-24 23:34:27.215 DEBUG: Popen(['git', 'version'], cwd=/home/mehuldarak/athena/mace_fps_training, stdin=None, shell=False, universal_newlines=False)
2026-03-24 23:34:27.216 DEBUG: Popen(['git', 'version'], cwd=/home/mehuldarak/athena/mace_fps_training, stdin=None, shell=False, universal_newlines=False)
2026-03-24 23:34:27.219 DEBUG: sys.platform='linux', git_executable='git'
2026-03-24 23:34:27.220 DEBUG: Popen(['git', 'cat-file', '--batch-check'], cwd=/home/mehuldarak/athena, stdin=<valid stream>, shell=False, universal_newlines=False)
2026-03-24 23:34:27.223 DEBUG: Current Git commit: a6b661176b6b9feb0567915cba9df62cd0dab5ce
2026-03-24 23:34:27.608 INFO: Using foundation model /home/mehuldarak/MACE_models/universal_09072025/mace-omat-0-medium.model as initial checkpoint.
2026-03-24 23:34:27.609 WARNING: Using multiheads finetuning with a foundation model that is not a Materials Project model, need to provied a path to a pretraining file with --pt_train_file.
2026-03-24 23:34:27.609 INFO: ===========LOADING INPUT DATA===========
2026-03-24 23:34:27.609 INFO: Using heads: ['Default']
2026-03-24 23:34:27.609 INFO: Using the key specifications to parse data:
2026-03-24 23:34:27.609 INFO: Default: KeySpecification(info_keys={'energy': 'REF_energy', 'stress': 'REF_stress', 'virials': 'REF_virials', 'dipole': 'dipole', 'head': 'head', 'elec_temp': 'elec_temp', 'total_charge': 'total_charge', 'polarizability': 'polarizability', 'total_spin': 'total_spin'}, arrays_keys={'forces': 'REF_forces', 'charges': 'REF_charges'})
2026-03-24 23:34:27.609 INFO: =============    Processing head Default     ===========
2026-03-24 23:34:27.609 DEBUG: Loading training file: /home/mehuldarak/athena/fps_dftfe_data/split_4/fps_dftfe_split_4_train.extxyz
2026-03-24 23:34:27.654 INFO: Training set 1/1 [energy: 16, stress: 0, virials: 0, dipole components: 0, head: 16, elec_temp: 0, total_charge: 0, polarizability: 0, total_spin: 0, forces: 16, charges: 0]
2026-03-24 23:34:27.654 INFO: Total Training set [energy: 16, stress: 0, virials: 0, dipole components: 0, head: 16, elec_temp: 0, total_charge: 0, polarizability: 0, total_spin: 0, forces: 16, charges: 0]
2026-03-24 23:34:27.673 INFO: Validation set 1/1 [energy: 4, stress: 0, virials: 0, dipole components: 0, head: 4, elec_temp: 0, total_charge: 0, polarizability: 0, total_spin: 0, forces: 4, charges: 0]
2026-03-24 23:34:27.673 INFO: Total Validation set [energy: 4, stress: 0, virials: 0, dipole components: 0, head: 4, elec_temp: 0, total_charge: 0, polarizability: 0, total_spin: 0, forces: 4, charges: 0]
2026-03-24 23:34:27.673 INFO: Total number of configurations: train=16, valid=4, tests=[],
2026-03-24 23:34:27.673 WARNING: Validation batch size (10) is larger than the number of validation data (4)
2026-03-24 23:34:27.674 INFO: Atomic Numbers used: [np.int64(3), np.int64(8), np.int64(40), np.int64(57)]
2026-03-24 23:34:27.674 INFO: Isolated Atomic Energies (E0s) not in training file, using command line argument
2026-03-24 23:34:27.675 INFO: Atomic Energies used (z: eV) for head Default: {3: -190.7590256408, 8: -442.9888796243, 40: -1380.1817128081, 57: -958.0774205521}
2026-03-24 23:34:27.675 INFO: Processing datasets for head 'Default'
2026-03-24 23:34:27.872 DEBUG: Successfully loaded dataset from ASE files: ['/home/mehuldarak/athena/fps_dftfe_data/split_4/fps_dftfe_split_4_train.extxyz']
2026-03-24 23:34:27.872 INFO: Combining 1 list datasets for head 'Default'
2026-03-24 23:34:27.925 DEBUG: Successfully loaded validation dataset from ASE files: ['/home/mehuldarak/athena/fps_dftfe_data/split_4/fps_dftfe_split_4_val.extxyz']
2026-03-24 23:34:27.925 INFO: Combining 1 list datasets for head 'Default_valid'
2026-03-24 23:34:27.925 INFO: Combined validation datasets for Default
2026-03-24 23:34:27.925 INFO: Head 'Default' training dataset size: 16
2026-03-24 23:34:27.926 INFO: Computing average number of neighbors
2026-03-24 23:34:27.964 INFO: Average number of neighbors: 61.439666748046875
2026-03-24 23:34:27.965 INFO: During training the following quantities will be reported: energy, forces
2026-03-24 23:34:27.965 INFO: ===========MODEL DETAILS===========
2026-03-24 23:34:27.995 INFO: Loading FOUNDATION model
2026-03-24 23:34:27.996 INFO: Using filtered elements: [np.int64(3), np.int64(8), np.int64(40), np.int64(57)]
2026-03-24 23:34:27.996 INFO: Model configuration extracted from foundation model
2026-03-24 23:34:27.996 INFO: Using weighted loss function for fine-tuning
2026-03-24 23:34:27.996 INFO: Message passing with hidden irreps 128x0e+128x1o)
2026-03-24 23:34:27.996 INFO: 2 layers, each with correlation order: 3 (body order: 4) and spherical harmonics up to: l=3
2026-03-24 23:34:27.996 INFO: Radial cutoff: 6.0 A (total receptive field for each atom: 12.0 A)
2026-03-24 23:34:27.996 INFO: Distance transform for radial basis functions: Agnesi
2026-03-24 23:34:29.495 INFO: Injecting LoRA layers with rank=5 and alpha=1.0
2026-03-24 23:34:29.496 INFO: Original model has 848814 trainable parameters.
2026-03-24 23:34:30.113 INFO: Model with LoRA has 885694 trainable parameters.
2026-03-24 23:34:30.113 INFO: ===========OPTIMIZER INFORMATION===========
2026-03-24 23:34:30.113 INFO: Using ADAM as parameter optimizer
2026-03-24 23:34:30.113 INFO: Batch size: 2
2026-03-24 23:34:30.113 INFO: Number of gradient updates: 960
2026-03-24 23:34:30.113 INFO: Learning rate: 0.007, weight decay: 5e-07
2026-03-24 23:34:30.113 INFO: WeightedEnergyForcesLoss(energy_weight=1.000, forces_weight=10.000)
2026-03-24 23:34:30.114 INFO: === Layer's learning rates ===
2026-03-24 23:34:30.114 INFO: Param group 0: lr = 0.007
2026-03-24 23:34:30.114 INFO: Param group 1: lr = 0.007
2026-03-24 23:34:30.114 INFO: Param group 2: lr = 0.007
2026-03-24 23:34:30.114 INFO: Param group 3: lr = 0.007
2026-03-24 23:34:30.114 INFO: Param group 4: lr = 0.007
2026-03-24 23:34:30.115 WARNING: No SWA checkpoint found, while SWA is enabled. Compare the swa_start parameter and the latest checkpoint.
2026-03-24 23:34:30.115 INFO: Loading checkpoint: ./checkpoints/mace_fps_split4_run-1_epoch-56.pt
2026-03-24 23:34:30.728 INFO: Using gradient clipping with tolerance=10.000
2026-03-24 23:34:30.729 INFO: 
2026-03-24 23:34:30.729 INFO: ===========TRAINING===========
2026-03-24 23:34:30.729 INFO: Started training, reporting errors on validation set
2026-03-24 23:34:30.729 INFO: Loss metrics on validation set
2026-03-24 23:34:32.493 INFO: Initial: head: Default, loss=0.01300012, RMSE_E_per_atom=   15.69 meV, RMSE_F=   71.94 meV / A
2026-03-24 23:34:50.324 INFO: Epoch 56: head: Default, loss=0.01370050, RMSE_E_per_atom=   16.17 meV, RMSE_F=   73.85 meV / A
2026-03-24 23:34:50.326 DEBUG: Saving checkpoint: ./checkpoints/mace_fps_split4_run-1_epoch-56.pt
2026-03-24 23:35:03.477 INFO: Epoch 57: head: Default, loss=0.01343267, RMSE_E_per_atom=   15.92 meV, RMSE_F=   73.13 meV / A
2026-03-24 23:35:03.479 DEBUG: Deleting old checkpoint file: ./checkpoints/mace_fps_split4_run-1_epoch-56.pt
2026-03-24 23:35:03.480 DEBUG: Saving checkpoint: ./checkpoints/mace_fps_split4_run-1_epoch-57.pt
2026-03-24 23:35:16.491 INFO: Epoch 58: head: Default, loss=0.01283014, RMSE_E_per_atom=   15.11 meV, RMSE_F=   71.48 meV / A
2026-03-24 23:35:16.492 DEBUG: Deleting old checkpoint file: ./checkpoints/mace_fps_split4_run-1_epoch-57.pt
2026-03-24 23:35:16.493 DEBUG: Saving checkpoint: ./checkpoints/mace_fps_split4_run-1_epoch-58.pt
2026-03-24 23:35:29.275 INFO: Epoch 59: head: Default, loss=0.01307206, RMSE_E_per_atom=   15.09 meV, RMSE_F=   72.15 meV / A
2026-03-24 23:35:42.199 INFO: Epoch 60: head: Default, loss=0.01272625, RMSE_E_per_atom=   14.80 meV, RMSE_F=   71.19 meV / A
2026-03-24 23:35:42.200 DEBUG: Deleting old checkpoint file: ./checkpoints/mace_fps_split4_run-1_epoch-58.pt
2026-03-24 23:35:42.201 DEBUG: Saving checkpoint: ./checkpoints/mace_fps_split4_run-1_epoch-60.pt
2026-03-24 23:35:55.077 INFO: Epoch 61: head: Default, loss=0.01337781, RMSE_E_per_atom=   14.87 meV, RMSE_F=   73.00 meV / A
2026-03-24 23:36:08.049 INFO: Epoch 62: head: Default, loss=0.01299994, RMSE_E_per_atom=   14.55 meV, RMSE_F=   71.96 meV / A
