2026-03-25 01:04:49.840 INFO: ===========VERIFYING SETTINGS===========
2026-03-25 01:04:49.841 INFO: MACE version: 0.3.15
2026-03-25 01:04:49.859 INFO: CUDA version: 12.8, CUDA device: 0
2026-03-25 01:04:50.092 INFO: Using foundation model /home/mehuldarak/MACE_models/universal_09072025/mace-omat-0-medium.model as initial checkpoint.
2026-03-25 01:04:50.093 WARNING: Using multiheads finetuning with a foundation model that is not a Materials Project model, need to provied a path to a pretraining file with --pt_train_file.
2026-03-25 01:04:50.093 INFO: ===========LOADING INPUT DATA===========
2026-03-25 01:04:50.093 INFO: Using heads: ['Default']
2026-03-25 01:04:50.093 INFO: Using the key specifications to parse data:
2026-03-25 01:04:50.093 INFO: Default: KeySpecification(info_keys={'energy': 'REF_energy', 'stress': 'REF_stress', 'virials': 'REF_virials', 'dipole': 'dipole', 'head': 'head', 'elec_temp': 'elec_temp', 'total_charge': 'total_charge', 'polarizability': 'polarizability', 'total_spin': 'total_spin'}, arrays_keys={'forces': 'REF_forces', 'charges': 'REF_charges'})
2026-03-25 01:04:50.093 INFO: =============    Processing head Default     ===========
2026-03-25 01:04:50.138 INFO: Training set 1/1 [energy: 16, stress: 0, virials: 0, dipole components: 0, head: 16, elec_temp: 0, total_charge: 0, polarizability: 0, total_spin: 0, forces: 16, charges: 0]
2026-03-25 01:04:50.138 INFO: Total Training set [energy: 16, stress: 0, virials: 0, dipole components: 0, head: 16, elec_temp: 0, total_charge: 0, polarizability: 0, total_spin: 0, forces: 16, charges: 0]
2026-03-25 01:04:50.157 INFO: Validation set 1/1 [energy: 4, stress: 0, virials: 0, dipole components: 0, head: 4, elec_temp: 0, total_charge: 0, polarizability: 0, total_spin: 0, forces: 4, charges: 0]
2026-03-25 01:04:50.157 INFO: Total Validation set [energy: 4, stress: 0, virials: 0, dipole components: 0, head: 4, elec_temp: 0, total_charge: 0, polarizability: 0, total_spin: 0, forces: 4, charges: 0]
2026-03-25 01:04:50.157 INFO: Total number of configurations: train=16, valid=4, tests=[],
2026-03-25 01:04:50.157 WARNING: Validation batch size (10) is larger than the number of validation data (4)
2026-03-25 01:04:50.159 INFO: Atomic Numbers used: [np.int64(3), np.int64(8), np.int64(40), np.int64(57)]
2026-03-25 01:04:50.159 INFO: Isolated Atomic Energies (E0s) not in training file, using command line argument
2026-03-25 01:04:50.159 INFO: Atomic Energies used (z: eV) for head Default: {3: -190.7590256408, 8: -442.9888796243, 40: -1380.1817128081, 57: -958.0774205521}
2026-03-25 01:04:50.159 INFO: Processing datasets for head 'Default'
2026-03-25 01:04:50.351 INFO: Combining 1 list datasets for head 'Default'
2026-03-25 01:04:50.405 INFO: Combining 1 list datasets for head 'Default_valid'
2026-03-25 01:04:50.405 INFO: Combined validation datasets for Default
2026-03-25 01:04:50.405 INFO: Head 'Default' training dataset size: 16
2026-03-25 01:04:50.406 INFO: Computing average number of neighbors
2026-03-25 01:04:50.438 INFO: Average number of neighbors: 61.658992767333984
2026-03-25 01:04:50.438 INFO: During training the following quantities will be reported: energy, forces
2026-03-25 01:04:50.438 INFO: ===========MODEL DETAILS===========
2026-03-25 01:04:50.456 INFO: Loading FOUNDATION model
2026-03-25 01:04:50.456 INFO: Using filtered elements: [np.int64(3), np.int64(8), np.int64(40), np.int64(57)]
2026-03-25 01:04:50.456 INFO: Model configuration extracted from foundation model
2026-03-25 01:04:50.457 INFO: Using weighted loss function for fine-tuning
2026-03-25 01:04:50.457 INFO: Message passing with hidden irreps 128x0e+128x1o)
2026-03-25 01:04:50.457 INFO: 2 layers, each with correlation order: 3 (body order: 4) and spherical harmonics up to: l=3
2026-03-25 01:04:50.457 INFO: Radial cutoff: 6.0 A (total receptive field for each atom: 12.0 A)
2026-03-25 01:04:50.457 INFO: Distance transform for radial basis functions: Agnesi
2026-03-25 01:04:51.757 INFO: Injecting LoRA layers with rank=5 and alpha=1.0
2026-03-25 01:04:51.758 INFO: Original model has 848814 trainable parameters.
2026-03-25 01:04:52.261 INFO: Model with LoRA has 885694 trainable parameters.
2026-03-25 01:04:52.261 INFO: ===========OPTIMIZER INFORMATION===========
2026-03-25 01:04:52.261 INFO: Using ADAM as parameter optimizer
2026-03-25 01:04:52.261 INFO: Batch size: 4
2026-03-25 01:04:52.261 INFO: Number of gradient updates: 480
2026-03-25 01:04:52.261 INFO: Learning rate: 0.05, weight decay: 5e-07
2026-03-25 01:04:52.262 INFO: WeightedEnergyForcesLoss(energy_weight=1.000, forces_weight=5.000)
2026-03-25 01:04:52.262 INFO: === Layer's learning rates ===
2026-03-25 01:04:52.262 INFO: Param group 0: lr = 0.05
2026-03-25 01:04:52.263 INFO: Param group 1: lr = 0.05
2026-03-25 01:04:52.263 INFO: Param group 2: lr = 0.05
2026-03-25 01:04:52.263 INFO: Param group 3: lr = 0.05
2026-03-25 01:04:52.263 INFO: Param group 4: lr = 0.05
2026-03-25 01:04:52.263 WARNING: Cannot find checkpoint with tag 'mace_fps_split13_run-1' in './checkpoints'
2026-03-25 01:04:52.263 INFO: Using gradient clipping with tolerance=10.000
2026-03-25 01:04:52.263 INFO: 
2026-03-25 01:04:52.263 INFO: ===========TRAINING===========
2026-03-25 01:04:52.263 INFO: Started training, reporting errors on validation set
2026-03-25 01:04:52.263 INFO: Loss metrics on validation set
2026-03-25 01:04:53.264 INFO: Initial: head: Default, loss=0.12281871, RMSE_E_per_atom=  621.52 meV, RMSE_F=  144.91 meV / A
2026-03-25 01:05:01.860 INFO: Epoch 0: head: Default, loss=0.08129679, RMSE_E_per_atom=  209.81 meV, RMSE_F=  237.14 meV / A
2026-03-25 01:05:07.869 INFO: Epoch 1: head: Default, loss=0.05982418, RMSE_E_per_atom=   78.35 meV, RMSE_F=  215.94 meV / A
2026-03-25 01:05:12.772 INFO: Epoch 2: head: Default, loss=0.03240292, RMSE_E_per_atom=   64.65 meV, RMSE_F=  158.39 meV / A
2026-03-25 01:05:17.684 INFO: Epoch 3: head: Default, loss=0.02666759, RMSE_E_per_atom=   70.98 meV, RMSE_F=  142.57 meV / A
2026-03-25 01:05:22.605 INFO: Epoch 4: head: Default, loss=0.03140632, RMSE_E_per_atom=  111.41 meV, RMSE_F=  150.47 meV / A
2026-03-25 01:05:27.491 INFO: Epoch 5: head: Default, loss=0.02047919, RMSE_E_per_atom=   36.75 meV, RMSE_F=  126.94 meV / A
2026-03-25 01:05:32.604 INFO: Epoch 6: head: Default, loss=0.01623882, RMSE_E_per_atom=   56.27 meV, RMSE_F=  111.17 meV / A
2026-03-25 01:05:37.534 INFO: Epoch 7: head: Default, loss=0.01712669, RMSE_E_per_atom=   25.25 meV, RMSE_F=  116.51 meV / A
2026-03-25 01:05:42.462 INFO: Epoch 8: head: Default, loss=0.01536902, RMSE_E_per_atom=   61.25 meV, RMSE_F=  107.45 meV / A
2026-03-25 01:05:47.448 INFO: Epoch 9: head: Default, loss=0.01534678, RMSE_E_per_atom=   56.87 meV, RMSE_F=  107.85 meV / A
2026-03-25 01:05:52.415 INFO: Epoch 10: head: Default, loss=0.01453029, RMSE_E_per_atom=   32.30 meV, RMSE_F=  106.84 meV / A
