2026-03-24 23:51:52.392 INFO: ===========VERIFYING SETTINGS===========
2026-03-24 23:51:52.392 INFO: MACE version: 0.3.15
2026-03-24 23:51:52.392 DEBUG: Configuration: Namespace(config=None, name='mace_fps_split5', seed=1, work_dir='.', log_dir='./logs', model_dir='.', checkpoints_dir='./checkpoints', results_dir='./results', downloads_dir='./downloads', device='cuda', default_dtype='float32', distributed=False, launcher='slurm', log_level='INFO', plot=True, plot_frequency=0, plot_interaction_e=False, error_table='PerAtomRMSE', model='MACE', r_max=5.0, radial_type='bessel', num_radial_basis=8, num_cutoff_basis=5, pair_repulsion=False, distance_transform='None', apply_cutoff=True, use_last_readout_only=False, use_embedding_readout=False, interaction='RealAgnosticResidualInteractionBlock', interaction_first='RealAgnosticResidualInteractionBlock', max_ell=3, correlation=3, use_reduced_cg=False, use_so3=False, use_agnostic_product=False, num_interactions=2, MLP_irreps='16x0e', radial_MLP='[64, 64, 64]', hidden_irreps='128x0e + 128x1o', edge_irreps=None, num_channels=128, max_L=1, gate='silu', kspace_cutoff_factor=1.5, atomic_multipoles_max_l=0, atomic_multipoles_smearing_width=1.0, field_feature_max_l=0, field_feature_widths='[1.0]', field_feature_norms=None, num_recursion_steps=1, field_si=False, include_electrostatic_self_interaction=False, add_local_electron_energy=False, quadrupole_feature_corrections=False, return_electrostatic_potentials=False, field_norm_factor=0.02, fixedpoint_update_config=None, field_readout_config=None, scaling='rms_forces_scaling', avg_num_neighbors=1, compute_avg_num_neighbors=True, compute_stress=False, compute_forces=True, compute_polarizability=False, compute_atomic_dipole=False, train_file='/home/mehuldarak/athena/fps_dftfe_data/split_5/fps_dftfe_split_5_train.extxyz', valid_file='/home/mehuldarak/athena/fps_dftfe_data/split_5/fps_dftfe_split_5_val.extxyz', valid_fraction=0.1, test_file=None, test_dir=None, multi_processed_test=False, num_workers=0, pin_memory=True, atomic_numbers=None, mean=None, std=None, statistics_file=None, les_arguments=None, E0s='{3:-190.7590256408,8:-442.9888796243,40:-1380.1817128081,57:-958.0774205521}', pseudolabel_replay=False, pseudolabel_replay_compute_stress=False, foundation_filter_elements=True, heads=None, multiheads_finetuning=True, foundation_head=None, weight_pt_head=1.0, real_pt_data_ratio_threshold=0.1, num_samples_pt=10000, force_mh_ft_lr=False, subselect_pt='random', filter_type_pt='none', allow_random_padding_pt=True, pt_train_file=None, pt_valid_file=None, foundation_model_elements=False, keep_isolated_atoms=False, lora=True, lora_rank=5, lora_alpha=1.0, energy_key='REF_energy', forces_key='REF_forces', virials_key='REF_virials', stress_key='REF_stress', dipole_key='dipole', polarizability_key='polarizability', head_key='head', charges_key='REF_charges', elec_temp_key='elec_temp', total_spin_key='total_spin', total_charge_key='total_charge', embedding_specs=None, skip_evaluate_heads='pt_head', loss='weighted', forces_weight=10.0, swa_forces_weight=100.0, energy_weight=1.0, swa_energy_weight=1000.0, virials_weight=1.0, swa_virials_weight=10.0, stress_weight=0.0, swa_stress_weight=10.0, dipole_weight=1.0, swa_dipole_weight=1.0, swa_polarizability_weight=1.0, polarizability_weight=1.0, config_type_weights='{"Default":1.0}', huber_delta=0.01, optimizer='adam', beta=0.9, beta1_schedulefree=0.9, beta2_schedulefree=0.98, batch_size=2, valid_batch_size=10, lr=0.007, swa_lr=0.001, weight_decay=5e-07, lr_params_factors='{"embedding_lr_factor": 1.0, "interactions_lr_factor": 1.0, "products_lr_factor": 1.0, "readouts_lr_factor": 1.0}', freeze=None, amsgrad=True, scheduler='ReduceLROnPlateau', lr_factor=0.8, scheduler_patience=50, lr_scheduler_gamma=0.9993, swa=False, start_swa=None, lbfgs=False, ema=False, ema_decay=0.99, max_num_epochs=120, patience=2048, foundation_model='/home/mehuldarak/MACE_models/universal_09072025/mace-omat-0-medium.model', foundation_model_kwargs='{}', foundation_model_readout=True, eval_interval=1, keep_checkpoints=False, save_all_checkpoints=False, restart_latest=True, save_cpu=False, clip_grad=10.0, dry_run=False, enable_cueq=False, only_cueq=False, enable_oeq=False, wandb=False, wandb_dir=None, wandb_project='', wandb_entity='', wandb_name='', wandb_log_hypers=['num_channels', 'max_L', 'correlation', 'lr', 'swa_lr', 'weight_decay', 'batch_size', 'max_num_epochs', 'start_swa', 'energy_weight', 'forces_weight'], key_specification=KeySpecification(info_keys={'energy': 'REF_energy', 'stress': 'REF_stress', 'virials': 'REF_virials', 'dipole': 'dipole', 'head': 'head', 'elec_temp': 'elec_temp', 'total_charge': 'total_charge', 'polarizability': 'polarizability', 'total_spin': 'total_spin'}, arrays_keys={'forces': 'REF_forces', 'charges': 'REF_charges'}))
2026-03-24 23:51:52.411 INFO: CUDA version: 12.8, CUDA device: 0
2026-03-24 23:51:52.435 DEBUG: Popen(['git', 'version'], cwd=/home/mehuldarak/athena/mace_fps_training, stdin=None, shell=False, universal_newlines=False)
2026-03-24 23:51:52.437 DEBUG: Popen(['git', 'version'], cwd=/home/mehuldarak/athena/mace_fps_training, stdin=None, shell=False, universal_newlines=False)
2026-03-24 23:51:52.439 DEBUG: sys.platform='linux', git_executable='git'
2026-03-24 23:51:52.440 DEBUG: Popen(['git', 'cat-file', '--batch-check'], cwd=/home/mehuldarak/athena, stdin=<valid stream>, shell=False, universal_newlines=False)
2026-03-24 23:51:52.441 DEBUG: Current Git commit: a6b661176b6b9feb0567915cba9df62cd0dab5ce
2026-03-24 23:51:52.767 INFO: Using foundation model /home/mehuldarak/MACE_models/universal_09072025/mace-omat-0-medium.model as initial checkpoint.
2026-03-24 23:51:52.768 WARNING: Using multiheads finetuning with a foundation model that is not a Materials Project model, need to provied a path to a pretraining file with --pt_train_file.
2026-03-24 23:51:52.768 INFO: ===========LOADING INPUT DATA===========
2026-03-24 23:51:52.768 INFO: Using heads: ['Default']
2026-03-24 23:51:52.768 INFO: Using the key specifications to parse data:
2026-03-24 23:51:52.768 INFO: Default: KeySpecification(info_keys={'energy': 'REF_energy', 'stress': 'REF_stress', 'virials': 'REF_virials', 'dipole': 'dipole', 'head': 'head', 'elec_temp': 'elec_temp', 'total_charge': 'total_charge', 'polarizability': 'polarizability', 'total_spin': 'total_spin'}, arrays_keys={'forces': 'REF_forces', 'charges': 'REF_charges'})
2026-03-24 23:51:52.768 INFO: =============    Processing head Default     ===========
2026-03-24 23:51:52.768 DEBUG: Loading training file: /home/mehuldarak/athena/fps_dftfe_data/split_5/fps_dftfe_split_5_train.extxyz
2026-03-24 23:51:52.813 INFO: Training set 1/1 [energy: 16, stress: 0, virials: 0, dipole components: 0, head: 16, elec_temp: 0, total_charge: 0, polarizability: 0, total_spin: 0, forces: 16, charges: 0]
2026-03-24 23:51:52.814 INFO: Total Training set [energy: 16, stress: 0, virials: 0, dipole components: 0, head: 16, elec_temp: 0, total_charge: 0, polarizability: 0, total_spin: 0, forces: 16, charges: 0]
2026-03-24 23:51:52.831 INFO: Validation set 1/1 [energy: 4, stress: 0, virials: 0, dipole components: 0, head: 4, elec_temp: 0, total_charge: 0, polarizability: 0, total_spin: 0, forces: 4, charges: 0]
2026-03-24 23:51:52.832 INFO: Total Validation set [energy: 4, stress: 0, virials: 0, dipole components: 0, head: 4, elec_temp: 0, total_charge: 0, polarizability: 0, total_spin: 0, forces: 4, charges: 0]
2026-03-24 23:51:52.832 INFO: Total number of configurations: train=16, valid=4, tests=[],
2026-03-24 23:51:52.832 WARNING: Validation batch size (10) is larger than the number of validation data (4)
2026-03-24 23:51:52.833 INFO: Atomic Numbers used: [np.int64(3), np.int64(8), np.int64(40), np.int64(57)]
2026-03-24 23:51:52.833 INFO: Isolated Atomic Energies (E0s) not in training file, using command line argument
2026-03-24 23:51:52.833 INFO: Atomic Energies used (z: eV) for head Default: {3: -190.7590256408, 8: -442.9888796243, 40: -1380.1817128081, 57: -958.0774205521}
2026-03-24 23:51:52.833 INFO: Processing datasets for head 'Default'
2026-03-24 23:51:53.034 DEBUG: Successfully loaded dataset from ASE files: ['/home/mehuldarak/athena/fps_dftfe_data/split_5/fps_dftfe_split_5_train.extxyz']
2026-03-24 23:51:53.035 INFO: Combining 1 list datasets for head 'Default'
2026-03-24 23:51:53.074 DEBUG: Successfully loaded validation dataset from ASE files: ['/home/mehuldarak/athena/fps_dftfe_data/split_5/fps_dftfe_split_5_val.extxyz']
2026-03-24 23:51:53.074 INFO: Combining 1 list datasets for head 'Default_valid'
2026-03-24 23:51:53.074 INFO: Combined validation datasets for Default
2026-03-24 23:51:53.074 INFO: Head 'Default' training dataset size: 16
2026-03-24 23:51:53.075 INFO: Computing average number of neighbors
2026-03-24 23:51:53.110 INFO: Average number of neighbors: 62.09617233276367
2026-03-24 23:51:53.110 INFO: During training the following quantities will be reported: energy, forces
2026-03-24 23:51:53.110 INFO: ===========MODEL DETAILS===========
2026-03-24 23:51:53.133 INFO: Loading FOUNDATION model
2026-03-24 23:51:53.134 INFO: Using filtered elements: [np.int64(3), np.int64(8), np.int64(40), np.int64(57)]
2026-03-24 23:51:53.134 INFO: Model configuration extracted from foundation model
2026-03-24 23:51:53.134 INFO: Using weighted loss function for fine-tuning
2026-03-24 23:51:53.134 INFO: Message passing with hidden irreps 128x0e+128x1o)
2026-03-24 23:51:53.134 INFO: 2 layers, each with correlation order: 3 (body order: 4) and spherical harmonics up to: l=3
2026-03-24 23:51:53.134 INFO: Radial cutoff: 6.0 A (total receptive field for each atom: 12.0 A)
2026-03-24 23:51:53.134 INFO: Distance transform for radial basis functions: Agnesi
2026-03-24 23:51:54.699 INFO: Injecting LoRA layers with rank=5 and alpha=1.0
2026-03-24 23:51:54.700 INFO: Original model has 848814 trainable parameters.
2026-03-24 23:51:55.335 INFO: Model with LoRA has 885694 trainable parameters.
2026-03-24 23:51:55.335 INFO: ===========OPTIMIZER INFORMATION===========
2026-03-24 23:51:55.335 INFO: Using ADAM as parameter optimizer
2026-03-24 23:51:55.335 INFO: Batch size: 2
2026-03-24 23:51:55.335 INFO: Number of gradient updates: 960
2026-03-24 23:51:55.335 INFO: Learning rate: 0.007, weight decay: 5e-07
2026-03-24 23:51:55.335 INFO: WeightedEnergyForcesLoss(energy_weight=1.000, forces_weight=10.000)
2026-03-24 23:51:55.337 INFO: === Layer's learning rates ===
2026-03-24 23:51:55.338 INFO: Param group 0: lr = 0.007
2026-03-24 23:51:55.338 INFO: Param group 1: lr = 0.007
2026-03-24 23:51:55.338 INFO: Param group 2: lr = 0.007
2026-03-24 23:51:55.338 INFO: Param group 3: lr = 0.007
2026-03-24 23:51:55.338 INFO: Param group 4: lr = 0.007
2026-03-24 23:51:55.339 WARNING: Cannot find checkpoint with tag 'mace_fps_split5_run-1' in './checkpoints'
2026-03-24 23:51:55.339 INFO: Using gradient clipping with tolerance=10.000
2026-03-24 23:51:55.339 INFO: 
2026-03-24 23:51:55.339 INFO: ===========TRAINING===========
2026-03-24 23:51:55.339 INFO: Started training, reporting errors on validation set
2026-03-24 23:51:55.339 INFO: Loss metrics on validation set
2026-03-24 23:51:57.085 INFO: Initial: head: Default, loss=0.16114125, RMSE_E_per_atom=  607.00 meV, RMSE_F=  166.17 meV / A
2026-03-24 23:52:15.002 INFO: Epoch 0: head: Default, loss=0.05297247, RMSE_E_per_atom=  321.30 meV, RMSE_F=  104.24 meV / A
2026-03-24 23:52:15.004 DEBUG: Saving checkpoint: ./checkpoints/mace_fps_split5_run-1_epoch-0.pt
2026-03-24 23:52:28.514 INFO: Epoch 1: head: Default, loss=0.02697399, RMSE_E_per_atom=  103.88 meV, RMSE_F=   98.54 meV / A
2026-03-24 23:52:28.515 DEBUG: Deleting old checkpoint file: ./checkpoints/mace_fps_split5_run-1_epoch-0.pt
2026-03-24 23:52:28.516 DEBUG: Saving checkpoint: ./checkpoints/mace_fps_split5_run-1_epoch-1.pt
2026-03-24 23:52:41.674 INFO: Epoch 2: head: Default, loss=0.02016595, RMSE_E_per_atom=    7.35 meV, RMSE_F=   89.78 meV / A
2026-03-24 23:52:41.676 DEBUG: Deleting old checkpoint file: ./checkpoints/mace_fps_split5_run-1_epoch-1.pt
2026-03-24 23:52:41.677 DEBUG: Saving checkpoint: ./checkpoints/mace_fps_split5_run-1_epoch-2.pt
2026-03-24 23:52:54.732 INFO: Epoch 3: head: Default, loss=0.01790867, RMSE_E_per_atom=   73.88 meV, RMSE_F=   81.35 meV / A
2026-03-24 23:52:54.734 DEBUG: Deleting old checkpoint file: ./checkpoints/mace_fps_split5_run-1_epoch-2.pt
2026-03-24 23:52:54.735 DEBUG: Saving checkpoint: ./checkpoints/mace_fps_split5_run-1_epoch-3.pt
2026-03-24 23:53:31.725 INFO: ===========VERIFYING SETTINGS===========
2026-03-24 23:53:31.725 INFO: MACE version: 0.3.15
2026-03-24 23:53:31.726 DEBUG: Configuration: Namespace(config=None, name='mace_fps_split5', seed=1, work_dir='.', log_dir='./logs', model_dir='.', checkpoints_dir='./checkpoints', results_dir='./results', downloads_dir='./downloads', device='cuda', default_dtype='float32', distributed=False, launcher='slurm', log_level='INFO', plot=True, plot_frequency=0, plot_interaction_e=False, error_table='PerAtomRMSE', model='MACE', r_max=5.0, radial_type='bessel', num_radial_basis=8, num_cutoff_basis=5, pair_repulsion=False, distance_transform='None', apply_cutoff=True, use_last_readout_only=False, use_embedding_readout=False, interaction='RealAgnosticResidualInteractionBlock', interaction_first='RealAgnosticResidualInteractionBlock', max_ell=3, correlation=3, use_reduced_cg=False, use_so3=False, use_agnostic_product=False, num_interactions=2, MLP_irreps='16x0e', radial_MLP='[64, 64, 64]', hidden_irreps='128x0e + 128x1o', edge_irreps=None, num_channels=128, max_L=1, gate='silu', kspace_cutoff_factor=1.5, atomic_multipoles_max_l=0, atomic_multipoles_smearing_width=1.0, field_feature_max_l=0, field_feature_widths='[1.0]', field_feature_norms=None, num_recursion_steps=1, field_si=False, include_electrostatic_self_interaction=False, add_local_electron_energy=False, quadrupole_feature_corrections=False, return_electrostatic_potentials=False, field_norm_factor=0.02, fixedpoint_update_config=None, field_readout_config=None, scaling='rms_forces_scaling', avg_num_neighbors=1, compute_avg_num_neighbors=True, compute_stress=False, compute_forces=True, compute_polarizability=False, compute_atomic_dipole=False, train_file='/home/mehuldarak/athena/fps_dftfe_data/split_5/fps_dftfe_split_5_train.extxyz', valid_file='/home/mehuldarak/athena/fps_dftfe_data/split_5/fps_dftfe_split_5_val.extxyz', valid_fraction=0.1, test_file=None, test_dir=None, multi_processed_test=False, num_workers=0, pin_memory=True, atomic_numbers=None, mean=None, std=None, statistics_file=None, les_arguments=None, E0s='{3:-190.7590256408,8:-442.9888796243,40:-1380.1817128081,57:-958.0774205521}', pseudolabel_replay=False, pseudolabel_replay_compute_stress=False, foundation_filter_elements=True, heads=None, multiheads_finetuning=True, foundation_head=None, weight_pt_head=1.0, real_pt_data_ratio_threshold=0.1, num_samples_pt=10000, force_mh_ft_lr=False, subselect_pt='random', filter_type_pt='none', allow_random_padding_pt=True, pt_train_file=None, pt_valid_file=None, foundation_model_elements=False, keep_isolated_atoms=False, lora=True, lora_rank=5, lora_alpha=1.0, energy_key='REF_energy', forces_key='REF_forces', virials_key='REF_virials', stress_key='REF_stress', dipole_key='dipole', polarizability_key='polarizability', head_key='head', charges_key='REF_charges', elec_temp_key='elec_temp', total_spin_key='total_spin', total_charge_key='total_charge', embedding_specs=None, skip_evaluate_heads='pt_head', loss='weighted', forces_weight=10.0, swa_forces_weight=100.0, energy_weight=1.0, swa_energy_weight=1000.0, virials_weight=1.0, swa_virials_weight=10.0, stress_weight=0.0, swa_stress_weight=10.0, dipole_weight=1.0, swa_dipole_weight=1.0, swa_polarizability_weight=1.0, polarizability_weight=1.0, config_type_weights='{"Default":1.0}', huber_delta=0.01, optimizer='adam', beta=0.9, beta1_schedulefree=0.9, beta2_schedulefree=0.98, batch_size=2, valid_batch_size=10, lr=0.0001, swa_lr=0.001, weight_decay=5e-07, lr_params_factors='{"embedding_lr_factor": 1.0, "interactions_lr_factor": 1.0, "products_lr_factor": 1.0, "readouts_lr_factor": 1.0}', freeze=None, amsgrad=True, scheduler='ReduceLROnPlateau', lr_factor=0.8, scheduler_patience=50, lr_scheduler_gamma=0.9993, swa=False, start_swa=None, lbfgs=False, ema=False, ema_decay=0.99, max_num_epochs=120, patience=2048, foundation_model='/home/mehuldarak/MACE_models/universal_09072025/mace-omat-0-medium.model', foundation_model_kwargs='{}', foundation_model_readout=True, eval_interval=1, keep_checkpoints=False, save_all_checkpoints=False, restart_latest=True, save_cpu=False, clip_grad=10.0, dry_run=False, enable_cueq=False, only_cueq=False, enable_oeq=False, wandb=False, wandb_dir=None, wandb_project='', wandb_entity='', wandb_name='', wandb_log_hypers=['num_channels', 'max_L', 'correlation', 'lr', 'swa_lr', 'weight_decay', 'batch_size', 'max_num_epochs', 'start_swa', 'energy_weight', 'forces_weight'], key_specification=KeySpecification(info_keys={'energy': 'REF_energy', 'stress': 'REF_stress', 'virials': 'REF_virials', 'dipole': 'dipole', 'head': 'head', 'elec_temp': 'elec_temp', 'total_charge': 'total_charge', 'polarizability': 'polarizability', 'total_spin': 'total_spin'}, arrays_keys={'forces': 'REF_forces', 'charges': 'REF_charges'}))
2026-03-24 23:53:31.743 INFO: CUDA version: 12.8, CUDA device: 0
2026-03-24 23:53:31.768 DEBUG: Popen(['git', 'version'], cwd=/home/mehuldarak/athena/mace_fps_training, stdin=None, shell=False, universal_newlines=False)
2026-03-24 23:53:31.770 DEBUG: Popen(['git', 'version'], cwd=/home/mehuldarak/athena/mace_fps_training, stdin=None, shell=False, universal_newlines=False)
2026-03-24 23:53:31.772 DEBUG: sys.platform='linux', git_executable='git'
2026-03-24 23:53:31.773 DEBUG: Popen(['git', 'cat-file', '--batch-check'], cwd=/home/mehuldarak/athena, stdin=<valid stream>, shell=False, universal_newlines=False)
2026-03-24 23:53:31.775 DEBUG: Current Git commit: a6b661176b6b9feb0567915cba9df62cd0dab5ce
2026-03-24 23:53:32.158 INFO: Using foundation model /home/mehuldarak/MACE_models/universal_09072025/mace-omat-0-medium.model as initial checkpoint.
2026-03-24 23:53:32.159 WARNING: Using multiheads finetuning with a foundation model that is not a Materials Project model, need to provied a path to a pretraining file with --pt_train_file.
2026-03-24 23:53:32.159 INFO: ===========LOADING INPUT DATA===========
2026-03-24 23:53:32.159 INFO: Using heads: ['Default']
2026-03-24 23:53:32.159 INFO: Using the key specifications to parse data:
2026-03-24 23:53:32.159 INFO: Default: KeySpecification(info_keys={'energy': 'REF_energy', 'stress': 'REF_stress', 'virials': 'REF_virials', 'dipole': 'dipole', 'head': 'head', 'elec_temp': 'elec_temp', 'total_charge': 'total_charge', 'polarizability': 'polarizability', 'total_spin': 'total_spin'}, arrays_keys={'forces': 'REF_forces', 'charges': 'REF_charges'})
2026-03-24 23:53:32.159 INFO: =============    Processing head Default     ===========
2026-03-24 23:53:32.159 DEBUG: Loading training file: /home/mehuldarak/athena/fps_dftfe_data/split_5/fps_dftfe_split_5_train.extxyz
2026-03-24 23:53:32.205 INFO: Training set 1/1 [energy: 16, stress: 0, virials: 0, dipole components: 0, head: 16, elec_temp: 0, total_charge: 0, polarizability: 0, total_spin: 0, forces: 16, charges: 0]
2026-03-24 23:53:32.205 INFO: Total Training set [energy: 16, stress: 0, virials: 0, dipole components: 0, head: 16, elec_temp: 0, total_charge: 0, polarizability: 0, total_spin: 0, forces: 16, charges: 0]
2026-03-24 23:53:32.223 INFO: Validation set 1/1 [energy: 4, stress: 0, virials: 0, dipole components: 0, head: 4, elec_temp: 0, total_charge: 0, polarizability: 0, total_spin: 0, forces: 4, charges: 0]
2026-03-24 23:53:32.223 INFO: Total Validation set [energy: 4, stress: 0, virials: 0, dipole components: 0, head: 4, elec_temp: 0, total_charge: 0, polarizability: 0, total_spin: 0, forces: 4, charges: 0]
2026-03-24 23:53:32.223 INFO: Total number of configurations: train=16, valid=4, tests=[],
2026-03-24 23:53:32.223 WARNING: Validation batch size (10) is larger than the number of validation data (4)
2026-03-24 23:53:32.225 INFO: Atomic Numbers used: [np.int64(3), np.int64(8), np.int64(40), np.int64(57)]
2026-03-24 23:53:32.225 INFO: Isolated Atomic Energies (E0s) not in training file, using command line argument
2026-03-24 23:53:32.225 INFO: Atomic Energies used (z: eV) for head Default: {3: -190.7590256408, 8: -442.9888796243, 40: -1380.1817128081, 57: -958.0774205521}
2026-03-24 23:53:32.225 INFO: Processing datasets for head 'Default'
2026-03-24 23:53:32.432 DEBUG: Successfully loaded dataset from ASE files: ['/home/mehuldarak/athena/fps_dftfe_data/split_5/fps_dftfe_split_5_train.extxyz']
2026-03-24 23:53:32.432 INFO: Combining 1 list datasets for head 'Default'
2026-03-24 23:53:32.475 DEBUG: Successfully loaded validation dataset from ASE files: ['/home/mehuldarak/athena/fps_dftfe_data/split_5/fps_dftfe_split_5_val.extxyz']
2026-03-24 23:53:32.475 INFO: Combining 1 list datasets for head 'Default_valid'
2026-03-24 23:53:32.475 INFO: Combined validation datasets for Default
2026-03-24 23:53:32.475 INFO: Head 'Default' training dataset size: 16
2026-03-24 23:53:32.476 INFO: Computing average number of neighbors
2026-03-24 23:53:32.517 INFO: Average number of neighbors: 62.09617233276367
2026-03-24 23:53:32.517 INFO: During training the following quantities will be reported: energy, forces
2026-03-24 23:53:32.517 INFO: ===========MODEL DETAILS===========
2026-03-24 23:53:32.546 INFO: Loading FOUNDATION model
2026-03-24 23:53:32.546 INFO: Using filtered elements: [np.int64(3), np.int64(8), np.int64(40), np.int64(57)]
2026-03-24 23:53:32.546 INFO: Model configuration extracted from foundation model
2026-03-24 23:53:32.547 INFO: Using weighted loss function for fine-tuning
2026-03-24 23:53:32.547 INFO: Message passing with hidden irreps 128x0e+128x1o)
2026-03-24 23:53:32.547 INFO: 2 layers, each with correlation order: 3 (body order: 4) and spherical harmonics up to: l=3
2026-03-24 23:53:32.547 INFO: Radial cutoff: 6.0 A (total receptive field for each atom: 12.0 A)
2026-03-24 23:53:32.547 INFO: Distance transform for radial basis functions: Agnesi
2026-03-24 23:53:34.015 INFO: Injecting LoRA layers with rank=5 and alpha=1.0
2026-03-24 23:53:34.015 INFO: Original model has 848814 trainable parameters.
2026-03-24 23:53:34.649 INFO: Model with LoRA has 885694 trainable parameters.
2026-03-24 23:53:34.649 INFO: ===========OPTIMIZER INFORMATION===========
2026-03-24 23:53:34.649 INFO: Using ADAM as parameter optimizer
2026-03-24 23:53:34.649 INFO: Batch size: 2
2026-03-24 23:53:34.649 INFO: Number of gradient updates: 960
2026-03-24 23:53:34.649 INFO: Learning rate: 0.0001, weight decay: 5e-07
2026-03-24 23:53:34.649 INFO: WeightedEnergyForcesLoss(energy_weight=1.000, forces_weight=10.000)
2026-03-24 23:53:34.650 INFO: === Layer's learning rates ===
2026-03-24 23:53:34.650 INFO: Param group 0: lr = 0.0001
2026-03-24 23:53:34.650 INFO: Param group 1: lr = 0.0001
2026-03-24 23:53:34.650 INFO: Param group 2: lr = 0.0001
2026-03-24 23:53:34.650 INFO: Param group 3: lr = 0.0001
2026-03-24 23:53:34.651 INFO: Param group 4: lr = 0.0001
2026-03-24 23:53:34.651 WARNING: No SWA checkpoint found, while SWA is enabled. Compare the swa_start parameter and the latest checkpoint.
2026-03-24 23:53:34.651 INFO: Loading checkpoint: ./checkpoints/mace_fps_split5_run-1_epoch-3.pt
2026-03-24 23:53:35.335 INFO: Using gradient clipping with tolerance=10.000
2026-03-24 23:53:35.335 INFO: 
2026-03-24 23:53:35.335 INFO: ===========TRAINING===========
2026-03-24 23:53:35.335 INFO: Started training, reporting errors on validation set
2026-03-24 23:53:35.335 INFO: Loss metrics on validation set
2026-03-24 23:53:36.890 INFO: Initial: head: Default, loss=0.01790139, RMSE_E_per_atom=   73.68 meV, RMSE_F=   81.35 meV / A
2026-03-24 23:53:54.889 INFO: Epoch 3: head: Default, loss=0.02049668, RMSE_E_per_atom=   18.68 meV, RMSE_F=   90.35 meV / A
2026-03-24 23:53:54.890 DEBUG: Saving checkpoint: ./checkpoints/mace_fps_split5_run-1_epoch-3.pt
2026-03-24 23:54:08.480 INFO: Epoch 4: head: Default, loss=0.01488366, RMSE_E_per_atom=   24.68 meV, RMSE_F=   76.76 meV / A
2026-03-24 23:54:08.482 DEBUG: Deleting old checkpoint file: ./checkpoints/mace_fps_split5_run-1_epoch-3.pt
2026-03-24 23:54:08.483 DEBUG: Saving checkpoint: ./checkpoints/mace_fps_split5_run-1_epoch-4.pt
2026-03-24 23:54:21.708 INFO: Epoch 5: head: Default, loss=0.01783139, RMSE_E_per_atom=   10.24 meV, RMSE_F=   84.39 meV / A
2026-03-24 23:54:34.885 INFO: Epoch 6: head: Default, loss=0.01336721, RMSE_E_per_atom=   18.71 meV, RMSE_F=   72.88 meV / A
2026-03-24 23:54:34.886 DEBUG: Deleting old checkpoint file: ./checkpoints/mace_fps_split5_run-1_epoch-4.pt
2026-03-24 23:54:34.887 DEBUG: Saving checkpoint: ./checkpoints/mace_fps_split5_run-1_epoch-6.pt
2026-03-24 23:54:47.977 INFO: Epoch 7: head: Default, loss=0.01370241, RMSE_E_per_atom=    9.18 meV, RMSE_F=   73.98 meV / A
2026-03-24 23:55:01.228 INFO: Epoch 8: head: Default, loss=0.01732337, RMSE_E_per_atom=    7.56 meV, RMSE_F=   83.21 meV / A
2026-03-24 23:55:14.431 INFO: Epoch 9: head: Default, loss=0.01626036, RMSE_E_per_atom=   13.10 meV, RMSE_F=   80.54 meV / A
2026-03-24 23:55:27.600 INFO: Epoch 10: head: Default, loss=0.01671228, RMSE_E_per_atom=   10.70 meV, RMSE_F=   81.69 meV / A
2026-03-24 23:55:40.998 INFO: Epoch 11: head: Default, loss=0.01223614, RMSE_E_per_atom=   13.43 meV, RMSE_F=   69.83 meV / A
2026-03-24 23:55:40.999 DEBUG: Deleting old checkpoint file: ./checkpoints/mace_fps_split5_run-1_epoch-6.pt
2026-03-24 23:55:41.000 DEBUG: Saving checkpoint: ./checkpoints/mace_fps_split5_run-1_epoch-11.pt
2026-03-24 23:55:54.006 INFO: Epoch 12: head: Default, loss=0.02195906, RMSE_E_per_atom=    8.90 meV, RMSE_F=   93.68 meV / A
2026-03-24 23:56:07.261 INFO: Epoch 13: head: Default, loss=0.01128402, RMSE_E_per_atom=    8.60 meV, RMSE_F=   67.13 meV / A
2026-03-24 23:56:07.262 DEBUG: Deleting old checkpoint file: ./checkpoints/mace_fps_split5_run-1_epoch-11.pt
2026-03-24 23:56:07.263 DEBUG: Saving checkpoint: ./checkpoints/mace_fps_split5_run-1_epoch-13.pt
2026-03-24 23:56:20.588 INFO: Epoch 14: head: Default, loss=0.01385483, RMSE_E_per_atom=    8.80 meV, RMSE_F=   74.39 meV / A
2026-03-24 23:56:33.803 INFO: Epoch 15: head: Default, loss=0.01411145, RMSE_E_per_atom=    8.26 meV, RMSE_F=   75.08 meV / A
2026-03-24 23:56:59.064 INFO: ===========VERIFYING SETTINGS===========
2026-03-24 23:56:59.064 INFO: MACE version: 0.3.15
2026-03-24 23:56:59.065 DEBUG: Configuration: Namespace(config=None, name='mace_fps_split5', seed=1, work_dir='.', log_dir='./logs', model_dir='.', checkpoints_dir='./checkpoints', results_dir='./results', downloads_dir='./downloads', device='cuda', default_dtype='float32', distributed=False, launcher='slurm', log_level='INFO', plot=True, plot_frequency=0, plot_interaction_e=False, error_table='PerAtomRMSE', model='MACE', r_max=5.0, radial_type='bessel', num_radial_basis=8, num_cutoff_basis=5, pair_repulsion=False, distance_transform='None', apply_cutoff=True, use_last_readout_only=False, use_embedding_readout=False, interaction='RealAgnosticResidualInteractionBlock', interaction_first='RealAgnosticResidualInteractionBlock', max_ell=3, correlation=3, use_reduced_cg=False, use_so3=False, use_agnostic_product=False, num_interactions=2, MLP_irreps='16x0e', radial_MLP='[64, 64, 64]', hidden_irreps='128x0e + 128x1o', edge_irreps=None, num_channels=128, max_L=1, gate='silu', kspace_cutoff_factor=1.5, atomic_multipoles_max_l=0, atomic_multipoles_smearing_width=1.0, field_feature_max_l=0, field_feature_widths='[1.0]', field_feature_norms=None, num_recursion_steps=1, field_si=False, include_electrostatic_self_interaction=False, add_local_electron_energy=False, quadrupole_feature_corrections=False, return_electrostatic_potentials=False, field_norm_factor=0.02, fixedpoint_update_config=None, field_readout_config=None, scaling='rms_forces_scaling', avg_num_neighbors=1, compute_avg_num_neighbors=True, compute_stress=False, compute_forces=True, compute_polarizability=False, compute_atomic_dipole=False, train_file='/home/mehuldarak/athena/fps_dftfe_data/split_5/fps_dftfe_split_5_train.extxyz', valid_file='/home/mehuldarak/athena/fps_dftfe_data/split_5/fps_dftfe_split_5_val.extxyz', valid_fraction=0.1, test_file=None, test_dir=None, multi_processed_test=False, num_workers=0, pin_memory=True, atomic_numbers=None, mean=None, std=None, statistics_file=None, les_arguments=None, E0s='{3:-190.7590256408,8:-442.9888796243,40:-1380.1817128081,57:-958.0774205521}', pseudolabel_replay=False, pseudolabel_replay_compute_stress=False, foundation_filter_elements=True, heads=None, multiheads_finetuning=True, foundation_head=None, weight_pt_head=1.0, real_pt_data_ratio_threshold=0.1, num_samples_pt=10000, force_mh_ft_lr=False, subselect_pt='random', filter_type_pt='none', allow_random_padding_pt=True, pt_train_file=None, pt_valid_file=None, foundation_model_elements=False, keep_isolated_atoms=False, lora=True, lora_rank=5, lora_alpha=1.0, energy_key='REF_energy', forces_key='REF_forces', virials_key='REF_virials', stress_key='REF_stress', dipole_key='dipole', polarizability_key='polarizability', head_key='head', charges_key='REF_charges', elec_temp_key='elec_temp', total_spin_key='total_spin', total_charge_key='total_charge', embedding_specs=None, skip_evaluate_heads='pt_head', loss='weighted', forces_weight=10.0, swa_forces_weight=100.0, energy_weight=1.0, swa_energy_weight=1000.0, virials_weight=1.0, swa_virials_weight=10.0, stress_weight=0.0, swa_stress_weight=10.0, dipole_weight=1.0, swa_dipole_weight=1.0, swa_polarizability_weight=1.0, polarizability_weight=1.0, config_type_weights='{"Default":1.0}', huber_delta=0.01, optimizer='adam', beta=0.9, beta1_schedulefree=0.9, beta2_schedulefree=0.98, batch_size=2, valid_batch_size=10, lr=0.0001, swa_lr=0.001, weight_decay=5e-07, lr_params_factors='{"embedding_lr_factor": 1.0, "interactions_lr_factor": 1.0, "products_lr_factor": 1.0, "readouts_lr_factor": 1.0}', freeze=None, amsgrad=True, scheduler='ReduceLROnPlateau', lr_factor=0.8, scheduler_patience=50, lr_scheduler_gamma=0.9993, swa=False, start_swa=None, lbfgs=False, ema=False, ema_decay=0.99, max_num_epochs=120, patience=2048, foundation_model='/home/mehuldarak/MACE_models/universal_09072025/mace-omat-0-medium.model', foundation_model_kwargs='{}', foundation_model_readout=True, eval_interval=1, keep_checkpoints=False, save_all_checkpoints=False, restart_latest=True, save_cpu=False, clip_grad=10.0, dry_run=False, enable_cueq=False, only_cueq=False, enable_oeq=False, wandb=False, wandb_dir=None, wandb_project='', wandb_entity='', wandb_name='', wandb_log_hypers=['num_channels', 'max_L', 'correlation', 'lr', 'swa_lr', 'weight_decay', 'batch_size', 'max_num_epochs', 'start_swa', 'energy_weight', 'forces_weight'], key_specification=KeySpecification(info_keys={'energy': 'REF_energy', 'stress': 'REF_stress', 'virials': 'REF_virials', 'dipole': 'dipole', 'head': 'head', 'elec_temp': 'elec_temp', 'total_charge': 'total_charge', 'polarizability': 'polarizability', 'total_spin': 'total_spin'}, arrays_keys={'forces': 'REF_forces', 'charges': 'REF_charges'}))
2026-03-24 23:56:59.083 INFO: CUDA version: 12.8, CUDA device: 0
2026-03-24 23:56:59.108 DEBUG: Popen(['git', 'version'], cwd=/home/mehuldarak/athena/mace_fps_training, stdin=None, shell=False, universal_newlines=False)
2026-03-24 23:56:59.110 DEBUG: Popen(['git', 'version'], cwd=/home/mehuldarak/athena/mace_fps_training, stdin=None, shell=False, universal_newlines=False)
2026-03-24 23:56:59.111 DEBUG: sys.platform='linux', git_executable='git'
2026-03-24 23:56:59.112 DEBUG: Popen(['git', 'cat-file', '--batch-check'], cwd=/home/mehuldarak/athena, stdin=<valid stream>, shell=False, universal_newlines=False)
2026-03-24 23:56:59.113 DEBUG: Current Git commit: a6b661176b6b9feb0567915cba9df62cd0dab5ce
2026-03-24 23:56:59.436 INFO: Using foundation model /home/mehuldarak/MACE_models/universal_09072025/mace-omat-0-medium.model as initial checkpoint.
2026-03-24 23:56:59.437 WARNING: Using multiheads finetuning with a foundation model that is not a Materials Project model, need to provied a path to a pretraining file with --pt_train_file.
2026-03-24 23:56:59.437 INFO: ===========LOADING INPUT DATA===========
2026-03-24 23:56:59.437 INFO: Using heads: ['Default']
2026-03-24 23:56:59.437 INFO: Using the key specifications to parse data:
2026-03-24 23:56:59.437 INFO: Default: KeySpecification(info_keys={'energy': 'REF_energy', 'stress': 'REF_stress', 'virials': 'REF_virials', 'dipole': 'dipole', 'head': 'head', 'elec_temp': 'elec_temp', 'total_charge': 'total_charge', 'polarizability': 'polarizability', 'total_spin': 'total_spin'}, arrays_keys={'forces': 'REF_forces', 'charges': 'REF_charges'})
2026-03-24 23:56:59.437 INFO: =============    Processing head Default     ===========
2026-03-24 23:56:59.437 DEBUG: Loading training file: /home/mehuldarak/athena/fps_dftfe_data/split_5/fps_dftfe_split_5_train.extxyz
2026-03-24 23:56:59.483 INFO: Training set 1/1 [energy: 16, stress: 0, virials: 0, dipole components: 0, head: 16, elec_temp: 0, total_charge: 0, polarizability: 0, total_spin: 0, forces: 16, charges: 0]
2026-03-24 23:56:59.483 INFO: Total Training set [energy: 16, stress: 0, virials: 0, dipole components: 0, head: 16, elec_temp: 0, total_charge: 0, polarizability: 0, total_spin: 0, forces: 16, charges: 0]
2026-03-24 23:56:59.501 INFO: Validation set 1/1 [energy: 4, stress: 0, virials: 0, dipole components: 0, head: 4, elec_temp: 0, total_charge: 0, polarizability: 0, total_spin: 0, forces: 4, charges: 0]
2026-03-24 23:56:59.501 INFO: Total Validation set [energy: 4, stress: 0, virials: 0, dipole components: 0, head: 4, elec_temp: 0, total_charge: 0, polarizability: 0, total_spin: 0, forces: 4, charges: 0]
2026-03-24 23:56:59.501 INFO: Total number of configurations: train=16, valid=4, tests=[],
2026-03-24 23:56:59.501 WARNING: Validation batch size (10) is larger than the number of validation data (4)
2026-03-24 23:56:59.502 INFO: Atomic Numbers used: [np.int64(3), np.int64(8), np.int64(40), np.int64(57)]
2026-03-24 23:56:59.502 INFO: Isolated Atomic Energies (E0s) not in training file, using command line argument
2026-03-24 23:56:59.503 INFO: Atomic Energies used (z: eV) for head Default: {3: -190.7590256408, 8: -442.9888796243, 40: -1380.1817128081, 57: -958.0774205521}
2026-03-24 23:56:59.503 INFO: Processing datasets for head 'Default'
2026-03-24 23:56:59.710 DEBUG: Successfully loaded dataset from ASE files: ['/home/mehuldarak/athena/fps_dftfe_data/split_5/fps_dftfe_split_5_train.extxyz']
2026-03-24 23:56:59.710 INFO: Combining 1 list datasets for head 'Default'
2026-03-24 23:56:59.753 DEBUG: Successfully loaded validation dataset from ASE files: ['/home/mehuldarak/athena/fps_dftfe_data/split_5/fps_dftfe_split_5_val.extxyz']
2026-03-24 23:56:59.753 INFO: Combining 1 list datasets for head 'Default_valid'
2026-03-24 23:56:59.753 INFO: Combined validation datasets for Default
2026-03-24 23:56:59.753 INFO: Head 'Default' training dataset size: 16
2026-03-24 23:56:59.754 INFO: Computing average number of neighbors
2026-03-24 23:56:59.794 INFO: Average number of neighbors: 62.09617233276367
2026-03-24 23:56:59.794 INFO: During training the following quantities will be reported: energy, forces
2026-03-24 23:56:59.794 INFO: ===========MODEL DETAILS===========
2026-03-24 23:56:59.823 INFO: Loading FOUNDATION model
2026-03-24 23:56:59.823 INFO: Using filtered elements: [np.int64(3), np.int64(8), np.int64(40), np.int64(57)]
2026-03-24 23:56:59.823 INFO: Model configuration extracted from foundation model
2026-03-24 23:56:59.823 INFO: Using weighted loss function for fine-tuning
2026-03-24 23:56:59.823 INFO: Message passing with hidden irreps 128x0e+128x1o)
2026-03-24 23:56:59.823 INFO: 2 layers, each with correlation order: 3 (body order: 4) and spherical harmonics up to: l=3
2026-03-24 23:56:59.823 INFO: Radial cutoff: 6.0 A (total receptive field for each atom: 12.0 A)
2026-03-24 23:56:59.823 INFO: Distance transform for radial basis functions: Agnesi
2026-03-24 23:57:01.337 INFO: Injecting LoRA layers with rank=5 and alpha=1.0
2026-03-24 23:57:01.337 INFO: Original model has 848814 trainable parameters.
2026-03-24 23:57:01.968 INFO: Model with LoRA has 885694 trainable parameters.
2026-03-24 23:57:01.969 INFO: ===========OPTIMIZER INFORMATION===========
2026-03-24 23:57:01.969 INFO: Using ADAM as parameter optimizer
2026-03-24 23:57:01.969 INFO: Batch size: 2
2026-03-24 23:57:01.969 INFO: Number of gradient updates: 960
2026-03-24 23:57:01.969 INFO: Learning rate: 0.0001, weight decay: 5e-07
2026-03-24 23:57:01.969 INFO: WeightedEnergyForcesLoss(energy_weight=1.000, forces_weight=10.000)
2026-03-24 23:57:01.969 INFO: === Layer's learning rates ===
2026-03-24 23:57:01.970 INFO: Param group 0: lr = 0.0001
2026-03-24 23:57:01.970 INFO: Param group 1: lr = 0.0001
2026-03-24 23:57:01.970 INFO: Param group 2: lr = 0.0001
2026-03-24 23:57:01.970 INFO: Param group 3: lr = 0.0001
2026-03-24 23:57:01.970 INFO: Param group 4: lr = 0.0001
2026-03-24 23:57:01.970 WARNING: No SWA checkpoint found, while SWA is enabled. Compare the swa_start parameter and the latest checkpoint.
2026-03-24 23:57:01.970 INFO: Loading checkpoint: ./checkpoints/mace_fps_split5_run-1_epoch-13.pt
2026-03-24 23:57:02.637 INFO: Using gradient clipping with tolerance=10.000
2026-03-24 23:57:02.637 INFO: 
2026-03-24 23:57:02.637 INFO: ===========TRAINING===========
2026-03-24 23:57:02.637 INFO: Started training, reporting errors on validation set
2026-03-24 23:57:02.637 INFO: Loss metrics on validation set
2026-03-24 23:57:04.224 INFO: Initial: head: Default, loss=0.01128411, RMSE_E_per_atom=    8.62 meV, RMSE_F=   67.13 meV / A
2026-03-24 23:57:22.412 INFO: Epoch 13: head: Default, loss=0.01662953, RMSE_E_per_atom=    8.43 meV, RMSE_F=   81.52 meV / A
2026-03-24 23:57:22.413 DEBUG: Saving checkpoint: ./checkpoints/mace_fps_split5_run-1_epoch-13.pt
2026-03-24 23:57:36.050 INFO: Epoch 14: head: Default, loss=0.01124055, RMSE_E_per_atom=    9.09 meV, RMSE_F=   66.99 meV / A
2026-03-24 23:57:36.051 DEBUG: Deleting old checkpoint file: ./checkpoints/mace_fps_split5_run-1_epoch-13.pt
2026-03-24 23:57:36.052 DEBUG: Saving checkpoint: ./checkpoints/mace_fps_split5_run-1_epoch-14.pt
2026-03-24 23:57:49.311 INFO: Epoch 15: head: Default, loss=0.01856684, RMSE_E_per_atom=    7.47 meV, RMSE_F=   86.15 meV / A
2026-03-24 23:58:02.644 INFO: Epoch 16: head: Default, loss=0.01120187, RMSE_E_per_atom=    8.85 meV, RMSE_F=   66.88 meV / A
2026-03-24 23:58:02.645 DEBUG: Deleting old checkpoint file: ./checkpoints/mace_fps_split5_run-1_epoch-14.pt
2026-03-24 23:58:02.646 DEBUG: Saving checkpoint: ./checkpoints/mace_fps_split5_run-1_epoch-16.pt
2026-03-24 23:58:15.947 INFO: Epoch 17: head: Default, loss=0.01135101, RMSE_E_per_atom=    9.76 meV, RMSE_F=   67.31 meV / A
2026-03-24 23:58:29.123 INFO: Epoch 18: head: Default, loss=0.01451402, RMSE_E_per_atom=    7.42 meV, RMSE_F=   76.16 meV / A
2026-03-24 23:58:42.358 INFO: Epoch 19: head: Default, loss=0.01294646, RMSE_E_per_atom=    9.11 meV, RMSE_F=   71.90 meV / A
2026-03-24 23:58:55.584 INFO: Epoch 20: head: Default, loss=0.01309822, RMSE_E_per_atom=    8.01 meV, RMSE_F=   72.34 meV / A
2026-03-24 23:59:08.903 INFO: Epoch 21: head: Default, loss=0.01133608, RMSE_E_per_atom=   11.42 meV, RMSE_F=   67.24 meV / A
2026-03-24 23:59:22.134 INFO: Epoch 22: head: Default, loss=0.01935399, RMSE_E_per_atom=    7.72 meV, RMSE_F=   87.95 meV / A
2026-03-24 23:59:35.431 INFO: Epoch 23: head: Default, loss=0.01126744, RMSE_E_per_atom=    7.97 meV, RMSE_F=   67.09 meV / A
2026-03-24 23:59:48.632 INFO: Epoch 24: head: Default, loss=0.01161390, RMSE_E_per_atom=    8.06 meV, RMSE_F=   68.11 meV / A
2026-03-25 00:00:01.844 INFO: Epoch 25: head: Default, loss=0.01368805, RMSE_E_per_atom=    8.02 meV, RMSE_F=   73.95 meV / A
2026-03-25 00:00:38.296 INFO: ===========VERIFYING SETTINGS===========
2026-03-25 00:00:38.296 INFO: MACE version: 0.3.15
2026-03-25 00:00:38.297 DEBUG: Configuration: Namespace(config=None, name='mace_fps_split5', seed=1, work_dir='.', log_dir='./logs', model_dir='.', checkpoints_dir='./checkpoints', results_dir='./results', downloads_dir='./downloads', device='cuda', default_dtype='float32', distributed=False, launcher='slurm', log_level='INFO', plot=True, plot_frequency=0, plot_interaction_e=False, error_table='PerAtomRMSE', model='MACE', r_max=5.0, radial_type='bessel', num_radial_basis=8, num_cutoff_basis=5, pair_repulsion=False, distance_transform='None', apply_cutoff=True, use_last_readout_only=False, use_embedding_readout=False, interaction='RealAgnosticResidualInteractionBlock', interaction_first='RealAgnosticResidualInteractionBlock', max_ell=3, correlation=3, use_reduced_cg=False, use_so3=False, use_agnostic_product=False, num_interactions=2, MLP_irreps='16x0e', radial_MLP='[64, 64, 64]', hidden_irreps='128x0e + 128x1o', edge_irreps=None, num_channels=128, max_L=1, gate='silu', kspace_cutoff_factor=1.5, atomic_multipoles_max_l=0, atomic_multipoles_smearing_width=1.0, field_feature_max_l=0, field_feature_widths='[1.0]', field_feature_norms=None, num_recursion_steps=1, field_si=False, include_electrostatic_self_interaction=False, add_local_electron_energy=False, quadrupole_feature_corrections=False, return_electrostatic_potentials=False, field_norm_factor=0.02, fixedpoint_update_config=None, field_readout_config=None, scaling='rms_forces_scaling', avg_num_neighbors=1, compute_avg_num_neighbors=True, compute_stress=False, compute_forces=True, compute_polarizability=False, compute_atomic_dipole=False, train_file='/home/mehuldarak/athena/fps_dftfe_data/split_5/fps_dftfe_split_5_train.extxyz', valid_file='/home/mehuldarak/athena/fps_dftfe_data/split_5/fps_dftfe_split_5_val.extxyz', valid_fraction=0.1, test_file=None, test_dir=None, multi_processed_test=False, num_workers=0, pin_memory=True, atomic_numbers=None, mean=None, std=None, statistics_file=None, les_arguments=None, E0s='{3:-190.7590256408,8:-442.9888796243,40:-1380.1817128081,57:-958.0774205521}', pseudolabel_replay=False, pseudolabel_replay_compute_stress=False, foundation_filter_elements=True, heads=None, multiheads_finetuning=True, foundation_head=None, weight_pt_head=1.0, real_pt_data_ratio_threshold=0.1, num_samples_pt=10000, force_mh_ft_lr=False, subselect_pt='random', filter_type_pt='none', allow_random_padding_pt=True, pt_train_file=None, pt_valid_file=None, foundation_model_elements=False, keep_isolated_atoms=False, lora=True, lora_rank=5, lora_alpha=1.0, energy_key='REF_energy', forces_key='REF_forces', virials_key='REF_virials', stress_key='REF_stress', dipole_key='dipole', polarizability_key='polarizability', head_key='head', charges_key='REF_charges', elec_temp_key='elec_temp', total_spin_key='total_spin', total_charge_key='total_charge', embedding_specs=None, skip_evaluate_heads='pt_head', loss='weighted', forces_weight=10.0, swa_forces_weight=100.0, energy_weight=1.0, swa_energy_weight=1000.0, virials_weight=1.0, swa_virials_weight=10.0, stress_weight=0.0, swa_stress_weight=10.0, dipole_weight=1.0, swa_dipole_weight=1.0, swa_polarizability_weight=1.0, polarizability_weight=1.0, config_type_weights='{"Default":1.0}', huber_delta=0.01, optimizer='adam', beta=0.9, beta1_schedulefree=0.9, beta2_schedulefree=0.98, batch_size=2, valid_batch_size=10, lr=1e-05, swa_lr=0.001, weight_decay=5e-07, lr_params_factors='{"embedding_lr_factor": 1.0, "interactions_lr_factor": 1.0, "products_lr_factor": 1.0, "readouts_lr_factor": 1.0}', freeze=None, amsgrad=True, scheduler='ReduceLROnPlateau', lr_factor=0.8, scheduler_patience=50, lr_scheduler_gamma=0.9993, swa=False, start_swa=None, lbfgs=False, ema=False, ema_decay=0.99, max_num_epochs=120, patience=2048, foundation_model='/home/mehuldarak/MACE_models/universal_09072025/mace-omat-0-medium.model', foundation_model_kwargs='{}', foundation_model_readout=True, eval_interval=1, keep_checkpoints=False, save_all_checkpoints=False, restart_latest=True, save_cpu=False, clip_grad=10.0, dry_run=False, enable_cueq=False, only_cueq=False, enable_oeq=False, wandb=False, wandb_dir=None, wandb_project='', wandb_entity='', wandb_name='', wandb_log_hypers=['num_channels', 'max_L', 'correlation', 'lr', 'swa_lr', 'weight_decay', 'batch_size', 'max_num_epochs', 'start_swa', 'energy_weight', 'forces_weight'], key_specification=KeySpecification(info_keys={'energy': 'REF_energy', 'stress': 'REF_stress', 'virials': 'REF_virials', 'dipole': 'dipole', 'head': 'head', 'elec_temp': 'elec_temp', 'total_charge': 'total_charge', 'polarizability': 'polarizability', 'total_spin': 'total_spin'}, arrays_keys={'forces': 'REF_forces', 'charges': 'REF_charges'}))
2026-03-25 00:00:38.314 INFO: CUDA version: 12.8, CUDA device: 0
2026-03-25 00:00:38.338 DEBUG: Popen(['git', 'version'], cwd=/home/mehuldarak/athena/mace_fps_training, stdin=None, shell=False, universal_newlines=False)
2026-03-25 00:00:38.340 DEBUG: Popen(['git', 'version'], cwd=/home/mehuldarak/athena/mace_fps_training, stdin=None, shell=False, universal_newlines=False)
2026-03-25 00:00:38.342 DEBUG: sys.platform='linux', git_executable='git'
2026-03-25 00:00:38.343 DEBUG: Popen(['git', 'cat-file', '--batch-check'], cwd=/home/mehuldarak/athena, stdin=<valid stream>, shell=False, universal_newlines=False)
2026-03-25 00:00:38.344 DEBUG: Current Git commit: a6b661176b6b9feb0567915cba9df62cd0dab5ce
2026-03-25 00:00:38.748 INFO: Using foundation model /home/mehuldarak/MACE_models/universal_09072025/mace-omat-0-medium.model as initial checkpoint.
2026-03-25 00:00:38.749 WARNING: Using multiheads finetuning with a foundation model that is not a Materials Project model, need to provied a path to a pretraining file with --pt_train_file.
2026-03-25 00:00:38.749 INFO: ===========LOADING INPUT DATA===========
2026-03-25 00:00:38.750 INFO: Using heads: ['Default']
2026-03-25 00:00:38.750 INFO: Using the key specifications to parse data:
2026-03-25 00:00:38.750 INFO: Default: KeySpecification(info_keys={'energy': 'REF_energy', 'stress': 'REF_stress', 'virials': 'REF_virials', 'dipole': 'dipole', 'head': 'head', 'elec_temp': 'elec_temp', 'total_charge': 'total_charge', 'polarizability': 'polarizability', 'total_spin': 'total_spin'}, arrays_keys={'forces': 'REF_forces', 'charges': 'REF_charges'})
2026-03-25 00:00:38.750 INFO: =============    Processing head Default     ===========
2026-03-25 00:00:38.750 DEBUG: Loading training file: /home/mehuldarak/athena/fps_dftfe_data/split_5/fps_dftfe_split_5_train.extxyz
2026-03-25 00:00:38.795 INFO: Training set 1/1 [energy: 16, stress: 0, virials: 0, dipole components: 0, head: 16, elec_temp: 0, total_charge: 0, polarizability: 0, total_spin: 0, forces: 16, charges: 0]
2026-03-25 00:00:38.795 INFO: Total Training set [energy: 16, stress: 0, virials: 0, dipole components: 0, head: 16, elec_temp: 0, total_charge: 0, polarizability: 0, total_spin: 0, forces: 16, charges: 0]
2026-03-25 00:00:38.813 INFO: Validation set 1/1 [energy: 4, stress: 0, virials: 0, dipole components: 0, head: 4, elec_temp: 0, total_charge: 0, polarizability: 0, total_spin: 0, forces: 4, charges: 0]
2026-03-25 00:00:38.813 INFO: Total Validation set [energy: 4, stress: 0, virials: 0, dipole components: 0, head: 4, elec_temp: 0, total_charge: 0, polarizability: 0, total_spin: 0, forces: 4, charges: 0]
2026-03-25 00:00:38.813 INFO: Total number of configurations: train=16, valid=4, tests=[],
2026-03-25 00:00:38.813 WARNING: Validation batch size (10) is larger than the number of validation data (4)
2026-03-25 00:00:38.815 INFO: Atomic Numbers used: [np.int64(3), np.int64(8), np.int64(40), np.int64(57)]
2026-03-25 00:00:38.815 INFO: Isolated Atomic Energies (E0s) not in training file, using command line argument
2026-03-25 00:00:38.815 INFO: Atomic Energies used (z: eV) for head Default: {3: -190.7590256408, 8: -442.9888796243, 40: -1380.1817128081, 57: -958.0774205521}
2026-03-25 00:00:38.815 INFO: Processing datasets for head 'Default'
2026-03-25 00:00:39.022 DEBUG: Successfully loaded dataset from ASE files: ['/home/mehuldarak/athena/fps_dftfe_data/split_5/fps_dftfe_split_5_train.extxyz']
2026-03-25 00:00:39.022 INFO: Combining 1 list datasets for head 'Default'
2026-03-25 00:00:39.064 DEBUG: Successfully loaded validation dataset from ASE files: ['/home/mehuldarak/athena/fps_dftfe_data/split_5/fps_dftfe_split_5_val.extxyz']
2026-03-25 00:00:39.065 INFO: Combining 1 list datasets for head 'Default_valid'
2026-03-25 00:00:39.065 INFO: Combined validation datasets for Default
2026-03-25 00:00:39.065 INFO: Head 'Default' training dataset size: 16
2026-03-25 00:00:39.065 INFO: Computing average number of neighbors
2026-03-25 00:00:39.102 INFO: Average number of neighbors: 62.09617233276367
2026-03-25 00:00:39.102 INFO: During training the following quantities will be reported: energy, forces
2026-03-25 00:00:39.102 INFO: ===========MODEL DETAILS===========
2026-03-25 00:00:39.126 INFO: Loading FOUNDATION model
2026-03-25 00:00:39.127 INFO: Using filtered elements: [np.int64(3), np.int64(8), np.int64(40), np.int64(57)]
2026-03-25 00:00:39.127 INFO: Model configuration extracted from foundation model
2026-03-25 00:00:39.127 INFO: Using weighted loss function for fine-tuning
2026-03-25 00:00:39.127 INFO: Message passing with hidden irreps 128x0e+128x1o)
2026-03-25 00:00:39.127 INFO: 2 layers, each with correlation order: 3 (body order: 4) and spherical harmonics up to: l=3
2026-03-25 00:00:39.127 INFO: Radial cutoff: 6.0 A (total receptive field for each atom: 12.0 A)
2026-03-25 00:00:39.127 INFO: Distance transform for radial basis functions: Agnesi
2026-03-25 00:00:40.626 INFO: Injecting LoRA layers with rank=5 and alpha=1.0
2026-03-25 00:00:40.627 INFO: Original model has 848814 trainable parameters.
2026-03-25 00:00:41.276 INFO: Model with LoRA has 885694 trainable parameters.
2026-03-25 00:00:41.276 INFO: ===========OPTIMIZER INFORMATION===========
2026-03-25 00:00:41.276 INFO: Using ADAM as parameter optimizer
2026-03-25 00:00:41.276 INFO: Batch size: 2
2026-03-25 00:00:41.276 INFO: Number of gradient updates: 960
2026-03-25 00:00:41.276 INFO: Learning rate: 1e-05, weight decay: 5e-07
2026-03-25 00:00:41.276 INFO: WeightedEnergyForcesLoss(energy_weight=1.000, forces_weight=10.000)
2026-03-25 00:00:41.277 INFO: === Layer's learning rates ===
2026-03-25 00:00:41.277 INFO: Param group 0: lr = 1e-05
2026-03-25 00:00:41.277 INFO: Param group 1: lr = 1e-05
2026-03-25 00:00:41.277 INFO: Param group 2: lr = 1e-05
2026-03-25 00:00:41.277 INFO: Param group 3: lr = 1e-05
2026-03-25 00:00:41.277 INFO: Param group 4: lr = 1e-05
2026-03-25 00:00:41.277 WARNING: No SWA checkpoint found, while SWA is enabled. Compare the swa_start parameter and the latest checkpoint.
2026-03-25 00:00:41.278 INFO: Loading checkpoint: ./checkpoints/mace_fps_split5_run-1_epoch-16.pt
2026-03-25 00:00:41.888 INFO: Using gradient clipping with tolerance=10.000
2026-03-25 00:00:41.889 INFO: 
2026-03-25 00:00:41.889 INFO: ===========TRAINING===========
2026-03-25 00:00:41.889 INFO: Started training, reporting errors on validation set
2026-03-25 00:00:41.889 INFO: Loss metrics on validation set
2026-03-25 00:00:43.470 INFO: Initial: head: Default, loss=0.01120197, RMSE_E_per_atom=    8.88 meV, RMSE_F=   66.88 meV / A
2026-03-25 00:01:01.256 INFO: Epoch 16: head: Default, loss=0.01527625, RMSE_E_per_atom=    7.19 meV, RMSE_F=   78.14 meV / A
2026-03-25 00:01:01.257 DEBUG: Saving checkpoint: ./checkpoints/mace_fps_split5_run-1_epoch-16.pt
2026-03-25 00:01:14.839 INFO: Epoch 17: head: Default, loss=0.01048171, RMSE_E_per_atom=    8.55 meV, RMSE_F=   64.69 meV / A
2026-03-25 00:01:14.841 DEBUG: Deleting old checkpoint file: ./checkpoints/mace_fps_split5_run-1_epoch-16.pt
2026-03-25 00:01:14.842 DEBUG: Saving checkpoint: ./checkpoints/mace_fps_split5_run-1_epoch-17.pt
2026-03-25 00:01:28.063 INFO: Epoch 18: head: Default, loss=0.01717172, RMSE_E_per_atom=    6.97 meV, RMSE_F=   82.85 meV / A
2026-03-25 00:01:41.306 INFO: Epoch 19: head: Default, loss=0.01083422, RMSE_E_per_atom=    7.41 meV, RMSE_F=   65.79 meV / A
2026-03-25 00:01:54.548 INFO: Epoch 20: head: Default, loss=0.01075961, RMSE_E_per_atom=    8.65 meV, RMSE_F=   65.55 meV / A
2026-03-25 00:02:07.802 INFO: Epoch 21: head: Default, loss=0.01434161, RMSE_E_per_atom=    6.56 meV, RMSE_F=   75.71 meV / A
2026-03-25 00:02:20.895 INFO: Epoch 22: head: Default, loss=0.01365187, RMSE_E_per_atom=    7.63 meV, RMSE_F=   73.86 meV / A
2026-03-25 00:02:34.067 INFO: Epoch 23: head: Default, loss=0.01254708, RMSE_E_per_atom=    7.71 meV, RMSE_F=   70.80 meV / A
2026-03-25 00:02:47.361 INFO: Epoch 24: head: Default, loss=0.01024604, RMSE_E_per_atom=   13.69 meV, RMSE_F=   63.87 meV / A
2026-03-25 00:02:47.363 DEBUG: Deleting old checkpoint file: ./checkpoints/mace_fps_split5_run-1_epoch-17.pt
2026-03-25 00:02:47.364 DEBUG: Saving checkpoint: ./checkpoints/mace_fps_split5_run-1_epoch-24.pt
2026-03-25 00:03:00.512 INFO: Epoch 25: head: Default, loss=0.02035125, RMSE_E_per_atom=    8.57 meV, RMSE_F=   90.18 meV / A
2026-03-25 00:03:13.712 INFO: Epoch 26: head: Default, loss=0.01198811, RMSE_E_per_atom=    8.14 meV, RMSE_F=   69.20 meV / A
2026-03-25 00:03:27.007 INFO: Epoch 27: head: Default, loss=0.01094212, RMSE_E_per_atom=    8.03 meV, RMSE_F=   66.11 meV / A
2026-03-25 00:03:42.271 INFO: ===========VERIFYING SETTINGS===========
2026-03-25 00:03:42.271 INFO: MACE version: 0.3.15
2026-03-25 00:03:42.271 DEBUG: Configuration: Namespace(config=None, name='mace_fps_split5', seed=1, work_dir='.', log_dir='./logs', model_dir='.', checkpoints_dir='./checkpoints', results_dir='./results', downloads_dir='./downloads', device='cuda', default_dtype='float32', distributed=False, launcher='slurm', log_level='INFO', plot=True, plot_frequency=0, plot_interaction_e=False, error_table='PerAtomRMSE', model='MACE', r_max=5.0, radial_type='bessel', num_radial_basis=8, num_cutoff_basis=5, pair_repulsion=False, distance_transform='None', apply_cutoff=True, use_last_readout_only=False, use_embedding_readout=False, interaction='RealAgnosticResidualInteractionBlock', interaction_first='RealAgnosticResidualInteractionBlock', max_ell=3, correlation=3, use_reduced_cg=False, use_so3=False, use_agnostic_product=False, num_interactions=2, MLP_irreps='16x0e', radial_MLP='[64, 64, 64]', hidden_irreps='128x0e + 128x1o', edge_irreps=None, num_channels=128, max_L=1, gate='silu', kspace_cutoff_factor=1.5, atomic_multipoles_max_l=0, atomic_multipoles_smearing_width=1.0, field_feature_max_l=0, field_feature_widths='[1.0]', field_feature_norms=None, num_recursion_steps=1, field_si=False, include_electrostatic_self_interaction=False, add_local_electron_energy=False, quadrupole_feature_corrections=False, return_electrostatic_potentials=False, field_norm_factor=0.02, fixedpoint_update_config=None, field_readout_config=None, scaling='rms_forces_scaling', avg_num_neighbors=1, compute_avg_num_neighbors=True, compute_stress=False, compute_forces=True, compute_polarizability=False, compute_atomic_dipole=False, train_file='/home/mehuldarak/athena/fps_dftfe_data/split_5/fps_dftfe_split_5_train.extxyz', valid_file='/home/mehuldarak/athena/fps_dftfe_data/split_5/fps_dftfe_split_5_val.extxyz', valid_fraction=0.1, test_file=None, test_dir=None, multi_processed_test=False, num_workers=0, pin_memory=True, atomic_numbers=None, mean=None, std=None, statistics_file=None, les_arguments=None, E0s='{3:-190.7590256408,8:-442.9888796243,40:-1380.1817128081,57:-958.0774205521}', pseudolabel_replay=False, pseudolabel_replay_compute_stress=False, foundation_filter_elements=True, heads=None, multiheads_finetuning=True, foundation_head=None, weight_pt_head=1.0, real_pt_data_ratio_threshold=0.1, num_samples_pt=10000, force_mh_ft_lr=False, subselect_pt='random', filter_type_pt='none', allow_random_padding_pt=True, pt_train_file=None, pt_valid_file=None, foundation_model_elements=False, keep_isolated_atoms=False, lora=True, lora_rank=5, lora_alpha=1.0, energy_key='REF_energy', forces_key='REF_forces', virials_key='REF_virials', stress_key='REF_stress', dipole_key='dipole', polarizability_key='polarizability', head_key='head', charges_key='REF_charges', elec_temp_key='elec_temp', total_spin_key='total_spin', total_charge_key='total_charge', embedding_specs=None, skip_evaluate_heads='pt_head', loss='weighted', forces_weight=10.0, swa_forces_weight=100.0, energy_weight=1.0, swa_energy_weight=1000.0, virials_weight=1.0, swa_virials_weight=10.0, stress_weight=0.0, swa_stress_weight=10.0, dipole_weight=1.0, swa_dipole_weight=1.0, swa_polarizability_weight=1.0, polarizability_weight=1.0, config_type_weights='{"Default":1.0}', huber_delta=0.01, optimizer='adam', beta=0.9, beta1_schedulefree=0.9, beta2_schedulefree=0.98, batch_size=2, valid_batch_size=10, lr=1e-05, swa_lr=0.001, weight_decay=5e-07, lr_params_factors='{"embedding_lr_factor": 1.0, "interactions_lr_factor": 1.0, "products_lr_factor": 1.0, "readouts_lr_factor": 1.0}', freeze=None, amsgrad=True, scheduler='ReduceLROnPlateau', lr_factor=0.8, scheduler_patience=50, lr_scheduler_gamma=0.9993, swa=False, start_swa=None, lbfgs=False, ema=False, ema_decay=0.99, max_num_epochs=28, patience=2048, foundation_model='/home/mehuldarak/MACE_models/universal_09072025/mace-omat-0-medium.model', foundation_model_kwargs='{}', foundation_model_readout=True, eval_interval=1, keep_checkpoints=False, save_all_checkpoints=False, restart_latest=True, save_cpu=False, clip_grad=10.0, dry_run=False, enable_cueq=False, only_cueq=False, enable_oeq=False, wandb=False, wandb_dir=None, wandb_project='', wandb_entity='', wandb_name='', wandb_log_hypers=['num_channels', 'max_L', 'correlation', 'lr', 'swa_lr', 'weight_decay', 'batch_size', 'max_num_epochs', 'start_swa', 'energy_weight', 'forces_weight'], key_specification=KeySpecification(info_keys={'energy': 'REF_energy', 'stress': 'REF_stress', 'virials': 'REF_virials', 'dipole': 'dipole', 'head': 'head', 'elec_temp': 'elec_temp', 'total_charge': 'total_charge', 'polarizability': 'polarizability', 'total_spin': 'total_spin'}, arrays_keys={'forces': 'REF_forces', 'charges': 'REF_charges'}))
2026-03-25 00:03:42.289 INFO: CUDA version: 12.8, CUDA device: 0
2026-03-25 00:03:42.312 DEBUG: Popen(['git', 'version'], cwd=/home/mehuldarak/athena/mace_fps_training, stdin=None, shell=False, universal_newlines=False)
2026-03-25 00:03:42.315 DEBUG: Popen(['git', 'version'], cwd=/home/mehuldarak/athena/mace_fps_training, stdin=None, shell=False, universal_newlines=False)
2026-03-25 00:03:42.318 DEBUG: sys.platform='linux', git_executable='git'
2026-03-25 00:03:42.320 DEBUG: Popen(['git', 'cat-file', '--batch-check'], cwd=/home/mehuldarak/athena, stdin=<valid stream>, shell=False, universal_newlines=False)
2026-03-25 00:03:42.321 DEBUG: Current Git commit: a6b661176b6b9feb0567915cba9df62cd0dab5ce
2026-03-25 00:03:42.726 INFO: Using foundation model /home/mehuldarak/MACE_models/universal_09072025/mace-omat-0-medium.model as initial checkpoint.
2026-03-25 00:03:42.727 WARNING: Using multiheads finetuning with a foundation model that is not a Materials Project model, need to provied a path to a pretraining file with --pt_train_file.
2026-03-25 00:03:42.727 INFO: ===========LOADING INPUT DATA===========
2026-03-25 00:03:42.727 INFO: Using heads: ['Default']
2026-03-25 00:03:42.727 INFO: Using the key specifications to parse data:
2026-03-25 00:03:42.727 INFO: Default: KeySpecification(info_keys={'energy': 'REF_energy', 'stress': 'REF_stress', 'virials': 'REF_virials', 'dipole': 'dipole', 'head': 'head', 'elec_temp': 'elec_temp', 'total_charge': 'total_charge', 'polarizability': 'polarizability', 'total_spin': 'total_spin'}, arrays_keys={'forces': 'REF_forces', 'charges': 'REF_charges'})
2026-03-25 00:03:42.727 INFO: =============    Processing head Default     ===========
2026-03-25 00:03:42.727 DEBUG: Loading training file: /home/mehuldarak/athena/fps_dftfe_data/split_5/fps_dftfe_split_5_train.extxyz
2026-03-25 00:03:42.772 INFO: Training set 1/1 [energy: 16, stress: 0, virials: 0, dipole components: 0, head: 16, elec_temp: 0, total_charge: 0, polarizability: 0, total_spin: 0, forces: 16, charges: 0]
2026-03-25 00:03:42.773 INFO: Total Training set [energy: 16, stress: 0, virials: 0, dipole components: 0, head: 16, elec_temp: 0, total_charge: 0, polarizability: 0, total_spin: 0, forces: 16, charges: 0]
2026-03-25 00:03:42.790 INFO: Validation set 1/1 [energy: 4, stress: 0, virials: 0, dipole components: 0, head: 4, elec_temp: 0, total_charge: 0, polarizability: 0, total_spin: 0, forces: 4, charges: 0]
2026-03-25 00:03:42.791 INFO: Total Validation set [energy: 4, stress: 0, virials: 0, dipole components: 0, head: 4, elec_temp: 0, total_charge: 0, polarizability: 0, total_spin: 0, forces: 4, charges: 0]
2026-03-25 00:03:42.791 INFO: Total number of configurations: train=16, valid=4, tests=[],
2026-03-25 00:03:42.791 WARNING: Validation batch size (10) is larger than the number of validation data (4)
2026-03-25 00:03:42.792 INFO: Atomic Numbers used: [np.int64(3), np.int64(8), np.int64(40), np.int64(57)]
2026-03-25 00:03:42.792 INFO: Isolated Atomic Energies (E0s) not in training file, using command line argument
2026-03-25 00:03:42.792 INFO: Atomic Energies used (z: eV) for head Default: {3: -190.7590256408, 8: -442.9888796243, 40: -1380.1817128081, 57: -958.0774205521}
2026-03-25 00:03:42.792 INFO: Processing datasets for head 'Default'
2026-03-25 00:03:43.000 DEBUG: Successfully loaded dataset from ASE files: ['/home/mehuldarak/athena/fps_dftfe_data/split_5/fps_dftfe_split_5_train.extxyz']
2026-03-25 00:03:43.000 INFO: Combining 1 list datasets for head 'Default'
2026-03-25 00:03:43.043 DEBUG: Successfully loaded validation dataset from ASE files: ['/home/mehuldarak/athena/fps_dftfe_data/split_5/fps_dftfe_split_5_val.extxyz']
2026-03-25 00:03:43.043 INFO: Combining 1 list datasets for head 'Default_valid'
2026-03-25 00:03:43.043 INFO: Combined validation datasets for Default
2026-03-25 00:03:43.043 INFO: Head 'Default' training dataset size: 16
2026-03-25 00:03:43.044 INFO: Computing average number of neighbors
2026-03-25 00:03:43.086 INFO: Average number of neighbors: 62.09617233276367
2026-03-25 00:03:43.086 INFO: During training the following quantities will be reported: energy, forces
2026-03-25 00:03:43.086 INFO: ===========MODEL DETAILS===========
2026-03-25 00:03:43.114 INFO: Loading FOUNDATION model
2026-03-25 00:03:43.115 INFO: Using filtered elements: [np.int64(3), np.int64(8), np.int64(40), np.int64(57)]
2026-03-25 00:03:43.115 INFO: Model configuration extracted from foundation model
2026-03-25 00:03:43.115 INFO: Using weighted loss function for fine-tuning
2026-03-25 00:03:43.115 INFO: Message passing with hidden irreps 128x0e+128x1o)
2026-03-25 00:03:43.115 INFO: 2 layers, each with correlation order: 3 (body order: 4) and spherical harmonics up to: l=3
2026-03-25 00:03:43.115 INFO: Radial cutoff: 6.0 A (total receptive field for each atom: 12.0 A)
2026-03-25 00:03:43.115 INFO: Distance transform for radial basis functions: Agnesi
2026-03-25 00:03:44.601 INFO: Injecting LoRA layers with rank=5 and alpha=1.0
2026-03-25 00:03:44.602 INFO: Original model has 848814 trainable parameters.
2026-03-25 00:03:45.241 INFO: Model with LoRA has 885694 trainable parameters.
2026-03-25 00:03:45.241 INFO: ===========OPTIMIZER INFORMATION===========
2026-03-25 00:03:45.242 INFO: Using ADAM as parameter optimizer
2026-03-25 00:03:45.242 INFO: Batch size: 2
2026-03-25 00:03:45.242 INFO: Number of gradient updates: 224
2026-03-25 00:03:45.242 INFO: Learning rate: 1e-05, weight decay: 5e-07
2026-03-25 00:03:45.242 INFO: WeightedEnergyForcesLoss(energy_weight=1.000, forces_weight=10.000)
2026-03-25 00:03:45.242 INFO: === Layer's learning rates ===
2026-03-25 00:03:45.243 INFO: Param group 0: lr = 1e-05
2026-03-25 00:03:45.243 INFO: Param group 1: lr = 1e-05
2026-03-25 00:03:45.243 INFO: Param group 2: lr = 1e-05
2026-03-25 00:03:45.243 INFO: Param group 3: lr = 1e-05
2026-03-25 00:03:45.243 INFO: Param group 4: lr = 1e-05
2026-03-25 00:03:45.243 WARNING: No SWA checkpoint found, while SWA is enabled. Compare the swa_start parameter and the latest checkpoint.
2026-03-25 00:03:45.243 INFO: Loading checkpoint: ./checkpoints/mace_fps_split5_run-1_epoch-24.pt
2026-03-25 00:03:45.994 INFO: Using gradient clipping with tolerance=10.000
2026-03-25 00:03:45.994 INFO: 
2026-03-25 00:03:45.994 INFO: ===========TRAINING===========
2026-03-25 00:03:45.994 INFO: Started training, reporting errors on validation set
2026-03-25 00:03:45.994 INFO: Loss metrics on validation set
2026-03-25 00:03:47.590 INFO: Initial: head: Default, loss=0.01024745, RMSE_E_per_atom=   13.89 meV, RMSE_F=   63.87 meV / A
2026-03-25 00:04:05.651 INFO: Epoch 24: head: Default, loss=0.02202009, RMSE_E_per_atom=    8.00 meV, RMSE_F=   93.82 meV / A
2026-03-25 00:04:05.652 DEBUG: Saving checkpoint: ./checkpoints/mace_fps_split5_run-1_epoch-24.pt
2026-03-25 00:04:19.277 INFO: Epoch 25: head: Default, loss=0.01035761, RMSE_E_per_atom=    8.74 meV, RMSE_F=   64.31 meV / A
2026-03-25 00:04:19.278 DEBUG: Deleting old checkpoint file: ./checkpoints/mace_fps_split5_run-1_epoch-24.pt
2026-03-25 00:04:19.279 DEBUG: Saving checkpoint: ./checkpoints/mace_fps_split5_run-1_epoch-25.pt
2026-03-25 00:04:32.513 INFO: Epoch 26: head: Default, loss=0.01522042, RMSE_E_per_atom=    8.48 meV, RMSE_F=   77.98 meV / A
2026-03-25 00:04:45.644 INFO: Epoch 27: head: Default, loss=0.01147772, RMSE_E_per_atom=    8.71 meV, RMSE_F=   67.70 meV / A
2026-03-25 00:04:45.644 INFO: Training complete
2026-03-25 00:04:45.644 INFO: 
2026-03-25 00:04:45.644 INFO: ===========RESULTS===========
2026-03-25 00:04:45.645 INFO: Loading checkpoint: ./checkpoints/mace_fps_split5_run-1_epoch-25.pt
2026-03-25 00:04:46.225 INFO: Loaded Stage one model from epoch 25 for evaluation
2026-03-25 00:04:46.225 INFO: Saving model to checkpoints/mace_fps_split5_run-1.model
2026-03-25 00:04:46.355 INFO: Merging LoRA weights into base model
2026-03-25 00:04:46.443 INFO: Compiling model, saving metadata to mace_fps_split5_compiled.model
2026-03-25 00:04:47.112 INFO: Computing metrics for training, validation, and test sets
2026-03-25 00:04:47.113 INFO: Skipping evaluation for heads: ['pt_head']
2026-03-25 00:04:47.113 INFO: Evaluating train_Default ...
2026-03-25 00:04:52.244 INFO: Evaluating valid_Default ...
2026-03-25 00:04:53.392 INFO: Error-table on TRAIN and VALID:
+---------------+---------------------+------------------+-------------------+
|  config_type  | RMSE E / meV / atom | RMSE F / meV / A | relative F RMSE % |
+---------------+---------------------+------------------+-------------------+
| train_Default |            9.9      |         66.9     |         10.67     |
| valid_Default |            8.2      |         64.3     |          9.87     |
+---------------+---------------------+------------------+-------------------+
2026-03-25 00:04:53.392 DEBUG: Running inference on train_Default dataset
2026-03-25 00:04:58.434 DEBUG: Running inference on valid_Default dataset
2026-03-25 00:05:01.074 INFO: Done
2026-03-25 00:06:53.427 INFO: ===========VERIFYING SETTINGS===========
2026-03-25 00:06:53.427 INFO: MACE version: 0.3.15
2026-03-25 00:06:53.428 DEBUG: Configuration: Namespace(config=None, name='mace_fps_split5', seed=1, work_dir='.', log_dir='./logs', model_dir='.', checkpoints_dir='./checkpoints', results_dir='./results', downloads_dir='./downloads', device='cuda', default_dtype='float32', distributed=False, launcher='slurm', log_level='INFO', plot=True, plot_frequency=0, plot_interaction_e=False, error_table='PerAtomRMSE', model='MACE', r_max=5.0, radial_type='bessel', num_radial_basis=8, num_cutoff_basis=5, pair_repulsion=False, distance_transform='None', apply_cutoff=True, use_last_readout_only=False, use_embedding_readout=False, interaction='RealAgnosticResidualInteractionBlock', interaction_first='RealAgnosticResidualInteractionBlock', max_ell=3, correlation=3, use_reduced_cg=False, use_so3=False, use_agnostic_product=False, num_interactions=2, MLP_irreps='16x0e', radial_MLP='[64, 64, 64]', hidden_irreps='128x0e + 128x1o', edge_irreps=None, num_channels=128, max_L=1, gate='silu', kspace_cutoff_factor=1.5, atomic_multipoles_max_l=0, atomic_multipoles_smearing_width=1.0, field_feature_max_l=0, field_feature_widths='[1.0]', field_feature_norms=None, num_recursion_steps=1, field_si=False, include_electrostatic_self_interaction=False, add_local_electron_energy=False, quadrupole_feature_corrections=False, return_electrostatic_potentials=False, field_norm_factor=0.02, fixedpoint_update_config=None, field_readout_config=None, scaling='rms_forces_scaling', avg_num_neighbors=1, compute_avg_num_neighbors=True, compute_stress=False, compute_forces=True, compute_polarizability=False, compute_atomic_dipole=False, train_file='/home/mehuldarak/athena/fps_dftfe_data/split_5/fps_dftfe_split_5_train.extxyz', valid_file='/home/mehuldarak/athena/fps_dftfe_data/split_5/fps_dftfe_split_5_val.extxyz', valid_fraction=0.1, test_file=None, test_dir=None, multi_processed_test=False, num_workers=0, pin_memory=True, atomic_numbers=None, mean=None, std=None, statistics_file=None, les_arguments=None, E0s='{3:-190.7590256408,8:-442.9888796243,40:-1380.1817128081,57:-958.0774205521}', pseudolabel_replay=False, pseudolabel_replay_compute_stress=False, foundation_filter_elements=True, heads=None, multiheads_finetuning=True, foundation_head=None, weight_pt_head=1.0, real_pt_data_ratio_threshold=0.1, num_samples_pt=10000, force_mh_ft_lr=False, subselect_pt='random', filter_type_pt='none', allow_random_padding_pt=True, pt_train_file=None, pt_valid_file=None, foundation_model_elements=False, keep_isolated_atoms=False, lora=True, lora_rank=5, lora_alpha=1.0, energy_key='REF_energy', forces_key='REF_forces', virials_key='REF_virials', stress_key='REF_stress', dipole_key='dipole', polarizability_key='polarizability', head_key='head', charges_key='REF_charges', elec_temp_key='elec_temp', total_spin_key='total_spin', total_charge_key='total_charge', embedding_specs=None, skip_evaluate_heads='pt_head', loss='weighted', forces_weight=10.0, swa_forces_weight=100.0, energy_weight=1.0, swa_energy_weight=1000.0, virials_weight=1.0, swa_virials_weight=10.0, stress_weight=0.0, swa_stress_weight=10.0, dipole_weight=1.0, swa_dipole_weight=1.0, swa_polarizability_weight=1.0, polarizability_weight=1.0, config_type_weights='{"Default":1.0}', huber_delta=0.01, optimizer='adam', beta=0.9, beta1_schedulefree=0.9, beta2_schedulefree=0.98, batch_size=2, valid_batch_size=10, lr=1e-08, swa_lr=0.001, weight_decay=5e-07, lr_params_factors='{"embedding_lr_factor": 1.0, "interactions_lr_factor": 1.0, "products_lr_factor": 1.0, "readouts_lr_factor": 1.0}', freeze=None, amsgrad=True, scheduler='ReduceLROnPlateau', lr_factor=0.8, scheduler_patience=50, lr_scheduler_gamma=0.9993, swa=False, start_swa=None, lbfgs=False, ema=False, ema_decay=0.99, max_num_epochs=120, patience=2048, foundation_model='/home/mehuldarak/MACE_models/universal_09072025/mace-omat-0-medium.model', foundation_model_kwargs='{}', foundation_model_readout=True, eval_interval=1, keep_checkpoints=False, save_all_checkpoints=False, restart_latest=True, save_cpu=False, clip_grad=10.0, dry_run=False, enable_cueq=False, only_cueq=False, enable_oeq=False, wandb=False, wandb_dir=None, wandb_project='', wandb_entity='', wandb_name='', wandb_log_hypers=['num_channels', 'max_L', 'correlation', 'lr', 'swa_lr', 'weight_decay', 'batch_size', 'max_num_epochs', 'start_swa', 'energy_weight', 'forces_weight'], key_specification=KeySpecification(info_keys={'energy': 'REF_energy', 'stress': 'REF_stress', 'virials': 'REF_virials', 'dipole': 'dipole', 'head': 'head', 'elec_temp': 'elec_temp', 'total_charge': 'total_charge', 'polarizability': 'polarizability', 'total_spin': 'total_spin'}, arrays_keys={'forces': 'REF_forces', 'charges': 'REF_charges'}))
2026-03-25 00:06:53.446 INFO: CUDA version: 12.8, CUDA device: 0
2026-03-25 00:06:53.473 DEBUG: Popen(['git', 'version'], cwd=/home/mehuldarak/athena/mace_fps_training, stdin=None, shell=False, universal_newlines=False)
2026-03-25 00:06:53.475 DEBUG: Popen(['git', 'version'], cwd=/home/mehuldarak/athena/mace_fps_training, stdin=None, shell=False, universal_newlines=False)
2026-03-25 00:06:53.477 DEBUG: sys.platform='linux', git_executable='git'
2026-03-25 00:06:53.478 DEBUG: Popen(['git', 'cat-file', '--batch-check'], cwd=/home/mehuldarak/athena, stdin=<valid stream>, shell=False, universal_newlines=False)
2026-03-25 00:06:53.479 DEBUG: Current Git commit: a6b661176b6b9feb0567915cba9df62cd0dab5ce
2026-03-25 00:06:53.668 INFO: Using foundation model /home/mehuldarak/MACE_models/universal_09072025/mace-omat-0-medium.model as initial checkpoint.
2026-03-25 00:06:53.670 WARNING: Using multiheads finetuning with a foundation model that is not a Materials Project model, need to provied a path to a pretraining file with --pt_train_file.
2026-03-25 00:06:53.670 INFO: ===========LOADING INPUT DATA===========
2026-03-25 00:06:53.670 INFO: Using heads: ['Default']
2026-03-25 00:06:53.670 INFO: Using the key specifications to parse data:
2026-03-25 00:06:53.670 INFO: Default: KeySpecification(info_keys={'energy': 'REF_energy', 'stress': 'REF_stress', 'virials': 'REF_virials', 'dipole': 'dipole', 'head': 'head', 'elec_temp': 'elec_temp', 'total_charge': 'total_charge', 'polarizability': 'polarizability', 'total_spin': 'total_spin'}, arrays_keys={'forces': 'REF_forces', 'charges': 'REF_charges'})
2026-03-25 00:06:53.670 INFO: =============    Processing head Default     ===========
2026-03-25 00:06:53.670 DEBUG: Loading training file: /home/mehuldarak/athena/fps_dftfe_data/split_5/fps_dftfe_split_5_train.extxyz
2026-03-25 00:06:53.716 INFO: Training set 1/1 [energy: 16, stress: 0, virials: 0, dipole components: 0, head: 16, elec_temp: 0, total_charge: 0, polarizability: 0, total_spin: 0, forces: 16, charges: 0]
2026-03-25 00:06:53.716 INFO: Total Training set [energy: 16, stress: 0, virials: 0, dipole components: 0, head: 16, elec_temp: 0, total_charge: 0, polarizability: 0, total_spin: 0, forces: 16, charges: 0]
2026-03-25 00:06:53.734 INFO: Validation set 1/1 [energy: 4, stress: 0, virials: 0, dipole components: 0, head: 4, elec_temp: 0, total_charge: 0, polarizability: 0, total_spin: 0, forces: 4, charges: 0]
2026-03-25 00:06:53.734 INFO: Total Validation set [energy: 4, stress: 0, virials: 0, dipole components: 0, head: 4, elec_temp: 0, total_charge: 0, polarizability: 0, total_spin: 0, forces: 4, charges: 0]
2026-03-25 00:06:53.734 INFO: Total number of configurations: train=16, valid=4, tests=[],
2026-03-25 00:06:53.734 WARNING: Validation batch size (10) is larger than the number of validation data (4)
2026-03-25 00:06:53.735 INFO: Atomic Numbers used: [np.int64(3), np.int64(8), np.int64(40), np.int64(57)]
2026-03-25 00:06:53.736 INFO: Isolated Atomic Energies (E0s) not in training file, using command line argument
2026-03-25 00:06:53.736 INFO: Atomic Energies used (z: eV) for head Default: {3: -190.7590256408, 8: -442.9888796243, 40: -1380.1817128081, 57: -958.0774205521}
2026-03-25 00:06:53.736 INFO: Processing datasets for head 'Default'
2026-03-25 00:06:53.928 DEBUG: Successfully loaded dataset from ASE files: ['/home/mehuldarak/athena/fps_dftfe_data/split_5/fps_dftfe_split_5_train.extxyz']
2026-03-25 00:06:53.928 INFO: Combining 1 list datasets for head 'Default'
2026-03-25 00:06:53.968 DEBUG: Successfully loaded validation dataset from ASE files: ['/home/mehuldarak/athena/fps_dftfe_data/split_5/fps_dftfe_split_5_val.extxyz']
2026-03-25 00:06:53.968 INFO: Combining 1 list datasets for head 'Default_valid'
2026-03-25 00:06:53.968 INFO: Combined validation datasets for Default
2026-03-25 00:06:53.968 INFO: Head 'Default' training dataset size: 16
2026-03-25 00:06:53.968 INFO: Computing average number of neighbors
2026-03-25 00:06:54.004 INFO: Average number of neighbors: 62.09617233276367
2026-03-25 00:06:54.004 INFO: During training the following quantities will be reported: energy, forces
2026-03-25 00:06:54.004 INFO: ===========MODEL DETAILS===========
2026-03-25 00:06:54.027 INFO: Loading FOUNDATION model
2026-03-25 00:06:54.027 INFO: Using filtered elements: [np.int64(3), np.int64(8), np.int64(40), np.int64(57)]
2026-03-25 00:06:54.028 INFO: Model configuration extracted from foundation model
2026-03-25 00:06:54.028 INFO: Using weighted loss function for fine-tuning
2026-03-25 00:06:54.028 INFO: Message passing with hidden irreps 128x0e+128x1o)
2026-03-25 00:06:54.028 INFO: 2 layers, each with correlation order: 3 (body order: 4) and spherical harmonics up to: l=3
2026-03-25 00:06:54.028 INFO: Radial cutoff: 6.0 A (total receptive field for each atom: 12.0 A)
2026-03-25 00:06:54.028 INFO: Distance transform for radial basis functions: Agnesi
2026-03-25 00:06:55.283 INFO: Injecting LoRA layers with rank=5 and alpha=1.0
2026-03-25 00:06:55.283 INFO: Original model has 848814 trainable parameters.
2026-03-25 00:06:55.795 INFO: Model with LoRA has 885694 trainable parameters.
2026-03-25 00:06:55.795 INFO: ===========OPTIMIZER INFORMATION===========
2026-03-25 00:06:55.795 INFO: Using ADAM as parameter optimizer
2026-03-25 00:06:55.795 INFO: Batch size: 2
2026-03-25 00:06:55.795 INFO: Number of gradient updates: 960
2026-03-25 00:06:55.795 INFO: Learning rate: 1e-08, weight decay: 5e-07
2026-03-25 00:06:55.795 INFO: WeightedEnergyForcesLoss(energy_weight=1.000, forces_weight=10.000)
2026-03-25 00:06:55.796 INFO: === Layer's learning rates ===
2026-03-25 00:06:55.796 INFO: Param group 0: lr = 1e-08
2026-03-25 00:06:55.796 INFO: Param group 1: lr = 1e-08
2026-03-25 00:06:55.796 INFO: Param group 2: lr = 1e-08
2026-03-25 00:06:55.796 INFO: Param group 3: lr = 1e-08
2026-03-25 00:06:55.796 INFO: Param group 4: lr = 1e-08
2026-03-25 00:06:55.797 WARNING: No SWA checkpoint found, while SWA is enabled. Compare the swa_start parameter and the latest checkpoint.
2026-03-25 00:06:55.797 INFO: Loading checkpoint: ./checkpoints/mace_fps_split5_run-1_epoch-25.pt
2026-03-25 00:06:55.838 INFO: Using gradient clipping with tolerance=10.000
2026-03-25 00:06:55.838 INFO: 
2026-03-25 00:06:55.838 INFO: ===========TRAINING===========
2026-03-25 00:06:55.838 INFO: Started training, reporting errors on validation set
2026-03-25 00:06:55.838 INFO: Loss metrics on validation set
2026-03-25 00:06:56.754 INFO: Initial: head: Default, loss=0.01035496, RMSE_E_per_atom=    8.11 meV, RMSE_F=   64.31 meV / A
2026-03-25 00:07:06.471 INFO: Epoch 25: head: Default, loss=0.01223754, RMSE_E_per_atom=    8.97 meV, RMSE_F=   69.91 meV / A
2026-03-25 00:07:06.472 DEBUG: Saving checkpoint: ./checkpoints/mace_fps_split5_run-1_epoch-25.pt
2026-03-25 00:07:12.010 INFO: Epoch 26: head: Default, loss=0.01095780, RMSE_E_per_atom=   10.36 meV, RMSE_F=   66.12 meV / A
2026-03-25 00:07:12.011 DEBUG: Deleting old checkpoint file: ./checkpoints/mace_fps_split5_run-1_epoch-25.pt
2026-03-25 00:07:12.012 DEBUG: Saving checkpoint: ./checkpoints/mace_fps_split5_run-1_epoch-26.pt
2026-03-25 00:07:17.209 INFO: Epoch 27: head: Default, loss=0.01631548, RMSE_E_per_atom=    7.47 meV, RMSE_F=   80.75 meV / A
2026-03-25 00:07:22.379 INFO: Epoch 28: head: Default, loss=0.01011122, RMSE_E_per_atom=    7.82 meV, RMSE_F=   63.55 meV / A
2026-03-25 00:07:22.380 DEBUG: Deleting old checkpoint file: ./checkpoints/mace_fps_split5_run-1_epoch-26.pt
2026-03-25 00:07:22.382 DEBUG: Saving checkpoint: ./checkpoints/mace_fps_split5_run-1_epoch-28.pt
2026-03-25 00:07:27.589 INFO: Epoch 29: head: Default, loss=0.01077670, RMSE_E_per_atom=    9.14 meV, RMSE_F=   65.59 meV / A
2026-03-25 00:07:32.804 INFO: Epoch 30: head: Default, loss=0.01457229, RMSE_E_per_atom=    7.04 meV, RMSE_F=   76.31 meV / A
2026-03-25 00:07:38.047 INFO: Epoch 31: head: Default, loss=0.01145763, RMSE_E_per_atom=    7.37 meV, RMSE_F=   67.66 meV / A
2026-03-25 00:07:43.280 INFO: Epoch 32: head: Default, loss=0.01173673, RMSE_E_per_atom=    8.44 meV, RMSE_F=   68.47 meV / A
2026-03-25 00:07:48.524 INFO: Epoch 33: head: Default, loss=0.01154255, RMSE_E_per_atom=   11.19 meV, RMSE_F=   67.86 meV / A
2026-03-25 00:07:53.803 INFO: Epoch 34: head: Default, loss=0.01798680, RMSE_E_per_atom=    9.00 meV, RMSE_F=   84.77 meV / A
2026-03-25 00:07:59.070 INFO: Epoch 35: head: Default, loss=0.01068426, RMSE_E_per_atom=    8.14 meV, RMSE_F=   65.32 meV / A
2026-03-25 00:08:04.351 INFO: Epoch 36: head: Default, loss=0.01130735, RMSE_E_per_atom=    8.01 meV, RMSE_F=   67.21 meV / A
2026-03-25 00:08:09.629 INFO: Epoch 37: head: Default, loss=0.01322903, RMSE_E_per_atom=    7.12 meV, RMSE_F=   72.71 meV / A
