2026-03-25 00:50:56.806 INFO: ===========VERIFYING SETTINGS===========
2026-03-25 00:50:56.806 INFO: MACE version: 0.3.15
2026-03-25 00:50:56.824 INFO: CUDA version: 12.8, CUDA device: 0
2026-03-25 00:50:57.058 INFO: Using foundation model /home/mehuldarak/MACE_models/universal_09072025/mace-omat-0-medium.model as initial checkpoint.
2026-03-25 00:50:57.059 WARNING: Using multiheads finetuning with a foundation model that is not a Materials Project model, need to provied a path to a pretraining file with --pt_train_file.
2026-03-25 00:50:57.060 INFO: ===========LOADING INPUT DATA===========
2026-03-25 00:50:57.060 INFO: Using heads: ['Default']
2026-03-25 00:50:57.060 INFO: Using the key specifications to parse data:
2026-03-25 00:50:57.060 INFO: Default: KeySpecification(info_keys={'energy': 'REF_energy', 'stress': 'REF_stress', 'virials': 'REF_virials', 'dipole': 'dipole', 'head': 'head', 'elec_temp': 'elec_temp', 'total_charge': 'total_charge', 'polarizability': 'polarizability', 'total_spin': 'total_spin'}, arrays_keys={'forces': 'REF_forces', 'charges': 'REF_charges'})
2026-03-25 00:50:57.060 INFO: =============    Processing head Default     ===========
2026-03-25 00:50:57.106 INFO: Training set 1/1 [energy: 16, stress: 0, virials: 0, dipole components: 0, head: 16, elec_temp: 0, total_charge: 0, polarizability: 0, total_spin: 0, forces: 16, charges: 0]
2026-03-25 00:50:57.106 INFO: Total Training set [energy: 16, stress: 0, virials: 0, dipole components: 0, head: 16, elec_temp: 0, total_charge: 0, polarizability: 0, total_spin: 0, forces: 16, charges: 0]
2026-03-25 00:50:57.123 INFO: Validation set 1/1 [energy: 4, stress: 0, virials: 0, dipole components: 0, head: 4, elec_temp: 0, total_charge: 0, polarizability: 0, total_spin: 0, forces: 4, charges: 0]
2026-03-25 00:50:57.123 INFO: Total Validation set [energy: 4, stress: 0, virials: 0, dipole components: 0, head: 4, elec_temp: 0, total_charge: 0, polarizability: 0, total_spin: 0, forces: 4, charges: 0]
2026-03-25 00:50:57.123 INFO: Total number of configurations: train=16, valid=4, tests=[],
2026-03-25 00:50:57.123 WARNING: Validation batch size (10) is larger than the number of validation data (4)
2026-03-25 00:50:57.125 INFO: Atomic Numbers used: [np.int64(3), np.int64(8), np.int64(40), np.int64(57)]
2026-03-25 00:50:57.126 INFO: Isolated Atomic Energies (E0s) not in training file, using command line argument
2026-03-25 00:50:57.126 INFO: Atomic Energies used (z: eV) for head Default: {3: -190.7590256408, 8: -442.9888796243, 40: -1380.1817128081, 57: -958.0774205521}
2026-03-25 00:50:57.126 INFO: Processing datasets for head 'Default'
2026-03-25 00:50:57.314 INFO: Combining 1 list datasets for head 'Default'
2026-03-25 00:50:57.364 INFO: Combining 1 list datasets for head 'Default_valid'
2026-03-25 00:50:57.365 INFO: Combined validation datasets for Default
2026-03-25 00:50:57.365 INFO: Head 'Default' training dataset size: 16
2026-03-25 00:50:57.365 INFO: Computing average number of neighbors
2026-03-25 00:50:57.396 INFO: Average number of neighbors: 61.65446853637695
2026-03-25 00:50:57.396 INFO: During training the following quantities will be reported: energy, forces
2026-03-25 00:50:57.396 INFO: ===========MODEL DETAILS===========
2026-03-25 00:50:57.413 INFO: Loading FOUNDATION model
2026-03-25 00:50:57.414 INFO: Using filtered elements: [np.int64(3), np.int64(8), np.int64(40), np.int64(57)]
2026-03-25 00:50:57.414 INFO: Model configuration extracted from foundation model
2026-03-25 00:50:57.414 INFO: Using weighted loss function for fine-tuning
2026-03-25 00:50:57.414 INFO: Message passing with hidden irreps 128x0e+128x1o)
2026-03-25 00:50:57.414 INFO: 2 layers, each with correlation order: 3 (body order: 4) and spherical harmonics up to: l=3
2026-03-25 00:50:57.414 INFO: Radial cutoff: 6.0 A (total receptive field for each atom: 12.0 A)
2026-03-25 00:50:57.414 INFO: Distance transform for radial basis functions: Agnesi
2026-03-25 00:50:58.685 INFO: Injecting LoRA layers with rank=5 and alpha=1.0
2026-03-25 00:50:58.686 INFO: Original model has 848814 trainable parameters.
2026-03-25 00:50:59.191 INFO: Model with LoRA has 885694 trainable parameters.
2026-03-25 00:50:59.191 INFO: ===========OPTIMIZER INFORMATION===========
2026-03-25 00:50:59.191 INFO: Using ADAM as parameter optimizer
2026-03-25 00:50:59.191 INFO: Batch size: 4
2026-03-25 00:50:59.191 INFO: Number of gradient updates: 480
2026-03-25 00:50:59.191 INFO: Learning rate: 0.05, weight decay: 5e-07
2026-03-25 00:50:59.191 INFO: WeightedEnergyForcesLoss(energy_weight=1.000, forces_weight=10.000)
2026-03-25 00:50:59.192 INFO: === Layer's learning rates ===
2026-03-25 00:50:59.192 INFO: Param group 0: lr = 0.05
2026-03-25 00:50:59.192 INFO: Param group 1: lr = 0.05
2026-03-25 00:50:59.192 INFO: Param group 2: lr = 0.05
2026-03-25 00:50:59.192 INFO: Param group 3: lr = 0.05
2026-03-25 00:50:59.192 INFO: Param group 4: lr = 0.05
2026-03-25 00:50:59.193 WARNING: Cannot find checkpoint with tag 'mace_fps_split12_run-1' in './checkpoints'
2026-03-25 00:50:59.193 INFO: Using gradient clipping with tolerance=10.000
2026-03-25 00:50:59.193 INFO: 
2026-03-25 00:50:59.193 INFO: ===========TRAINING===========
2026-03-25 00:50:59.193 INFO: Started training, reporting errors on validation set
2026-03-25 00:50:59.193 INFO: Loss metrics on validation set
2026-03-25 00:51:00.100 INFO: Initial: head: Default, loss=0.15088096, RMSE_E_per_atom=  600.62 meV, RMSE_F=  155.82 meV / A
2026-03-25 00:51:08.886 INFO: Epoch 0: head: Default, loss=0.09260040, RMSE_E_per_atom=   45.72 meV, RMSE_F=  191.91 meV / A
2026-03-25 00:51:15.191 INFO: Epoch 1: head: Default, loss=0.05970453, RMSE_E_per_atom=  159.90 meV, RMSE_F=  146.03 meV / A
2026-03-25 00:51:20.396 INFO: Epoch 2: head: Default, loss=0.03252927, RMSE_E_per_atom=  109.49 meV, RMSE_F=  108.69 meV / A
2026-03-25 00:51:25.589 INFO: Epoch 3: head: Default, loss=0.03317730, RMSE_E_per_atom=   17.79 meV, RMSE_F=  115.06 meV / A
2026-03-25 00:51:30.757 INFO: Epoch 4: head: Default, loss=0.05681283, RMSE_E_per_atom=  110.54 meV, RMSE_F=  146.64 meV / A
2026-03-25 00:51:35.934 INFO: Epoch 5: head: Default, loss=0.03561163, RMSE_E_per_atom=   67.74 meV, RMSE_F=  117.41 meV / A
2026-03-25 00:51:41.128 INFO: Epoch 6: head: Default, loss=0.03286039, RMSE_E_per_atom=   22.21 meV, RMSE_F=  114.43 meV / A
2026-03-25 00:51:46.363 INFO: Epoch 7: head: Default, loss=0.01982954, RMSE_E_per_atom=   19.16 meV, RMSE_F=   88.85 meV / A
2026-03-25 00:51:51.635 INFO: Epoch 8: head: Default, loss=0.02007500, RMSE_E_per_atom=   19.31 meV, RMSE_F=   89.40 meV / A
2026-03-25 00:51:56.878 INFO: Epoch 9: head: Default, loss=0.01871460, RMSE_E_per_atom=   36.12 meV, RMSE_F=   85.76 meV / A
2026-03-25 00:52:02.139 INFO: Epoch 10: head: Default, loss=0.01669256, RMSE_E_per_atom=   21.80 meV, RMSE_F=   81.42 meV / A
2026-03-25 00:52:07.393 INFO: Epoch 11: head: Default, loss=0.01192349, RMSE_E_per_atom=   34.38 meV, RMSE_F=   68.20 meV / A
2026-03-25 00:52:12.637 INFO: Epoch 12: head: Default, loss=0.01188843, RMSE_E_per_atom=   29.21 meV, RMSE_F=   68.34 meV / A
2026-03-25 00:52:17.893 INFO: Epoch 13: head: Default, loss=0.01127543, RMSE_E_per_atom=   17.50 meV, RMSE_F=   66.93 meV / A
2026-03-25 00:52:23.168 INFO: Epoch 14: head: Default, loss=0.01120003, RMSE_E_per_atom=   29.19 meV, RMSE_F=   66.29 meV / A
2026-03-25 00:52:28.439 INFO: Epoch 15: head: Default, loss=0.01038350, RMSE_E_per_atom=   19.24 meV, RMSE_F=   64.16 meV / A
2026-03-25 00:52:33.693 INFO: Epoch 16: head: Default, loss=0.02261304, RMSE_E_per_atom=   16.50 meV, RMSE_F=   94.96 meV / A
2026-03-25 00:52:38.931 INFO: Epoch 17: head: Default, loss=0.01163941, RMSE_E_per_atom=   36.01 meV, RMSE_F=   67.28 meV / A
2026-03-25 00:52:44.151 INFO: Epoch 18: head: Default, loss=0.01329372, RMSE_E_per_atom=   17.88 meV, RMSE_F=   72.70 meV / A
2026-03-25 00:52:56.228 INFO: ===========VERIFYING SETTINGS===========
2026-03-25 00:52:56.228 INFO: MACE version: 0.3.15
2026-03-25 00:52:56.247 INFO: CUDA version: 12.8, CUDA device: 0
2026-03-25 00:52:56.518 INFO: Using foundation model /home/mehuldarak/MACE_models/universal_09072025/mace-omat-0-medium.model as initial checkpoint.
2026-03-25 00:52:56.519 WARNING: Using multiheads finetuning with a foundation model that is not a Materials Project model, need to provied a path to a pretraining file with --pt_train_file.
2026-03-25 00:52:56.519 INFO: ===========LOADING INPUT DATA===========
2026-03-25 00:52:56.519 INFO: Using heads: ['Default']
2026-03-25 00:52:56.519 INFO: Using the key specifications to parse data:
2026-03-25 00:52:56.519 INFO: Default: KeySpecification(info_keys={'energy': 'REF_energy', 'stress': 'REF_stress', 'virials': 'REF_virials', 'dipole': 'dipole', 'head': 'head', 'elec_temp': 'elec_temp', 'total_charge': 'total_charge', 'polarizability': 'polarizability', 'total_spin': 'total_spin'}, arrays_keys={'forces': 'REF_forces', 'charges': 'REF_charges'})
2026-03-25 00:52:56.519 INFO: =============    Processing head Default     ===========
2026-03-25 00:52:56.566 INFO: Training set 1/1 [energy: 16, stress: 0, virials: 0, dipole components: 0, head: 16, elec_temp: 0, total_charge: 0, polarizability: 0, total_spin: 0, forces: 16, charges: 0]
2026-03-25 00:52:56.566 INFO: Total Training set [energy: 16, stress: 0, virials: 0, dipole components: 0, head: 16, elec_temp: 0, total_charge: 0, polarizability: 0, total_spin: 0, forces: 16, charges: 0]
2026-03-25 00:52:56.584 INFO: Validation set 1/1 [energy: 4, stress: 0, virials: 0, dipole components: 0, head: 4, elec_temp: 0, total_charge: 0, polarizability: 0, total_spin: 0, forces: 4, charges: 0]
2026-03-25 00:52:56.584 INFO: Total Validation set [energy: 4, stress: 0, virials: 0, dipole components: 0, head: 4, elec_temp: 0, total_charge: 0, polarizability: 0, total_spin: 0, forces: 4, charges: 0]
2026-03-25 00:52:56.584 INFO: Total number of configurations: train=16, valid=4, tests=[],
2026-03-25 00:52:56.584 WARNING: Validation batch size (10) is larger than the number of validation data (4)
2026-03-25 00:52:56.585 INFO: Atomic Numbers used: [np.int64(3), np.int64(8), np.int64(40), np.int64(57)]
2026-03-25 00:52:56.585 INFO: Isolated Atomic Energies (E0s) not in training file, using command line argument
2026-03-25 00:52:56.586 INFO: Atomic Energies used (z: eV) for head Default: {3: -190.7590256408, 8: -442.9888796243, 40: -1380.1817128081, 57: -958.0774205521}
2026-03-25 00:52:56.586 INFO: Processing datasets for head 'Default'
2026-03-25 00:52:56.761 INFO: Combining 1 list datasets for head 'Default'
2026-03-25 00:52:56.809 INFO: Combining 1 list datasets for head 'Default_valid'
2026-03-25 00:52:56.809 INFO: Combined validation datasets for Default
2026-03-25 00:52:56.809 INFO: Head 'Default' training dataset size: 16
2026-03-25 00:52:56.810 INFO: Computing average number of neighbors
2026-03-25 00:52:56.839 INFO: Average number of neighbors: 61.65446853637695
2026-03-25 00:52:56.839 INFO: During training the following quantities will be reported: energy, forces
2026-03-25 00:52:56.839 INFO: ===========MODEL DETAILS===========
2026-03-25 00:52:56.855 INFO: Loading FOUNDATION model
2026-03-25 00:52:56.855 INFO: Using filtered elements: [np.int64(3), np.int64(8), np.int64(40), np.int64(57)]
2026-03-25 00:52:56.855 INFO: Model configuration extracted from foundation model
2026-03-25 00:52:56.856 INFO: Using weighted loss function for fine-tuning
2026-03-25 00:52:56.856 INFO: Message passing with hidden irreps 128x0e+128x1o)
2026-03-25 00:52:56.856 INFO: 2 layers, each with correlation order: 3 (body order: 4) and spherical harmonics up to: l=3
2026-03-25 00:52:56.856 INFO: Radial cutoff: 6.0 A (total receptive field for each atom: 12.0 A)
2026-03-25 00:52:56.856 INFO: Distance transform for radial basis functions: Agnesi
2026-03-25 00:52:58.107 INFO: Injecting LoRA layers with rank=5 and alpha=1.0
2026-03-25 00:52:58.107 INFO: Original model has 848814 trainable parameters.
2026-03-25 00:52:58.623 INFO: Model with LoRA has 885694 trainable parameters.
2026-03-25 00:52:58.624 INFO: ===========OPTIMIZER INFORMATION===========
2026-03-25 00:52:58.624 INFO: Using ADAM as parameter optimizer
2026-03-25 00:52:58.624 INFO: Batch size: 4
2026-03-25 00:52:58.624 INFO: Number of gradient updates: 480
2026-03-25 00:52:58.624 INFO: Learning rate: 0.005, weight decay: 5e-07
2026-03-25 00:52:58.624 INFO: WeightedEnergyForcesLoss(energy_weight=1.000, forces_weight=10.000)
2026-03-25 00:52:58.624 INFO: === Layer's learning rates ===
2026-03-25 00:52:58.625 INFO: Param group 0: lr = 0.005
2026-03-25 00:52:58.625 INFO: Param group 1: lr = 0.005
2026-03-25 00:52:58.625 INFO: Param group 2: lr = 0.005
2026-03-25 00:52:58.625 INFO: Param group 3: lr = 0.005
2026-03-25 00:52:58.625 INFO: Param group 4: lr = 0.005
2026-03-25 00:52:58.625 WARNING: No SWA checkpoint found, while SWA is enabled. Compare the swa_start parameter and the latest checkpoint.
2026-03-25 00:52:58.626 INFO: Loading checkpoint: ./checkpoints/mace_fps_split12_run-1_epoch-15.pt
2026-03-25 00:52:58.665 INFO: Using gradient clipping with tolerance=10.000
2026-03-25 00:52:58.665 INFO: 
2026-03-25 00:52:58.665 INFO: ===========TRAINING===========
2026-03-25 00:52:58.665 INFO: Started training, reporting errors on validation set
2026-03-25 00:52:58.666 INFO: Loss metrics on validation set
2026-03-25 00:52:59.557 INFO: Initial: head: Default, loss=0.01038223, RMSE_E_per_atom=   19.11 meV, RMSE_F=   64.16 meV / A
2026-03-25 00:53:08.363 INFO: Epoch 15: head: Default, loss=0.01048322, RMSE_E_per_atom=   16.04 meV, RMSE_F=   64.56 meV / A
2026-03-25 00:53:14.693 INFO: Epoch 16: head: Default, loss=0.01516883, RMSE_E_per_atom=   18.98 meV, RMSE_F=   77.66 meV / A
2026-03-25 00:53:19.871 INFO: Epoch 17: head: Default, loss=0.00971343, RMSE_E_per_atom=   17.30 meV, RMSE_F=   62.09 meV / A
2026-03-25 00:53:25.101 INFO: Epoch 18: head: Default, loss=0.00953803, RMSE_E_per_atom=   15.05 meV, RMSE_F=   61.58 meV / A
2026-03-25 00:53:30.312 INFO: Epoch 19: head: Default, loss=0.00984076, RMSE_E_per_atom=   15.31 meV, RMSE_F=   62.55 meV / A
2026-03-25 00:53:35.517 INFO: Epoch 20: head: Default, loss=0.00969320, RMSE_E_per_atom=   15.79 meV, RMSE_F=   62.07 meV / A
2026-03-25 00:53:40.714 INFO: Epoch 21: head: Default, loss=0.00867241, RMSE_E_per_atom=   15.27 meV, RMSE_F=   58.70 meV / A
2026-03-25 00:53:45.933 INFO: Epoch 22: head: Default, loss=0.01622356, RMSE_E_per_atom=   13.30 meV, RMSE_F=   80.45 meV / A
2026-03-25 00:53:51.144 INFO: Epoch 23: head: Default, loss=0.00997508, RMSE_E_per_atom=   16.00 meV, RMSE_F=   62.96 meV / A
2026-03-25 00:53:56.369 INFO: Epoch 24: head: Default, loss=0.01030175, RMSE_E_per_atom=   15.13 meV, RMSE_F=   64.01 meV / A
2026-03-25 00:54:01.600 INFO: Epoch 25: head: Default, loss=0.01360755, RMSE_E_per_atom=   15.39 meV, RMSE_F=   73.62 meV / A
2026-03-25 00:54:06.832 INFO: Epoch 26: head: Default, loss=0.00855258, RMSE_E_per_atom=   26.32 meV, RMSE_F=   57.89 meV / A
2026-03-25 00:54:12.107 INFO: Epoch 27: head: Default, loss=0.00783745, RMSE_E_per_atom=   13.06 meV, RMSE_F=   55.84 meV / A
2026-03-25 00:54:17.380 INFO: Epoch 28: head: Default, loss=0.00747228, RMSE_E_per_atom=   16.41 meV, RMSE_F=   54.42 meV / A
2026-03-25 00:54:22.655 INFO: Epoch 29: head: Default, loss=0.00867119, RMSE_E_per_atom=   15.44 meV, RMSE_F=   58.69 meV / A
2026-03-25 00:54:27.891 INFO: Epoch 30: head: Default, loss=0.00737496, RMSE_E_per_atom=   12.05 meV, RMSE_F=   54.18 meV / A
2026-03-25 00:54:33.154 INFO: Epoch 31: head: Default, loss=0.01193957, RMSE_E_per_atom=   19.41 meV, RMSE_F=   68.83 meV / A
2026-03-25 00:54:38.406 INFO: Epoch 32: head: Default, loss=0.00813106, RMSE_E_per_atom=   15.29 meV, RMSE_F=   56.82 meV / A
2026-03-25 00:54:43.651 INFO: Epoch 33: head: Default, loss=0.01274238, RMSE_E_per_atom=   23.94 meV, RMSE_F=   70.99 meV / A
2026-03-25 00:54:48.894 INFO: Epoch 34: head: Default, loss=0.01130642, RMSE_E_per_atom=   19.01 meV, RMSE_F=   66.98 meV / A
2026-03-25 00:54:54.134 INFO: Epoch 35: head: Default, loss=0.00954136, RMSE_E_per_atom=   15.72 meV, RMSE_F=   61.58 meV / A
2026-03-25 00:54:59.377 INFO: Epoch 36: head: Default, loss=0.01038316, RMSE_E_per_atom=   30.70 meV, RMSE_F=   63.71 meV / A
2026-03-25 00:55:04.611 INFO: Epoch 37: head: Default, loss=0.00926261, RMSE_E_per_atom=   15.09 meV, RMSE_F=   60.68 meV / A
2026-03-25 00:55:09.844 INFO: Epoch 38: head: Default, loss=0.00836573, RMSE_E_per_atom=   14.88 meV, RMSE_F=   57.66 meV / A
2026-03-25 00:55:15.071 INFO: Epoch 39: head: Default, loss=0.01192548, RMSE_E_per_atom=   26.43 meV, RMSE_F=   68.56 meV / A
2026-03-25 00:55:20.302 INFO: Epoch 40: head: Default, loss=0.00746882, RMSE_E_per_atom=   20.01 meV, RMSE_F=   54.29 meV / A
2026-03-25 00:55:25.553 INFO: Epoch 41: head: Default, loss=0.00851786, RMSE_E_per_atom=   21.16 meV, RMSE_F=   57.99 meV / A
2026-03-25 00:55:30.791 INFO: Epoch 42: head: Default, loss=0.00922708, RMSE_E_per_atom=   18.82 meV, RMSE_F=   60.46 meV / A
2026-03-25 00:55:36.033 INFO: Epoch 43: head: Default, loss=0.01236406, RMSE_E_per_atom=   16.54 meV, RMSE_F=   70.13 meV / A
2026-03-25 00:55:41.257 INFO: Epoch 44: head: Default, loss=0.00693520, RMSE_E_per_atom=   16.27 meV, RMSE_F=   52.42 meV / A
2026-03-25 00:55:46.536 INFO: Epoch 45: head: Default, loss=0.00895596, RMSE_E_per_atom=   17.63 meV, RMSE_F=   59.59 meV / A
2026-03-25 00:55:51.775 INFO: Epoch 46: head: Default, loss=0.00715150, RMSE_E_per_atom=   14.91 meV, RMSE_F=   53.28 meV / A
2026-03-25 00:55:57.008 INFO: Epoch 47: head: Default, loss=0.00659574, RMSE_E_per_atom=   13.00 meV, RMSE_F=   51.20 meV / A
2026-03-25 00:56:02.266 INFO: Epoch 48: head: Default, loss=0.00789956, RMSE_E_per_atom=   12.81 meV, RMSE_F=   56.07 meV / A
2026-03-25 00:56:07.491 INFO: Epoch 49: head: Default, loss=0.00835049, RMSE_E_per_atom=   15.01 meV, RMSE_F=   57.60 meV / A
2026-03-25 00:56:12.712 INFO: Epoch 50: head: Default, loss=0.00976636, RMSE_E_per_atom=   12.02 meV, RMSE_F=   62.39 meV / A
2026-03-25 00:56:17.951 INFO: Epoch 51: head: Default, loss=0.00629397, RMSE_E_per_atom=   12.52 meV, RMSE_F=   50.02 meV / A
2026-03-25 00:56:23.206 INFO: Epoch 52: head: Default, loss=0.00835312, RMSE_E_per_atom=   16.06 meV, RMSE_F=   57.58 meV / A
2026-03-25 00:56:28.437 INFO: Epoch 53: head: Default, loss=0.00750514, RMSE_E_per_atom=   13.77 meV, RMSE_F=   54.62 meV / A
2026-03-25 00:56:33.667 INFO: Epoch 54: head: Default, loss=0.00627178, RMSE_E_per_atom=   14.48 meV, RMSE_F=   49.88 meV / A
2026-03-25 00:56:38.928 INFO: Epoch 55: head: Default, loss=0.00695231, RMSE_E_per_atom=   13.94 meV, RMSE_F=   52.55 meV / A
2026-03-25 00:56:44.155 INFO: Epoch 56: head: Default, loss=0.00791318, RMSE_E_per_atom=   12.14 meV, RMSE_F=   56.13 meV / A
2026-03-25 00:56:49.376 INFO: Epoch 57: head: Default, loss=0.00655378, RMSE_E_per_atom=   20.12 meV, RMSE_F=   50.80 meV / A
2026-03-25 00:56:54.594 INFO: Epoch 58: head: Default, loss=0.00700632, RMSE_E_per_atom=   14.26 meV, RMSE_F=   52.75 meV / A
2026-03-25 00:56:59.818 INFO: Epoch 59: head: Default, loss=0.00724205, RMSE_E_per_atom=   13.87 meV, RMSE_F=   53.64 meV / A
2026-03-25 00:57:05.031 INFO: Epoch 60: head: Default, loss=0.00746965, RMSE_E_per_atom=   18.81 meV, RMSE_F=   54.34 meV / A
2026-03-25 00:57:10.252 INFO: Epoch 61: head: Default, loss=0.00717522, RMSE_E_per_atom=   11.98 meV, RMSE_F=   53.44 meV / A
2026-03-25 00:57:15.484 INFO: Epoch 62: head: Default, loss=0.00653199, RMSE_E_per_atom=   14.98 meV, RMSE_F=   50.90 meV / A
2026-03-25 00:57:20.707 INFO: Epoch 63: head: Default, loss=0.00621852, RMSE_E_per_atom=    9.85 meV, RMSE_F=   49.78 meV / A
2026-03-25 00:57:25.958 INFO: Epoch 64: head: Default, loss=0.00634983, RMSE_E_per_atom=   10.23 meV, RMSE_F=   50.29 meV / A
2026-03-25 00:57:31.178 INFO: Epoch 65: head: Default, loss=0.00635032, RMSE_E_per_atom=   10.42 meV, RMSE_F=   50.29 meV / A
2026-03-25 00:57:36.391 INFO: Epoch 66: head: Default, loss=0.00887475, RMSE_E_per_atom=    9.93 meV, RMSE_F=   59.50 meV / A
2026-03-25 00:57:41.611 INFO: Epoch 67: head: Default, loss=0.00636711, RMSE_E_per_atom=   10.05 meV, RMSE_F=   50.37 meV / A
2026-03-25 00:58:09.700 INFO: ===========VERIFYING SETTINGS===========
2026-03-25 00:58:09.700 INFO: MACE version: 0.3.15
2026-03-25 00:58:09.719 INFO: CUDA version: 12.8, CUDA device: 0
2026-03-25 00:58:09.954 INFO: Using foundation model /home/mehuldarak/MACE_models/universal_09072025/mace-omat-0-medium.model as initial checkpoint.
2026-03-25 00:58:09.955 WARNING: Using multiheads finetuning with a foundation model that is not a Materials Project model, need to provied a path to a pretraining file with --pt_train_file.
2026-03-25 00:58:09.955 INFO: ===========LOADING INPUT DATA===========
2026-03-25 00:58:09.955 INFO: Using heads: ['Default']
2026-03-25 00:58:09.955 INFO: Using the key specifications to parse data:
2026-03-25 00:58:09.955 INFO: Default: KeySpecification(info_keys={'energy': 'REF_energy', 'stress': 'REF_stress', 'virials': 'REF_virials', 'dipole': 'dipole', 'head': 'head', 'elec_temp': 'elec_temp', 'total_charge': 'total_charge', 'polarizability': 'polarizability', 'total_spin': 'total_spin'}, arrays_keys={'forces': 'REF_forces', 'charges': 'REF_charges'})
2026-03-25 00:58:09.955 INFO: =============    Processing head Default     ===========
2026-03-25 00:58:10.002 INFO: Training set 1/1 [energy: 16, stress: 0, virials: 0, dipole components: 0, head: 16, elec_temp: 0, total_charge: 0, polarizability: 0, total_spin: 0, forces: 16, charges: 0]
2026-03-25 00:58:10.002 INFO: Total Training set [energy: 16, stress: 0, virials: 0, dipole components: 0, head: 16, elec_temp: 0, total_charge: 0, polarizability: 0, total_spin: 0, forces: 16, charges: 0]
2026-03-25 00:58:10.019 INFO: Validation set 1/1 [energy: 4, stress: 0, virials: 0, dipole components: 0, head: 4, elec_temp: 0, total_charge: 0, polarizability: 0, total_spin: 0, forces: 4, charges: 0]
2026-03-25 00:58:10.019 INFO: Total Validation set [energy: 4, stress: 0, virials: 0, dipole components: 0, head: 4, elec_temp: 0, total_charge: 0, polarizability: 0, total_spin: 0, forces: 4, charges: 0]
2026-03-25 00:58:10.019 INFO: Total number of configurations: train=16, valid=4, tests=[],
2026-03-25 00:58:10.019 WARNING: Validation batch size (10) is larger than the number of validation data (4)
2026-03-25 00:58:10.021 INFO: Atomic Numbers used: [np.int64(3), np.int64(8), np.int64(40), np.int64(57)]
2026-03-25 00:58:10.021 INFO: Isolated Atomic Energies (E0s) not in training file, using command line argument
2026-03-25 00:58:10.021 INFO: Atomic Energies used (z: eV) for head Default: {3: -190.7590256408, 8: -442.9888796243, 40: -1380.1817128081, 57: -958.0774205521}
2026-03-25 00:58:10.021 INFO: Processing datasets for head 'Default'
2026-03-25 00:58:10.203 INFO: Combining 1 list datasets for head 'Default'
2026-03-25 00:58:10.253 INFO: Combining 1 list datasets for head 'Default_valid'
2026-03-25 00:58:10.253 INFO: Combined validation datasets for Default
2026-03-25 00:58:10.253 INFO: Head 'Default' training dataset size: 16
2026-03-25 00:58:10.253 INFO: Computing average number of neighbors
2026-03-25 00:58:10.284 INFO: Average number of neighbors: 61.65446853637695
2026-03-25 00:58:10.284 INFO: During training the following quantities will be reported: energy, forces
2026-03-25 00:58:10.284 INFO: ===========MODEL DETAILS===========
2026-03-25 00:58:10.301 INFO: Loading FOUNDATION model
2026-03-25 00:58:10.302 INFO: Using filtered elements: [np.int64(3), np.int64(8), np.int64(40), np.int64(57)]
2026-03-25 00:58:10.302 INFO: Model configuration extracted from foundation model
2026-03-25 00:58:10.302 INFO: Using weighted loss function for fine-tuning
2026-03-25 00:58:10.302 INFO: Message passing with hidden irreps 128x0e+128x1o)
2026-03-25 00:58:10.302 INFO: 2 layers, each with correlation order: 3 (body order: 4) and spherical harmonics up to: l=3
2026-03-25 00:58:10.302 INFO: Radial cutoff: 6.0 A (total receptive field for each atom: 12.0 A)
2026-03-25 00:58:10.302 INFO: Distance transform for radial basis functions: Agnesi
2026-03-25 00:58:11.560 INFO: Injecting LoRA layers with rank=5 and alpha=1.0
2026-03-25 00:58:11.560 INFO: Original model has 848814 trainable parameters.
2026-03-25 00:58:12.075 INFO: Model with LoRA has 885694 trainable parameters.
2026-03-25 00:58:12.075 INFO: ===========OPTIMIZER INFORMATION===========
2026-03-25 00:58:12.075 INFO: Using ADAM as parameter optimizer
2026-03-25 00:58:12.075 INFO: Batch size: 4
2026-03-25 00:58:12.075 INFO: Number of gradient updates: 480
2026-03-25 00:58:12.075 INFO: Learning rate: 0.0005, weight decay: 5e-07
2026-03-25 00:58:12.075 INFO: WeightedEnergyForcesLoss(energy_weight=1.000, forces_weight=5.000)
2026-03-25 00:58:12.076 INFO: === Layer's learning rates ===
2026-03-25 00:58:12.076 INFO: Param group 0: lr = 0.0005
2026-03-25 00:58:12.076 INFO: Param group 1: lr = 0.0005
2026-03-25 00:58:12.076 INFO: Param group 2: lr = 0.0005
2026-03-25 00:58:12.076 INFO: Param group 3: lr = 0.0005
2026-03-25 00:58:12.076 INFO: Param group 4: lr = 0.0005
2026-03-25 00:58:12.076 WARNING: No SWA checkpoint found, while SWA is enabled. Compare the swa_start parameter and the latest checkpoint.
2026-03-25 00:58:12.077 INFO: Loading checkpoint: ./checkpoints/mace_fps_split12_run-1_epoch-63.pt
2026-03-25 00:58:12.115 INFO: Using gradient clipping with tolerance=10.000
2026-03-25 00:58:12.115 INFO: 
2026-03-25 00:58:12.116 INFO: ===========TRAINING===========
2026-03-25 00:58:12.116 INFO: Started training, reporting errors on validation set
2026-03-25 00:58:12.116 INFO: Loss metrics on validation set
2026-03-25 00:58:13.018 INFO: Initial: head: Default, loss=0.00312220, RMSE_E_per_atom=   10.01 meV, RMSE_F=   49.78 meV / A
2026-03-25 00:58:21.803 INFO: Epoch 63: head: Default, loss=0.00346118, RMSE_E_per_atom=   10.48 meV, RMSE_F=   52.41 meV / A
2026-03-25 00:58:28.123 INFO: Epoch 64: head: Default, loss=0.00355116, RMSE_E_per_atom=   11.16 meV, RMSE_F=   53.07 meV / A
2026-03-25 00:58:33.321 INFO: Epoch 65: head: Default, loss=0.00322459, RMSE_E_per_atom=    9.60 meV, RMSE_F=   50.61 meV / A
2026-03-25 00:58:38.522 INFO: Epoch 66: head: Default, loss=0.00355097, RMSE_E_per_atom=   16.33 meV, RMSE_F=   52.80 meV / A
2026-03-25 00:58:43.697 INFO: Epoch 67: head: Default, loss=0.00351041, RMSE_E_per_atom=    9.35 meV, RMSE_F=   52.83 meV / A
2026-03-25 00:58:48.886 INFO: Epoch 68: head: Default, loss=0.00301660, RMSE_E_per_atom=   10.74 meV, RMSE_F=   48.89 meV / A
2026-03-25 00:58:54.126 INFO: Epoch 69: head: Default, loss=0.00363804, RMSE_E_per_atom=    8.67 meV, RMSE_F=   53.81 meV / A
2026-03-25 00:58:59.356 INFO: Epoch 70: head: Default, loss=0.00303774, RMSE_E_per_atom=    9.73 meV, RMSE_F=   49.10 meV / A
2026-03-25 00:59:04.586 INFO: Epoch 71: head: Default, loss=0.00379584, RMSE_E_per_atom=    7.84 meV, RMSE_F=   54.99 meV / A
2026-03-25 00:59:09.829 INFO: Epoch 72: head: Default, loss=0.00296350, RMSE_E_per_atom=    9.43 meV, RMSE_F=   48.51 meV / A
2026-03-25 00:59:15.113 INFO: Epoch 73: head: Default, loss=0.00373391, RMSE_E_per_atom=    7.81 meV, RMSE_F=   54.54 meV / A
2026-03-25 00:59:20.356 INFO: Epoch 74: head: Default, loss=0.00293511, RMSE_E_per_atom=    7.57 meV, RMSE_F=   48.34 meV / A
2026-03-25 00:59:25.614 INFO: Epoch 75: head: Default, loss=0.00311081, RMSE_E_per_atom=   10.77 meV, RMSE_F=   49.65 meV / A
2026-03-25 00:59:30.868 INFO: Epoch 76: head: Default, loss=0.00305775, RMSE_E_per_atom=    7.10 meV, RMSE_F=   49.36 meV / A
2026-03-25 00:59:36.112 INFO: Epoch 77: head: Default, loss=0.00296600, RMSE_E_per_atom=    8.55 meV, RMSE_F=   48.56 meV / A
2026-03-25 00:59:41.354 INFO: Epoch 78: head: Default, loss=0.00321725, RMSE_E_per_atom=    6.81 meV, RMSE_F=   50.64 meV / A
2026-03-25 00:59:46.593 INFO: Epoch 79: head: Default, loss=0.00291267, RMSE_E_per_atom=    8.59 meV, RMSE_F=   48.12 meV / A
2026-03-25 00:59:51.859 INFO: Epoch 80: head: Default, loss=0.00311125, RMSE_E_per_atom=    6.38 meV, RMSE_F=   49.81 meV / A
2026-03-25 00:59:57.078 INFO: Epoch 81: head: Default, loss=0.00299803, RMSE_E_per_atom=    8.19 meV, RMSE_F=   48.84 meV / A
2026-03-25 01:00:02.304 INFO: Epoch 82: head: Default, loss=0.00301349, RMSE_E_per_atom=    8.41 meV, RMSE_F=   48.96 meV / A
2026-03-25 01:00:07.538 INFO: Epoch 83: head: Default, loss=0.00295236, RMSE_E_per_atom=    6.35 meV, RMSE_F=   48.52 meV / A
2026-03-25 01:00:12.764 INFO: Epoch 84: head: Default, loss=0.00330842, RMSE_E_per_atom=   10.22 meV, RMSE_F=   51.24 meV / A
2026-03-25 01:00:17.987 INFO: Epoch 85: head: Default, loss=0.00284126, RMSE_E_per_atom=    7.00 meV, RMSE_F=   47.57 meV / A
2026-03-25 01:00:23.236 INFO: Epoch 86: head: Default, loss=0.00368701, RMSE_E_per_atom=   10.61 meV, RMSE_F=   54.10 meV / A
2026-03-25 01:00:28.475 INFO: Epoch 87: head: Default, loss=0.00283213, RMSE_E_per_atom=    6.93 meV, RMSE_F=   47.50 meV / A
2026-03-25 01:00:33.725 INFO: Epoch 88: head: Default, loss=0.00402208, RMSE_E_per_atom=    7.37 meV, RMSE_F=   56.63 meV / A
2026-03-25 01:00:38.953 INFO: Epoch 89: head: Default, loss=0.00297151, RMSE_E_per_atom=   11.44 meV, RMSE_F=   48.49 meV / A
2026-03-25 01:00:44.175 INFO: Epoch 90: head: Default, loss=0.00369688, RMSE_E_per_atom=    6.69 meV, RMSE_F=   54.30 meV / A
2026-03-25 01:00:49.412 INFO: Epoch 91: head: Default, loss=0.00302997, RMSE_E_per_atom=    9.63 meV, RMSE_F=   49.05 meV / A
2026-03-25 01:00:54.643 INFO: Epoch 92: head: Default, loss=0.00358884, RMSE_E_per_atom=    6.09 meV, RMSE_F=   53.51 meV / A
2026-03-25 01:00:59.863 INFO: Epoch 93: head: Default, loss=0.00316100, RMSE_E_per_atom=    7.89 meV, RMSE_F=   50.16 meV / A
2026-03-25 01:01:05.082 INFO: Epoch 94: head: Default, loss=0.00324561, RMSE_E_per_atom=    5.73 meV, RMSE_F=   50.89 meV / A
2026-03-25 01:01:10.297 INFO: Epoch 95: head: Default, loss=0.00293634, RMSE_E_per_atom=    5.81 meV, RMSE_F=   48.40 meV / A
2026-03-25 01:01:15.508 INFO: Epoch 96: head: Default, loss=0.00311534, RMSE_E_per_atom=    6.12 meV, RMSE_F=   49.85 meV / A
2026-03-25 01:01:20.723 INFO: Epoch 97: head: Default, loss=0.00296483, RMSE_E_per_atom=    5.01 meV, RMSE_F=   48.65 meV / A
2026-03-25 01:01:25.938 INFO: Epoch 98: head: Default, loss=0.00330298, RMSE_E_per_atom=    6.22 meV, RMSE_F=   51.33 meV / A
2026-03-25 01:01:31.159 INFO: Epoch 99: head: Default, loss=0.00297098, RMSE_E_per_atom=    5.75 meV, RMSE_F=   48.68 meV / A
2026-03-25 01:01:36.370 INFO: Epoch 100: head: Default, loss=0.00326362, RMSE_E_per_atom=    6.80 meV, RMSE_F=   51.01 meV / A
2026-03-25 01:01:41.592 INFO: Epoch 101: head: Default, loss=0.00318060, RMSE_E_per_atom=    5.72 meV, RMSE_F=   50.38 meV / A
2026-03-25 01:01:46.835 INFO: Epoch 102: head: Default, loss=0.00288503, RMSE_E_per_atom=    5.31 meV, RMSE_F=   47.98 meV / A
2026-03-25 01:01:52.069 INFO: Epoch 103: head: Default, loss=0.00292673, RMSE_E_per_atom=    5.99 meV, RMSE_F=   48.31 meV / A
2026-03-25 01:01:57.290 INFO: Epoch 104: head: Default, loss=0.00342846, RMSE_E_per_atom=    5.23 meV, RMSE_F=   52.32 meV / A
2026-03-25 01:02:02.504 INFO: Epoch 105: head: Default, loss=0.00295036, RMSE_E_per_atom=    8.94 meV, RMSE_F=   48.42 meV / A
2026-03-25 01:02:07.710 INFO: Epoch 106: head: Default, loss=0.00337022, RMSE_E_per_atom=    5.22 meV, RMSE_F=   51.87 meV / A
2026-03-25 01:02:12.924 INFO: Epoch 107: head: Default, loss=0.00301958, RMSE_E_per_atom=    5.08 meV, RMSE_F=   49.10 meV / A
2026-03-25 01:02:18.149 INFO: Epoch 108: head: Default, loss=0.00348891, RMSE_E_per_atom=    5.89 meV, RMSE_F=   52.77 meV / A
2026-03-25 01:02:23.364 INFO: Epoch 109: head: Default, loss=0.00309009, RMSE_E_per_atom=    4.99 meV, RMSE_F=   49.67 meV / A
2026-03-25 01:02:28.578 INFO: Epoch 110: head: Default, loss=0.00322250, RMSE_E_per_atom=    5.06 meV, RMSE_F=   50.72 meV / A
2026-03-25 01:02:33.789 INFO: Epoch 111: head: Default, loss=0.00291342, RMSE_E_per_atom=    4.73 meV, RMSE_F=   48.23 meV / A
2026-03-25 01:02:39.007 INFO: Epoch 112: head: Default, loss=0.00340469, RMSE_E_per_atom=    4.53 meV, RMSE_F=   52.15 meV / A
2026-03-25 01:02:44.220 INFO: Epoch 113: head: Default, loss=0.00291747, RMSE_E_per_atom=    5.53 meV, RMSE_F=   48.25 meV / A
2026-03-25 01:02:49.448 INFO: Epoch 114: head: Default, loss=0.00398676, RMSE_E_per_atom=    4.84 meV, RMSE_F=   56.43 meV / A
2026-03-25 01:02:54.651 INFO: Epoch 115: head: Default, loss=0.00290713, RMSE_E_per_atom=    6.69 meV, RMSE_F=   48.13 meV / A
2026-03-25 01:02:59.868 INFO: Epoch 116: head: Default, loss=0.00338034, RMSE_E_per_atom=    4.63 meV, RMSE_F=   51.96 meV / A
2026-03-25 01:03:05.087 INFO: Epoch 117: head: Default, loss=0.00292319, RMSE_E_per_atom=    4.55 meV, RMSE_F=   48.32 meV / A
2026-03-25 01:03:10.295 INFO: Epoch 118: head: Default, loss=0.00308517, RMSE_E_per_atom=    5.16 meV, RMSE_F=   49.63 meV / A
2026-03-25 01:03:15.488 INFO: Epoch 119: head: Default, loss=0.00307575, RMSE_E_per_atom=    4.08 meV, RMSE_F=   49.57 meV / A
2026-03-25 01:03:15.488 INFO: Training complete
2026-03-25 01:03:15.488 INFO: 
2026-03-25 01:03:15.488 INFO: ===========RESULTS===========
2026-03-25 01:03:15.488 INFO: Loading checkpoint: ./checkpoints/mace_fps_split12_run-1_epoch-87.pt
2026-03-25 01:03:15.528 INFO: Loaded Stage one model from epoch 87 for evaluation
2026-03-25 01:03:15.528 INFO: Saving model to checkpoints/mace_fps_split12_run-1.model
2026-03-25 01:03:15.649 INFO: Merging LoRA weights into base model
2026-03-25 01:03:15.732 INFO: Compiling model, saving metadata to mace_fps_split12_compiled.model
2026-03-25 01:03:16.386 INFO: Computing metrics for training, validation, and test sets
2026-03-25 01:03:16.387 INFO: Skipping evaluation for heads: ['pt_head']
2026-03-25 01:03:16.387 INFO: Evaluating train_Default ...
2026-03-25 01:03:18.411 INFO: Evaluating valid_Default ...
2026-03-25 01:03:18.925 INFO: Error-table on TRAIN and VALID:
+---------------+---------------------+------------------+-------------------+
|  config_type  | RMSE E / meV / atom | RMSE F / meV / A | relative F RMSE % |
+---------------+---------------------+------------------+-------------------+
| train_Default |            7.2      |         49.3     |          7.63     |
| valid_Default |            7.0      |         47.5     |          8.54     |
+---------------+---------------------+------------------+-------------------+
2026-03-25 01:03:22.752 INFO: Done
2026-03-25 01:43:16.354 INFO: ===========VERIFYING SETTINGS===========
2026-03-25 01:43:16.354 INFO: MACE version: 0.3.15
2026-03-25 01:43:16.372 INFO: CUDA version: 12.8, CUDA device: 0
2026-03-25 01:43:16.614 INFO: Using foundation model /home/mehuldarak/MACE_models/universal_09072025/mace-omat-0-medium.model as initial checkpoint.
2026-03-25 01:43:16.615 WARNING: Using multiheads finetuning with a foundation model that is not a Materials Project model, need to provied a path to a pretraining file with --pt_train_file.
2026-03-25 01:43:16.615 INFO: ===========LOADING INPUT DATA===========
2026-03-25 01:43:16.615 INFO: Using heads: ['Default']
2026-03-25 01:43:16.615 INFO: Using the key specifications to parse data:
2026-03-25 01:43:16.616 INFO: Default: KeySpecification(info_keys={'energy': 'REF_energy', 'stress': 'REF_stress', 'virials': 'REF_virials', 'dipole': 'dipole', 'head': 'head', 'elec_temp': 'elec_temp', 'total_charge': 'total_charge', 'polarizability': 'polarizability', 'total_spin': 'total_spin'}, arrays_keys={'forces': 'REF_forces', 'charges': 'REF_charges'})
2026-03-25 01:43:16.616 INFO: =============    Processing head Default     ===========
2026-03-25 01:43:16.662 INFO: Training set 1/1 [energy: 16, stress: 0, virials: 0, dipole components: 0, head: 16, elec_temp: 0, total_charge: 0, polarizability: 0, total_spin: 0, forces: 16, charges: 0]
2026-03-25 01:43:16.662 INFO: Total Training set [energy: 16, stress: 0, virials: 0, dipole components: 0, head: 16, elec_temp: 0, total_charge: 0, polarizability: 0, total_spin: 0, forces: 16, charges: 0]
2026-03-25 01:43:16.679 INFO: Validation set 1/1 [energy: 4, stress: 0, virials: 0, dipole components: 0, head: 4, elec_temp: 0, total_charge: 0, polarizability: 0, total_spin: 0, forces: 4, charges: 0]
2026-03-25 01:43:16.679 INFO: Total Validation set [energy: 4, stress: 0, virials: 0, dipole components: 0, head: 4, elec_temp: 0, total_charge: 0, polarizability: 0, total_spin: 0, forces: 4, charges: 0]
2026-03-25 01:43:16.679 INFO: Total number of configurations: train=16, valid=4, tests=[],
2026-03-25 01:43:16.679 WARNING: Validation batch size (10) is larger than the number of validation data (4)
2026-03-25 01:43:16.681 INFO: Atomic Numbers used: [np.int64(3), np.int64(8), np.int64(40), np.int64(57)]
2026-03-25 01:43:16.681 INFO: Isolated Atomic Energies (E0s) not in training file, using command line argument
2026-03-25 01:43:16.681 INFO: Atomic Energies used (z: eV) for head Default: {3: -190.7590256408, 8: -442.9888796243, 40: -1380.1817128081, 57: -958.0774205521}
2026-03-25 01:43:16.681 INFO: Processing datasets for head 'Default'
2026-03-25 01:43:16.866 INFO: Combining 1 list datasets for head 'Default'
2026-03-25 01:43:16.916 INFO: Combining 1 list datasets for head 'Default_valid'
2026-03-25 01:43:16.916 INFO: Combined validation datasets for Default
2026-03-25 01:43:16.916 INFO: Head 'Default' training dataset size: 16
2026-03-25 01:43:16.916 INFO: Computing average number of neighbors
2026-03-25 01:43:16.946 INFO: Average number of neighbors: 61.65446853637695
2026-03-25 01:43:16.946 INFO: During training the following quantities will be reported: energy, forces
2026-03-25 01:43:16.946 INFO: ===========MODEL DETAILS===========
2026-03-25 01:43:16.962 INFO: Loading FOUNDATION model
2026-03-25 01:43:16.963 INFO: Using filtered elements: [np.int64(3), np.int64(8), np.int64(40), np.int64(57)]
2026-03-25 01:43:16.963 INFO: Model configuration extracted from foundation model
2026-03-25 01:43:16.963 INFO: Using weighted loss function for fine-tuning
2026-03-25 01:43:16.963 INFO: Message passing with hidden irreps 128x0e+128x1o)
2026-03-25 01:43:16.963 INFO: 2 layers, each with correlation order: 3 (body order: 4) and spherical harmonics up to: l=3
2026-03-25 01:43:16.963 INFO: Radial cutoff: 6.0 A (total receptive field for each atom: 12.0 A)
2026-03-25 01:43:16.963 INFO: Distance transform for radial basis functions: Agnesi
2026-03-25 01:43:18.250 INFO: Injecting LoRA layers with rank=5 and alpha=1.0
2026-03-25 01:43:18.251 INFO: Original model has 848814 trainable parameters.
2026-03-25 01:43:18.773 INFO: Model with LoRA has 885694 trainable parameters.
2026-03-25 01:43:18.773 INFO: ===========OPTIMIZER INFORMATION===========
2026-03-25 01:43:18.774 INFO: Using ADAM as parameter optimizer
2026-03-25 01:43:18.774 INFO: Batch size: 4
2026-03-25 01:43:18.774 INFO: Number of gradient updates: 640
2026-03-25 01:43:18.774 INFO: Learning rate: 0.001, weight decay: 5e-07
2026-03-25 01:43:18.774 INFO: WeightedEnergyForcesLoss(energy_weight=2.000, forces_weight=1.000)
2026-03-25 01:43:18.774 INFO: === Layer's learning rates ===
2026-03-25 01:43:18.775 INFO: Param group 0: lr = 0.001
2026-03-25 01:43:18.775 INFO: Param group 1: lr = 0.001
2026-03-25 01:43:18.775 INFO: Param group 2: lr = 0.001
2026-03-25 01:43:18.775 INFO: Param group 3: lr = 0.001
2026-03-25 01:43:18.775 INFO: Param group 4: lr = 0.001
2026-03-25 01:43:18.775 WARNING: No SWA checkpoint found, while SWA is enabled. Compare the swa_start parameter and the latest checkpoint.
2026-03-25 01:43:18.775 INFO: Loading checkpoint: ./checkpoints/mace_fps_split12_run-1_epoch-87.pt
2026-03-25 01:43:18.816 INFO: Using gradient clipping with tolerance=10.000
2026-03-25 01:43:18.817 INFO: 
2026-03-25 01:43:18.817 INFO: ===========TRAINING===========
2026-03-25 01:43:18.817 INFO: Started training, reporting errors on validation set
2026-03-25 01:43:18.817 INFO: Loss metrics on validation set
2026-03-25 01:43:19.715 INFO: Initial: head: Default, loss=0.00058748, RMSE_E_per_atom=    6.85 meV, RMSE_F=   47.50 meV / A
2026-03-25 01:43:28.585 INFO: Epoch 87: head: Default, loss=0.00089374, RMSE_E_per_atom=   12.21 meV, RMSE_F=   57.24 meV / A
2026-03-25 01:43:34.920 INFO: Epoch 88: head: Default, loss=0.00087893, RMSE_E_per_atom=    8.96 meV, RMSE_F=   57.92 meV / A
2026-03-25 01:43:40.112 INFO: Epoch 89: head: Default, loss=0.00068318, RMSE_E_per_atom=   11.05 meV, RMSE_F=   49.89 meV / A
2026-03-25 01:43:45.309 INFO: Epoch 90: head: Default, loss=0.00058726, RMSE_E_per_atom=    6.56 meV, RMSE_F=   47.57 meV / A
2026-03-25 01:43:50.518 INFO: Epoch 91: head: Default, loss=0.00059362, RMSE_E_per_atom=    5.65 meV, RMSE_F=   48.07 meV / A
2026-03-25 01:43:55.696 INFO: Epoch 92: head: Default, loss=0.00064955, RMSE_E_per_atom=    6.68 meV, RMSE_F=   50.09 meV / A
2026-03-25 01:44:00.878 INFO: Epoch 93: head: Default, loss=0.00069496, RMSE_E_per_atom=    6.66 meV, RMSE_F=   51.88 meV / A
2026-03-25 01:44:06.081 INFO: Epoch 94: head: Default, loss=0.00062931, RMSE_E_per_atom=    5.03 meV, RMSE_F=   49.66 meV / A
2026-03-25 01:44:11.309 INFO: Epoch 95: head: Default, loss=0.00061016, RMSE_E_per_atom=    5.63 meV, RMSE_F=   48.76 meV / A
2026-03-25 01:44:16.546 INFO: Epoch 96: head: Default, loss=0.00061144, RMSE_E_per_atom=    4.02 meV, RMSE_F=   49.13 meV / A
2026-03-25 01:44:21.779 INFO: Epoch 97: head: Default, loss=0.00064063, RMSE_E_per_atom=    4.24 meV, RMSE_F=   50.26 meV / A
2026-03-25 01:44:27.032 INFO: Epoch 98: head: Default, loss=0.00064904, RMSE_E_per_atom=    4.15 meV, RMSE_F=   50.61 meV / A
2026-03-25 01:44:32.268 INFO: Epoch 99: head: Default, loss=0.00067017, RMSE_E_per_atom=    9.85 meV, RMSE_F=   49.87 meV / A
2026-03-25 01:44:37.520 INFO: Epoch 100: head: Default, loss=0.00060705, RMSE_E_per_atom=    5.88 meV, RMSE_F=   48.57 meV / A
2026-03-25 01:44:42.771 INFO: Epoch 101: head: Default, loss=0.00061267, RMSE_E_per_atom=    3.32 meV, RMSE_F=   49.28 meV / A
2026-03-25 01:44:48.013 INFO: Epoch 102: head: Default, loss=0.00064745, RMSE_E_per_atom=    6.53 meV, RMSE_F=   50.05 meV / A
2026-03-25 01:44:53.248 INFO: Epoch 103: head: Default, loss=0.00062101, RMSE_E_per_atom=    6.81 meV, RMSE_F=   48.90 meV / A
2026-03-25 01:44:58.475 INFO: Epoch 104: head: Default, loss=0.00062414, RMSE_E_per_atom=    3.88 meV, RMSE_F=   49.66 meV / A
2026-03-25 01:45:03.709 INFO: Epoch 105: head: Default, loss=0.00062457, RMSE_E_per_atom=    6.94 meV, RMSE_F=   49.01 meV / A
2026-03-25 01:45:08.939 INFO: Epoch 106: head: Default, loss=0.00064996, RMSE_E_per_atom=    7.22 meV, RMSE_F=   49.96 meV / A
2026-03-25 01:45:14.170 INFO: Epoch 107: head: Default, loss=0.00062739, RMSE_E_per_atom=    3.53 meV, RMSE_F=   49.85 meV / A
2026-03-25 01:45:19.396 INFO: Epoch 108: head: Default, loss=0.00063354, RMSE_E_per_atom=    3.53 meV, RMSE_F=   50.09 meV / A
2026-03-25 01:45:24.621 INFO: Epoch 109: head: Default, loss=0.00060620, RMSE_E_per_atom=    3.82 meV, RMSE_F=   48.94 meV / A
2026-03-25 01:45:29.845 INFO: Epoch 110: head: Default, loss=0.00066347, RMSE_E_per_atom=    7.01 meV, RMSE_F=   50.55 meV / A
2026-03-25 01:45:35.066 INFO: Epoch 111: head: Default, loss=0.00062484, RMSE_E_per_atom=    4.18 meV, RMSE_F=   49.64 meV / A
2026-03-25 01:45:40.288 INFO: Epoch 112: head: Default, loss=0.00061849, RMSE_E_per_atom=    5.22 meV, RMSE_F=   49.19 meV / A
2026-03-25 01:45:45.526 INFO: Epoch 113: head: Default, loss=0.00062086, RMSE_E_per_atom=    4.67 meV, RMSE_F=   49.39 meV / A
2026-03-25 01:45:50.749 INFO: Epoch 114: head: Default, loss=0.00064452, RMSE_E_per_atom=    3.85 meV, RMSE_F=   50.48 meV / A
2026-03-25 01:45:55.978 INFO: Epoch 115: head: Default, loss=0.00061902, RMSE_E_per_atom=    3.35 meV, RMSE_F=   49.53 meV / A
2026-03-25 01:46:01.201 INFO: Epoch 116: head: Default, loss=0.00063085, RMSE_E_per_atom=    4.81 meV, RMSE_F=   49.77 meV / A
2026-03-25 01:46:06.424 INFO: Epoch 117: head: Default, loss=0.00067037, RMSE_E_per_atom=    6.18 meV, RMSE_F=   51.04 meV / A
2026-03-25 01:46:11.646 INFO: Epoch 118: head: Default, loss=0.00063534, RMSE_E_per_atom=    3.99 meV, RMSE_F=   50.10 meV / A
2026-03-25 01:46:16.865 INFO: Epoch 119: head: Default, loss=0.00060809, RMSE_E_per_atom=    4.72 meV, RMSE_F=   48.86 meV / A
2026-03-25 01:46:22.093 INFO: Epoch 120: head: Default, loss=0.00062928, RMSE_E_per_atom=    5.92 meV, RMSE_F=   49.47 meV / A
2026-03-25 01:46:27.320 INFO: Epoch 121: head: Default, loss=0.00064741, RMSE_E_per_atom=    3.20 meV, RMSE_F=   50.69 meV / A
2026-03-25 01:46:32.536 INFO: Epoch 122: head: Default, loss=0.00063105, RMSE_E_per_atom=    6.27 meV, RMSE_F=   49.45 meV / A
2026-03-25 01:46:37.759 INFO: Epoch 123: head: Default, loss=0.00061050, RMSE_E_per_atom=    7.41 meV, RMSE_F=   48.29 meV / A
2026-03-25 01:46:42.983 INFO: Epoch 124: head: Default, loss=0.00066712, RMSE_E_per_atom=    3.23 meV, RMSE_F=   51.45 meV / A
2026-03-25 01:46:48.199 INFO: Epoch 125: head: Default, loss=0.00066936, RMSE_E_per_atom=    7.08 meV, RMSE_F=   50.76 meV / A
2026-03-25 01:46:53.411 INFO: Epoch 126: head: Default, loss=0.00060705, RMSE_E_per_atom=    2.84 meV, RMSE_F=   49.11 meV / A
2026-03-25 01:46:58.619 INFO: Epoch 127: head: Default, loss=0.00063196, RMSE_E_per_atom=    9.38 meV, RMSE_F=   48.49 meV / A
2026-03-25 01:47:03.847 INFO: Epoch 128: head: Default, loss=0.00064749, RMSE_E_per_atom=    7.50 meV, RMSE_F=   49.78 meV / A
2026-03-25 01:47:09.077 INFO: Epoch 129: head: Default, loss=0.00066378, RMSE_E_per_atom=    6.88 meV, RMSE_F=   50.60 meV / A
2026-03-25 01:47:14.299 INFO: Epoch 130: head: Default, loss=0.00065972, RMSE_E_per_atom=    9.90 meV, RMSE_F=   49.42 meV / A
2026-03-25 01:47:19.514 INFO: Epoch 131: head: Default, loss=0.00061057, RMSE_E_per_atom=    3.03 meV, RMSE_F=   49.23 meV / A
2026-03-25 01:47:24.742 INFO: Epoch 132: head: Default, loss=0.00066074, RMSE_E_per_atom=    7.03 meV, RMSE_F=   50.44 meV / A
2026-03-25 01:47:29.964 INFO: Epoch 133: head: Default, loss=0.00067926, RMSE_E_per_atom=    7.23 meV, RMSE_F=   51.11 meV / A
2026-03-25 01:47:35.188 INFO: Epoch 134: head: Default, loss=0.00062275, RMSE_E_per_atom=    3.10 meV, RMSE_F=   49.72 meV / A
2026-03-25 01:47:40.399 INFO: Epoch 135: head: Default, loss=0.00062673, RMSE_E_per_atom=    4.83 meV, RMSE_F=   49.60 meV / A
2026-03-25 01:47:45.615 INFO: Epoch 136: head: Default, loss=0.00065737, RMSE_E_per_atom=    8.63 meV, RMSE_F=   49.81 meV / A
2026-03-25 01:47:50.826 INFO: Epoch 137: head: Default, loss=0.00062215, RMSE_E_per_atom=    4.49 meV, RMSE_F=   49.48 meV / A
2026-03-25 01:47:56.045 INFO: Epoch 138: head: Default, loss=0.00062282, RMSE_E_per_atom=    6.42 meV, RMSE_F=   49.08 meV / A
2026-03-25 01:48:01.246 INFO: Epoch 139: head: Default, loss=0.00064383, RMSE_E_per_atom=    2.85 meV, RMSE_F=   50.59 meV / A
2026-03-25 01:48:06.442 INFO: Epoch 140: head: Default, loss=0.00062621, RMSE_E_per_atom=    7.11 meV, RMSE_F=   49.03 meV / A
2026-03-25 01:48:11.642 INFO: Epoch 141: head: Default, loss=0.00062177, RMSE_E_per_atom=    3.49 meV, RMSE_F=   49.63 meV / A
2026-03-25 01:48:16.844 INFO: Epoch 142: head: Default, loss=0.00064064, RMSE_E_per_atom=    5.44 meV, RMSE_F=   50.03 meV / A
2026-03-25 01:48:22.040 INFO: Epoch 143: head: Default, loss=0.00062002, RMSE_E_per_atom=    6.73 meV, RMSE_F=   48.88 meV / A
2026-03-25 01:48:27.237 INFO: Epoch 144: head: Default, loss=0.00061106, RMSE_E_per_atom=    4.47 meV, RMSE_F=   49.03 meV / A
2026-03-25 01:48:32.439 INFO: Epoch 145: head: Default, loss=0.00061829, RMSE_E_per_atom=    3.20 meV, RMSE_F=   49.53 meV / A
2026-03-25 01:48:37.649 INFO: Epoch 146: head: Default, loss=0.00062587, RMSE_E_per_atom=    3.31 meV, RMSE_F=   49.82 meV / A
2026-03-25 01:48:42.866 INFO: Epoch 147: head: Default, loss=0.00059735, RMSE_E_per_atom=    3.33 meV, RMSE_F=   48.65 meV / A
2026-03-25 01:48:48.075 INFO: Epoch 148: head: Default, loss=0.00063394, RMSE_E_per_atom=    3.67 meV, RMSE_F=   50.09 meV / A
2026-03-25 01:48:53.292 INFO: Epoch 149: head: Default, loss=0.00062050, RMSE_E_per_atom=    2.65 meV, RMSE_F=   49.68 meV / A
2026-03-25 01:48:58.511 INFO: Epoch 150: head: Default, loss=0.00060282, RMSE_E_per_atom=    3.53 meV, RMSE_F=   48.85 meV / A
2026-03-25 01:49:03.719 INFO: Epoch 151: head: Default, loss=0.00062854, RMSE_E_per_atom=    2.89 meV, RMSE_F=   49.97 meV / A
2026-03-25 01:49:08.934 INFO: Epoch 152: head: Default, loss=0.00063367, RMSE_E_per_atom=    3.01 meV, RMSE_F=   50.17 meV / A
2026-03-25 01:49:14.139 INFO: Epoch 153: head: Default, loss=0.00061985, RMSE_E_per_atom=    4.27 meV, RMSE_F=   49.43 meV / A
2026-03-25 01:49:19.344 INFO: Epoch 154: head: Default, loss=0.00060249, RMSE_E_per_atom=    4.74 meV, RMSE_F=   48.63 meV / A
2026-03-25 01:49:24.543 INFO: Epoch 155: head: Default, loss=0.00061801, RMSE_E_per_atom=    4.38 meV, RMSE_F=   49.33 meV / A
2026-03-25 01:49:29.750 INFO: Epoch 156: head: Default, loss=0.00062783, RMSE_E_per_atom=    6.85 meV, RMSE_F=   49.17 meV / A
2026-03-25 01:49:34.963 INFO: Epoch 157: head: Default, loss=0.00062953, RMSE_E_per_atom=    3.97 meV, RMSE_F=   49.87 meV / A
2026-03-25 01:49:40.183 INFO: Epoch 158: head: Default, loss=0.00059653, RMSE_E_per_atom=    3.12 meV, RMSE_F=   48.65 meV / A
2026-03-25 01:49:45.391 INFO: Epoch 159: head: Default, loss=0.00059743, RMSE_E_per_atom=    4.67 meV, RMSE_F=   48.44 meV / A
2026-03-25 01:49:45.391 INFO: Training complete
2026-03-25 01:49:45.391 INFO: 
2026-03-25 01:49:45.391 INFO: ===========RESULTS===========
2026-03-25 01:49:45.392 INFO: Loading checkpoint: ./checkpoints/mace_fps_split12_run-1_epoch-90.pt
2026-03-25 01:49:45.434 INFO: Loaded Stage one model from epoch 90 for evaluation
2026-03-25 01:49:45.435 INFO: Saving model to checkpoints/mace_fps_split12_run-1.model
2026-03-25 01:49:45.557 INFO: Merging LoRA weights into base model
2026-03-25 01:49:45.651 INFO: Compiling model, saving metadata to mace_fps_split12_compiled.model
2026-03-25 01:49:46.326 INFO: Computing metrics for training, validation, and test sets
2026-03-25 01:49:46.327 INFO: Skipping evaluation for heads: ['pt_head']
2026-03-25 01:49:46.328 INFO: Evaluating train_Default ...
2026-03-25 01:49:48.365 INFO: Evaluating valid_Default ...
2026-03-25 01:49:48.876 INFO: Error-table on TRAIN and VALID:
+---------------+---------------------+------------------+-------------------+
|  config_type  | RMSE E / meV / atom | RMSE F / meV / A | relative F RMSE % |
+---------------+---------------------+------------------+-------------------+
| train_Default |            9.2      |         48.6     |          7.53     |
| valid_Default |            6.4      |         47.6     |          8.55     |
+---------------+---------------------+------------------+-------------------+
2026-03-25 01:49:52.751 INFO: Done
2026-03-25 01:51:50.171 INFO: ===========VERIFYING SETTINGS===========
2026-03-25 01:51:50.171 INFO: MACE version: 0.3.15
2026-03-25 01:51:50.189 INFO: CUDA version: 12.8, CUDA device: 0
2026-03-25 01:51:50.418 INFO: Using foundation model /home/mehuldarak/MACE_models/universal_09072025/mace-omat-0-medium.model as initial checkpoint.
2026-03-25 01:51:50.419 WARNING: Using multiheads finetuning with a foundation model that is not a Materials Project model, need to provied a path to a pretraining file with --pt_train_file.
2026-03-25 01:51:50.419 INFO: ===========LOADING INPUT DATA===========
2026-03-25 01:51:50.419 INFO: Using heads: ['Default']
2026-03-25 01:51:50.419 INFO: Using the key specifications to parse data:
2026-03-25 01:51:50.419 INFO: Default: KeySpecification(info_keys={'energy': 'REF_energy', 'stress': 'REF_stress', 'virials': 'REF_virials', 'dipole': 'dipole', 'head': 'head', 'elec_temp': 'elec_temp', 'total_charge': 'total_charge', 'polarizability': 'polarizability', 'total_spin': 'total_spin'}, arrays_keys={'forces': 'REF_forces', 'charges': 'REF_charges'})
2026-03-25 01:51:50.419 INFO: =============    Processing head Default     ===========
2026-03-25 01:51:50.466 INFO: Training set 1/1 [energy: 16, stress: 0, virials: 0, dipole components: 0, head: 16, elec_temp: 0, total_charge: 0, polarizability: 0, total_spin: 0, forces: 16, charges: 0]
2026-03-25 01:51:50.466 INFO: Total Training set [energy: 16, stress: 0, virials: 0, dipole components: 0, head: 16, elec_temp: 0, total_charge: 0, polarizability: 0, total_spin: 0, forces: 16, charges: 0]
2026-03-25 01:51:50.483 INFO: Validation set 1/1 [energy: 4, stress: 0, virials: 0, dipole components: 0, head: 4, elec_temp: 0, total_charge: 0, polarizability: 0, total_spin: 0, forces: 4, charges: 0]
2026-03-25 01:51:50.483 INFO: Total Validation set [energy: 4, stress: 0, virials: 0, dipole components: 0, head: 4, elec_temp: 0, total_charge: 0, polarizability: 0, total_spin: 0, forces: 4, charges: 0]
2026-03-25 01:51:50.483 INFO: Total number of configurations: train=16, valid=4, tests=[],
2026-03-25 01:51:50.483 WARNING: Validation batch size (10) is larger than the number of validation data (4)
2026-03-25 01:51:50.485 INFO: Atomic Numbers used: [np.int64(3), np.int64(8), np.int64(40), np.int64(57)]
2026-03-25 01:51:50.485 INFO: Isolated Atomic Energies (E0s) not in training file, using command line argument
2026-03-25 01:51:50.485 INFO: Atomic Energies used (z: eV) for head Default: {3: -190.7590256408, 8: -442.9888796243, 40: -1380.1817128081, 57: -958.0774205521}
2026-03-25 01:51:50.485 INFO: Processing datasets for head 'Default'
2026-03-25 01:51:50.672 INFO: Combining 1 list datasets for head 'Default'
2026-03-25 01:51:50.724 INFO: Combining 1 list datasets for head 'Default_valid'
2026-03-25 01:51:50.724 INFO: Combined validation datasets for Default
2026-03-25 01:51:50.725 INFO: Head 'Default' training dataset size: 16
2026-03-25 01:51:50.725 INFO: Computing average number of neighbors
2026-03-25 01:51:50.755 INFO: Average number of neighbors: 61.65446853637695
2026-03-25 01:51:50.755 INFO: During training the following quantities will be reported: energy, forces
2026-03-25 01:51:50.755 INFO: ===========MODEL DETAILS===========
2026-03-25 01:51:50.772 INFO: Loading FOUNDATION model
2026-03-25 01:51:50.772 INFO: Using filtered elements: [np.int64(3), np.int64(8), np.int64(40), np.int64(57)]
2026-03-25 01:51:50.772 INFO: Model configuration extracted from foundation model
2026-03-25 01:51:50.772 INFO: Using weighted loss function for fine-tuning
2026-03-25 01:51:50.772 INFO: Message passing with hidden irreps 128x0e+128x1o)
2026-03-25 01:51:50.773 INFO: 2 layers, each with correlation order: 3 (body order: 4) and spherical harmonics up to: l=3
2026-03-25 01:51:50.773 INFO: Radial cutoff: 6.0 A (total receptive field for each atom: 12.0 A)
2026-03-25 01:51:50.773 INFO: Distance transform for radial basis functions: Agnesi
2026-03-25 01:51:52.058 INFO: Injecting LoRA layers with rank=5 and alpha=1.0
2026-03-25 01:51:52.058 INFO: Original model has 848814 trainable parameters.
2026-03-25 01:51:52.561 INFO: Model with LoRA has 885694 trainable parameters.
2026-03-25 01:51:52.561 INFO: ===========OPTIMIZER INFORMATION===========
2026-03-25 01:51:52.561 INFO: Using ADAM as parameter optimizer
2026-03-25 01:51:52.561 INFO: Batch size: 4
2026-03-25 01:51:52.561 INFO: Number of gradient updates: 640
2026-03-25 01:51:52.561 INFO: Learning rate: 0.0001, weight decay: 5e-07
2026-03-25 01:51:52.561 INFO: WeightedEnergyForcesLoss(energy_weight=2.000, forces_weight=1.000)
2026-03-25 01:51:52.562 INFO: === Layer's learning rates ===
2026-03-25 01:51:52.562 INFO: Param group 0: lr = 0.0001
2026-03-25 01:51:52.562 INFO: Param group 1: lr = 0.0001
2026-03-25 01:51:52.562 INFO: Param group 2: lr = 0.0001
2026-03-25 01:51:52.562 INFO: Param group 3: lr = 0.0001
2026-03-25 01:51:52.562 INFO: Param group 4: lr = 0.0001
2026-03-25 01:51:52.562 WARNING: No SWA checkpoint found, while SWA is enabled. Compare the swa_start parameter and the latest checkpoint.
2026-03-25 01:51:52.563 INFO: Loading checkpoint: ./checkpoints/mace_fps_split12_run-1_epoch-90.pt
2026-03-25 01:51:52.601 INFO: Using gradient clipping with tolerance=10.000
2026-03-25 01:51:52.601 INFO: 
2026-03-25 01:51:52.601 INFO: ===========TRAINING===========
2026-03-25 01:51:52.601 INFO: Started training, reporting errors on validation set
2026-03-25 01:51:52.601 INFO: Loss metrics on validation set
2026-03-25 01:51:53.502 INFO: Initial: head: Default, loss=0.00058746, RMSE_E_per_atom=    6.59 meV, RMSE_F=   47.57 meV / A
2026-03-25 01:52:02.288 INFO: Epoch 90: head: Default, loss=0.00061264, RMSE_E_per_atom=    7.88 meV, RMSE_F=   48.23 meV / A
2026-03-25 01:52:08.590 INFO: Epoch 91: head: Default, loss=0.00064724, RMSE_E_per_atom=    5.09 meV, RMSE_F=   50.37 meV / A
2026-03-25 01:52:13.757 INFO: Epoch 92: head: Default, loss=0.00068903, RMSE_E_per_atom=    5.04 meV, RMSE_F=   52.01 meV / A
2026-03-25 01:52:18.917 INFO: Epoch 93: head: Default, loss=0.00063385, RMSE_E_per_atom=    4.38 meV, RMSE_F=   49.97 meV / A
2026-03-25 01:52:24.077 INFO: Epoch 94: head: Default, loss=0.00063412, RMSE_E_per_atom=    4.80 meV, RMSE_F=   49.90 meV / A
2026-03-25 01:52:29.236 INFO: Epoch 95: head: Default, loss=0.00061522, RMSE_E_per_atom=    3.99 meV, RMSE_F=   49.29 meV / A
2026-03-25 01:52:34.401 INFO: Epoch 96: head: Default, loss=0.00064184, RMSE_E_per_atom=    7.64 meV, RMSE_F=   49.50 meV / A
2026-03-25 01:52:39.567 INFO: Epoch 97: head: Default, loss=0.00061975, RMSE_E_per_atom=    5.07 meV, RMSE_F=   49.27 meV / A
2026-03-25 01:52:44.743 INFO: Epoch 98: head: Default, loss=0.00062489, RMSE_E_per_atom=    3.86 meV, RMSE_F=   49.70 meV / A
2026-03-25 01:52:49.928 INFO: Epoch 99: head: Default, loss=0.00063169, RMSE_E_per_atom=    4.70 meV, RMSE_F=   49.82 meV / A
2026-03-25 01:52:55.120 INFO: Epoch 100: head: Default, loss=0.00063634, RMSE_E_per_atom=    5.05 meV, RMSE_F=   49.94 meV / A
2026-03-25 01:53:00.329 INFO: Epoch 101: head: Default, loss=0.00063104, RMSE_E_per_atom=    3.32 meV, RMSE_F=   50.02 meV / A
2026-03-25 01:53:05.564 INFO: Epoch 102: head: Default, loss=0.00069782, RMSE_E_per_atom=   12.07 meV, RMSE_F=   50.00 meV / A
2026-03-25 01:53:10.799 INFO: Epoch 103: head: Default, loss=0.00061836, RMSE_E_per_atom=    6.71 meV, RMSE_F=   48.82 meV / A
2026-03-25 01:53:16.037 INFO: Epoch 104: head: Default, loss=0.00061926, RMSE_E_per_atom=    3.99 meV, RMSE_F=   49.45 meV / A
2026-03-25 01:53:21.262 INFO: Epoch 105: head: Default, loss=0.00064691, RMSE_E_per_atom=    7.31 meV, RMSE_F=   49.81 meV / A
2026-03-25 01:53:26.499 INFO: Epoch 106: head: Default, loss=0.00061196, RMSE_E_per_atom=    6.28 meV, RMSE_F=   48.67 meV / A
2026-03-25 01:53:31.779 INFO: Epoch 107: head: Default, loss=0.00062353, RMSE_E_per_atom=    3.09 meV, RMSE_F=   49.75 meV / A
2026-03-25 01:53:37.003 INFO: Epoch 108: head: Default, loss=0.00063697, RMSE_E_per_atom=    8.19 meV, RMSE_F=   49.13 meV / A
2026-03-25 01:53:42.231 INFO: Epoch 109: head: Default, loss=0.00065155, RMSE_E_per_atom=    7.50 meV, RMSE_F=   49.94 meV / A
2026-03-25 01:53:47.465 INFO: Epoch 110: head: Default, loss=0.00062016, RMSE_E_per_atom=    2.98 meV, RMSE_F=   49.63 meV / A
2026-03-25 01:53:52.685 INFO: Epoch 111: head: Default, loss=0.00063448, RMSE_E_per_atom=    4.43 meV, RMSE_F=   49.99 meV / A
2026-03-25 01:53:57.908 INFO: Epoch 112: head: Default, loss=0.00060827, RMSE_E_per_atom=    4.36 meV, RMSE_F=   48.94 meV / A
2026-03-25 01:54:03.164 INFO: Epoch 113: head: Default, loss=0.00066427, RMSE_E_per_atom=    6.74 meV, RMSE_F=   50.66 meV / A
2026-03-25 01:54:08.391 INFO: Epoch 114: head: Default, loss=0.00062059, RMSE_E_per_atom=    3.85 meV, RMSE_F=   49.52 meV / A
2026-03-25 01:54:13.617 INFO: Epoch 115: head: Default, loss=0.00061814, RMSE_E_per_atom=    5.76 meV, RMSE_F=   49.05 meV / A
2026-03-25 01:54:18.850 INFO: Epoch 116: head: Default, loss=0.00061871, RMSE_E_per_atom=    4.19 meV, RMSE_F=   49.39 meV / A
2026-03-25 01:54:24.077 INFO: Epoch 117: head: Default, loss=0.00064283, RMSE_E_per_atom=    3.07 meV, RMSE_F=   50.52 meV / A
2026-03-25 01:54:29.317 INFO: Epoch 118: head: Default, loss=0.00061505, RMSE_E_per_atom=    2.96 meV, RMSE_F=   49.42 meV / A
2026-03-25 01:54:34.573 INFO: Epoch 119: head: Default, loss=0.00062740, RMSE_E_per_atom=    4.31 meV, RMSE_F=   49.72 meV / A
2026-03-25 01:54:39.796 INFO: Epoch 120: head: Default, loss=0.00066442, RMSE_E_per_atom=    4.81 meV, RMSE_F=   51.10 meV / A
2026-03-25 01:54:45.017 INFO: Epoch 121: head: Default, loss=0.00064033, RMSE_E_per_atom=    5.61 meV, RMSE_F=   49.98 meV / A
2026-03-25 01:54:50.239 INFO: Epoch 122: head: Default, loss=0.00060239, RMSE_E_per_atom=    4.08 meV, RMSE_F=   48.75 meV / A
2026-03-25 01:54:55.489 INFO: Epoch 123: head: Default, loss=0.00062332, RMSE_E_per_atom=    4.54 meV, RMSE_F=   49.52 meV / A
2026-03-25 01:55:00.714 INFO: Epoch 124: head: Default, loss=0.00064736, RMSE_E_per_atom=    3.12 meV, RMSE_F=   50.69 meV / A
2026-03-25 01:55:05.940 INFO: Epoch 125: head: Default, loss=0.00062164, RMSE_E_per_atom=    5.42 meV, RMSE_F=   49.27 meV / A
2026-03-25 01:55:11.168 INFO: Epoch 126: head: Default, loss=0.00060009, RMSE_E_per_atom=    6.05 meV, RMSE_F=   48.24 meV / A
2026-03-25 01:55:16.419 INFO: Epoch 127: head: Default, loss=0.00067564, RMSE_E_per_atom=    3.48 meV, RMSE_F=   51.75 meV / A
2026-03-25 01:55:21.634 INFO: Epoch 128: head: Default, loss=0.00065923, RMSE_E_per_atom=    6.09 meV, RMSE_F=   50.62 meV / A
2026-03-25 01:55:26.859 INFO: Epoch 129: head: Default, loss=0.00060393, RMSE_E_per_atom=    3.31 meV, RMSE_F=   48.93 meV / A
2026-03-25 01:55:32.076 INFO: Epoch 130: head: Default, loss=0.00063419, RMSE_E_per_atom=    9.61 meV, RMSE_F=   48.50 meV / A
2026-03-25 01:55:37.294 INFO: Epoch 131: head: Default, loss=0.00064410, RMSE_E_per_atom=    6.34 meV, RMSE_F=   49.96 meV / A
2026-03-25 01:55:42.503 INFO: Epoch 132: head: Default, loss=0.00067360, RMSE_E_per_atom=    8.64 meV, RMSE_F=   50.45 meV / A
2026-03-25 01:55:47.724 INFO: Epoch 133: head: Default, loss=0.00065694, RMSE_E_per_atom=   10.15 meV, RMSE_F=   49.21 meV / A
2026-03-25 01:55:52.936 INFO: Epoch 134: head: Default, loss=0.00061657, RMSE_E_per_atom=    4.26 meV, RMSE_F=   49.29 meV / A
2026-03-25 01:55:58.148 INFO: Epoch 135: head: Default, loss=0.00067565, RMSE_E_per_atom=    8.32 meV, RMSE_F=   50.64 meV / A
2026-03-25 01:56:03.358 INFO: Epoch 136: head: Default, loss=0.00066660, RMSE_E_per_atom=    5.88 meV, RMSE_F=   50.96 meV / A
2026-03-25 01:56:08.573 INFO: Epoch 137: head: Default, loss=0.00062058, RMSE_E_per_atom=    3.77 meV, RMSE_F=   49.54 meV / A
2026-03-25 01:56:13.790 INFO: Epoch 138: head: Default, loss=0.00062502, RMSE_E_per_atom=    4.35 meV, RMSE_F=   49.62 meV / A
2026-03-25 01:56:19.010 INFO: Epoch 139: head: Default, loss=0.00065100, RMSE_E_per_atom=    7.66 meV, RMSE_F=   49.87 meV / A
2026-03-25 01:56:24.226 INFO: Epoch 140: head: Default, loss=0.00062123, RMSE_E_per_atom=    5.01 meV, RMSE_F=   49.34 meV / A
2026-03-25 01:56:29.437 INFO: Epoch 141: head: Default, loss=0.00061598, RMSE_E_per_atom=    5.52 meV, RMSE_F=   49.02 meV / A
2026-03-25 01:56:34.645 INFO: Epoch 142: head: Default, loss=0.00064723, RMSE_E_per_atom=    3.05 meV, RMSE_F=   50.70 meV / A
2026-03-25 01:56:39.856 INFO: Epoch 143: head: Default, loss=0.00062568, RMSE_E_per_atom=    7.33 meV, RMSE_F=   48.94 meV / A
2026-03-25 01:56:45.072 INFO: Epoch 144: head: Default, loss=0.00062618, RMSE_E_per_atom=    4.89 meV, RMSE_F=   49.57 meV / A
2026-03-25 01:56:50.300 INFO: Epoch 145: head: Default, loss=0.00065090, RMSE_E_per_atom=    7.03 meV, RMSE_F=   50.05 meV / A
2026-03-25 01:56:55.520 INFO: Epoch 146: head: Default, loss=0.00060746, RMSE_E_per_atom=    5.68 meV, RMSE_F=   48.64 meV / A
2026-03-25 01:57:00.733 INFO: Epoch 147: head: Default, loss=0.00061496, RMSE_E_per_atom=    4.75 meV, RMSE_F=   49.14 meV / A
2026-03-25 01:57:05.948 INFO: Epoch 148: head: Default, loss=0.00065126, RMSE_E_per_atom=    8.29 meV, RMSE_F=   49.68 meV / A
2026-03-25 01:57:11.151 INFO: Epoch 149: head: Default, loss=0.00061839, RMSE_E_per_atom=    2.98 meV, RMSE_F=   49.56 meV / A
2026-03-25 01:57:16.354 INFO: Epoch 150: head: Default, loss=0.00060864, RMSE_E_per_atom=    6.54 meV, RMSE_F=   48.47 meV / A
2026-03-25 01:57:21.558 INFO: Epoch 151: head: Default, loss=0.00065303, RMSE_E_per_atom=    3.44 meV, RMSE_F=   50.88 meV / A
2026-03-25 01:57:26.780 INFO: Epoch 152: head: Default, loss=0.00061130, RMSE_E_per_atom=    2.88 meV, RMSE_F=   49.28 meV / A
2026-03-25 01:57:31.991 INFO: Epoch 153: head: Default, loss=0.00061520, RMSE_E_per_atom=    7.43 meV, RMSE_F=   48.48 meV / A
2026-03-25 01:57:49.846 INFO: ===========VERIFYING SETTINGS===========
2026-03-25 01:57:49.846 INFO: MACE version: 0.3.15
2026-03-25 01:57:49.866 INFO: CUDA version: 12.8, CUDA device: 0
2026-03-25 01:57:50.114 INFO: Using foundation model /home/mehuldarak/MACE_models/universal_09072025/mace-omat-0-medium.model as initial checkpoint.
2026-03-25 01:57:50.115 WARNING: Using multiheads finetuning with a foundation model that is not a Materials Project model, need to provied a path to a pretraining file with --pt_train_file.
2026-03-25 01:57:50.115 INFO: ===========LOADING INPUT DATA===========
2026-03-25 01:57:50.115 INFO: Using heads: ['Default']
2026-03-25 01:57:50.115 INFO: Using the key specifications to parse data:
2026-03-25 01:57:50.115 INFO: Default: KeySpecification(info_keys={'energy': 'REF_energy', 'stress': 'REF_stress', 'virials': 'REF_virials', 'dipole': 'dipole', 'head': 'head', 'elec_temp': 'elec_temp', 'total_charge': 'total_charge', 'polarizability': 'polarizability', 'total_spin': 'total_spin'}, arrays_keys={'forces': 'REF_forces', 'charges': 'REF_charges'})
2026-03-25 01:57:50.115 INFO: =============    Processing head Default     ===========
2026-03-25 01:57:50.162 INFO: Training set 1/1 [energy: 16, stress: 0, virials: 0, dipole components: 0, head: 16, elec_temp: 0, total_charge: 0, polarizability: 0, total_spin: 0, forces: 16, charges: 0]
2026-03-25 01:57:50.162 INFO: Total Training set [energy: 16, stress: 0, virials: 0, dipole components: 0, head: 16, elec_temp: 0, total_charge: 0, polarizability: 0, total_spin: 0, forces: 16, charges: 0]
2026-03-25 01:57:50.179 INFO: Validation set 1/1 [energy: 4, stress: 0, virials: 0, dipole components: 0, head: 4, elec_temp: 0, total_charge: 0, polarizability: 0, total_spin: 0, forces: 4, charges: 0]
2026-03-25 01:57:50.179 INFO: Total Validation set [energy: 4, stress: 0, virials: 0, dipole components: 0, head: 4, elec_temp: 0, total_charge: 0, polarizability: 0, total_spin: 0, forces: 4, charges: 0]
2026-03-25 01:57:50.180 INFO: Total number of configurations: train=16, valid=4, tests=[],
2026-03-25 01:57:50.180 WARNING: Validation batch size (10) is larger than the number of validation data (4)
2026-03-25 01:57:50.181 INFO: Atomic Numbers used: [np.int64(3), np.int64(8), np.int64(40), np.int64(57)]
2026-03-25 01:57:50.181 INFO: Isolated Atomic Energies (E0s) not in training file, using command line argument
2026-03-25 01:57:50.181 INFO: Atomic Energies used (z: eV) for head Default: {3: -190.7590256408, 8: -442.9888796243, 40: -1380.1817128081, 57: -958.0774205521}
2026-03-25 01:57:50.181 INFO: Processing datasets for head 'Default'
2026-03-25 01:57:50.364 INFO: Combining 1 list datasets for head 'Default'
2026-03-25 01:57:50.414 INFO: Combining 1 list datasets for head 'Default_valid'
2026-03-25 01:57:50.414 INFO: Combined validation datasets for Default
2026-03-25 01:57:50.414 INFO: Head 'Default' training dataset size: 16
2026-03-25 01:57:50.415 INFO: Computing average number of neighbors
2026-03-25 01:57:50.444 INFO: Average number of neighbors: 61.65446853637695
2026-03-25 01:57:50.444 INFO: During training the following quantities will be reported: energy, forces
2026-03-25 01:57:50.444 INFO: ===========MODEL DETAILS===========
2026-03-25 01:57:50.460 INFO: Loading FOUNDATION model
2026-03-25 01:57:50.461 INFO: Using filtered elements: [np.int64(3), np.int64(8), np.int64(40), np.int64(57)]
2026-03-25 01:57:50.461 INFO: Model configuration extracted from foundation model
2026-03-25 01:57:50.461 INFO: Using weighted loss function for fine-tuning
2026-03-25 01:57:50.461 INFO: Message passing with hidden irreps 128x0e+128x1o)
2026-03-25 01:57:50.461 INFO: 2 layers, each with correlation order: 3 (body order: 4) and spherical harmonics up to: l=3
2026-03-25 01:57:50.461 INFO: Radial cutoff: 6.0 A (total receptive field for each atom: 12.0 A)
2026-03-25 01:57:50.461 INFO: Distance transform for radial basis functions: Agnesi
2026-03-25 01:57:51.753 INFO: Injecting LoRA layers with rank=5 and alpha=1.0
2026-03-25 01:57:51.754 INFO: Original model has 848814 trainable parameters.
2026-03-25 01:57:52.263 INFO: Model with LoRA has 885694 trainable parameters.
2026-03-25 01:57:52.263 INFO: ===========OPTIMIZER INFORMATION===========
2026-03-25 01:57:52.263 INFO: Using ADAM as parameter optimizer
2026-03-25 01:57:52.263 INFO: Batch size: 4
2026-03-25 01:57:52.263 INFO: Number of gradient updates: 640
2026-03-25 01:57:52.263 INFO: Learning rate: 0.0001, weight decay: 5e-07
2026-03-25 01:57:52.263 INFO: WeightedEnergyForcesLoss(energy_weight=3.000, forces_weight=1.000)
2026-03-25 01:57:52.264 INFO: === Layer's learning rates ===
2026-03-25 01:57:52.264 INFO: Param group 0: lr = 0.0001
2026-03-25 01:57:52.264 INFO: Param group 1: lr = 0.0001
2026-03-25 01:57:52.264 INFO: Param group 2: lr = 0.0001
2026-03-25 01:57:52.264 INFO: Param group 3: lr = 0.0001
2026-03-25 01:57:52.264 INFO: Param group 4: lr = 0.0001
2026-03-25 01:57:52.265 WARNING: No SWA checkpoint found, while SWA is enabled. Compare the swa_start parameter and the latest checkpoint.
2026-03-25 01:57:52.265 INFO: Loading checkpoint: ./checkpoints/mace_fps_split12_run-1_epoch-126.pt
2026-03-25 01:57:52.305 INFO: Using gradient clipping with tolerance=10.000
2026-03-25 01:57:52.306 INFO: 
2026-03-25 01:57:52.306 INFO: ===========TRAINING===========
2026-03-25 01:57:52.306 INFO: Started training, reporting errors on validation set
2026-03-25 01:57:52.306 INFO: Loss metrics on validation set
2026-03-25 01:57:53.220 INFO: Initial: head: Default, loss=0.00060986, RMSE_E_per_atom=    6.12 meV, RMSE_F=   48.24 meV / A
2026-03-25 01:58:02.054 INFO: Epoch 126: head: Default, loss=0.00068036, RMSE_E_per_atom=    4.51 meV, RMSE_F=   51.58 meV / A
2026-03-25 01:58:08.376 INFO: Epoch 127: head: Default, loss=0.00066370, RMSE_E_per_atom=    6.43 meV, RMSE_F=   50.30 meV / A
2026-03-25 01:58:13.577 INFO: Epoch 128: head: Default, loss=0.00062666, RMSE_E_per_atom=    6.60 meV, RMSE_F=   48.74 meV / A
2026-03-25 01:58:18.782 INFO: Epoch 129: head: Default, loss=0.00062474, RMSE_E_per_atom=    6.16 meV, RMSE_F=   48.84 meV / A
2026-03-25 01:58:23.997 INFO: Epoch 130: head: Default, loss=0.00070244, RMSE_E_per_atom=    5.06 meV, RMSE_F=   52.28 meV / A
2026-03-25 01:58:29.186 INFO: Epoch 131: head: Default, loss=0.00061619, RMSE_E_per_atom=    4.17 meV, RMSE_F=   49.12 meV / A
2026-03-25 01:58:34.435 INFO: Epoch 132: head: Default, loss=0.00062553, RMSE_E_per_atom=    7.48 meV, RMSE_F=   48.31 meV / A
2026-03-25 01:58:39.687 INFO: Epoch 133: head: Default, loss=0.00060211, RMSE_E_per_atom=    2.89 meV, RMSE_F=   48.82 meV / A
2026-03-25 01:58:44.964 INFO: Epoch 134: head: Default, loss=0.00063806, RMSE_E_per_atom=    3.04 meV, RMSE_F=   50.25 meV / A
2026-03-25 01:58:50.239 INFO: Epoch 135: head: Default, loss=0.00061066, RMSE_E_per_atom=    2.77 meV, RMSE_F=   49.19 meV / A
2026-03-25 01:58:55.499 INFO: Epoch 136: head: Default, loss=0.00061111, RMSE_E_per_atom=    4.10 meV, RMSE_F=   48.93 meV / A
2026-03-25 01:59:00.758 INFO: Epoch 137: head: Default, loss=0.00064456, RMSE_E_per_atom=    6.46 meV, RMSE_F=   49.53 meV / A
2026-03-25 01:59:06.020 INFO: Epoch 138: head: Default, loss=0.00065352, RMSE_E_per_atom=    7.15 meV, RMSE_F=   49.61 meV / A
2026-03-25 01:59:11.289 INFO: Epoch 139: head: Default, loss=0.00083211, RMSE_E_per_atom=   18.30 meV, RMSE_F=   48.20 meV / A
2026-03-25 01:59:16.546 INFO: Epoch 140: head: Default, loss=0.00067821, RMSE_E_per_atom=    9.35 meV, RMSE_F=   49.50 meV / A
2026-03-25 01:59:21.787 INFO: Epoch 141: head: Default, loss=0.00061738, RMSE_E_per_atom=    2.90 meV, RMSE_F=   49.44 meV / A
2026-03-25 01:59:27.035 INFO: Epoch 142: head: Default, loss=0.00069247, RMSE_E_per_atom=   12.58 meV, RMSE_F=   47.90 meV / A
2026-03-25 01:59:32.261 INFO: Epoch 143: head: Default, loss=0.00076174, RMSE_E_per_atom=   13.93 meV, RMSE_F=   49.65 meV / A
2026-03-25 01:59:37.496 INFO: Epoch 144: head: Default, loss=0.00059957, RMSE_E_per_atom=    2.82 meV, RMSE_F=   48.73 meV / A
2026-03-25 01:59:42.759 INFO: Epoch 145: head: Default, loss=0.00067402, RMSE_E_per_atom=    8.74 meV, RMSE_F=   49.67 meV / A
2026-03-25 01:59:47.987 INFO: Epoch 146: head: Default, loss=0.00061960, RMSE_E_per_atom=    4.99 meV, RMSE_F=   49.03 meV / A
2026-03-25 01:59:53.220 INFO: Epoch 147: head: Default, loss=0.00067247, RMSE_E_per_atom=    8.63 meV, RMSE_F=   49.67 meV / A
2026-03-25 01:59:58.446 INFO: Epoch 148: head: Default, loss=0.00074987, RMSE_E_per_atom=   14.70 meV, RMSE_F=   48.49 meV / A
2026-03-25 02:00:03.671 INFO: Epoch 149: head: Default, loss=0.00064918, RMSE_E_per_atom=    3.06 meV, RMSE_F=   50.68 meV / A
2026-03-25 02:00:08.892 INFO: Epoch 150: head: Default, loss=0.00067667, RMSE_E_per_atom=   10.65 meV, RMSE_F=   48.65 meV / A
2026-03-25 02:00:14.138 INFO: Epoch 151: head: Default, loss=0.00062871, RMSE_E_per_atom=    7.05 meV, RMSE_F=   48.64 meV / A
2026-03-25 02:00:19.381 INFO: Epoch 152: head: Default, loss=0.00064149, RMSE_E_per_atom=    5.73 meV, RMSE_F=   49.67 meV / A
2026-03-25 02:00:24.618 INFO: Epoch 153: head: Default, loss=0.00070566, RMSE_E_per_atom=   10.51 meV, RMSE_F=   49.91 meV / A
2026-03-25 02:00:29.853 INFO: Epoch 154: head: Default, loss=0.00060078, RMSE_E_per_atom=    3.67 meV, RMSE_F=   48.61 meV / A
2026-03-25 02:00:35.088 INFO: Epoch 155: head: Default, loss=0.00070455, RMSE_E_per_atom=   10.03 meV, RMSE_F=   50.16 meV / A
2026-03-25 02:00:40.303 INFO: Epoch 156: head: Default, loss=0.00072237, RMSE_E_per_atom=    9.22 meV, RMSE_F=   51.33 meV / A
2026-03-25 02:00:45.524 INFO: Epoch 157: head: Default, loss=0.00064102, RMSE_E_per_atom=    7.88 meV, RMSE_F=   48.76 meV / A
2026-03-25 02:00:50.742 INFO: Epoch 158: head: Default, loss=0.00068467, RMSE_E_per_atom=   11.63 meV, RMSE_F=   48.30 meV / A
2026-03-25 02:00:55.973 INFO: Epoch 159: head: Default, loss=0.00066900, RMSE_E_per_atom=    6.95 meV, RMSE_F=   50.31 meV / A
2026-03-25 02:00:55.974 INFO: Training complete
2026-03-25 02:00:55.974 INFO: 
2026-03-25 02:00:55.974 INFO: ===========RESULTS===========
2026-03-25 02:00:55.974 INFO: Loading checkpoint: ./checkpoints/mace_fps_split12_run-1_epoch-144.pt
2026-03-25 02:00:56.014 INFO: Loaded Stage one model from epoch 144 for evaluation
2026-03-25 02:00:56.014 INFO: Saving model to checkpoints/mace_fps_split12_run-1.model
2026-03-25 02:00:56.138 INFO: Merging LoRA weights into base model
2026-03-25 02:00:56.233 INFO: Compiling model, saving metadata to mace_fps_split12_compiled.model
2026-03-25 02:00:56.906 INFO: Computing metrics for training, validation, and test sets
2026-03-25 02:00:56.907 INFO: Skipping evaluation for heads: ['pt_head']
2026-03-25 02:00:56.907 INFO: Evaluating train_Default ...
2026-03-25 02:00:58.942 INFO: Evaluating valid_Default ...
2026-03-25 02:00:59.453 INFO: Error-table on TRAIN and VALID:
+---------------+---------------------+------------------+-------------------+
|  config_type  | RMSE E / meV / atom | RMSE F / meV / A | relative F RMSE % |
+---------------+---------------------+------------------+-------------------+
| train_Default |            4.7      |         43.5     |          6.74     |
| valid_Default |            2.8      |         48.7     |          8.76     |
+---------------+---------------------+------------------+-------------------+
2026-03-25 02:01:03.342 INFO: Done
